 Starting ferebus
 Reading command line arguments
 Reading config
Systems (n= 1)
System name                  METHANOL
nAtoms                           6
nFeats                          12
Atoms
 - Name                      C1
  - ALF                      1 3 2
Mean Config
 - Type                      Constant
PSO Config
 - Search Min                .000000000000000
 - Search Max                3.000000000000000
 - Swarm Size                50
 - Iterations                1000
 - Inertia Weight            .7290000000000000
 - Coginitive Learning Rate  1.494000000000000
 - Social Learning Rate      1.494000000000000
 - Variant                   Global
 - Parameter Updater         Constant
 - Stopping Criteria         Relative Change
    - Stall Iterations       50
    - Tolerance              .1000000000000000E-07
RBF Config
 - Name                      k1
Notes
 - method                    B3LYP
 - basis-set                 6-31+g(d,p)
 Reading training set file: METHANOL_C1_TRAINING_SET.csv
 initialising model
 Kernel AST: Var(k1)
 initialising pso
 running pso
 Iter:           1 Best Cost:  -4342.45235222295      Best Param:
  0.000000000000000E+000  0.000000000000000E+000  0.000000000000000E+000
  0.000000000000000E+000  0.000000000000000E+000  0.000000000000000E+000
  0.000000000000000E+000  0.000000000000000E+000  0.000000000000000E+000
  0.000000000000000E+000  0.000000000000000E+000  0.000000000000000E+000
 Iter:           2 Best Cost:  -4484.61423082119      Best Param:
  0.763662863276594       0.740553008104212      -5.453692740555738E-003
  0.935940869927860       0.290933850224773      -0.321391105470359     
  0.808106887287966       0.686335445824319      -0.407524904627172     
 -0.227399502558146       0.385388062385837      -0.141920689841385     
 Iter:           3 Best Cost:  -4548.90069148059      Best Param:
  0.339219777259788       0.357867624249561      -0.352592924020994     
  0.518322794010110      -0.593780683568108      -0.609102211247267     
  0.565074611099815       0.339261026769122       -1.32576540753817     
 -0.381233508037094      -9.369564179996565E-002 -0.210616028794659     
 Iter:           4 Best Cost:  -4577.90755146913      Best Param:
  9.864395493358408E-002  0.343808217185675       -1.46633180447791     
  0.699706001522388      -0.734757140638400       -1.72157153839030     
  0.586815615960303       -1.44905377165544       -2.07490340673778     
 -0.728417085637036      -0.538705533908721      -0.838161877110004     
 Iter:           5 Best Cost:  -4577.90755146913      Best Param:
  9.864395493358408E-002  0.343808217185675       -1.46633180447791     
  0.699706001522388      -0.734757140638400       -1.72157153839030     
  0.586815615960303       -1.44905377165544       -2.07490340673778     
 -0.728417085637036      -0.538705533908721      -0.838161877110004     
 Iter:           6 Best Cost:  -4580.37059300453      Best Param:
  0.253982929245189       0.202918120400824       -1.55776895392509     
  0.606166776304900      -0.716852468884330       -1.83084379875221     
  0.630988647429524       -1.65085307375737       -1.37664846764858     
 -0.645052197143381      -0.515675559477637      -4.983251528881572E-003
 Iter:           7 Best Cost:  -4594.03656253493      Best Param:
  0.157682985416399       0.367335698646965       -1.95916798068822     
  0.456695307733026       -1.22384154699931       -1.87272757100076     
  0.663960129799372       -1.32498077695877       -2.03704456419390     
 -0.423253872261809      -0.528943607256866      -0.119017845020371     
 Iter:           8 Best Cost:  -4594.03656253493      Best Param:
  0.157682985416399       0.367335698646965       -1.95916798068822     
  0.456695307733026       -1.22384154699931       -1.87272757100076     
  0.663960129799372       -1.32498077695877       -2.03704456419390     
 -0.423253872261809      -0.528943607256866      -0.119017845020371     
 Iter:           9 Best Cost:  -4599.98587062146      Best Param:
   1.65073470258571       0.460083743349320       -1.01108085313811     
  0.414086456728495      -0.879654958856216       -1.66158794613550     
  0.674806905079605      -0.667171305373922       -2.71849181268921     
 -0.253451528956989      -0.493845109121304      -0.278897491733309     
 Iter:          10 Best Cost:  -4612.40984080830      Best Param:
   1.39289946133834       0.499922606482535       -1.62632633562430     
  0.406798881166110       -1.40659473117651       -1.75185161140502     
  0.677965632882808       -1.54557137372171       -2.51777566620826     
 -0.401468109372662      -0.359786002064452      -0.186364674172776     
 Iter:          11 Best Cost:  -4618.34830488903      Best Param:
   1.23033034050342       0.544077014595162      -0.963869138793486     
  0.288227811131324       -1.47011700640987       -1.73342717860544     
  0.744137738442211       -1.33486579548837       -1.73842694529994     
 -0.495976114429101      -0.310368492102114      -0.429825158325487     
 Iter:          12 Best Cost:  -4618.34830488903      Best Param:
   1.23033034050342       0.544077014595162      -0.963869138793486     
  0.288227811131324       -1.47011700640987       -1.73342717860544     
  0.744137738442211       -1.33486579548837       -1.73842694529994     
 -0.495976114429101      -0.310368492102114      -0.429825158325487     
 Iter:          13 Best Cost:  -4622.30293266119      Best Param:
   1.03687286507023       0.544145578244841       -1.12383564742427     
  0.371617740845545       -1.62205000821754       -1.68428013501297     
  0.789091385776063       -1.25721405083588       -1.96619186250252     
 -0.604139417356017      -0.381641610107212      -0.435850676097718     
 Iter:          14 Best Cost:  -4622.30293266119      Best Param:
   1.03687286507023       0.544145578244841       -1.12383564742427     
  0.371617740845545       -1.62205000821754       -1.68428013501297     
  0.789091385776063       -1.25721405083588       -1.96619186250252     
 -0.604139417356017      -0.381641610107212      -0.435850676097718     
 Iter:          15 Best Cost:  -4623.98500677375      Best Param:
   1.03820013952646       0.520014981892917       -1.31911732668587     
  0.502550196211508       -1.57753452530891       -1.65298173208205     
  0.761248749730361       -1.26406915075386       -1.99760632136882     
 -0.579330877858452      -0.395286590795141      -0.446966933676345     
 Iter:          16 Best Cost:  -4628.97750771744      Best Param:
   1.17311299780761       0.500686464519861       -1.15450463353456     
  0.504917989056770       -1.77702926656260       -1.68755306165269     
  0.659187707891075       -1.02509872458852       -2.09480684139634     
 -0.550258178771906      -0.310763197706709      -0.187065484953266     
 Iter:          17 Best Cost:  -4628.97750771744      Best Param:
   1.17311299780761       0.500686464519861       -1.15450463353456     
  0.504917989056770       -1.77702926656260       -1.68755306165269     
  0.659187707891075       -1.02509872458852       -2.09480684139634     
 -0.550258178771906      -0.310763197706709      -0.187065484953266     
 Iter:          18 Best Cost:  -4628.97750771744      Best Param:
   1.17311299780761       0.500686464519861       -1.15450463353456     
  0.504917989056770       -1.77702926656260       -1.68755306165269     
  0.659187707891075       -1.02509872458852       -2.09480684139634     
 -0.550258178771906      -0.310763197706709      -0.187065484953266     
 Iter:          19 Best Cost:  -4628.97750771744      Best Param:
   1.17311299780761       0.500686464519861       -1.15450463353456     
  0.504917989056770       -1.77702926656260       -1.68755306165269     
  0.659187707891075       -1.02509872458852       -2.09480684139634     
 -0.550258178771906      -0.310763197706709      -0.187065484953266     
 Iter:          20 Best Cost:  -4628.97750771744      Best Param:
   1.17311299780761       0.500686464519861       -1.15450463353456     
  0.504917989056770       -1.77702926656260       -1.68755306165269     
  0.659187707891075       -1.02509872458852       -2.09480684139634     
 -0.550258178771906      -0.310763197706709      -0.187065484953266     
 Iter:          21 Best Cost:  -4628.97750771744      Best Param:
   1.17311299780761       0.500686464519861       -1.15450463353456     
  0.504917989056770       -1.77702926656260       -1.68755306165269     
  0.659187707891075       -1.02509872458852       -2.09480684139634     
 -0.550258178771906      -0.310763197706709      -0.187065484953266     
 Iter:          22 Best Cost:  -4628.97750771744      Best Param:
   1.17311299780761       0.500686464519861       -1.15450463353456     
  0.504917989056770       -1.77702926656260       -1.68755306165269     
  0.659187707891075       -1.02509872458852       -2.09480684139634     
 -0.550258178771906      -0.310763197706709      -0.187065484953266     
 Iter:          23 Best Cost:  -4630.63402909306      Best Param:
   1.01373667802060       0.499207741514213       -1.11634261792663     
  0.515032398716097       -1.78657345812317       -1.64249218550750     
  0.656553631070560      -0.997513064483137       -2.06493363125526     
 -0.625758116963344      -0.292106965191296      -0.161205325557147     
 Iter:          24 Best Cost:  -4632.16946988102      Best Param:
   1.02786899927056       0.613446346158511       -1.24039068692219     
  0.524575437650839       -1.75862746233006       -1.60833167000497     
  0.539035204428136       -1.13334205348781       -1.92233827187783     
 -0.617010262312762      -0.276619656942956      -0.206583564725860     
 Iter:          25 Best Cost:  -4632.41261557648      Best Param:
   1.05799801111935       0.673878899123786       -1.29345968059737     
  0.541551717471470       -1.66889775880723       -1.55552042170472     
  0.450777008414376       -1.08838557078597       -1.95535433870818     
 -0.600543685344277      -0.244068258880537      -0.253404945084948     
 Iter:          26 Best Cost:  -4632.41261557648      Best Param:
   1.05799801111935       0.673878899123786       -1.29345968059737     
  0.541551717471470       -1.66889775880723       -1.55552042170472     
  0.450777008414376       -1.08838557078597       -1.95535433870818     
 -0.600543685344277      -0.244068258880537      -0.253404945084948     
 Iter:          27 Best Cost:  -4633.70641330031      Best Param:
   1.06684692799413       0.582782764941434       -1.36334609277984     
  0.518625558374417       -1.50772016644699       -1.58384926943439     
  0.563991550950481       -1.02731005605253       -1.91814162627238     
 -0.624724689842153      -0.235271682213031      -0.254547846070982     
 Iter:          28 Best Cost:  -4633.94976569527      Best Param:
   1.05449014419982       0.589783087597755       -1.30838899970310     
  0.502311431812114       -1.60390988783186       -1.61377306363374     
  0.472953035100961       -1.04080091851503       -1.93547003239323     
 -0.614855839414782      -0.251590576533660      -0.228443296944887     
 Iter:          29 Best Cost:  -4634.06502751770      Best Param:
   1.04705497687011       0.544232621949922       -1.33517507053110     
  0.475026957357693       -1.57990639982338       -1.64867567590994     
  0.524915052483771       -1.03474857798483       -1.91212298027229     
 -0.624414646243052      -0.253084831798519      -0.210403502390347     
 Iter:          30 Best Cost:  -4634.06502751770      Best Param:
   1.04705497687011       0.544232621949922       -1.33517507053110     
  0.475026957357693       -1.57990639982338       -1.64867567590994     
  0.524915052483771       -1.03474857798483       -1.91212298027229     
 -0.624414646243052      -0.253084831798519      -0.210403502390347     
 Iter:          31 Best Cost:  -4634.35614687780      Best Param:
   1.01761406991087       0.502359271625274       -1.37669398871906     
  0.513487555548438       -1.48440434585869       -1.62774783538883     
  0.583329450113803      -0.934884536134665       -1.86826853733325     
 -0.689887640351890      -0.234366947459081      -0.156661637708991     
 Iter:          32 Best Cost:  -4634.77904717652      Best Param:
   1.04423303411243       0.550906252719158       -1.39432598056679     
  0.531097749862453       -1.55021438612770       -1.59289627336458     
  0.530429474681360       -1.01947268611120       -1.87682017711035     
 -0.706075941995111      -0.238276452059191      -0.169277099177342     
 Iter:          33 Best Cost:  -4634.87978704656      Best Param:
   1.04397882785885       0.563342199748808       -1.45329271608140     
  0.569797062912394       -1.53273448798798       -1.52829510287811     
  0.527885489917438       -1.00900977781050       -1.85489615918727     
 -0.757730360049925      -0.228153145991910      -0.151882446192227     
 Iter:          34 Best Cost:  -4634.87978704656      Best Param:
   1.04397882785885       0.563342199748808       -1.45329271608140     
  0.569797062912394       -1.53273448798798       -1.52829510287811     
  0.527885489917438       -1.00900977781050       -1.85489615918727     
 -0.757730360049925      -0.228153145991910      -0.151882446192227     
 Iter:          35 Best Cost:  -4634.89038603210      Best Param:
   1.04403749531704       0.569868959275394       -1.47316333695348     
  0.560628166084105       -1.51646521112393       -1.55836189997286     
  0.527660542634969       -1.01744327986470       -1.86118569775141     
 -0.790696154146968      -0.225151536185980      -0.141905130381606     
 Iter:          36 Best Cost:  -4634.95360763451      Best Param:
   1.12123321928094       0.572688833487905       -1.46110798337358     
  0.596329623098267       -1.52445593341274       -1.50401498090110     
  0.503206802536809       -1.00700644591567       -1.88643465276140     
 -0.805169407622037      -0.187175824873543      -0.144843974087666     
 Iter:          37 Best Cost:  -4635.39074174301      Best Param:
   1.13137280822719       0.549917850208384       -1.50677353427292     
  0.500148751420347       -1.45063726521501       -1.51714272896502     
  0.446229921779062      -0.922119781443322       -1.90364564437526     
 -0.809929255939418      -7.481980736586447E-002 -9.865987155232347E-002
 Iter:          38 Best Cost:  -4635.46166178132      Best Param:
   1.15896090227549       0.560175595951689       -1.46353413639266     
  0.535166211469321       -1.55299032226928       -1.53043330484000     
  0.462433864395663      -0.899177780589593       -1.91206287089749     
 -0.817252258734239      -0.143978591731321      -0.127093732325198     
 Iter:          39 Best Cost:  -4635.46166178132      Best Param:
   1.15896090227549       0.560175595951689       -1.46353413639266     
  0.535166211469321       -1.55299032226928       -1.53043330484000     
  0.462433864395663      -0.899177780589593       -1.91206287089749     
 -0.817252258734239      -0.143978591731321      -0.127093732325198     
 Iter:          40 Best Cost:  -4635.49235187841      Best Param:
   1.14310933299774       0.556151738390947       -1.44691953709424     
  0.519894843556874       -1.58582277772323       -1.52999348541430     
  0.490308127995515      -0.915492567548992       -1.93701455529004     
 -0.807463627813739      -0.155367556908287      -9.068499752243574E-002
 Iter:          41 Best Cost:  -4635.49235187841      Best Param:
   1.14310933299774       0.556151738390947       -1.44691953709424     
  0.519894843556874       -1.58582277772323       -1.52999348541430     
  0.490308127995515      -0.915492567548992       -1.93701455529004     
 -0.807463627813739      -0.155367556908287      -9.068499752243574E-002
 Iter:          42 Best Cost:  -4635.54336373237      Best Param:
   1.09222730856905       0.542954235795817       -1.44081583650234     
  0.488973622057872       -1.58845563620413       -1.55234091290140     
  0.519790651217571      -0.878643587643640       -1.91661069497347     
 -0.797257525423849      -0.126392064009561      -0.107015092225233     
 Iter:          43 Best Cost:  -4635.54336373237      Best Param:
   1.09222730856905       0.542954235795817       -1.44081583650234     
  0.488973622057872       -1.58845563620413       -1.55234091290140     
  0.519790651217571      -0.878643587643640       -1.91661069497347     
 -0.797257525423849      -0.126392064009561      -0.107015092225233     
 Iter:          44 Best Cost:  -4635.76864802116      Best Param:
   1.03846179723069       0.531574398431388       -1.43832654368352     
  0.502281424902976       -1.59403626487045       -1.51935175747625     
  0.466781815155237      -0.886169134738491       -1.96558353371256     
 -0.806787782011418      -0.199265573164634      -0.122473777088243     
 Iter:          45 Best Cost:  -4635.76864802116      Best Param:
   1.03846179723069       0.531574398431388       -1.43832654368352     
  0.502281424902976       -1.59403626487045       -1.51935175747625     
  0.466781815155237      -0.886169134738491       -1.96558353371256     
 -0.806787782011418      -0.199265573164634      -0.122473777088243     
 Iter:          46 Best Cost:  -4635.76864802116      Best Param:
   1.03846179723069       0.531574398431388       -1.43832654368352     
  0.502281424902976       -1.59403626487045       -1.51935175747625     
  0.466781815155237      -0.886169134738491       -1.96558353371256     
 -0.806787782011418      -0.199265573164634      -0.122473777088243     
 Iter:          47 Best Cost:  -4635.76864802116      Best Param:
   1.03846179723069       0.531574398431388       -1.43832654368352     
  0.502281424902976       -1.59403626487045       -1.51935175747625     
  0.466781815155237      -0.886169134738491       -1.96558353371256     
 -0.806787782011418      -0.199265573164634      -0.122473777088243     
 Iter:          48 Best Cost:  -4635.91829791460      Best Param:
   1.04411939382086       0.504999929860830       -1.45209582586056     
  0.490129842919151       -1.62180395648835       -1.51855013687041     
  0.420271413990553      -0.869568452069158       -2.00145117129098     
 -0.846575295471549      -0.142466696886359      -0.124055753821459     
 Iter:          49 Best Cost:  -4635.99900673770      Best Param:
   1.05604385498551       0.500031703944557       -1.45203932896130     
  0.483825016446747       -1.47344717493949       -1.51623867704012     
  0.456601432767534      -0.942569860978067       -1.98561251657072     
 -0.837778295696568      -0.192164103865545      -0.135636009214257     
 Iter:          50 Best Cost:  -4636.15374116595      Best Param:
   1.05554593650954       0.491028577263175       -1.47029699724859     
  0.493063954335574       -1.49340898664765       -1.52435673838935     
  0.452608402179653      -0.944264039413523       -1.96756202100648     
 -0.835987391387795      -0.167100503845690      -0.137150669326680     
 Iter:          51 Best Cost:  -4636.15374116595      Best Param:
   1.05554593650954       0.491028577263175       -1.47029699724859     
  0.493063954335574       -1.49340898664765       -1.52435673838935     
  0.452608402179653      -0.944264039413523       -1.96756202100648     
 -0.835987391387795      -0.167100503845690      -0.137150669326680     
 Iter:          52 Best Cost:  -4636.15374116595      Best Param:
   1.05554593650954       0.491028577263175       -1.47029699724859     
  0.493063954335574       -1.49340898664765       -1.52435673838935     
  0.452608402179653      -0.944264039413523       -1.96756202100648     
 -0.835987391387795      -0.167100503845690      -0.137150669326680     
 Iter:          53 Best Cost:  -4636.15374116595      Best Param:
   1.05554593650954       0.491028577263175       -1.47029699724859     
  0.493063954335574       -1.49340898664765       -1.52435673838935     
  0.452608402179653      -0.944264039413523       -1.96756202100648     
 -0.835987391387795      -0.167100503845690      -0.137150669326680     
 Iter:          54 Best Cost:  -4636.15374116595      Best Param:
   1.05554593650954       0.491028577263175       -1.47029699724859     
  0.493063954335574       -1.49340898664765       -1.52435673838935     
  0.452608402179653      -0.944264039413523       -1.96756202100648     
 -0.835987391387795      -0.167100503845690      -0.137150669326680     
 Iter:          55 Best Cost:  -4636.15374116595      Best Param:
   1.05554593650954       0.491028577263175       -1.47029699724859     
  0.493063954335574       -1.49340898664765       -1.52435673838935     
  0.452608402179653      -0.944264039413523       -1.96756202100648     
 -0.835987391387795      -0.167100503845690      -0.137150669326680     
 Iter:          56 Best Cost:  -4636.16600778738      Best Param:
   1.06224660279271       0.492310200968553       -1.54376875848795     
  0.477961727507638       -1.45966958659203       -1.52489000412870     
  0.449690241587001      -0.943980399049013       -1.93148031818260     
 -0.859642796030389      -0.169097637723394      -0.140574829179315     
 Iter:          57 Best Cost:  -4636.23721489485      Best Param:
   1.05955098877517       0.490054197758043       -1.53480642872587     
  0.453440698767618       -1.50152840999893       -1.52776990173502     
  0.447023486555460      -0.987841519991997       -1.91344941856550     
 -0.887192648800313      -0.160733200091923      -0.145047120791309     
 Iter:          58 Best Cost:  -4636.30968380949      Best Param:
   1.06083221368875       0.477390790483471       -1.51566962010435     
  0.467092224090204       -1.51982535133255       -1.51683244179123     
  0.444729199513788      -0.993536767571608       -1.93965666790235     
 -0.889864974501224      -0.156102662515404      -0.143819662773496     
 Iter:          59 Best Cost:  -4636.31708504457      Best Param:
   1.08159421911639       0.457015352040148       -1.54033640593189     
  0.439625479851904       -1.58604853754043       -1.55808963056835     
  0.404950846704273       -1.01005599716790       -1.92988179607313     
 -0.907265843121613      -0.154226791192811      -0.152359251563219     
 Iter:          60 Best Cost:  -4636.31978831786      Best Param:
   1.07079038112916       0.445118308238244       -1.53583298189845     
  0.449135390618194       -1.60143545272825       -1.55884096847920     
  0.389319970289322       -1.00632052614328       -1.92997512929957     
 -0.908565755001172      -0.164696242269204      -0.155648004468338     
 Iter:          61 Best Cost:  -4636.31978831786      Best Param:
   1.07079038112916       0.445118308238244       -1.53583298189845     
  0.449135390618194       -1.60143545272825       -1.55884096847920     
  0.389319970289322       -1.00632052614328       -1.92997512929957     
 -0.908565755001172      -0.164696242269204      -0.155648004468338     
 Iter:          62 Best Cost:  -4636.34618348768      Best Param:
   1.07199763287909       0.453085444220608       -1.56096536113331     
  0.430604617105536       -1.62538074843702       -1.54425509787204     
  0.389314183336051       -1.02590869752531       -1.99172401419170     
 -0.946102885349857      -0.161566388072099      -0.156926109012243     
 Iter:          63 Best Cost:  -4636.38653506497      Best Param:
   1.06258457796162       0.447487881849711       -1.53942253624554     
  0.446404957817432       -1.60570401177839       -1.54607442795375     
  0.412155479041172       -1.00063092904413       -2.00628738657280     
 -0.946464312207573      -0.169167014176411      -0.156351334078784     
 Iter:          64 Best Cost:  -4636.41093578448      Best Param:
   1.07725872506064       0.430908541895688       -1.56445812499984     
  0.453450755440298       -1.59378160788822       -1.55427900669692     
  0.397567876560939       -1.01504168481475       -1.97043829273343     
 -0.947278479886206      -0.171819850331770      -0.156381893858710     
 Iter:          65 Best Cost:  -4636.41093578448      Best Param:
   1.07725872506064       0.430908541895688       -1.56445812499984     
  0.453450755440298       -1.59378160788822       -1.55427900669692     
  0.397567876560939       -1.01504168481475       -1.97043829273343     
 -0.947278479886206      -0.171819850331770      -0.156381893858710     
 Iter:          66 Best Cost:  -4636.41249455679      Best Param:
   1.03614882810021       0.421643461042875       -1.58205567392524     
  0.461961326147842       -1.60383788206409       -1.56527055529560     
  0.399185262317380      -0.994632031702810       -1.99118357294147     
 -0.960621668199575      -0.163997098858667      -0.156262808091443     
 Iter:          67 Best Cost:  -4636.41459985001      Best Param:
   1.05677973794093       0.430404005848892       -1.55862856672730     
  0.451904139223339       -1.60660369105778       -1.53208075511941     
  0.401991772703957      -0.991330624715805       -1.96271247119938     
 -0.939413310420097      -0.162801731161883      -0.156959505209131     
 Iter:          68 Best Cost:  -4636.41861374579      Best Param:
   1.05347053885037       0.438972944550343       -1.59453660629668     
  0.451239385919891       -1.60166087025325       -1.54686187455612     
  0.386631306976214      -0.983986379243748       -1.96234706296920     
 -0.967716434630252      -0.161547717287823      -0.157000506980092     
 Iter:          69 Best Cost:  -4636.43174144700      Best Param:
   1.05737910140151       0.433819745312114       -1.59706791691200     
  0.453717781075817       -1.59855208397577       -1.54034016339628     
  0.406534064142070      -0.993355059610583       -1.95121640726362     
 -0.968865996387267      -0.154077651211645      -0.156715318560676     
 Iter:          70 Best Cost:  -4636.43174144700      Best Param:
   1.05737910140151       0.433819745312114       -1.59706791691200     
  0.453717781075817       -1.59855208397577       -1.54034016339628     
  0.406534064142070      -0.993355059610583       -1.95121640726362     
 -0.968865996387267      -0.154077651211645      -0.156715318560676     
 Iter:          71 Best Cost:  -4636.43281041012      Best Param:
   1.05310261143287       0.435485782076994       -1.55009606131008     
  0.452672781112042       -1.60018580987271       -1.54809157110348     
  0.399225787117962      -0.998074529019361       -1.95018879352303     
 -0.962641546883653      -0.162070873229825      -0.156661627207938     
 Iter:          72 Best Cost:  -4636.44061166300      Best Param:
   1.04916319426320       0.427576703126720       -1.56273879277878     
  0.452963157414556       -1.59888549704224       -1.55089313024897     
  0.406869895778094      -0.999070556685997       -1.94794108826736     
 -0.970294298107667      -0.163611719909564      -0.155750949807382     
 Iter:          73 Best Cost:  -4636.44372163867      Best Param:
   1.06339725062073       0.415333735886215       -1.58725518890445     
  0.450495943247359       -1.58846115313822       -1.54686024900747     
  0.409881706175976       -1.00853640957502       -1.96992266251973     
 -0.969014795911854      -0.158599400627041      -0.155809676606372     
 Iter:          74 Best Cost:  -4636.44372163867      Best Param:
   1.06339725062073       0.415333735886215       -1.58725518890445     
  0.450495943247359       -1.58846115313822       -1.54686024900747     
  0.409881706175976       -1.00853640957502       -1.96992266251973     
 -0.969014795911854      -0.158599400627041      -0.155809676606372     
 Iter:          75 Best Cost:  -4636.45028704270      Best Param:
   1.05428272936174       0.418594693870602       -1.57516303117179     
  0.449611100278305       -1.59176704245436       -1.53828936812449     
  0.395415089548313       -1.00932091962843       -1.97927481774768     
 -0.975425579754945      -0.161008124173369      -0.156379089447561     
 Iter:          76 Best Cost:  -4636.45028704270      Best Param:
   1.05428272936174       0.418594693870602       -1.57516303117179     
  0.449611100278305       -1.59176704245436       -1.53828936812449     
  0.395415089548313       -1.00932091962843       -1.97927481774768     
 -0.975425579754945      -0.161008124173369      -0.156379089447561     
 Iter:          77 Best Cost:  -4636.45028704270      Best Param:
   1.05428272936174       0.418594693870602       -1.57516303117179     
  0.449611100278305       -1.59176704245436       -1.53828936812449     
  0.395415089548313       -1.00932091962843       -1.97927481774768     
 -0.975425579754945      -0.161008124173369      -0.156379089447561     
 Iter:          78 Best Cost:  -4636.45028704270      Best Param:
   1.05428272936174       0.418594693870602       -1.57516303117179     
  0.449611100278305       -1.59176704245436       -1.53828936812449     
  0.395415089548313       -1.00932091962843       -1.97927481774768     
 -0.975425579754945      -0.161008124173369      -0.156379089447561     
 Iter:          79 Best Cost:  -4636.45028704270      Best Param:
   1.05428272936174       0.418594693870602       -1.57516303117179     
  0.449611100278305       -1.59176704245436       -1.53828936812449     
  0.395415089548313       -1.00932091962843       -1.97927481774768     
 -0.975425579754945      -0.161008124173369      -0.156379089447561     
 Iter:          80 Best Cost:  -4636.45399989752      Best Param:
   1.05480197978435       0.423817944174327       -1.60618505742818     
  0.441231254672052       -1.58506206569279       -1.54741276454621     
  0.404666288420401       -1.02850403945119       -1.94609031082815     
 -0.999983699139164      -0.158815874120493      -0.156522925994772     
 Iter:          81 Best Cost:  -4636.45678757105      Best Param:
   1.06067015397215       0.426040728600160       -1.60133361660424     
  0.443929157358005       -1.58233893755567       -1.56388854507277     
  0.385725209575921       -1.01774875435208       -1.95255804495904     
 -0.990889864742613      -0.157689649061843      -0.155146358440796     
 Iter:          82 Best Cost:  -4636.45678757105      Best Param:
   1.06067015397215       0.426040728600160       -1.60133361660424     
  0.443929157358005       -1.58233893755567       -1.56388854507277     
  0.385725209575921       -1.01774875435208       -1.95255804495904     
 -0.990889864742613      -0.157689649061843      -0.155146358440796     
 Iter:          83 Best Cost:  -4636.45696807114      Best Param:
   1.05239817786583       0.432615729766067       -1.57313454719250     
  0.445591625537352       -1.58995174830329       -1.56061460194694     
  0.388173709398535       -1.00822841500218       -1.98127074883534     
 -0.995925246475077      -0.158046146516572      -0.156635926208235     
 Iter:          84 Best Cost:  -4636.46431643617      Best Param:
   1.05391654500039       0.435305741874883       -1.56028079316759     
  0.447681671219735       -1.58903534265685       -1.55809222396434     
  0.397916008911297       -1.01179066120811       -1.97686265798227     
 -0.973127750035446      -0.162076883288759      -0.153536488809283     
 Iter:          85 Best Cost:  -4636.46431643617      Best Param:
   1.05391654500039       0.435305741874883       -1.56028079316759     
  0.447681671219735       -1.58903534265685       -1.55809222396434     
  0.397916008911297       -1.01179066120811       -1.97686265798227     
 -0.973127750035446      -0.162076883288759      -0.153536488809283     
 Iter:          86 Best Cost:  -4636.46879966049      Best Param:
   1.05369708048860       0.431221509343824       -1.58471875151840     
  0.448438956929133       -1.58418014215950       -1.55750425922229     
  0.390298284191588       -1.02830218776694       -1.96999735552023     
 -0.982964757015416      -0.165147207477717      -0.151429638464892     
 Iter:          87 Best Cost:  -4636.46879966049      Best Param:
   1.05369708048860       0.431221509343824       -1.58471875151840     
  0.448438956929133       -1.58418014215950       -1.55750425922229     
  0.390298284191588       -1.02830218776694       -1.96999735552023     
 -0.982964757015416      -0.165147207477717      -0.151429638464892     
 Iter:          88 Best Cost:  -4636.47188550415      Best Param:
   1.05380289259019       0.431058224231219       -1.57826582051048     
  0.446184194145247       -1.57082369564382       -1.55737826485412     
  0.390557993797222       -1.03197841817259       -1.96613276152455     
 -0.987709838329111      -0.162094141550757      -0.150916011548480     
 Iter:          89 Best Cost:  -4636.47749992793      Best Param:
   1.05570851229002       0.430023640003418       -1.58006872253882     
  0.441534536299247       -1.57528482104567       -1.55395396274967     
  0.397826513264829       -1.01620337908173       -1.95438550662127     
 -0.988534027322757      -0.161716347838402      -0.151074289465242     
 Iter:          90 Best Cost:  -4636.47749992793      Best Param:
   1.05570851229002       0.430023640003418       -1.58006872253882     
  0.441534536299247       -1.57528482104567       -1.55395396274967     
  0.397826513264829       -1.01620337908173       -1.95438550662127     
 -0.988534027322757      -0.161716347838402      -0.151074289465242     
 Iter:          91 Best Cost:  -4636.48720496276      Best Param:
   1.05422751085837       0.429014932438113       -1.58657397843800     
  0.442574802587694       -1.57358606534507       -1.55238862650703     
  0.404654948213367       -1.02519832890392       -1.95620931140194     
 -0.983071927631823      -0.163370359559079      -0.145186345314921     
 Iter:          92 Best Cost:  -4636.48912372415      Best Param:
   1.05855325392075       0.421456769719516       -1.57093968985567     
  0.440825026876223       -1.57296705423411       -1.55766775160990     
  0.403071621383845       -1.02165306081771       -1.96871887688014     
 -0.991920974132448      -0.164727310761438      -0.140703221914429     
 Iter:          93 Best Cost:  -4636.50173858892      Best Param:
   1.05808354218854       0.434421734578548       -1.59710901963097     
  0.438336928953859       -1.56943853971453       -1.55986920947303     
  0.404112783633074       -1.02491893142833       -1.97470214254525     
 -0.999093428370813      -0.160946074572058      -0.134698319484191     
 Iter:          94 Best Cost:  -4636.50173858892      Best Param:
   1.05808354218854       0.434421734578548       -1.59710901963097     
  0.438336928953859       -1.56943853971453       -1.55986920947303     
  0.404112783633074       -1.02491893142833       -1.97470214254525     
 -0.999093428370813      -0.160946074572058      -0.134698319484191     
 Iter:          95 Best Cost:  -4636.50211831918      Best Param:
   1.04979901211561       0.429549216589540       -1.59534346575290     
  0.435743368752791       -1.56337454979903       -1.56152042723984     
  0.404254184004890       -1.01021808085941       -1.98121164844000     
  -1.00710866143121      -0.159857882783011      -0.126237810765616     
 Iter:          96 Best Cost:  -4636.50634940638      Best Param:
   1.05488885623581       0.430633802122338       -1.59584832972224     
  0.435797174538418       -1.56203059345294       -1.56041306348916     
  0.403127895975190       -1.01699921988110       -1.96918436639261     
  -1.00349439693283      -0.158500499417557      -0.127524791656987     
 Iter:          97 Best Cost:  -4636.50634940638      Best Param:
   1.05488885623581       0.430633802122338       -1.59584832972224     
  0.435797174538418       -1.56203059345294       -1.56041306348916     
  0.403127895975190       -1.01699921988110       -1.96918436639261     
  -1.00349439693283      -0.158500499417557      -0.127524791656987     
 Iter:          98 Best Cost:  -4636.50945793049      Best Param:
   1.05807117261120       0.423074515914071       -1.59005693265326     
  0.438394300365672       -1.56927614111804       -1.55697900953772     
  0.407908440250814       -1.02195159570710       -1.96179278075646     
  -1.00489353144625      -0.152521168227555      -0.129041626350291     
 Iter:          99 Best Cost:  -4636.51319823777      Best Param:
   1.05694594207461       0.426229032514514       -1.58712634732971     
  0.437523415090889       -1.57413046689217       -1.56306959908505     
  0.401416384324613       -1.03528170530479       -1.96625529289526     
  -1.01003827066956      -0.149661469293667      -0.130937193247255     
 Iter:         100 Best Cost:  -4636.51518747464      Best Param:
   1.05692131094858       0.431092725991094       -1.61274287905686     
  0.439844956327610       -1.57310410228562       -1.55420564269157     
  0.402677223766675       -1.02343316777165       -1.97887866810638     
  -1.01115871216072      -0.146103528346336      -0.122320782983446     
 Iter:         101 Best Cost:  -4636.51640255075      Best Param:
   1.05501740072649       0.429778212476333       -1.59543331706909     
  0.436436640040864       -1.57438606154486       -1.55569465131372     
  0.400266271498605       -1.02148707767087       -1.98241853406361     
  -1.01021957389330      -0.140967023204982      -0.129190582222232     
 Iter:         102 Best Cost:  -4636.51640255075      Best Param:
   1.05501740072649       0.429778212476333       -1.59543331706909     
  0.436436640040864       -1.57438606154486       -1.55569465131372     
  0.400266271498605       -1.02148707767087       -1.98241853406361     
  -1.01021957389330      -0.140967023204982      -0.129190582222232     
 Iter:         103 Best Cost:  -4636.51640255075      Best Param:
   1.05501740072649       0.429778212476333       -1.59543331706909     
  0.436436640040864       -1.57438606154486       -1.55569465131372     
  0.400266271498605       -1.02148707767087       -1.98241853406361     
  -1.01021957389330      -0.140967023204982      -0.129190582222232     
 Iter:         104 Best Cost:  -4636.51805473281      Best Param:
   1.05584555437491       0.429544901770801       -1.59019416347648     
  0.437959299214229       -1.56974878184867       -1.55195848766103     
  0.402386263375459       -1.01980971091801       -1.97384166834472     
  -1.01011092376386      -0.144975180586693      -0.126675775877497     
 Iter:         105 Best Cost:  -4636.51805473281      Best Param:
   1.05584555437491       0.429544901770801       -1.59019416347648     
  0.437959299214229       -1.56974878184867       -1.55195848766103     
  0.402386263375459       -1.01980971091801       -1.97384166834472     
  -1.01011092376386      -0.144975180586693      -0.126675775877497     
 Iter:         106 Best Cost:  -4636.51812896748      Best Param:
   1.05593304197725       0.429029853370727       -1.58951086873855     
  0.440002036511246       -1.57260532934730       -1.54932557778283     
  0.402777740050971       -1.02194409450383       -1.97248357939480     
  -1.01016693822212      -0.141288391937241      -0.125810182959112     
 Iter:         107 Best Cost:  -4636.51812896748      Best Param:
   1.05593304197725       0.429029853370727       -1.58951086873855     
  0.440002036511246       -1.57260532934730       -1.54932557778283     
  0.402777740050971       -1.02194409450383       -1.97248357939480     
  -1.01016693822212      -0.141288391937241      -0.125810182959112     
 Iter:         108 Best Cost:  -4636.51851414369      Best Param:
   1.05590105440619       0.429211111224174       -1.59040625312547     
  0.440496967876754       -1.57240208453228       -1.54946063201619     
  0.402224074587610       -1.02185704520097       -1.97251344097397     
  -1.01107934009576      -0.142876731364426      -0.126050010308323     
 Iter:         109 Best Cost:  -4636.51851414369      Best Param:
   1.05590105440619       0.429211111224174       -1.59040625312547     
  0.440496967876754       -1.57240208453228       -1.54946063201619     
  0.402224074587610       -1.02185704520097       -1.97251344097397     
  -1.01107934009576      -0.142876731364426      -0.126050010308323     
 Iter:         110 Best Cost:  -4636.52060571550      Best Param:
   1.05255440150040       0.428277710185998       -1.58826621673399     
  0.444984258929515       -1.57200284993729       -1.56029657852252     
  0.403879507178680       -1.02269099222990       -1.97820363150114     
  -1.01002143415273      -0.143517852669552      -0.123134886747218     
 Iter:         111 Best Cost:  -4636.52060571550      Best Param:
   1.05255440150040       0.428277710185998       -1.58826621673399     
  0.444984258929515       -1.57200284993729       -1.56029657852252     
  0.403879507178680       -1.02269099222990       -1.97820363150114     
  -1.01002143415273      -0.143517852669552      -0.123134886747218     
 Iter:         112 Best Cost:  -4636.52060571550      Best Param:
   1.05255440150040       0.428277710185998       -1.58826621673399     
  0.444984258929515       -1.57200284993729       -1.56029657852252     
  0.403879507178680       -1.02269099222990       -1.97820363150114     
  -1.01002143415273      -0.143517852669552      -0.123134886747218     
 Iter:         113 Best Cost:  -4636.52060571550      Best Param:
   1.05255440150040       0.428277710185998       -1.58826621673399     
  0.444984258929515       -1.57200284993729       -1.56029657852252     
  0.403879507178680       -1.02269099222990       -1.97820363150114     
  -1.01002143415273      -0.143517852669552      -0.123134886747218     
 Iter:         114 Best Cost:  -4636.52126210587      Best Param:
   1.05177666806206       0.427566430464997       -1.59373155205683     
  0.443674790995018       -1.57231680950716       -1.56023844627170     
  0.398462177818440       -1.02258196874077       -1.98103094856557     
  -1.01884750677109      -0.141518082713520      -0.121641150524368     
 Iter:         115 Best Cost:  -4636.52147706939      Best Param:
   1.05498552724691       0.426326917778634       -1.59283554289303     
  0.440441354781345       -1.56951775812743       -1.55719928066766     
  0.400832900178788       -1.01913232120269       -1.97481142897171     
  -1.01632088898845      -0.140859529492205      -0.123886152866522     
 Iter:         116 Best Cost:  -4636.52171944112      Best Param:
   1.05253946451123       0.427508280253455       -1.59271832239573     
  0.441289116455209       -1.57191308314697       -1.55717642555690     
  0.400847823756569       -1.01940701907734       -1.97483851904870     
  -1.01312618730545      -0.142627275456242      -0.123720695636579     
 Iter:         117 Best Cost:  -4636.52171944112      Best Param:
   1.05253946451123       0.427508280253455       -1.59271832239573     
  0.441289116455209       -1.57191308314697       -1.55717642555690     
  0.400847823756569       -1.01940701907734       -1.97483851904870     
  -1.01312618730545      -0.142627275456242      -0.123720695636579     
 Iter:         118 Best Cost:  -4636.52171944112      Best Param:
   1.05253946451123       0.427508280253455       -1.59271832239573     
  0.441289116455209       -1.57191308314697       -1.55717642555690     
  0.400847823756569       -1.01940701907734       -1.97483851904870     
  -1.01312618730545      -0.142627275456242      -0.123720695636579     
 Iter:         119 Best Cost:  -4636.52171944112      Best Param:
   1.05253946451123       0.427508280253455       -1.59271832239573     
  0.441289116455209       -1.57191308314697       -1.55717642555690     
  0.400847823756569       -1.01940701907734       -1.97483851904870     
  -1.01312618730545      -0.142627275456242      -0.123720695636579     
 Iter:         120 Best Cost:  -4636.52209537866      Best Param:
   1.05347756960721       0.430035603155745       -1.59264603802934     
  0.441409389199139       -1.57182950420114       -1.55888389050863     
  0.403145898899766       -1.01990449670619       -1.97650527402277     
  -1.01408117549698      -0.142669176998211      -0.122963485254989     
 Iter:         121 Best Cost:  -4636.52233396859      Best Param:
   1.05288437999600       0.428704321764071       -1.59554304356970     
  0.441183772481081       -1.57298707128824       -1.55918613285142     
  0.402370788135389       -1.01800728415794       -1.97632187688580     
  -1.01596613464490      -0.142288041284028      -0.122626206167058     
 Iter:         122 Best Cost:  -4636.52233396859      Best Param:
   1.05288437999600       0.428704321764071       -1.59554304356970     
  0.441183772481081       -1.57298707128824       -1.55918613285142     
  0.402370788135389       -1.01800728415794       -1.97632187688580     
  -1.01596613464490      -0.142288041284028      -0.122626206167058     
 Iter:         123 Best Cost:  -4636.52238214958      Best Param:
   1.05301820416169       0.428700798556044       -1.59460561476689     
  0.441950851507124       -1.57180139040356       -1.55801811586927     
  0.402578283725958       -1.01785049416472       -1.97701513886772     
  -1.02064928432695      -0.140614439544726      -0.121808900643098     
 Iter:         124 Best Cost:  -4636.52238214958      Best Param:
   1.05301820416169       0.428700798556044       -1.59460561476689     
  0.441950851507124       -1.57180139040356       -1.55801811586927     
  0.402578283725958       -1.01785049416472       -1.97701513886772     
  -1.02064928432695      -0.140614439544726      -0.121808900643098     
 Iter:         125 Best Cost:  -4636.52238214958      Best Param:
   1.05301820416169       0.428700798556044       -1.59460561476689     
  0.441950851507124       -1.57180139040356       -1.55801811586927     
  0.402578283725958       -1.01785049416472       -1.97701513886772     
  -1.02064928432695      -0.140614439544726      -0.121808900643098     
 Iter:         126 Best Cost:  -4636.52244087876      Best Param:
   1.05305152312557       0.428880455450614       -1.59468804408825     
  0.442373675104141       -1.57185539174400       -1.56070528857708     
  0.402496022343550       -1.01843356778748       -1.97687946010810     
  -1.02134498371671      -0.140546549098780      -0.121544940635192     
 Iter:         127 Best Cost:  -4636.52250605622      Best Param:
   1.05307037694935       0.429086617088876       -1.59651463727558     
  0.440042746997266       -1.57228649354989       -1.55983625164399     
  0.402994217291703       -1.02025157494919       -1.97581869036303     
  -1.01935786793884      -0.140929253159664      -0.121412759670131     
 Iter:         128 Best Cost:  -4636.52254746827      Best Param:
   1.05312117289294       0.428511273585729       -1.59300049042132     
  0.440194161091922       -1.57282175126424       -1.56088781848105     
  0.402604635965441       -1.02079133016483       -1.97560692288103     
  -1.01964211081329      -0.141164031944775      -0.121596563256467     
 Iter:         129 Best Cost:  -4636.52254746827      Best Param:
   1.05312117289294       0.428511273585729       -1.59300049042132     
  0.440194161091922       -1.57282175126424       -1.56088781848105     
  0.402604635965441       -1.02079133016483       -1.97560692288103     
  -1.01964211081329      -0.141164031944775      -0.121596563256467     
 Iter:         130 Best Cost:  -4636.52254746827      Best Param:
   1.05312117289294       0.428511273585729       -1.59300049042132     
  0.440194161091922       -1.57282175126424       -1.56088781848105     
  0.402604635965441       -1.02079133016483       -1.97560692288103     
  -1.01964211081329      -0.141164031944775      -0.121596563256467     
 Iter:         131 Best Cost:  -4636.52254746827      Best Param:
   1.05312117289294       0.428511273585729       -1.59300049042132     
  0.440194161091922       -1.57282175126424       -1.56088781848105     
  0.402604635965441       -1.02079133016483       -1.97560692288103     
  -1.01964211081329      -0.141164031944775      -0.121596563256467     
 Iter:         132 Best Cost:  -4636.52263186190      Best Param:
   1.05258997522297       0.427206461422905       -1.59528475153782     
  0.440842077507864       -1.57262909829004       -1.56102512907729     
  0.402803435068268       -1.01974396172157       -1.97695923165410     
  -1.01965672888184      -0.140775251225635      -0.120969022677317     
 Iter:         133 Best Cost:  -4636.52263186190      Best Param:
   1.05258997522297       0.427206461422905       -1.59528475153782     
  0.440842077507864       -1.57262909829004       -1.56102512907729     
  0.402803435068268       -1.01974396172157       -1.97695923165410     
  -1.01965672888184      -0.140775251225635      -0.120969022677317     
 Iter:         134 Best Cost:  -4636.52263186190      Best Param:
   1.05258997522297       0.427206461422905       -1.59528475153782     
  0.440842077507864       -1.57262909829004       -1.56102512907729     
  0.402803435068268       -1.01974396172157       -1.97695923165410     
  -1.01965672888184      -0.140775251225635      -0.120969022677317     
 Iter:         135 Best Cost:  -4636.52270244870      Best Param:
   1.05256719336275       0.427301081593408       -1.59512535497205     
  0.441314999344439       -1.57241174329153       -1.55978210445493     
  0.402895017894483       -1.02087813920438       -1.97663710051581     
  -1.02040842510534      -0.140668067723228      -0.121043500402352     
 Iter:         136 Best Cost:  -4636.52274175534      Best Param:
   1.05316559980124       0.427902073586837       -1.59449084760367     
  0.440860154997435       -1.57295722887128       -1.56049876622865     
  0.402448892366647       -1.02042130882876       -1.97763916398401     
  -1.01957883494678      -0.140786487576224      -0.121206656134074     
 Iter:         137 Best Cost:  -4636.52274175534      Best Param:
   1.05316559980124       0.427902073586837       -1.59449084760367     
  0.440860154997435       -1.57295722887128       -1.56049876622865     
  0.402448892366647       -1.02042130882876       -1.97763916398401     
  -1.01957883494678      -0.140786487576224      -0.121206656134074     
 Iter:         138 Best Cost:  -4636.52274175534      Best Param:
   1.05316559980124       0.427902073586837       -1.59449084760367     
  0.440860154997435       -1.57295722887128       -1.56049876622865     
  0.402448892366647       -1.02042130882876       -1.97763916398401     
  -1.01957883494678      -0.140786487576224      -0.121206656134074     
 Iter:         139 Best Cost:  -4636.52274175534      Best Param:
   1.05316559980124       0.427902073586837       -1.59449084760367     
  0.440860154997435       -1.57295722887128       -1.56049876622865     
  0.402448892366647       -1.02042130882876       -1.97763916398401     
  -1.01957883494678      -0.140786487576224      -0.121206656134074     
 Iter:         140 Best Cost:  -4636.52278168145      Best Param:
   1.05262774631444       0.427638519297659       -1.59559416038474     
  0.441115574031666       -1.57281492896674       -1.56049627005210     
  0.402423179639330       -1.02201434275389       -1.97725021248596     
  -1.01977760547312      -0.140489045157834      -0.121332361051309     
 Iter:         141 Best Cost:  -4636.52280130423      Best Param:
   1.05301423798889       0.427689288620360       -1.59523460209474     
  0.440799449432484       -1.57294533426310       -1.56054889432584     
  0.402319841024252       -1.02260496011318       -1.97650110829288     
  -1.01986930658037      -0.140354590688181      -0.121402517739952     
 Iter:         142 Best Cost:  -4636.52280130423      Best Param:
   1.05301423798889       0.427689288620360       -1.59523460209474     
  0.440799449432484       -1.57294533426310       -1.56054889432584     
  0.402319841024252       -1.02260496011318       -1.97650110829288     
  -1.01986930658037      -0.140354590688181      -0.121402517739952     
 Iter:         143 Best Cost:  -4636.52280926753      Best Param:
   1.05334628929488       0.427415034856101       -1.59521868943079     
  0.440872967873927       -1.57289012547404       -1.56043139504577     
  0.402314128192426       -1.02263495588357       -1.97648204911602     
  -1.02001605899692      -0.140690969822157      -0.121436117537193     
 Iter:         144 Best Cost:  -4636.52280926753      Best Param:
   1.05334628929488       0.427415034856101       -1.59521868943079     
  0.440872967873927       -1.57289012547404       -1.56043139504577     
  0.402314128192426       -1.02263495588357       -1.97648204911602     
  -1.02001605899692      -0.140690969822157      -0.121436117537193     
 Iter:         145 Best Cost:  -4636.52281151062      Best Param:
   1.05310350368510       0.427320470393370       -1.59529225298003     
  0.440801323377936       -1.57305688589131       -1.56049820165194     
  0.402289327817663       -1.02267457213456       -1.97661059335826     
  -1.02006541992720      -0.140565921306236      -0.121427970018672     
 Iter:         146 Best Cost:  -4636.52281151062      Best Param:
   1.05310350368510       0.427320470393370       -1.59529225298003     
  0.440801323377936       -1.57305688589131       -1.56049820165194     
  0.402289327817663       -1.02267457213456       -1.97661059335826     
  -1.02006541992720      -0.140565921306236      -0.121427970018672     
 Iter:         147 Best Cost:  -4636.52281151062      Best Param:
   1.05310350368510       0.427320470393370       -1.59529225298003     
  0.440801323377936       -1.57305688589131       -1.56049820165194     
  0.402289327817663       -1.02267457213456       -1.97661059335826     
  -1.02006541992720      -0.140565921306236      -0.121427970018672     
 Iter:         148 Best Cost:  -4636.52281151062      Best Param:
   1.05310350368510       0.427320470393370       -1.59529225298003     
  0.440801323377936       -1.57305688589131       -1.56049820165194     
  0.402289327817663       -1.02267457213456       -1.97661059335826     
  -1.02006541992720      -0.140565921306236      -0.121427970018672     
 Iter:         149 Best Cost:  -4636.52282222159      Best Param:
   1.05316151058544       0.427378176318352       -1.59491797747281     
  0.440761854061825       -1.57371778886759       -1.56024356623023     
  0.402326714576265       -1.02261908678679       -1.97734477069135     
  -1.02034430880392      -0.140522092656579      -0.121616923033342     
 Iter:         150 Best Cost:  -4636.52282222159      Best Param:
   1.05316151058544       0.427378176318352       -1.59491797747281     
  0.440761854061825       -1.57371778886759       -1.56024356623023     
  0.402326714576265       -1.02261908678679       -1.97734477069135     
  -1.02034430880392      -0.140522092656579      -0.121616923033342     
 Iter:         151 Best Cost:  -4636.52283391390      Best Param:
   1.05303282203461       0.427285505894469       -1.59628814668085     
  0.440740231541264       -1.57454670061567       -1.55989298553739     
  0.402148204290653       -1.02280267168627       -1.97716635854012     
  -1.02013667699573      -0.140523238666209      -0.121541517933994     
 Iter:         152 Best Cost:  -4636.52283505256      Best Param:
   1.05306241369823       0.427075278463448       -1.59599224052511     
  0.440918336840002       -1.57416818704108       -1.56008948027715     
  0.402138164515410       -1.02284217721400       -1.97709227305345     
  -1.02051571920245      -0.140642122800959      -0.121265811437159     
 Iter:         153 Best Cost:  -4636.52283700010      Best Param:
   1.05273071901539       0.427245550978491       -1.59609559812800     
  0.440449121738692       -1.57441537740936       -1.56008090004060     
  0.402057056014680       -1.02218689981705       -1.97731213083636     
  -1.02051716946583      -0.140211356248725      -0.121297706592031     
 Iter:         154 Best Cost:  -4636.52283700010      Best Param:
   1.05273071901539       0.427245550978491       -1.59609559812800     
  0.440449121738692       -1.57441537740936       -1.56008090004060     
  0.402057056014680       -1.02218689981705       -1.97731213083636     
  -1.02051716946583      -0.140211356248725      -0.121297706592031     
 Iter:         155 Best Cost:  -4636.52284112430      Best Param:
   1.05322757745357       0.427371499146355       -1.59600839424131     
  0.441135611893931       -1.57325140932193       -1.55993204099511     
  0.402182294438262       -1.02191693951374       -1.97694443832651     
  -1.02043538077389      -0.140118918720956      -0.121315105571973     
 Iter:         156 Best Cost:  -4636.52284112430      Best Param:
   1.05322757745357       0.427371499146355       -1.59600839424131     
  0.441135611893931       -1.57325140932193       -1.55993204099511     
  0.402182294438262       -1.02191693951374       -1.97694443832651     
  -1.02043538077389      -0.140118918720956      -0.121315105571973     
 Iter:         157 Best Cost:  -4636.52284112430      Best Param:
   1.05322757745357       0.427371499146355       -1.59600839424131     
  0.441135611893931       -1.57325140932193       -1.55993204099511     
  0.402182294438262       -1.02191693951374       -1.97694443832651     
  -1.02043538077389      -0.140118918720956      -0.121315105571973     
 Iter:         158 Best Cost:  -4636.52284949307      Best Param:
   1.05321867895444       0.427352116660054       -1.59607038510410     
  0.440989375480454       -1.57395216813158       -1.56007690256118     
  0.402233250123249       -1.02198619339605       -1.97684047542269     
  -1.02057670054665      -0.140086481796450      -0.121401091355988     
 Iter:         159 Best Cost:  -4636.52284949307      Best Param:
   1.05321867895444       0.427352116660054       -1.59607038510410     
  0.440989375480454       -1.57395216813158       -1.56007690256118     
  0.402233250123249       -1.02198619339605       -1.97684047542269     
  -1.02057670054665      -0.140086481796450      -0.121401091355988     
 Iter:         160 Best Cost:  -4636.52284974427      Best Param:
   1.05332232332610       0.427230470102021       -1.59570835783765     
  0.440969908606045       -1.57385530112671       -1.55967598863722     
  0.402097663080699       -1.02225107180867       -1.97658506509632     
  -1.02071961377379      -0.140371761386856      -0.121252934906696     
 Iter:         161 Best Cost:  -4636.52285379730      Best Param:
   1.05338647794460       0.427300519772680       -1.59573487369557     
  0.440831260280188       -1.57371133481463       -1.56021511221443     
  0.402183826458362       -1.02240456738019       -1.97680443658531     
  -1.02072580443761      -0.140485366287105      -0.121256509499572     
 Iter:         162 Best Cost:  -4636.52285379730      Best Param:
   1.05338647794460       0.427300519772680       -1.59573487369557     
  0.440831260280188       -1.57371133481463       -1.56021511221443     
  0.402183826458362       -1.02240456738019       -1.97680443658531     
  -1.02072580443761      -0.140485366287105      -0.121256509499572     
 Iter:         163 Best Cost:  -4636.52285379730      Best Param:
   1.05338647794460       0.427300519772680       -1.59573487369557     
  0.440831260280188       -1.57371133481463       -1.56021511221443     
  0.402183826458362       -1.02240456738019       -1.97680443658531     
  -1.02072580443761      -0.140485366287105      -0.121256509499572     
 Iter:         164 Best Cost:  -4636.52285379730      Best Param:
   1.05338647794460       0.427300519772680       -1.59573487369557     
  0.440831260280188       -1.57371133481463       -1.56021511221443     
  0.402183826458362       -1.02240456738019       -1.97680443658531     
  -1.02072580443761      -0.140485366287105      -0.121256509499572     
 Iter:         165 Best Cost:  -4636.52285885589      Best Param:
   1.05324353606394       0.427305756416807       -1.59570435564260     
  0.440726521717889       -1.57438683769055       -1.56021846242662     
  0.402034608831744       -1.02234712034387       -1.97681651912216     
  -1.02054360554463      -0.140260531580813      -0.121256734580773     
 Iter:         166 Best Cost:  -4636.52285885589      Best Param:
   1.05324353606394       0.427305756416807       -1.59570435564260     
  0.440726521717889       -1.57438683769055       -1.56021846242662     
  0.402034608831744       -1.02234712034387       -1.97681651912216     
  -1.02054360554463      -0.140260531580813      -0.121256734580773     
 Iter:         167 Best Cost:  -4636.52286597409      Best Param:
   1.05353283836196       0.427304923420935       -1.59545372125694     
  0.440757614223730       -1.57451945316306       -1.56021856408860     
  0.401549335652400       -1.02235070575815       -1.97677117352373     
  -1.02186855313750      -0.140262468066843      -0.121244572112997     
 Iter:         168 Best Cost:  -4636.52286597409      Best Param:
   1.05353283836196       0.427304923420935       -1.59545372125694     
  0.440757614223730       -1.57451945316306       -1.56021856408860     
  0.401549335652400       -1.02235070575815       -1.97677117352373     
  -1.02186855313750      -0.140262468066843      -0.121244572112997     
 Iter:         169 Best Cost:  -4636.52287139059      Best Param:
   1.05337981788370       0.427344844506197       -1.59641788014986     
  0.440877748958433       -1.57417127576602       -1.56008126348060     
  0.401854920335755       -1.02249331707601       -1.97775468186968     
  -1.02134383825011      -0.140258059519729      -0.121353507184884     
 Iter:         170 Best Cost:  -4636.52287150518      Best Param:
   1.05337017103512       0.427600820578082       -1.59554706598105     
  0.440851508113059       -1.57431297598872       -1.56022585585214     
  0.401829972291317       -1.02258565139818       -1.97714586024201     
  -1.02142668260608      -0.140230543615956      -0.121245096360344     
 Iter:         171 Best Cost:  -4636.52287150518      Best Param:
   1.05337017103512       0.427600820578082       -1.59554706598105     
  0.440851508113059       -1.57431297598872       -1.56022585585214     
  0.401829972291317       -1.02258565139818       -1.97714586024201     
  -1.02142668260608      -0.140230543615956      -0.121245096360344     
 Iter:         172 Best Cost:  -4636.52287861134      Best Param:
   1.05348538880150       0.427483336950886       -1.59626478976699     
  0.440737892030232       -1.57464468531443       -1.56023677421801     
  0.401819177119026       -1.02255033802731       -1.97737317552970     
  -1.02140214848928      -0.140229413970789      -0.121175994797381     
 Iter:         173 Best Cost:  -4636.52287861134      Best Param:
   1.05348538880150       0.427483336950886       -1.59626478976699     
  0.440737892030232       -1.57464468531443       -1.56023677421801     
  0.401819177119026       -1.02255033802731       -1.97737317552970     
  -1.02140214848928      -0.140229413970789      -0.121175994797381     
 Iter:         174 Best Cost:  -4636.52288196511      Best Param:
   1.05341762108225       0.427374662816152       -1.59654101681800     
  0.440812485419146       -1.57444661193563       -1.56029244469572     
  0.401631128401727       -1.02253770863279       -1.97730280778430     
  -1.02175629350076      -0.140214671778554      -0.121073931987868     
 Iter:         175 Best Cost:  -4636.52288196511      Best Param:
   1.05341762108225       0.427374662816152       -1.59654101681800     
  0.440812485419146       -1.57444661193563       -1.56029244469572     
  0.401631128401727       -1.02253770863279       -1.97730280778430     
  -1.02175629350076      -0.140214671778554      -0.121073931987868     
 Iter:         176 Best Cost:  -4636.52288196511      Best Param:
   1.05341762108225       0.427374662816152       -1.59654101681800     
  0.440812485419146       -1.57444661193563       -1.56029244469572     
  0.401631128401727       -1.02253770863279       -1.97730280778430     
  -1.02175629350076      -0.140214671778554      -0.121073931987868     
 Iter:         177 Best Cost:  -4636.52288263172      Best Param:
   1.05341401884774       0.427307410632243       -1.59678746762860     
  0.440603059400640       -1.57418730522409       -1.56000622118426     
  0.401568808367680       -1.02264435980742       -1.97733489938856     
  -1.02189430098210      -0.140178991601347      -0.121073588940016     
 Iter:         178 Best Cost:  -4636.52288479237      Best Param:
   1.05340403024048       0.427347788441394       -1.59659312481610     
  0.440599001723026       -1.57428389059205       -1.56018560738604     
  0.401632754864737       -1.02254171514058       -1.97746959422482     
  -1.02189606275688      -0.140175059947444      -0.121086720224097     
 Iter:         179 Best Cost:  -4636.52288490596      Best Param:
   1.05341933774660       0.427352713784752       -1.59661664023818     
  0.440643120611663       -1.57420493694324       -1.56026854238662     
  0.401556737336338       -1.02273088180963       -1.97742398054052     
  -1.02211875972443      -0.140134467574817      -0.121081841303183     
 Iter:         180 Best Cost:  -4636.52288490596      Best Param:
   1.05341933774660       0.427352713784752       -1.59661664023818     
  0.440643120611663       -1.57420493694324       -1.56026854238662     
  0.401556737336338       -1.02273088180963       -1.97742398054052     
  -1.02211875972443      -0.140134467574817      -0.121081841303183     
 Iter:         181 Best Cost:  -4636.52288490596      Best Param:
   1.05341933774660       0.427352713784752       -1.59661664023818     
  0.440643120611663       -1.57420493694324       -1.56026854238662     
  0.401556737336338       -1.02273088180963       -1.97742398054052     
  -1.02211875972443      -0.140134467574817      -0.121081841303183     
 Iter:         182 Best Cost:  -4636.52288490596      Best Param:
   1.05341933774660       0.427352713784752       -1.59661664023818     
  0.440643120611663       -1.57420493694324       -1.56026854238662     
  0.401556737336338       -1.02273088180963       -1.97742398054052     
  -1.02211875972443      -0.140134467574817      -0.121081841303183     
 Iter:         183 Best Cost:  -4636.52288539092      Best Param:
   1.05333637050487       0.427333401979747       -1.59663988839827     
  0.440455688376176       -1.57437164605096       -1.56032088879499     
  0.401376103054066       -1.02262822353784       -1.97734809237041     
  -1.02203251030278      -0.140159581728629      -0.121095333467685     
 Iter:         184 Best Cost:  -4636.52288539092      Best Param:
   1.05333637050487       0.427333401979747       -1.59663988839827     
  0.440455688376176       -1.57437164605096       -1.56032088879499     
  0.401376103054066       -1.02262822353784       -1.97734809237041     
  -1.02203251030278      -0.140159581728629      -0.121095333467685     
 Iter:         185 Best Cost:  -4636.52288539092      Best Param:
   1.05333637050487       0.427333401979747       -1.59663988839827     
  0.440455688376176       -1.57437164605096       -1.56032088879499     
  0.401376103054066       -1.02262822353784       -1.97734809237041     
  -1.02203251030278      -0.140159581728629      -0.121095333467685     
 Iter:         186 Best Cost:  -4636.52288539092      Best Param:
   1.05333637050487       0.427333401979747       -1.59663988839827     
  0.440455688376176       -1.57437164605096       -1.56032088879499     
  0.401376103054066       -1.02262822353784       -1.97734809237041     
  -1.02203251030278      -0.140159581728629      -0.121095333467685     
 Iter:         187 Best Cost:  -4636.52288669681      Best Param:
   1.05336947411580       0.427330244671844       -1.59663775918518     
  0.440581027400995       -1.57459039839433       -1.56029060416781     
  0.401488060018056       -1.02266519363799       -1.97731245461914     
  -1.02200326936317      -0.140160883726368      -0.121097579319685     
 Iter:         188 Best Cost:  -4636.52288669681      Best Param:
   1.05336947411580       0.427330244671844       -1.59663775918518     
  0.440581027400995       -1.57459039839433       -1.56029060416781     
  0.401488060018056       -1.02266519363799       -1.97731245461914     
  -1.02200326936317      -0.140160883726368      -0.121097579319685     
 Iter:         189 Best Cost:  -4636.52288669681      Best Param:
   1.05336947411580       0.427330244671844       -1.59663775918518     
  0.440581027400995       -1.57459039839433       -1.56029060416781     
  0.401488060018056       -1.02266519363799       -1.97731245461914     
  -1.02200326936317      -0.140160883726368      -0.121097579319685     
 Iter:         190 Best Cost:  -4636.52288849043      Best Param:
   1.05337711443332       0.427151066607466       -1.59642022893091     
  0.440610607347819       -1.57441151011657       -1.56033590976410     
  0.401497838727671       -1.02274294928120       -1.97733003031826     
  -1.02207070112987      -0.140139503075822      -0.121230822921620     
 Iter:         191 Best Cost:  -4636.52288863646      Best Param:
   1.05336327674711       0.427167264586312       -1.59653231975077     
  0.440614665484149       -1.57434113315250       -1.56031515292022     
  0.401482072600729       -1.02276398450103       -1.97735278585448     
  -1.02198440757044      -0.140127319282074      -0.121235755722934     
 Iter:         192 Best Cost:  -4636.52288869438      Best Param:
   1.05338964182388       0.427139574186158       -1.59647465626575     
  0.440618624765455       -1.57449735513218       -1.56030879055435     
  0.401505365213720       -1.02268333623974       -1.97733441211379     
  -1.02209417819124      -0.140147141996862      -0.121232102210005     
 Iter:         193 Best Cost:  -4636.52288975783      Best Param:
   1.05337963931442       0.427187844434848       -1.59665706895306     
  0.440508257752225       -1.57446853725158       -1.56031251696671     
  0.401516105284824       -1.02264173623110       -1.97735639157010     
  -1.02195964045847      -0.140105199489957      -0.121212772893791     
 Iter:         194 Best Cost:  -4636.52288975783      Best Param:
   1.05337963931442       0.427187844434848       -1.59665706895306     
  0.440508257752225       -1.57446853725158       -1.56031251696671     
  0.401516105284824       -1.02264173623110       -1.97735639157010     
  -1.02195964045847      -0.140105199489957      -0.121212772893791     
 Iter:         195 Best Cost:  -4636.52288975783      Best Param:
   1.05337963931442       0.427187844434848       -1.59665706895306     
  0.440508257752225       -1.57446853725158       -1.56031251696671     
  0.401516105284824       -1.02264173623110       -1.97735639157010     
  -1.02195964045847      -0.140105199489957      -0.121212772893791     
 Iter:         196 Best Cost:  -4636.52288975783      Best Param:
   1.05337963931442       0.427187844434848       -1.59665706895306     
  0.440508257752225       -1.57446853725158       -1.56031251696671     
  0.401516105284824       -1.02264173623110       -1.97735639157010     
  -1.02195964045847      -0.140105199489957      -0.121212772893791     
 Iter:         197 Best Cost:  -4636.52289004988      Best Param:
   1.05335513169332       0.427085475999638       -1.59662310821123     
  0.440511121661030       -1.57443690762417       -1.56037780300820     
  0.401525401509733       -1.02269210485842       -1.97735684491236     
  -1.02194608531546      -0.140145099544495      -0.121252708988317     
 Iter:         198 Best Cost:  -4636.52289005166      Best Param:
   1.05336810834781       0.427177248298095       -1.59661978777852     
  0.440554917787276       -1.57441550422964       -1.56032551439400     
  0.401518825125989       -1.02264522370882       -1.97734531757361     
  -1.02197656814738      -0.140184017726570      -0.121273004861124     
 Iter:         199 Best Cost:  -4636.52289022784      Best Param:
   1.05334510531493       0.427172431466127       -1.59669930628519     
  0.440407981385589       -1.57444828840485       -1.56036219017597     
  0.401504042367234       -1.02263987060460       -1.97739920676990     
  -1.02196291920559      -0.140177036024194      -0.121281273407475     
 Iter:         200 Best Cost:  -4636.52289033555      Best Param:
   1.05333640407246       0.427169598198037       -1.59664252156869     
  0.440488699203038       -1.57455567610652       -1.56033515757879     
  0.401532817737972       -1.02264607230937       -1.97738116973820     
  -1.02197701951223      -0.140184614338162      -0.121292816486952     
 Iter:         201 Best Cost:  -4636.52289043049      Best Param:
   1.05332474144688       0.427160953036994       -1.59664029816386     
  0.440467400662324       -1.57445143336145       -1.56034333723834     
  0.401502915867585       -1.02264924786178       -1.97740614403499     
  -1.02196751546043      -0.140185159191797      -0.121282411164036     
 Iter:         202 Best Cost:  -4636.52289045332      Best Param:
   1.05330755414890       0.427145183190154       -1.59660632582813     
  0.440463333178918       -1.57446702469585       -1.56034567666653     
  0.401488982340077       -1.02265018295503       -1.97740365647434     
  -1.02195894047864      -0.140209981988021      -0.121284317289502     
 Iter:         203 Best Cost:  -4636.52289046153      Best Param:
   1.05333422454805       0.427077003679355       -1.59660611454877     
  0.440474671709530       -1.57443664891954       -1.56033315561775     
  0.401478466120321       -1.02275708927402       -1.97742434989568     
  -1.02199548105628      -0.140225347553154      -0.121334734318684     
 Iter:         204 Best Cost:  -4636.52289068807      Best Param:
   1.05338357893377       0.427116172684362       -1.59662254678588     
  0.440468001087374       -1.57448795346671       -1.56033168779886     
  0.401488401820725       -1.02258601010107       -1.97730751235694     
  -1.02190399242649      -0.140234119494273      -0.121349118055976     
 Iter:         205 Best Cost:  -4636.52289068807      Best Param:
   1.05338357893377       0.427116172684362       -1.59662254678588     
  0.440468001087374       -1.57448795346671       -1.56033168779886     
  0.401488401820725       -1.02258601010107       -1.97730751235694     
  -1.02190399242649      -0.140234119494273      -0.121349118055976     
 Iter:         206 Best Cost:  -4636.52289068807      Best Param:
   1.05338357893377       0.427116172684362       -1.59662254678588     
  0.440468001087374       -1.57448795346671       -1.56033168779886     
  0.401488401820725       -1.02258601010107       -1.97730751235694     
  -1.02190399242649      -0.140234119494273      -0.121349118055976     
 Iter:         207 Best Cost:  -4636.52289075073      Best Param:
   1.05339682191541       0.427091952607951       -1.59673083515556     
  0.440441789475007       -1.57455714513217       -1.56033992230579     
  0.401510234637541       -1.02259989455696       -1.97728854713045     
  -1.02195364816870      -0.140223854838180      -0.121337185446087     
 Iter:         208 Best Cost:  -4636.52289108867      Best Param:
   1.05340914918195       0.427085846525102       -1.59662959149924     
  0.440438616301257       -1.57456132637010       -1.56035893924816     
  0.401417680090442       -1.02271039238232       -1.97735119804340     
  -1.02201233694448      -0.140222915627218      -0.121336224524922     
 Iter:         209 Best Cost:  -4636.52289127517      Best Param:
   1.05341839523303       0.427023359405824       -1.59674648092989     
  0.440414240320256       -1.57457790554337       -1.56035305251053     
  0.401414410837294       -1.02277631656967       -1.97738218915581     
  -1.02204136324440      -0.140249903192447      -0.121349907976889     
 Iter:         210 Best Cost:  -4636.52289127517      Best Param:
   1.05341839523303       0.427023359405824       -1.59674648092989     
  0.440414240320256       -1.57457790554337       -1.56035305251053     
  0.401414410837294       -1.02277631656967       -1.97738218915581     
  -1.02204136324440      -0.140249903192447      -0.121349907976889     
 Iter:         211 Best Cost:  -4636.52289127517      Best Param:
   1.05341839523303       0.427023359405824       -1.59674648092989     
  0.440414240320256       -1.57457790554337       -1.56035305251053     
  0.401414410837294       -1.02277631656967       -1.97738218915581     
  -1.02204136324440      -0.140249903192447      -0.121349907976889     
 Iter:         212 Best Cost:  -4636.52289133678      Best Param:
   1.05341657826782       0.427025705623986       -1.59676391134643     
  0.440406186333988       -1.57458429985928       -1.56035326583962     
  0.401410735628176       -1.02277353770024       -1.97738971652866     
  -1.02204906230456      -0.140252997725484      -0.121357476081977     
 Iter:         213 Best Cost:  -4636.52289133678      Best Param:
   1.05341657826782       0.427025705623986       -1.59676391134643     
  0.440406186333988       -1.57458429985928       -1.56035326583962     
  0.401410735628176       -1.02277353770024       -1.97738971652866     
  -1.02204906230456      -0.140252997725484      -0.121357476081977     
 Iter:         214 Best Cost:  -4636.52289133678      Best Param:
   1.05341657826782       0.427025705623986       -1.59676391134643     
  0.440406186333988       -1.57458429985928       -1.56035326583962     
  0.401410735628176       -1.02277353770024       -1.97738971652866     
  -1.02204906230456      -0.140252997725484      -0.121357476081977     
 Iter:         215 Best Cost:  -4636.52289133678      Best Param:
   1.05341657826782       0.427025705623986       -1.59676391134643     
  0.440406186333988       -1.57458429985928       -1.56035326583962     
  0.401410735628176       -1.02277353770024       -1.97738971652866     
  -1.02204906230456      -0.140252997725484      -0.121357476081977     
 Iter:         216 Best Cost:  -4636.52289133678      Best Param:
   1.05341657826782       0.427025705623986       -1.59676391134643     
  0.440406186333988       -1.57458429985928       -1.56035326583962     
  0.401410735628176       -1.02277353770024       -1.97738971652866     
  -1.02204906230456      -0.140252997725484      -0.121357476081977     
 Iter:         217 Best Cost:  -4636.52289133678      Best Param:
   1.05341657826782       0.427025705623986       -1.59676391134643     
  0.440406186333988       -1.57458429985928       -1.56035326583962     
  0.401410735628176       -1.02277353770024       -1.97738971652866     
  -1.02204906230456      -0.140252997725484      -0.121357476081977     
 Iter:         218 Best Cost:  -4636.52289137102      Best Param:
   1.05339123126403       0.427035400693260       -1.59678030983162     
  0.440407190657774       -1.57458225922953       -1.56035285974539     
  0.401414583849462       -1.02277454277396       -1.97741130183133     
  -1.02205109177251      -0.140243737152870      -0.121350298076288     
 Iter:         219 Best Cost:  -4636.52289141495      Best Param:
   1.05339633921444       0.427036842240078       -1.59680304317711     
  0.440397113410609       -1.57456103228141       -1.56035291644904     
  0.401389942373979       -1.02278604643396       -1.97739548219455     
  -1.02206666349305      -0.140266453118412      -0.121367966255376     
 Iter:         220 Best Cost:  -4636.52289142580      Best Param:
   1.05339876654602       0.427036872209747       -1.59679500512253     
  0.440384785602434       -1.57459480801855       -1.56036468785033     
  0.401388881866994       -1.02276202998616       -1.97742032212997     
  -1.02206945555938      -0.140273863399597      -0.121367012767653     
 Iter:         221 Best Cost:  -4636.52289149503      Best Param:
   1.05337245948477       0.427041374461847       -1.59678960708281     
  0.440380585902219       -1.57458767681732       -1.56037379085666     
  0.401394076633113       -1.02276047620587       -1.97742163576259     
  -1.02206476409655      -0.140271752412219      -0.121348604581743     
 Iter:         222 Best Cost:  -4636.52289150602      Best Param:
   1.05337077207388       0.427037087813541       -1.59677392153502     
  0.440383571583511       -1.57461720242763       -1.56038222685232     
  0.401384566340053       -1.02272923104365       -1.97742301783840     
  -1.02206982567761      -0.140229068395640      -0.121352057239604     
 Iter:         223 Best Cost:  -4636.52289150602      Best Param:
   1.05337077207388       0.427037087813541       -1.59677392153502     
  0.440383571583511       -1.57461720242763       -1.56038222685232     
  0.401384566340053       -1.02272923104365       -1.97742301783840     
  -1.02206982567761      -0.140229068395640      -0.121352057239604     
 Best Cost:  -4636.52289150602     
 Best Params:   1.05337077207388       0.427037087813541     
  -1.59677392153502       0.440383571583511       -1.57461720242763     
  -1.56038222685232       0.401384566340053       -1.02272923104365     
  -1.97742301783840       -1.02206982567761      -0.140229068395640     
 -0.121352057239604     
 Opt Time Taken =    37.0544999999984       seconds.
 Time Taken =    37.3026000000245       seconds.
