 Starting ferebus
 Reading command line arguments
 Reading config
Systems (n= 1)
System name                  METHANOL
nAtoms                           6
nFeats                          12
Atoms
 - Name                      C1
  - ALF                      1 3 2
Mean Config
 - Type                      Constant
PSO Config
 - Search Min                .000000000000000
 - Search Max                3.000000000000000
 - Swarm Size                50
 - Iterations                1000
 - Inertia Weight            .7290000000000000
 - Coginitive Learning Rate  1.494000000000000
 - Social Learning Rate      1.494000000000000
 - Variant                   Global
 - Parameter Updater         Constant
 - Stopping Criteria         Relative Change
    - Stall Iterations       50
    - Tolerance              .1000000000000000E-07
RBF Config
 - Name                      k1
Notes
 - method                    B3LYP
 - basis-set                 6-31+g(d,p)
 Reading training set file: METHANOL_C1_TRAINING_SET.csv
 initialising model
 Kernel AST: Var(k1)
 initialising pso
 running pso
 Iter:           1 Best Cost:  -1398.33940173710      Best Param:
  0.000000000000000E+000  0.000000000000000E+000  0.000000000000000E+000
  0.000000000000000E+000  0.000000000000000E+000  0.000000000000000E+000
  0.000000000000000E+000  0.000000000000000E+000  0.000000000000000E+000
  0.000000000000000E+000  0.000000000000000E+000  0.000000000000000E+000
 Iter:           2 Best Cost:  -2625.98518009443      Best Param:
  -1.82600914798852       -2.34585546290674      -0.740552593373676     
 -0.617588899084390       -1.38667711469137       -1.18271340277075     
  -1.37063043588101       -2.36310777796998       0.303176969991552     
  -1.34884504692248       -2.30180201259868       -1.84345585437665     
 Iter:           3 Best Cost:  -3085.58002973880      Best Param:
  -3.12098779211824       -2.56887722500910       -2.31296875244988     
  -1.84928614814300       -1.96517300899409       -2.54470616627334     
  -1.27359982448592      -0.333350594011723       -1.63347856753058     
  -1.06091736443466       -4.42339508402762       -1.97953677351487     
 Iter:           4 Best Cost:  -3085.58002973880      Best Param:
  -3.12098779211824       -2.56887722500910       -2.31296875244988     
  -1.84928614814300       -1.96517300899409       -2.54470616627334     
  -1.27359982448592      -0.333350594011723       -1.63347856753058     
  -1.06091736443466       -4.42339508402762       -1.97953677351487     
 Iter:           5 Best Cost:  -3314.59336128634      Best Param:
  -1.22702599770636       -1.64890553620354       -2.86296514915447     
  -1.63113564640631       -2.65715872556786       -3.77764558709884     
  -1.72033307374476       -1.47601505554667       -1.66049850209288     
 -0.898172599701261       -3.03205750428666       -3.03580061196963     
 Iter:           6 Best Cost:  -3314.59336128634      Best Param:
  -1.22702599770636       -1.64890553620354       -2.86296514915447     
  -1.63113564640631       -2.65715872556786       -3.77764558709884     
  -1.72033307374476       -1.47601505554667       -1.66049850209288     
 -0.898172599701261       -3.03205750428666       -3.03580061196963     
 Iter:           7 Best Cost:  -3364.82347897765      Best Param:
  -1.28059337405466       -2.69364817201111       -3.66567942292111     
  -1.81738078996056       -2.83151158246319       -3.08833027553572     
  -1.73682194372970       -1.61003619668476       -2.35226330494278     
  -1.19497306626573       -2.78181510795334       -3.71491218829593     
 Iter:           8 Best Cost:  -3380.13509791364      Best Param:
  -1.18946311407317       -1.01554296527031       -3.69418214281086     
  -2.15365085422320       -3.21207972060363       -3.39900499065481     
  -2.31135188775292       -1.65428293433647       -2.26021455523250     
  -4.05254148056000       -2.43071275934751       -2.41643861658656     
 Iter:           9 Best Cost:  -3380.13509791364      Best Param:
  -1.18946311407317       -1.01554296527031       -3.69418214281086     
  -2.15365085422320       -3.21207972060363       -3.39900499065481     
  -2.31135188775292       -1.65428293433647       -2.26021455523250     
  -4.05254148056000       -2.43071275934751       -2.41643861658656     
 Iter:          10 Best Cost:  -3391.94372961789      Best Param:
  -1.48264742509843       -1.85958259511454       -4.14208194394480     
  -2.10247431478854       -2.86968233781693       -3.42998088038632     
  -2.25525439645291       -1.61313104491732       -2.13977979761793     
  -4.29408867215760       -1.74089943306928       -2.43710344176257     
 Iter:          11 Best Cost:  -3394.85583108538      Best Param:
  -1.65964970732421       -1.15926710610283       -3.59279124417281     
  -1.93281802512862       -3.01986409045812       -3.37770965337302     
  -2.37646459376087       -2.04039187881048       -1.99039987822643     
  -3.62241934079000       -1.78143020875116       -2.18543164691543     
 Iter:          12 Best Cost:  -3407.08164859682      Best Param:
  -1.43143047180675       -1.86783252255978       -3.52922390582274     
  -1.90078773896326       -2.90621536268459       -3.56649589812301     
  -2.43172543541510       -1.76564693089476       -2.18493550398492     
  -4.19803095403142       -1.78191098832855       -2.19416294432675     
 Iter:          13 Best Cost:  -3407.08164859682      Best Param:
  -1.43143047180675       -1.86783252255978       -3.52922390582274     
  -1.90078773896326       -2.90621536268459       -3.56649589812301     
  -2.43172543541510       -1.76564693089476       -2.18493550398492     
  -4.19803095403142       -1.78191098832855       -2.19416294432675     
 Iter:          14 Best Cost:  -3435.43931984765      Best Param:
  -1.34143529199424       -1.43066069170083       -3.77802910555526     
  -1.80598557339652       -3.20513851041011       -3.78242359115206     
  -2.28946421095564       -1.81074153500879       -2.36714898459994     
  -3.63305739834100       -1.81250408482286       -2.32496871642141     
 Iter:          15 Best Cost:  -3435.43931984765      Best Param:
  -1.34143529199424       -1.43066069170083       -3.77802910555526     
  -1.80598557339652       -3.20513851041011       -3.78242359115206     
  -2.28946421095564       -1.81074153500879       -2.36714898459994     
  -3.63305739834100       -1.81250408482286       -2.32496871642141     
 Iter:          16 Best Cost:  -3439.75244041769      Best Param:
  -1.24425343191086       -1.69261723007682       -3.59109624995963     
  -1.70657136108986       -2.94637982917081       -3.46580660364943     
  -2.24757574917155       -2.07492759123321       -2.46641328676043     
  -3.92766058526261       -1.76231731975010       -2.38993779928092     
 Iter:          17 Best Cost:  -3439.75244041769      Best Param:
  -1.24425343191086       -1.69261723007682       -3.59109624995963     
  -1.70657136108986       -2.94637982917081       -3.46580660364943     
  -2.24757574917155       -2.07492759123321       -2.46641328676043     
  -3.92766058526261       -1.76231731975010       -2.38993779928092     
 Iter:          18 Best Cost:  -3439.75244041769      Best Param:
  -1.24425343191086       -1.69261723007682       -3.59109624995963     
  -1.70657136108986       -2.94637982917081       -3.46580660364943     
  -2.24757574917155       -2.07492759123321       -2.46641328676043     
  -3.92766058526261       -1.76231731975010       -2.38993779928092     
 Iter:          19 Best Cost:  -3448.21681055589      Best Param:
  -1.15326244221198       -2.00989235042935       -3.34544817298401     
  -1.72856318596522       -3.35921592402518       -3.60276216619494     
  -2.21053167968493       -2.18836875825869       -2.63383265022772     
  -4.42721164259515       -1.77026611941597       -2.12019350308843     
 Iter:          20 Best Cost:  -3459.11217426431      Best Param:
  -1.17228099771020       -2.00486117713267       -3.26943985606992     
  -1.58992325604677       -3.51334423298072       -3.65366238205423     
  -2.20129683095170       -2.28194147712625       -2.71352699367314     
  -4.34115495748162       -1.77601509894709       -1.93985195983858     
 Iter:          21 Best Cost:  -3485.16090367942      Best Param:
 -0.240732193182517       -2.00868265625232       -3.15638379322101     
  -1.50974434394956       -3.47214742128745       -3.65202058205153     
  -2.19241064284221       -2.64437028110375       -2.89525356713667     
  -3.71631434885831       -2.06784479817692       -2.07555816265149     
 Iter:          22 Best Cost:  -3485.16090367942      Best Param:
 -0.240732193182517       -2.00868265625232       -3.15638379322101     
  -1.50974434394956       -3.47214742128745       -3.65202058205153     
  -2.19241064284221       -2.64437028110375       -2.89525356713667     
  -3.71631434885831       -2.06784479817692       -2.07555816265149     
 Iter:          23 Best Cost:  -3498.29270200038      Best Param:
 -0.462813516093256       -2.08168587721752       -3.08120718811566     
  -1.59178732450807       -3.65033872697704       -3.48411614262103     
  -1.96563562479737       -2.77887573273434       -3.30749574197436     
  -3.34972049855915       -2.03030169052284       -1.96269082091692     
 Iter:          24 Best Cost:  -3503.22060330533      Best Param:
 -5.605691268587798E-002  -2.00498837251023       -3.06919836702695     
  -1.77975290441439       -3.76113066744536       -3.43178856850607     
  -1.95223084970665       -3.56785053367316       -3.76565521334265     
  -3.68070588453189       -2.15483303768387       -2.12924043736438     
 Iter:          25 Best Cost:  -3508.39938069413      Best Param:
 -9.460707289620490E-002  -2.00100260392251       -4.14898212313891     
  -1.19117686621351       -3.01779596364943       -3.62459446044246     
  -2.12784286192812       -3.00144313703371       -3.66198493714157     
  -3.55103973528710       -1.97659385946938       -2.15230692042937     
 Iter:          26 Best Cost:  -3518.29968318393      Best Param:
 -0.201093271496458       -2.02243971858138       -3.99036958898302     
  -1.73671901183296       -3.05341576176818       -3.73050873742322     
  -1.98850529612283       -3.53380083845091       -4.04462883751006     
  -3.47337846204886       -1.86138139007525       -2.13927751925005     
 Iter:          27 Best Cost:  -3518.29968318393      Best Param:
 -0.201093271496458       -2.02243971858138       -3.99036958898302     
  -1.73671901183296       -3.05341576176818       -3.73050873742322     
  -1.98850529612283       -3.53380083845091       -4.04462883751006     
  -3.47337846204886       -1.86138139007525       -2.13927751925005     
 Iter:          28 Best Cost:  -3524.89397945292      Best Param:
  0.233922220714815       -2.00621700281330       -4.34591228023938     
  -1.71482319451624       -3.76505465057849       -3.69942131045432     
  -1.85665246284641       -2.77382894533129       -3.87726474354171     
  -3.76514572653081       -1.91053476719126       -1.99146824313981     
 Iter:          29 Best Cost:  -3524.89397945292      Best Param:
  0.233922220714815       -2.00621700281330       -4.34591228023938     
  -1.71482319451624       -3.76505465057849       -3.69942131045432     
  -1.85665246284641       -2.77382894533129       -3.87726474354171     
  -3.76514572653081       -1.91053476719126       -1.99146824313981     
 Iter:          30 Best Cost:  -3527.67950733851      Best Param:
  0.160942843478106       -2.12108051464295       -4.54777597259843     
  -1.81080979688292       -3.76036449083466       -3.69339206094246     
  -1.69165757529932       -3.26397624792600       -3.68629503285077     
  -3.56810885936530       -1.81213800270717       -1.98983831606988     
 Iter:          31 Best Cost:  -3528.28445684506      Best Param:
  2.197720856405233E-002  -2.16248501749518       -4.68595839322031     
  -1.94725222785416       -3.65594142416284       -3.58894707301698     
  -1.71936782626758       -2.82911106702353       -3.42258619594197     
  -3.91063835317573       -1.68079506747568       -1.95608324844687     
 Iter:          32 Best Cost:  -3532.36119215205      Best Param:
 -5.062173364765113E-002  -2.17282732041751       -5.22431346946740     
  -1.78604096761019       -3.45425855739317       -3.48340542508480     
  -1.88756527435783       -3.40321726351065       -3.78454144637761     
  -3.65836142489051       -1.53689472359220       -1.90510036642777     
 Iter:          33 Best Cost:  -3532.36119215205      Best Param:
 -5.062173364765113E-002  -2.17282732041751       -5.22431346946740     
  -1.78604096761019       -3.45425855739317       -3.48340542508480     
  -1.88756527435783       -3.40321726351065       -3.78454144637761     
  -3.65836142489051       -1.53689472359220       -1.90510036642777     
 Iter:          34 Best Cost:  -3532.36119215205      Best Param:
 -5.062173364765113E-002  -2.17282732041751       -5.22431346946740     
  -1.78604096761019       -3.45425855739317       -3.48340542508480     
  -1.88756527435783       -3.40321726351065       -3.78454144637761     
  -3.65836142489051       -1.53689472359220       -1.90510036642777     
 Iter:          35 Best Cost:  -3532.36119215205      Best Param:
 -5.062173364765113E-002  -2.17282732041751       -5.22431346946740     
  -1.78604096761019       -3.45425855739317       -3.48340542508480     
  -1.88756527435783       -3.40321726351065       -3.78454144637761     
  -3.65836142489051       -1.53689472359220       -1.90510036642777     
 Iter:          36 Best Cost:  -3533.73378405714      Best Param:
 -5.903541885736539E-002  -2.08205611134039       -5.19519239501614     
  -1.64091252237523       -3.60578112066588       -3.52212092560895     
  -1.80536886666108       -3.13668266131129       -3.51460658116494     
  -3.71715304104957       -1.74658988625658       -2.00387702969681     
 Iter:          37 Best Cost:  -3533.73378405714      Best Param:
 -5.903541885736539E-002  -2.08205611134039       -5.19519239501614     
  -1.64091252237523       -3.60578112066588       -3.52212092560895     
  -1.80536886666108       -3.13668266131129       -3.51460658116494     
  -3.71715304104957       -1.74658988625658       -2.00387702969681     
 Iter:          38 Best Cost:  -3534.10236190567      Best Param:
 -7.436867334839670E-002  -2.07737291815994       -5.25085782517868     
  -1.70758806194866       -3.63057823110584       -3.76664383258485     
  -1.80507182633576       -3.10392502640990       -3.56191458782662     
  -3.70465720591051       -1.76123989063597       -1.67939046091009     
 Iter:          39 Best Cost:  -3534.77919760525      Best Param:
 -0.121474652225273       -2.05669730943717       -5.39041681906690     
  -1.56725567136537       -3.52676842184841       -3.62808107442202     
  -1.75852339407274       -3.02304515246497       -3.63585348109375     
  -3.87820892394903       -1.74090758702743       -1.92795647900093     
 Iter:          40 Best Cost:  -3535.73145642556      Best Param:
 -4.314985929427776E-002  -2.05749906524256       -5.38563456522018     
  -2.10094330063734       -3.61079487308599       -3.58191844944169     
  -1.79485393841527       -2.92168834368847       -3.92094215436453     
  -3.94816000011340       -1.71036032913619       -1.80311199272351     
 Iter:          41 Best Cost:  -3541.23855271849      Best Param:
 -6.236105822255831E-002  -2.05117462856223       -4.98419894607629     
  -1.86024211869149       -3.54624159544054       -3.54905024057031     
  -1.78410569301456       -3.01081720008227       -3.95620287532032     
  -3.91720333085644       -1.75568643720832       -1.80119029616332     
 Iter:          42 Best Cost:  -3541.23855271849      Best Param:
 -6.236105822255831E-002  -2.05117462856223       -4.98419894607629     
  -1.86024211869149       -3.54624159544054       -3.54905024057031     
  -1.78410569301456       -3.01081720008227       -3.95620287532032     
  -3.91720333085644       -1.75568643720832       -1.80119029616332     
 Iter:          43 Best Cost:  -3541.23855271849      Best Param:
 -6.236105822255831E-002  -2.05117462856223       -4.98419894607629     
  -1.86024211869149       -3.54624159544054       -3.54905024057031     
  -1.78410569301456       -3.01081720008227       -3.95620287532032     
  -3.91720333085644       -1.75568643720832       -1.80119029616332     
 Iter:          44 Best Cost:  -3541.29926493741      Best Param:
 -0.153872560990210       -2.01201098727688       -4.87197433946623     
  -1.88714951942347       -3.41525160328944       -3.52875882288230     
  -1.79750834082236       -2.81938470216187       -3.83380757493141     
  -3.92242974678833       -1.78582953221300       -1.76479111261867     
 Iter:          45 Best Cost:  -3541.30531270239      Best Param:
 -0.136632449014380       -2.03089566469453       -4.80416394034783     
  -1.92330770850770       -3.38675838793805       -3.50023695421023     
  -1.79738566943076       -3.31233550247237       -3.88546689850897     
  -3.91893022123877       -1.84274117522113       -1.75320060098960     
 Iter:          46 Best Cost:  -3543.35335148524      Best Param:
 -0.105373247970646       -1.83035699323275       -4.99839277633737     
  -1.81482041464307       -3.68359977018108       -3.33813080274685     
  -1.73081141023868       -3.11221972526325       -3.93132998212023     
  -3.88087956369291       -1.79395482882035       -1.71418146969411     
 Iter:          47 Best Cost:  -3543.35335148524      Best Param:
 -0.105373247970646       -1.83035699323275       -4.99839277633737     
  -1.81482041464307       -3.68359977018108       -3.33813080274685     
  -1.73081141023868       -3.11221972526325       -3.93132998212023     
  -3.88087956369291       -1.79395482882035       -1.71418146969411     
 Iter:          48 Best Cost:  -3544.34476704771      Best Param:
 -0.181412891816255       -1.87153058607653       -5.06370598109066     
  -1.84320455631543       -3.78319489147809       -3.42087944011910     
  -1.73884111938069       -3.09298836359426       -3.90103725447960     
  -3.90073109548202       -1.76044797619803       -1.76471953989371     
 Iter:          49 Best Cost:  -3544.43720437230      Best Param:
 -0.196456394667046       -1.93732243675203       -5.06300864929566     
  -1.83194324012397       -3.51528176713384       -3.33932840116253     
  -1.73325299630805       -3.26068794698743       -3.90131616115519     
  -3.86988764022132       -1.76491049445345       -1.76117926769810     
 Iter:          50 Best Cost:  -3544.43720437230      Best Param:
 -0.196456394667046       -1.93732243675203       -5.06300864929566     
  -1.83194324012397       -3.51528176713384       -3.33932840116253     
  -1.73325299630805       -3.26068794698743       -3.90131616115519     
  -3.86988764022132       -1.76491049445345       -1.76117926769810     
 Iter:          51 Best Cost:  -3544.79567146732      Best Param:
 -0.132211097531706       -1.89575978021942       -5.04784746443773     
  -1.89806380846483       -3.59388234796631       -3.33978531648855     
  -1.74738526594796       -3.36527629211945       -3.89785361112330     
  -3.85403998775637       -1.73039096604039       -1.75379501850622     
 Iter:          52 Best Cost:  -3544.79567146732      Best Param:
 -0.132211097531706       -1.89575978021942       -5.04784746443773     
  -1.89806380846483       -3.59388234796631       -3.33978531648855     
  -1.74738526594796       -3.36527629211945       -3.89785361112330     
  -3.85403998775637       -1.73039096604039       -1.75379501850622     
 Iter:          53 Best Cost:  -3544.96758115895      Best Param:
 -0.100270142167701       -1.79249012469827       -4.98922548927207     
  -1.88160649972137       -3.58957228695255       -3.41891960574288     
  -1.73929366188523       -3.35491781770232       -3.84522677577941     
  -4.00929353049767       -1.69905302253536       -1.75642252889480     
 Iter:          54 Best Cost:  -3544.96758115895      Best Param:
 -0.100270142167701       -1.79249012469827       -4.98922548927207     
  -1.88160649972137       -3.58957228695255       -3.41891960574288     
  -1.73929366188523       -3.35491781770232       -3.84522677577941     
  -4.00929353049767       -1.69905302253536       -1.75642252889480     
 Iter:          55 Best Cost:  -3544.96758115895      Best Param:
 -0.100270142167701       -1.79249012469827       -4.98922548927207     
  -1.88160649972137       -3.58957228695255       -3.41891960574288     
  -1.73929366188523       -3.35491781770232       -3.84522677577941     
  -4.00929353049767       -1.69905302253536       -1.75642252889480     
 Iter:          56 Best Cost:  -3544.96758115895      Best Param:
 -0.100270142167701       -1.79249012469827       -4.98922548927207     
  -1.88160649972137       -3.58957228695255       -3.41891960574288     
  -1.73929366188523       -3.35491781770232       -3.84522677577941     
  -4.00929353049767       -1.69905302253536       -1.75642252889480     
 Iter:          57 Best Cost:  -3544.96758115895      Best Param:
 -0.100270142167701       -1.79249012469827       -4.98922548927207     
  -1.88160649972137       -3.58957228695255       -3.41891960574288     
  -1.73929366188523       -3.35491781770232       -3.84522677577941     
  -4.00929353049767       -1.69905302253536       -1.75642252889480     
 Iter:          58 Best Cost:  -3545.17834212441      Best Param:
 -0.180445132127452       -1.85933185353690       -4.98745063494737     
  -1.95947587571570       -3.60060445978962       -3.27700615222440     
  -1.72707825128296       -3.30199666727562       -3.89077237114179     
  -4.01765190123689       -1.75266708330765       -1.76865808451829     
 Iter:          59 Best Cost:  -3545.53285045866      Best Param:
 -0.125531059683725       -1.85826228620879       -5.09781359987667     
  -1.95866555154067       -3.73116423460819       -3.28856958553120     
  -1.74754802619691       -3.35913981724515       -3.83013592077882     
  -4.08354309799474       -1.69067664212921       -1.74225745914065     
 Iter:          60 Best Cost:  -3546.00957541582      Best Param:
 -0.149303218500473       -1.87173061871959       -5.05592731440634     
  -1.86270970155220       -3.62746934252342       -3.23922201834469     
  -1.74228902911972       -3.24596703453130       -3.85898323992319     
  -4.12520385381457       -1.70769222742227       -1.74935849936635     
 Iter:          61 Best Cost:  -3546.00957541582      Best Param:
 -0.149303218500473       -1.87173061871959       -5.05592731440634     
  -1.86270970155220       -3.62746934252342       -3.23922201834469     
  -1.74228902911972       -3.24596703453130       -3.85898323992319     
  -4.12520385381457       -1.70769222742227       -1.74935849936635     
 Iter:          62 Best Cost:  -3546.00957541582      Best Param:
 -0.149303218500473       -1.87173061871959       -5.05592731440634     
  -1.86270970155220       -3.62746934252342       -3.23922201834469     
  -1.74228902911972       -3.24596703453130       -3.85898323992319     
  -4.12520385381457       -1.70769222742227       -1.74935849936635     
 Iter:          63 Best Cost:  -3546.00957541582      Best Param:
 -0.149303218500473       -1.87173061871959       -5.05592731440634     
  -1.86270970155220       -3.62746934252342       -3.23922201834469     
  -1.74228902911972       -3.24596703453130       -3.85898323992319     
  -4.12520385381457       -1.70769222742227       -1.74935849936635     
 Iter:          64 Best Cost:  -3546.00957541582      Best Param:
 -0.149303218500473       -1.87173061871959       -5.05592731440634     
  -1.86270970155220       -3.62746934252342       -3.23922201834469     
  -1.74228902911972       -3.24596703453130       -3.85898323992319     
  -4.12520385381457       -1.70769222742227       -1.74935849936635     
 Iter:          65 Best Cost:  -3546.09299083532      Best Param:
 -0.159329254844491       -1.89432918131008       -5.10769128800189     
  -1.84203834677330       -3.62716058900312       -3.22713066088568     
  -1.73767937276834       -3.38795280179947       -3.85091582905541     
  -4.17536283112036       -1.68204129691157       -1.75504292548743     
 Iter:          66 Best Cost:  -3546.16538398998      Best Param:
 -0.174298840470822       -1.89148943966682       -5.05727717757938     
  -1.84702797906451       -3.75596906331729       -3.22609561824254     
  -1.73695703038488       -3.39820986343423       -3.87458824625295     
  -4.20187018516111       -1.68761589272622       -1.68998121089922     
 Iter:          67 Best Cost:  -3546.27845137497      Best Param:
 -0.173988092868581       -1.83953352846691       -5.05391383408204     
  -1.87602281649143       -3.68225972298120       -3.27233389970307     
  -1.73434863398880       -3.47266022787150       -3.86378793436879     
  -4.22856617837163       -1.66317309574415       -1.66481466886999     
 Iter:          68 Best Cost:  -3546.27845137497      Best Param:
 -0.173988092868581       -1.83953352846691       -5.05391383408204     
  -1.87602281649143       -3.68225972298120       -3.27233389970307     
  -1.73434863398880       -3.47266022787150       -3.86378793436879     
  -4.22856617837163       -1.66317309574415       -1.66481466886999     
 Iter:          69 Best Cost:  -3546.27845137497      Best Param:
 -0.173988092868581       -1.83953352846691       -5.05391383408204     
  -1.87602281649143       -3.68225972298120       -3.27233389970307     
  -1.73434863398880       -3.47266022787150       -3.86378793436879     
  -4.22856617837163       -1.66317309574415       -1.66481466886999     
 Iter:          70 Best Cost:  -3546.32124532655      Best Param:
 -0.150843877841113       -1.87865660335812       -5.07271047487875     
  -1.88603931268059       -3.65028196261412       -3.31708570334197     
  -1.73768987654407       -3.37698232128068       -3.87021658586226     
  -4.19339949986716       -1.62528279442316       -1.68429160956237     
 Iter:          71 Best Cost:  -3546.32514054446      Best Param:
 -0.155998654448643       -1.85233381844129       -5.07930225491462     
  -1.88571833292716       -3.68607096007056       -3.37830723013069     
  -1.73830487162814       -3.38683989000454       -3.86568018553899     
  -4.22893265846787       -1.62165361387763       -1.68338663642354     
 Iter:          72 Best Cost:  -3546.32514054446      Best Param:
 -0.155998654448643       -1.85233381844129       -5.07930225491462     
  -1.88571833292716       -3.68607096007056       -3.37830723013069     
  -1.73830487162814       -3.38683989000454       -3.86568018553899     
  -4.22893265846787       -1.62165361387763       -1.68338663642354     
 Iter:          73 Best Cost:  -3546.33265852622      Best Param:
 -0.161993833381067       -1.86408360924743       -5.04557569700782     
  -1.90297841419298       -3.67915165750343       -3.30895188709228     
  -1.73986193071983       -3.44394164084976       -3.87201581298202     
  -4.22997142065816       -1.59837771862038       -1.69263918983628     
 Iter:          74 Best Cost:  -3546.35991551343      Best Param:
 -0.162151285469960       -1.86230891363929       -5.05934814978621     
  -1.89022500929943       -3.68146356233650       -3.33436178730763     
  -1.74182391367138       -3.38988572834070       -3.86569488702924     
  -4.19136725982566       -1.63700881330423       -1.67459824195878     
 Iter:          75 Best Cost:  -3546.43051027524      Best Param:
 -0.175243844992670       -1.84767430287967       -5.09295497915692     
  -1.89557307098011       -3.74464567426114       -3.33241863857270     
  -1.73808062514040       -3.35761073999476       -3.88240149083442     
  -4.26927058989184       -1.63369728188881       -1.66342360313109     
 Iter:          76 Best Cost:  -3546.43561746627      Best Param:
 -0.171930869539359       -1.85745962690402       -5.06422174328614     
  -1.89788427854087       -3.69873973263760       -3.32490226525962     
  -1.73597104058429       -3.35416916399804       -3.87683576837357     
  -4.21576468198851       -1.63535462002405       -1.67244861697262     
 Iter:          77 Best Cost:  -3546.43561746627      Best Param:
 -0.171930869539359       -1.85745962690402       -5.06422174328614     
  -1.89788427854087       -3.69873973263760       -3.32490226525962     
  -1.73597104058429       -3.35416916399804       -3.87683576837357     
  -4.21576468198851       -1.63535462002405       -1.67244861697262     
 Iter:          78 Best Cost:  -3546.45232368868      Best Param:
 -0.171992600059454       -1.85698506849834       -5.06278369217133     
  -1.90194942192723       -3.69867771085678       -3.31926890176460     
  -1.73173366984740       -3.37185834555165       -3.87806186918492     
  -4.24644279572578       -1.63498830743759       -1.67231265194736     
 Iter:          79 Best Cost:  -3546.45232368868      Best Param:
 -0.171992600059454       -1.85698506849834       -5.06278369217133     
  -1.90194942192723       -3.69867771085678       -3.31926890176460     
  -1.73173366984740       -3.37185834555165       -3.87806186918492     
  -4.24644279572578       -1.63498830743759       -1.67231265194736     
 Iter:          80 Best Cost:  -3546.46010428199      Best Param:
 -0.171987667762624       -1.85918893985517       -5.06392585227599     
  -1.90136322582330       -3.68800264668379       -3.31637652912101     
  -1.73305324259955       -3.36936237010604       -3.87476080577774     
  -4.24657395955270       -1.63451364212753       -1.67222903441354     
 Iter:          81 Best Cost:  -3546.46010428199      Best Param:
 -0.171987667762624       -1.85918893985517       -5.06392585227599     
  -1.90136322582330       -3.68800264668379       -3.31637652912101     
  -1.73305324259955       -3.36936237010604       -3.87476080577774     
  -4.24657395955270       -1.63451364212753       -1.67222903441354     
 Iter:          82 Best Cost:  -3546.46783991130      Best Param:
 -0.172007753916062       -1.85919739858457       -5.06667275438633     
  -1.90022532931608       -3.68781263720699       -3.32106641728468     
  -1.73305535879802       -3.36950480802777       -3.87621498717952     
  -4.24656675679346       -1.63157669894415       -1.67262434349819     
 Iter:          83 Best Cost:  -3546.48503787408      Best Param:
 -0.168584422164498       -1.85238639948828       -5.10888144820465     
  -1.89995162877613       -3.67190233759793       -3.31964501530568     
  -1.73480806108384       -3.36174055896185       -3.87106346918059     
  -4.24887032148029       -1.62220168833263       -1.67775703886147     
 Iter:          84 Best Cost:  -3546.52599781607      Best Param:
 -0.169452358373993       -1.84048258072811       -5.11421976406499     
  -1.88166025493732       -3.69867569082088       -3.28696189986599     
  -1.73175224044730       -3.38757361354644       -3.87745694955077     
  -4.26593511362849       -1.62752563132626       -1.69852800773902     
 Iter:          85 Best Cost:  -3546.53955299414      Best Param:
 -0.170530661207459       -1.84340362844649       -5.13179073633033     
  -1.88020059368719       -3.68546811783011       -3.30566077141569     
  -1.73098257229934       -3.38583261983128       -3.87856218296396     
  -4.26020844138289       -1.62989720550936       -1.67708527170084     
 Iter:          86 Best Cost:  -3546.55909778624      Best Param:
 -0.190856959496878       -1.86711128158141       -5.17109782719288     
  -1.87258486938082       -3.70941079623639       -3.28563133622466     
  -1.73241029136632       -3.36119930582434       -3.88060885879298     
  -4.27613879526830       -1.61328584979014       -1.68431480120887     
 Iter:          87 Best Cost:  -3546.55909778624      Best Param:
 -0.190856959496878       -1.86711128158141       -5.17109782719288     
  -1.87258486938082       -3.70941079623639       -3.28563133622466     
  -1.73241029136632       -3.36119930582434       -3.88060885879298     
  -4.27613879526830       -1.61328584979014       -1.68431480120887     
 Iter:          88 Best Cost:  -3546.56763231335      Best Param:
 -0.179861992999667       -1.86802524506627       -5.15059799916856     
  -1.87013808660656       -3.71397429178880       -3.28069286691305     
  -1.73136014015895       -3.35760531695093       -3.87837484119472     
  -4.27852680068581       -1.61153501845018       -1.67758903370609     
 Iter:          89 Best Cost:  -3546.56763231335      Best Param:
 -0.179861992999667       -1.86802524506627       -5.15059799916856     
  -1.87013808660656       -3.71397429178880       -3.28069286691305     
  -1.73136014015895       -3.35760531695093       -3.87837484119472     
  -4.27852680068581       -1.61153501845018       -1.67758903370609     
 Iter:          90 Best Cost:  -3546.60090515118      Best Param:
 -0.182130404593289       -1.87470976117352       -5.13170297486210     
  -1.87207517743578       -3.72924625420348       -3.26435378364767     
  -1.74269808954511       -3.35517045641383       -3.92007131340849     
  -4.28057664612386       -1.61652629912976       -1.68003360383971     
 Iter:          91 Best Cost:  -3546.60090515118      Best Param:
 -0.182130404593289       -1.87470976117352       -5.13170297486210     
  -1.87207517743578       -3.72924625420348       -3.26435378364767     
  -1.74269808954511       -3.35517045641383       -3.92007131340849     
  -4.28057664612386       -1.61652629912976       -1.68003360383971     
 Iter:          92 Best Cost:  -3546.60689408162      Best Param:
 -0.186831008069252       -1.86480533690985       -5.16454387261325     
  -1.88020278125102       -3.67665155995996       -3.29461541262345     
  -1.74703283925435       -3.36258475478962       -3.91286936195060     
  -4.27777684331386       -1.61182592437282       -1.67748283439279     
 Iter:          93 Best Cost:  -3546.62312177760      Best Param:
 -0.185665581343266       -1.86431512818386       -5.10564717985200     
  -1.86829373616989       -3.65510555995776       -3.26876180771590     
  -1.75180081336625       -3.35788388028244       -3.94526365166351     
  -4.27868201880866       -1.60823418853241       -1.67762531643123     
 Iter:          94 Best Cost:  -3546.62312177760      Best Param:
 -0.185665581343266       -1.86431512818386       -5.10564717985200     
  -1.86829373616989       -3.65510555995776       -3.26876180771590     
  -1.75180081336625       -3.35788388028244       -3.94526365166351     
  -4.27868201880866       -1.60823418853241       -1.67762531643123     
 Iter:          95 Best Cost:  -3546.63823147245      Best Param:
 -0.183806820898420       -1.85943343828123       -5.09893446117823     
  -1.86637406484761       -3.68710742434074       -3.26886107050789     
  -1.75403863881410       -3.35764834068623       -3.94474227709216     
  -4.27844906433844       -1.61116732062759       -1.67456457088996     
 Iter:          96 Best Cost:  -3546.63823147245      Best Param:
 -0.183806820898420       -1.85943343828123       -5.09893446117823     
  -1.86637406484761       -3.68710742434074       -3.26886107050789     
  -1.75403863881410       -3.35764834068623       -3.94474227709216     
  -4.27844906433844       -1.61116732062759       -1.67456457088996     
 Iter:          97 Best Cost:  -3546.63952644248      Best Param:
 -0.185738281861191       -1.86228077235275       -5.09771643417904     
  -1.86827974012335       -3.69704853744534       -3.26886137880067     
  -1.75442380607613       -3.35739997812574       -3.94469297038942     
  -4.27843406185117       -1.60868372716809       -1.67518135544836     
 Iter:          98 Best Cost:  -3546.63952644248      Best Param:
 -0.185738281861191       -1.86228077235275       -5.09771643417904     
  -1.86827974012335       -3.69704853744534       -3.26886137880067     
  -1.75442380607613       -3.35739997812574       -3.94469297038942     
  -4.27843406185117       -1.60868372716809       -1.67518135544836     
 Iter:          99 Best Cost:  -3546.63952644248      Best Param:
 -0.185738281861191       -1.86228077235275       -5.09771643417904     
  -1.86827974012335       -3.69704853744534       -3.26886137880067     
  -1.75442380607613       -3.35739997812574       -3.94469297038942     
  -4.27843406185117       -1.60868372716809       -1.67518135544836     
 Iter:         100 Best Cost:  -3546.63952644248      Best Param:
 -0.185738281861191       -1.86228077235275       -5.09771643417904     
  -1.86827974012335       -3.69704853744534       -3.26886137880067     
  -1.75442380607613       -3.35739997812574       -3.94469297038942     
  -4.27843406185117       -1.60868372716809       -1.67518135544836     
 Iter:         101 Best Cost:  -3546.63960632872      Best Param:
 -0.186482311507766       -1.85970195023718       -5.09730291250260     
  -1.87354604632375       -3.69159509035493       -3.26697457792124     
  -1.75383919564217       -3.35593898072376       -3.94557638504986     
  -4.27855469757469       -1.60638954007583       -1.67570563914911     
 Iter:         102 Best Cost:  -3546.63988954310      Best Param:
 -0.188862362051248       -1.85978071669343       -5.09747062582246     
  -1.87970434370179       -3.70576186829724       -3.27305223510650     
  -1.75421325057241       -3.35687889134839       -3.93656268795652     
  -4.27827923839757       -1.60556561727336       -1.67669112255386     
 Iter:         103 Best Cost:  -3546.64333730142      Best Param:
 -0.188309129687267       -1.86167770795045       -5.09675642260676     
  -1.87373501139643       -3.70751405230834       -3.26935213367763     
  -1.75318430361314       -3.35303773464620       -3.93641374307908     
  -4.27858022428369       -1.60396771532182       -1.67757072028545     
 Iter:         104 Best Cost:  -3546.64333730142      Best Param:
 -0.188309129687267       -1.86167770795045       -5.09675642260676     
  -1.87373501139643       -3.70751405230834       -3.26935213367763     
  -1.75318430361314       -3.35303773464620       -3.93641374307908     
  -4.27858022428369       -1.60396771532182       -1.67757072028545     
 Iter:         105 Best Cost:  -3546.64844338806      Best Param:
 -0.189147785428318       -1.86136599835360       -5.09902219067582     
  -1.86735382555332       -3.68609025821421       -3.28606146226899     
  -1.75210871394069       -3.34615103038665       -3.92927034892299     
  -4.27872342302677       -1.60265362689988       -1.67486916144308     
 Iter:         106 Best Cost:  -3546.65185529630      Best Param:
 -0.188835066965385       -1.86318112452574       -5.09826045291505     
  -1.86600742165249       -3.68497626626860       -3.29113297564359     
  -1.75256955496059       -3.34754273145248       -3.92837056154012     
  -4.27725595696911       -1.60770642499515       -1.67280936221202     
 Iter:         107 Best Cost:  -3546.65693004914      Best Param:
 -0.192575390481924       -1.85716279368602       -5.10379061324150     
  -1.87241455796658       -3.66538969445177       -3.28982369113776     
  -1.75346633513138       -3.34074423135301       -3.92516124297480     
  -4.28072874314544       -1.61863366991719       -1.67504451756362     
 Iter:         108 Best Cost:  -3546.65820852816      Best Param:
 -0.192850183038109       -1.85724717258503       -5.10355661517727     
  -1.86995901762413       -3.69006508960432       -3.27395108879909     
  -1.75337541900835       -3.34283826628650       -3.92262771133176     
  -4.28093978902743       -1.61419409903416       -1.67557768083739     
 Iter:         109 Best Cost:  -3546.65820852816      Best Param:
 -0.192850183038109       -1.85724717258503       -5.10355661517727     
  -1.86995901762413       -3.69006508960432       -3.27395108879909     
  -1.75337541900835       -3.34283826628650       -3.92262771133176     
  -4.28093978902743       -1.61419409903416       -1.67557768083739     
 Iter:         110 Best Cost:  -3546.65820852816      Best Param:
 -0.192850183038109       -1.85724717258503       -5.10355661517727     
  -1.86995901762413       -3.69006508960432       -3.27395108879909     
  -1.75337541900835       -3.34283826628650       -3.92262771133176     
  -4.28093978902743       -1.61419409903416       -1.67557768083739     
 Iter:         111 Best Cost:  -3546.65820852816      Best Param:
 -0.192850183038109       -1.85724717258503       -5.10355661517727     
  -1.86995901762413       -3.69006508960432       -3.27395108879909     
  -1.75337541900835       -3.34283826628650       -3.92262771133176     
  -4.28093978902743       -1.61419409903416       -1.67557768083739     
 Iter:         112 Best Cost:  -3546.65866075290      Best Param:
 -0.193532166786809       -1.85776985233363       -5.09638830448101     
  -1.86770838001099       -3.67924149227011       -3.28916248699221     
  -1.75504847811613       -3.33887828033088       -3.92516064793174     
  -4.28894227894616       -1.61637972697322       -1.67499131979930     
 Iter:         113 Best Cost:  -3546.65866075290      Best Param:
 -0.193532166786809       -1.85776985233363       -5.09638830448101     
  -1.86770838001099       -3.67924149227011       -3.28916248699221     
  -1.75504847811613       -3.33887828033088       -3.92516064793174     
  -4.28894227894616       -1.61637972697322       -1.67499131979930     
 Iter:         114 Best Cost:  -3546.65991266573      Best Param:
 -0.192285935056959       -1.85781124179793       -5.10002572721992     
  -1.87240082928501       -3.67613854258048       -3.28559845525269     
  -1.75418658761641       -3.33981461848360       -3.92540763539165     
  -4.28828308713131       -1.61041671426452       -1.67542364508353     
 Iter:         115 Best Cost:  -3546.65991266573      Best Param:
 -0.192285935056959       -1.85781124179793       -5.10002572721992     
  -1.87240082928501       -3.67613854258048       -3.28559845525269     
  -1.75418658761641       -3.33981461848360       -3.92540763539165     
  -4.28828308713131       -1.61041671426452       -1.67542364508353     
 Iter:         116 Best Cost:  -3546.65991266573      Best Param:
 -0.192285935056959       -1.85781124179793       -5.10002572721992     
  -1.87240082928501       -3.67613854258048       -3.28559845525269     
  -1.75418658761641       -3.33981461848360       -3.92540763539165     
  -4.28828308713131       -1.61041671426452       -1.67542364508353     
 Iter:         117 Best Cost:  -3546.65991266573      Best Param:
 -0.192285935056959       -1.85781124179793       -5.10002572721992     
  -1.87240082928501       -3.67613854258048       -3.28559845525269     
  -1.75418658761641       -3.33981461848360       -3.92540763539165     
  -4.28828308713131       -1.61041671426452       -1.67542364508353     
 Iter:         118 Best Cost:  -3546.66022368588      Best Param:
 -0.192731130547508       -1.85725261445858       -5.10037252432713     
  -1.87098181247850       -3.67532366814104       -3.28908819936021     
  -1.75291517250933       -3.33991394695634       -3.92476622127349     
  -4.28555605056612       -1.61217356757134       -1.67529418689147     
 Iter:         119 Best Cost:  -3546.66022368588      Best Param:
 -0.192731130547508       -1.85725261445858       -5.10037252432713     
  -1.87098181247850       -3.67532366814104       -3.28908819936021     
  -1.75291517250933       -3.33991394695634       -3.92476622127349     
  -4.28555605056612       -1.61217356757134       -1.67529418689147     
 Iter:         120 Best Cost:  -3546.66022368588      Best Param:
 -0.192731130547508       -1.85725261445858       -5.10037252432713     
  -1.87098181247850       -3.67532366814104       -3.28908819936021     
  -1.75291517250933       -3.33991394695634       -3.92476622127349     
  -4.28555605056612       -1.61217356757134       -1.67529418689147     
 Iter:         121 Best Cost:  -3546.66213455956      Best Param:
 -0.190786719666233       -1.85770022458810       -5.10931559458312     
  -1.87257508392552       -3.67819946462346       -3.28712675489406     
  -1.75313594864528       -3.33439685447765       -3.92510130249815     
  -4.28895683585890       -1.61182505353671       -1.67121908064235     
 Iter:         122 Best Cost:  -3546.66213455956      Best Param:
 -0.190786719666233       -1.85770022458810       -5.10931559458312     
  -1.87257508392552       -3.67819946462346       -3.28712675489406     
  -1.75313594864528       -3.33439685447765       -3.92510130249815     
  -4.28895683585890       -1.61182505353671       -1.67121908064235     
 Iter:         123 Best Cost:  -3546.66297615192      Best Param:
 -0.189587183357322       -1.85891211136245       -5.11254711741365     
  -1.87288370426817       -3.69239731941186       -3.28627194531854     
  -1.75328653918502       -3.32833005045017       -3.92686237443926     
  -4.29044765458670       -1.61403041959602       -1.66942157919970     
 Iter:         124 Best Cost:  -3546.66412537232      Best Param:
 -0.193078560457815       -1.85909996416173       -5.11441024873230     
  -1.87141902661421       -3.68441706730023       -3.29029944193181     
  -1.75455506078174       -3.32568014770791       -3.92682769073471     
  -4.29297933593329       -1.61357410170822       -1.66709199629198     
 Iter:         125 Best Cost:  -3546.66412537232      Best Param:
 -0.193078560457815       -1.85909996416173       -5.11441024873230     
  -1.87141902661421       -3.68441706730023       -3.29029944193181     
  -1.75455506078174       -3.32568014770791       -3.92682769073471     
  -4.29297933593329       -1.61357410170822       -1.66709199629198     
 Iter:         126 Best Cost:  -3546.66412537232      Best Param:
 -0.193078560457815       -1.85909996416173       -5.11441024873230     
  -1.87141902661421       -3.68441706730023       -3.29029944193181     
  -1.75455506078174       -3.32568014770791       -3.92682769073471     
  -4.29297933593329       -1.61357410170822       -1.66709199629198     
 Iter:         127 Best Cost:  -3546.66437634569      Best Param:
 -0.195200957010521       -1.85840103244149       -5.11196068611685     
  -1.87120234224168       -3.68275876774562       -3.29084062272152     
  -1.75405152886733       -3.32548367753025       -3.92558493876938     
  -4.29338580692050       -1.61181990024968       -1.66986028830859     
 Iter:         128 Best Cost:  -3546.66459141626      Best Param:
 -0.193429482803373       -1.85847628526872       -5.11585008863903     
  -1.87148437474504       -3.68446235061403       -3.29231825634137     
  -1.75483095169430       -3.32741674487051       -3.92663599541148     
  -4.29354873981119       -1.61170254351649       -1.66772139103810     
 Iter:         129 Best Cost:  -3546.66459141626      Best Param:
 -0.193429482803373       -1.85847628526872       -5.11585008863903     
  -1.87148437474504       -3.68446235061403       -3.29231825634137     
  -1.75483095169430       -3.32741674487051       -3.92663599541148     
  -4.29354873981119       -1.61170254351649       -1.66772139103810     
 Iter:         130 Best Cost:  -3546.66470513137      Best Param:
 -0.193383593142641       -1.85842877415885       -5.11935419653818     
  -1.87124027039025       -3.68494740596730       -3.29166213201433     
  -1.75497592578352       -3.32661943201100       -3.92669773437978     
  -4.29358568044263       -1.61113487226372       -1.66776026450833     
 Iter:         131 Best Cost:  -3546.66486504417      Best Param:
 -0.193272485085464       -1.85839048679603       -5.11349309741736     
  -1.87071088427566       -3.68576645039203       -3.29125832598495     
  -1.75523588233968       -3.32517783057376       -3.92729665261714     
  -4.29329999132303       -1.61245699632753       -1.66935252363023     
 Iter:         132 Best Cost:  -3546.66486504417      Best Param:
 -0.193272485085464       -1.85839048679603       -5.11349309741736     
  -1.87071088427566       -3.68576645039203       -3.29125832598495     
  -1.75523588233968       -3.32517783057376       -3.92729665261714     
  -4.29329999132303       -1.61245699632753       -1.66935252363023     
 Iter:         133 Best Cost:  -3546.66486504417      Best Param:
 -0.193272485085464       -1.85839048679603       -5.11349309741736     
  -1.87071088427566       -3.68576645039203       -3.29125832598495     
  -1.75523588233968       -3.32517783057376       -3.92729665261714     
  -4.29329999132303       -1.61245699632753       -1.66935252363023     
 Iter:         134 Best Cost:  -3546.66486504417      Best Param:
 -0.193272485085464       -1.85839048679603       -5.11349309741736     
  -1.87071088427566       -3.68576645039203       -3.29125832598495     
  -1.75523588233968       -3.32517783057376       -3.92729665261714     
  -4.29329999132303       -1.61245699632753       -1.66935252363023     
 Iter:         135 Best Cost:  -3546.66486519711      Best Param:
 -0.193213268159069       -1.85838264554120       -5.11357177972375     
  -1.87057411275395       -3.68680553251831       -3.28989540267175     
  -1.75517923865598       -3.32486778804394       -3.92737046382851     
  -4.29352125298282       -1.61257714616616       -1.66981691148968     
 Iter:         136 Best Cost:  -3546.66488064253      Best Param:
 -0.193535278449088       -1.85833867052208       -5.11159501980053     
  -1.87042779481586       -3.68734043430447       -3.28966093629060     
  -1.75532015207017       -3.32523327260607       -3.92761448728986     
  -4.29349263637309       -1.61253610375382       -1.66893260164866     
 Iter:         137 Best Cost:  -3546.66497042678      Best Param:
 -0.193091179138289       -1.85740240627667       -5.11411822556656     
  -1.87001315784444       -3.68462232522594       -3.28995494419287     
  -1.75524605899359       -3.32861796670922       -3.92675345056477     
  -4.29336048947027       -1.61056475403159       -1.66912806817884     
 Iter:         138 Best Cost:  -3546.66497042678      Best Param:
 -0.193091179138289       -1.85740240627667       -5.11411822556656     
  -1.87001315784444       -3.68462232522594       -3.28995494419287     
  -1.75524605899359       -3.32861796670922       -3.92675345056477     
  -4.29336048947027       -1.61056475403159       -1.66912806817884     
 Iter:         139 Best Cost:  -3546.66506791303      Best Param:
 -0.193681935386169       -1.85798850656604       -5.11470927097239     
  -1.86969037339379       -3.68597800714079       -3.28957950766924     
  -1.75509778394075       -3.32670191364212       -3.92713097429907     
  -4.29314483061197       -1.61100118200256       -1.66891694227402     
 Iter:         140 Best Cost:  -3546.66506791303      Best Param:
 -0.193681935386169       -1.85798850656604       -5.11470927097239     
  -1.86969037339379       -3.68597800714079       -3.28957950766924     
  -1.75509778394075       -3.32670191364212       -3.92713097429907     
  -4.29314483061197       -1.61100118200256       -1.66891694227402     
 Iter:         141 Best Cost:  -3546.66506791303      Best Param:
 -0.193681935386169       -1.85798850656604       -5.11470927097239     
  -1.86969037339379       -3.68597800714079       -3.28957950766924     
  -1.75509778394075       -3.32670191364212       -3.92713097429907     
  -4.29314483061197       -1.61100118200256       -1.66891694227402     
 Iter:         142 Best Cost:  -3546.66506791303      Best Param:
 -0.193681935386169       -1.85798850656604       -5.11470927097239     
  -1.86969037339379       -3.68597800714079       -3.28957950766924     
  -1.75509778394075       -3.32670191364212       -3.92713097429907     
  -4.29314483061197       -1.61100118200256       -1.66891694227402     
 Iter:         143 Best Cost:  -3546.66506791303      Best Param:
 -0.193681935386169       -1.85798850656604       -5.11470927097239     
  -1.86969037339379       -3.68597800714079       -3.28957950766924     
  -1.75509778394075       -3.32670191364212       -3.92713097429907     
  -4.29314483061197       -1.61100118200256       -1.66891694227402     
 Iter:         144 Best Cost:  -3546.66507311379      Best Param:
 -0.193623533761299       -1.85790945991853       -5.11744952794110     
  -1.87013626556928       -3.68568543010956       -3.28967357706124     
  -1.75510517875661       -3.32640473121081       -3.92771283659444     
  -4.29324803073551       -1.61107608846107       -1.66892221199137     
 Iter:         145 Best Cost:  -3546.66508601387      Best Param:
 -0.193591248074810       -1.85794466031846       -5.11708100004190     
  -1.86986738626616       -3.68582870185502       -3.28917871929711     
  -1.75511936713966       -3.32693288609590       -3.92788633338034     
  -4.29324428795437       -1.61086967079896       -1.66946409460698     
 Iter:         146 Best Cost:  -3546.66517174053      Best Param:
 -0.193498520036220       -1.85793845462101       -5.11646384170373     
  -1.87006237037370       -3.68836548724007       -3.28819118297936     
  -1.75550691045586       -3.32351782857068       -3.92837477955273     
  -4.29337185616301       -1.61120490163494       -1.66915320730230     
 Iter:         147 Best Cost:  -3546.66517174053      Best Param:
 -0.193498520036220       -1.85793845462101       -5.11646384170373     
  -1.87006237037370       -3.68836548724007       -3.28819118297936     
  -1.75550691045586       -3.32351782857068       -3.92837477955273     
  -4.29337185616301       -1.61120490163494       -1.66915320730230     
 Iter:         148 Best Cost:  -3546.66517174053      Best Param:
 -0.193498520036220       -1.85793845462101       -5.11646384170373     
  -1.87006237037370       -3.68836548724007       -3.28819118297936     
  -1.75550691045586       -3.32351782857068       -3.92837477955273     
  -4.29337185616301       -1.61120490163494       -1.66915320730230     
 Iter:         149 Best Cost:  -3546.66517174053      Best Param:
 -0.193498520036220       -1.85793845462101       -5.11646384170373     
  -1.87006237037370       -3.68836548724007       -3.28819118297936     
  -1.75550691045586       -3.32351782857068       -3.92837477955273     
  -4.29337185616301       -1.61120490163494       -1.66915320730230     
 Iter:         150 Best Cost:  -3546.66517174053      Best Param:
 -0.193498520036220       -1.85793845462101       -5.11646384170373     
  -1.87006237037370       -3.68836548724007       -3.28819118297936     
  -1.75550691045586       -3.32351782857068       -3.92837477955273     
  -4.29337185616301       -1.61120490163494       -1.66915320730230     
 Iter:         151 Best Cost:  -3546.66517174053      Best Param:
 -0.193498520036220       -1.85793845462101       -5.11646384170373     
  -1.87006237037370       -3.68836548724007       -3.28819118297936     
  -1.75550691045586       -3.32351782857068       -3.92837477955273     
  -4.29337185616301       -1.61120490163494       -1.66915320730230     
 Iter:         152 Best Cost:  -3546.66517174053      Best Param:
 -0.193498520036220       -1.85793845462101       -5.11646384170373     
  -1.87006237037370       -3.68836548724007       -3.28819118297936     
  -1.75550691045586       -3.32351782857068       -3.92837477955273     
  -4.29337185616301       -1.61120490163494       -1.66915320730230     
 Iter:         153 Best Cost:  -3546.66517174053      Best Param:
 -0.193498520036220       -1.85793845462101       -5.11646384170373     
  -1.87006237037370       -3.68836548724007       -3.28819118297936     
  -1.75550691045586       -3.32351782857068       -3.92837477955273     
  -4.29337185616301       -1.61120490163494       -1.66915320730230     
 Iter:         154 Best Cost:  -3546.66517174053      Best Param:
 -0.193498520036220       -1.85793845462101       -5.11646384170373     
  -1.87006237037370       -3.68836548724007       -3.28819118297936     
  -1.75550691045586       -3.32351782857068       -3.92837477955273     
  -4.29337185616301       -1.61120490163494       -1.66915320730230     
 Iter:         155 Best Cost:  -3546.66517174053      Best Param:
 -0.193498520036220       -1.85793845462101       -5.11646384170373     
  -1.87006237037370       -3.68836548724007       -3.28819118297936     
  -1.75550691045586       -3.32351782857068       -3.92837477955273     
  -4.29337185616301       -1.61120490163494       -1.66915320730230     
 Iter:         156 Best Cost:  -3546.66517174053      Best Param:
 -0.193498520036220       -1.85793845462101       -5.11646384170373     
  -1.87006237037370       -3.68836548724007       -3.28819118297936     
  -1.75550691045586       -3.32351782857068       -3.92837477955273     
  -4.29337185616301       -1.61120490163494       -1.66915320730230     
 Iter:         157 Best Cost:  -3546.66519030040      Best Param:
 -0.193636401931388       -1.85789662364172       -5.11650195511399     
  -1.87016732532013       -3.68810710005799       -3.28915543416439     
  -1.75555641415848       -3.32355915108641       -3.92841972942616     
  -4.29312972316600       -1.61098081750285       -1.66917266771658     
 Iter:         158 Best Cost:  -3546.66520895942      Best Param:
 -0.194135953554702       -1.85761956096954       -5.11596693359486     
  -1.87022390160186       -3.68804330032724       -3.28840058618127     
  -1.75551835543088       -3.32278859374208       -3.92856319125644     
  -4.29483339150605       -1.61103292824375       -1.66920606795405     
 Iter:         159 Best Cost:  -3546.66520895942      Best Param:
 -0.194135953554702       -1.85761956096954       -5.11596693359486     
  -1.87022390160186       -3.68804330032724       -3.28840058618127     
  -1.75551835543088       -3.32278859374208       -3.92856319125644     
  -4.29483339150605       -1.61103292824375       -1.66920606795405     
 Iter:         160 Best Cost:  -3546.66520895942      Best Param:
 -0.194135953554702       -1.85761956096954       -5.11596693359486     
  -1.87022390160186       -3.68804330032724       -3.28840058618127     
  -1.75551835543088       -3.32278859374208       -3.92856319125644     
  -4.29483339150605       -1.61103292824375       -1.66920606795405     
 Iter:         161 Best Cost:  -3546.66520895942      Best Param:
 -0.194135953554702       -1.85761956096954       -5.11596693359486     
  -1.87022390160186       -3.68804330032724       -3.28840058618127     
  -1.75551835543088       -3.32278859374208       -3.92856319125644     
  -4.29483339150605       -1.61103292824375       -1.66920606795405     
 Iter:         162 Best Cost:  -3546.66520895942      Best Param:
 -0.194135953554702       -1.85761956096954       -5.11596693359486     
  -1.87022390160186       -3.68804330032724       -3.28840058618127     
  -1.75551835543088       -3.32278859374208       -3.92856319125644     
  -4.29483339150605       -1.61103292824375       -1.66920606795405     
 Iter:         163 Best Cost:  -3546.66520895942      Best Param:
 -0.194135953554702       -1.85761956096954       -5.11596693359486     
  -1.87022390160186       -3.68804330032724       -3.28840058618127     
  -1.75551835543088       -3.32278859374208       -3.92856319125644     
  -4.29483339150605       -1.61103292824375       -1.66920606795405     
 Iter:         164 Best Cost:  -3546.66520953947      Best Param:
 -0.192825474734264       -1.85768112574587       -5.11643699687901     
  -1.86997747151976       -3.68647178015590       -3.28859093991691     
  -1.75568768807920       -3.32561979407965       -3.92867389807044     
  -4.29480967307705       -1.61077713581735       -1.66909218627164     
 Iter:         165 Best Cost:  -3546.66520953947      Best Param:
 -0.192825474734264       -1.85768112574587       -5.11643699687901     
  -1.86997747151976       -3.68647178015590       -3.28859093991691     
  -1.75568768807920       -3.32561979407965       -3.92867389807044     
  -4.29480967307705       -1.61077713581735       -1.66909218627164     
 Iter:         166 Best Cost:  -3546.66520953947      Best Param:
 -0.192825474734264       -1.85768112574587       -5.11643699687901     
  -1.86997747151976       -3.68647178015590       -3.28859093991691     
  -1.75568768807920       -3.32561979407965       -3.92867389807044     
  -4.29480967307705       -1.61077713581735       -1.66909218627164     
 Iter:         167 Best Cost:  -3546.66521377922      Best Param:
 -0.193670339266043       -1.85777401342123       -5.11573766143567     
  -1.87016127246818       -3.68835890459005       -3.28823096744358     
  -1.75584111549608       -3.32353539130184       -3.92866416964802     
  -4.29471389228861       -1.61077268679385       -1.66908487125217     
 Iter:         168 Best Cost:  -3546.66521377922      Best Param:
 -0.193670339266043       -1.85777401342123       -5.11573766143567     
  -1.87016127246818       -3.68835890459005       -3.28823096744358     
  -1.75584111549608       -3.32353539130184       -3.92866416964802     
  -4.29471389228861       -1.61077268679385       -1.66908487125217     
 Iter:         169 Best Cost:  -3546.66522111752      Best Param:
 -0.193734396362860       -1.85782060447639       -5.11567128957402     
  -1.87026092736178       -3.68767390243956       -3.28847795381145     
  -1.75591825510249       -3.32300821592512       -3.92870164726593     
  -4.29440468362343       -1.61065690922283       -1.66905710882555     
 Iter:         170 Best Cost:  -3546.66522700824      Best Param:
 -0.193320182963232       -1.85786761928033       -5.11330100416367     
  -1.86997127268154       -3.68736490835746       -3.28854559548133     
  -1.75594068309230       -3.32553971137380       -3.92859369746326     
  -4.29501264531744       -1.61056867973085       -1.66904173192794     
 Iter:         171 Best Cost:  -3546.66522700824      Best Param:
 -0.193320182963232       -1.85786761928033       -5.11330100416367     
  -1.86997127268154       -3.68736490835746       -3.28854559548133     
  -1.75594068309230       -3.32553971137380       -3.92859369746326     
  -4.29501264531744       -1.61056867973085       -1.66904173192794     
 Iter:         172 Best Cost:  -3546.66523961756      Best Param:
 -0.192841272116206       -1.85795172034616       -5.11522581885595     
  -1.87008907005950       -3.68723495452222       -3.28889046042392     
  -1.75582751518778       -3.32518066127018       -3.92857657433473     
  -4.29475358893109       -1.61061773011307       -1.66901461643947     
 Iter:         173 Best Cost:  -3546.66523961756      Best Param:
 -0.192841272116206       -1.85795172034616       -5.11522581885595     
  -1.87008907005950       -3.68723495452222       -3.28889046042392     
  -1.75582751518778       -3.32518066127018       -3.92857657433473     
  -4.29475358893109       -1.61061773011307       -1.66901461643947     
 Iter:         174 Best Cost:  -3546.66523961756      Best Param:
 -0.192841272116206       -1.85795172034616       -5.11522581885595     
  -1.87008907005950       -3.68723495452222       -3.28889046042392     
  -1.75582751518778       -3.32518066127018       -3.92857657433473     
  -4.29475358893109       -1.61061773011307       -1.66901461643947     
 Iter:         175 Best Cost:  -3546.66523961756      Best Param:
 -0.192841272116206       -1.85795172034616       -5.11522581885595     
  -1.87008907005950       -3.68723495452222       -3.28889046042392     
  -1.75582751518778       -3.32518066127018       -3.92857657433473     
  -4.29475358893109       -1.61061773011307       -1.66901461643947     
 Iter:         176 Best Cost:  -3546.66525142591      Best Param:
 -0.193039873628721       -1.85801976855650       -5.11404408861251     
  -1.87050384941240       -3.68702424642351       -3.28898234252287     
  -1.75552732338423       -3.32614842444360       -3.92856624968969     
  -4.29476601945989       -1.61051668047747       -1.66899067994200     
 Iter:         177 Best Cost:  -3546.66525142591      Best Param:
 -0.193039873628721       -1.85801976855650       -5.11404408861251     
  -1.87050384941240       -3.68702424642351       -3.28898234252287     
  -1.75552732338423       -3.32614842444360       -3.92856624968969     
  -4.29476601945989       -1.61051668047747       -1.66899067994200     
 Iter:         178 Best Cost:  -3546.66525142591      Best Param:
 -0.193039873628721       -1.85801976855650       -5.11404408861251     
  -1.87050384941240       -3.68702424642351       -3.28898234252287     
  -1.75552732338423       -3.32614842444360       -3.92856624968969     
  -4.29476601945989       -1.61051668047747       -1.66899067994200     
 Iter:         179 Best Cost:  -3546.66525142591      Best Param:
 -0.193039873628721       -1.85801976855650       -5.11404408861251     
  -1.87050384941240       -3.68702424642351       -3.28898234252287     
  -1.75552732338423       -3.32614842444360       -3.92856624968969     
  -4.29476601945989       -1.61051668047747       -1.66899067994200     
 Iter:         180 Best Cost:  -3546.66525142591      Best Param:
 -0.193039873628721       -1.85801976855650       -5.11404408861251     
  -1.87050384941240       -3.68702424642351       -3.28898234252287     
  -1.75552732338423       -3.32614842444360       -3.92856624968969     
  -4.29476601945989       -1.61051668047747       -1.66899067994200     
 Iter:         181 Best Cost:  -3546.66525142591      Best Param:
 -0.193039873628721       -1.85801976855650       -5.11404408861251     
  -1.87050384941240       -3.68702424642351       -3.28898234252287     
  -1.75552732338423       -3.32614842444360       -3.92856624968969     
  -4.29476601945989       -1.61051668047747       -1.66899067994200     
 Iter:         182 Best Cost:  -3546.66525142591      Best Param:
 -0.193039873628721       -1.85801976855650       -5.11404408861251     
  -1.87050384941240       -3.68702424642351       -3.28898234252287     
  -1.75552732338423       -3.32614842444360       -3.92856624968969     
  -4.29476601945989       -1.61051668047747       -1.66899067994200     
 Iter:         183 Best Cost:  -3546.66525142591      Best Param:
 -0.193039873628721       -1.85801976855650       -5.11404408861251     
  -1.87050384941240       -3.68702424642351       -3.28898234252287     
  -1.75552732338423       -3.32614842444360       -3.92856624968969     
  -4.29476601945989       -1.61051668047747       -1.66899067994200     
 Iter:         184 Best Cost:  -3546.66525142591      Best Param:
 -0.193039873628721       -1.85801976855650       -5.11404408861251     
  -1.87050384941240       -3.68702424642351       -3.28898234252287     
  -1.75552732338423       -3.32614842444360       -3.92856624968969     
  -4.29476601945989       -1.61051668047747       -1.66899067994200     
 Iter:         185 Best Cost:  -3546.66528034314      Best Param:
 -0.193195126832231       -1.85806627396323       -5.11433285011940     
  -1.87051792170940       -3.68690193563331       -3.28895240960867     
  -1.75548302341672       -3.32585973482784       -3.92855782126408     
  -4.29499941942079       -1.61045841530964       -1.66913163493472     
 Iter:         186 Best Cost:  -3546.66528034314      Best Param:
 -0.193195126832231       -1.85806627396323       -5.11433285011940     
  -1.87051792170940       -3.68690193563331       -3.28895240960867     
  -1.75548302341672       -3.32585973482784       -3.92855782126408     
  -4.29499941942079       -1.61045841530964       -1.66913163493472     
 Iter:         187 Best Cost:  -3546.66528034314      Best Param:
 -0.193195126832231       -1.85806627396323       -5.11433285011940     
  -1.87051792170940       -3.68690193563331       -3.28895240960867     
  -1.75548302341672       -3.32585973482784       -3.92855782126408     
  -4.29499941942079       -1.61045841530964       -1.66913163493472     
 Iter:         188 Best Cost:  -3546.66528034314      Best Param:
 -0.193195126832231       -1.85806627396323       -5.11433285011940     
  -1.87051792170940       -3.68690193563331       -3.28895240960867     
  -1.75548302341672       -3.32585973482784       -3.92855782126408     
  -4.29499941942079       -1.61045841530964       -1.66913163493472     
 Iter:         189 Best Cost:  -3546.66528034314      Best Param:
 -0.193195126832231       -1.85806627396323       -5.11433285011940     
  -1.87051792170940       -3.68690193563331       -3.28895240960867     
  -1.75548302341672       -3.32585973482784       -3.92855782126408     
  -4.29499941942079       -1.61045841530964       -1.66913163493472     
 Iter:         190 Best Cost:  -3546.66528034314      Best Param:
 -0.193195126832231       -1.85806627396323       -5.11433285011940     
  -1.87051792170940       -3.68690193563331       -3.28895240960867     
  -1.75548302341672       -3.32585973482784       -3.92855782126408     
  -4.29499941942079       -1.61045841530964       -1.66913163493472     
 Iter:         191 Best Cost:  -3546.66528034314      Best Param:
 -0.193195126832231       -1.85806627396323       -5.11433285011940     
  -1.87051792170940       -3.68690193563331       -3.28895240960867     
  -1.75548302341672       -3.32585973482784       -3.92855782126408     
  -4.29499941942079       -1.61045841530964       -1.66913163493472     
 Iter:         192 Best Cost:  -3546.66528034314      Best Param:
 -0.193195126832231       -1.85806627396323       -5.11433285011940     
  -1.87051792170940       -3.68690193563331       -3.28895240960867     
  -1.75548302341672       -3.32585973482784       -3.92855782126408     
  -4.29499941942079       -1.61045841530964       -1.66913163493472     
 Iter:         193 Best Cost:  -3546.66528034314      Best Param:
 -0.193195126832231       -1.85806627396323       -5.11433285011940     
  -1.87051792170940       -3.68690193563331       -3.28895240960867     
  -1.75548302341672       -3.32585973482784       -3.92855782126408     
  -4.29499941942079       -1.61045841530964       -1.66913163493472     
 Iter:         194 Best Cost:  -3546.66528034314      Best Param:
 -0.193195126832231       -1.85806627396323       -5.11433285011940     
  -1.87051792170940       -3.68690193563331       -3.28895240960867     
  -1.75548302341672       -3.32585973482784       -3.92855782126408     
  -4.29499941942079       -1.61045841530964       -1.66913163493472     
 Iter:         195 Best Cost:  -3546.66528034314      Best Param:
 -0.193195126832231       -1.85806627396323       -5.11433285011940     
  -1.87051792170940       -3.68690193563331       -3.28895240960867     
  -1.75548302341672       -3.32585973482784       -3.92855782126408     
  -4.29499941942079       -1.61045841530964       -1.66913163493472     
 Iter:         196 Best Cost:  -3546.66528034314      Best Param:
 -0.193195126832231       -1.85806627396323       -5.11433285011940     
  -1.87051792170940       -3.68690193563331       -3.28895240960867     
  -1.75548302341672       -3.32585973482784       -3.92855782126408     
  -4.29499941942079       -1.61045841530964       -1.66913163493472     
 Iter:         197 Best Cost:  -3546.66528043998      Best Param:
 -0.193316650409423       -1.85806539189048       -5.11490330809399     
  -1.87052033233072       -3.68694700226494       -3.28894485107684     
  -1.75552039841768       -3.32566315278031       -3.92855214385804     
  -4.29527745905561       -1.61045395997454       -1.66914164327590     
 Iter:         198 Best Cost:  -3546.66528043998      Best Param:
 -0.193316650409423       -1.85806539189048       -5.11490330809399     
  -1.87052033233072       -3.68694700226494       -3.28894485107684     
  -1.75552039841768       -3.32566315278031       -3.92855214385804     
  -4.29527745905561       -1.61045395997454       -1.66914164327590     
 Iter:         199 Best Cost:  -3546.66528043998      Best Param:
 -0.193316650409423       -1.85806539189048       -5.11490330809399     
  -1.87052033233072       -3.68694700226494       -3.28894485107684     
  -1.75552039841768       -3.32566315278031       -3.92855214385804     
  -4.29527745905561       -1.61045395997454       -1.66914164327590     
 Iter:         200 Best Cost:  -3546.66528043998      Best Param:
 -0.193316650409423       -1.85806539189048       -5.11490330809399     
  -1.87052033233072       -3.68694700226494       -3.28894485107684     
  -1.75552039841768       -3.32566315278031       -3.92855214385804     
  -4.29527745905561       -1.61045395997454       -1.66914164327590     
 Iter:         201 Best Cost:  -3546.66528043998      Best Param:
 -0.193316650409423       -1.85806539189048       -5.11490330809399     
  -1.87052033233072       -3.68694700226494       -3.28894485107684     
  -1.75552039841768       -3.32566315278031       -3.92855214385804     
  -4.29527745905561       -1.61045395997454       -1.66914164327590     
 Iter:         202 Best Cost:  -3546.66528043998      Best Param:
 -0.193316650409423       -1.85806539189048       -5.11490330809399     
  -1.87052033233072       -3.68694700226494       -3.28894485107684     
  -1.75552039841768       -3.32566315278031       -3.92855214385804     
  -4.29527745905561       -1.61045395997454       -1.66914164327590     
 Iter:         203 Best Cost:  -3546.66528043998      Best Param:
 -0.193316650409423       -1.85806539189048       -5.11490330809399     
  -1.87052033233072       -3.68694700226494       -3.28894485107684     
  -1.75552039841768       -3.32566315278031       -3.92855214385804     
  -4.29527745905561       -1.61045395997454       -1.66914164327590     
 Iter:         204 Best Cost:  -3546.66528043998      Best Param:
 -0.193316650409423       -1.85806539189048       -5.11490330809399     
  -1.87052033233072       -3.68694700226494       -3.28894485107684     
  -1.75552039841768       -3.32566315278031       -3.92855214385804     
  -4.29527745905561       -1.61045395997454       -1.66914164327590     
 Iter:         205 Best Cost:  -3546.66528043998      Best Param:
 -0.193316650409423       -1.85806539189048       -5.11490330809399     
  -1.87052033233072       -3.68694700226494       -3.28894485107684     
  -1.75552039841768       -3.32566315278031       -3.92855214385804     
  -4.29527745905561       -1.61045395997454       -1.66914164327590     
 Iter:         206 Best Cost:  -3546.66528043998      Best Param:
 -0.193316650409423       -1.85806539189048       -5.11490330809399     
  -1.87052033233072       -3.68694700226494       -3.28894485107684     
  -1.75552039841768       -3.32566315278031       -3.92855214385804     
  -4.29527745905561       -1.61045395997454       -1.66914164327590     
 Iter:         207 Best Cost:  -3546.66528043998      Best Param:
 -0.193316650409423       -1.85806539189048       -5.11490330809399     
  -1.87052033233072       -3.68694700226494       -3.28894485107684     
  -1.75552039841768       -3.32566315278031       -3.92855214385804     
  -4.29527745905561       -1.61045395997454       -1.66914164327590     
 Iter:         208 Best Cost:  -3546.66528043998      Best Param:
 -0.193316650409423       -1.85806539189048       -5.11490330809399     
  -1.87052033233072       -3.68694700226494       -3.28894485107684     
  -1.75552039841768       -3.32566315278031       -3.92855214385804     
  -4.29527745905561       -1.61045395997454       -1.66914164327590     
 Iter:         209 Best Cost:  -3546.66528043998      Best Param:
 -0.193316650409423       -1.85806539189048       -5.11490330809399     
  -1.87052033233072       -3.68694700226494       -3.28894485107684     
  -1.75552039841768       -3.32566315278031       -3.92855214385804     
  -4.29527745905561       -1.61045395997454       -1.66914164327590     
 Iter:         210 Best Cost:  -3546.66528384827      Best Param:
 -0.193193233759046       -1.85806680226051       -5.11419466413962     
  -1.87052582534584       -3.68768745142250       -3.28892096055429     
  -1.75545503097043       -3.32573485722487       -3.92855787051864     
  -4.29553435150241       -1.61044142878050       -1.66902537258544     
 Iter:         211 Best Cost:  -3546.66528384827      Best Param:
 -0.193193233759046       -1.85806680226051       -5.11419466413962     
  -1.87052582534584       -3.68768745142250       -3.28892096055429     
  -1.75545503097043       -3.32573485722487       -3.92855787051864     
  -4.29553435150241       -1.61044142878050       -1.66902537258544     
 Iter:         212 Best Cost:  -3546.66528384827      Best Param:
 -0.193193233759046       -1.85806680226051       -5.11419466413962     
  -1.87052582534584       -3.68768745142250       -3.28892096055429     
  -1.75545503097043       -3.32573485722487       -3.92855787051864     
  -4.29553435150241       -1.61044142878050       -1.66902537258544     
 Iter:         213 Best Cost:  -3546.66528384827      Best Param:
 -0.193193233759046       -1.85806680226051       -5.11419466413962     
  -1.87052582534584       -3.68768745142250       -3.28892096055429     
  -1.75545503097043       -3.32573485722487       -3.92855787051864     
  -4.29553435150241       -1.61044142878050       -1.66902537258544     
 Iter:         214 Best Cost:  -3546.66528384827      Best Param:
 -0.193193233759046       -1.85806680226051       -5.11419466413962     
  -1.87052582534584       -3.68768745142250       -3.28892096055429     
  -1.75545503097043       -3.32573485722487       -3.92855787051864     
  -4.29553435150241       -1.61044142878050       -1.66902537258544     
 Iter:         215 Best Cost:  -3546.66528384827      Best Param:
 -0.193193233759046       -1.85806680226051       -5.11419466413962     
  -1.87052582534584       -3.68768745142250       -3.28892096055429     
  -1.75545503097043       -3.32573485722487       -3.92855787051864     
  -4.29553435150241       -1.61044142878050       -1.66902537258544     
 Iter:         216 Best Cost:  -3546.66528384827      Best Param:
 -0.193193233759046       -1.85806680226051       -5.11419466413962     
  -1.87052582534584       -3.68768745142250       -3.28892096055429     
  -1.75545503097043       -3.32573485722487       -3.92855787051864     
  -4.29553435150241       -1.61044142878050       -1.66902537258544     
 Iter:         217 Best Cost:  -3546.66528384827      Best Param:
 -0.193193233759046       -1.85806680226051       -5.11419466413962     
  -1.87052582534584       -3.68768745142250       -3.28892096055429     
  -1.75545503097043       -3.32573485722487       -3.92855787051864     
  -4.29553435150241       -1.61044142878050       -1.66902537258544     
 Iter:         218 Best Cost:  -3546.66528384827      Best Param:
 -0.193193233759046       -1.85806680226051       -5.11419466413962     
  -1.87052582534584       -3.68768745142250       -3.28892096055429     
  -1.75545503097043       -3.32573485722487       -3.92855787051864     
  -4.29553435150241       -1.61044142878050       -1.66902537258544     
 Iter:         219 Best Cost:  -3546.66528384827      Best Param:
 -0.193193233759046       -1.85806680226051       -5.11419466413962     
  -1.87052582534584       -3.68768745142250       -3.28892096055429     
  -1.75545503097043       -3.32573485722487       -3.92855787051864     
  -4.29553435150241       -1.61044142878050       -1.66902537258544     
 Iter:         220 Best Cost:  -3546.66528384827      Best Param:
 -0.193193233759046       -1.85806680226051       -5.11419466413962     
  -1.87052582534584       -3.68768745142250       -3.28892096055429     
  -1.75545503097043       -3.32573485722487       -3.92855787051864     
  -4.29553435150241       -1.61044142878050       -1.66902537258544     
 Iter:         221 Best Cost:  -3546.66528384827      Best Param:
 -0.193193233759046       -1.85806680226051       -5.11419466413962     
  -1.87052582534584       -3.68768745142250       -3.28892096055429     
  -1.75545503097043       -3.32573485722487       -3.92855787051864     
  -4.29553435150241       -1.61044142878050       -1.66902537258544     
 Iter:         222 Best Cost:  -3546.66528384827      Best Param:
 -0.193193233759046       -1.85806680226051       -5.11419466413962     
  -1.87052582534584       -3.68768745142250       -3.28892096055429     
  -1.75545503097043       -3.32573485722487       -3.92855787051864     
  -4.29553435150241       -1.61044142878050       -1.66902537258544     
 Iter:         223 Best Cost:  -3546.66528384827      Best Param:
 -0.193193233759046       -1.85806680226051       -5.11419466413962     
  -1.87052582534584       -3.68768745142250       -3.28892096055429     
  -1.75545503097043       -3.32573485722487       -3.92855787051864     
  -4.29553435150241       -1.61044142878050       -1.66902537258544     
 Iter:         224 Best Cost:  -3546.66528384827      Best Param:
 -0.193193233759046       -1.85806680226051       -5.11419466413962     
  -1.87052582534584       -3.68768745142250       -3.28892096055429     
  -1.75545503097043       -3.32573485722487       -3.92855787051864     
  -4.29553435150241       -1.61044142878050       -1.66902537258544     
 Iter:         225 Best Cost:  -3546.66528384827      Best Param:
 -0.193193233759046       -1.85806680226051       -5.11419466413962     
  -1.87052582534584       -3.68768745142250       -3.28892096055429     
  -1.75545503097043       -3.32573485722487       -3.92855787051864     
  -4.29553435150241       -1.61044142878050       -1.66902537258544     
 Best Cost:  -3546.66528384827     
 Best Params: -0.193193233759046       -1.85806680226051     
  -5.11419466413962       -1.87052582534584       -3.68768745142250     
  -3.28892096055429       -1.75545503097043       -3.32573485722487     
  -3.92855787051864       -4.29553435150241       -1.61044142878050     
  -1.66902537258544     
 Opt Time Taken =    35.8368999999948       seconds.
 Time Taken =    36.0804999999818       seconds.
