 Starting ferebus
 Reading command line arguments
 Reading config
Systems (n= 1)
System name                  AMMONIA
nAtoms                           4
nFeats                           6
Atoms
 - Name                      N1
  - ALF                      1 2 3
Mean Config
 - Type                      Constant
PSO Config
 - Search Min                .000000000000000
 - Search Max                3.000000000000000
 - Swarm Size                50
 - Iterations                1000
 - Inertia Weight            .7290000000000000
 - Coginitive Learning Rate  1.494000000000000
 - Social Learning Rate      1.494000000000000
 - Variant                   Global
 - Parameter Updater         Constant
 - Stopping Criteria         Relative Change
    - Stall Iterations       50
    - Tolerance              .1000000000000000E-07
RBF Config
 - Name                      k1
Notes
 - method                    B3LYP
 - basis-set                 6-31+g(d,p)
 Reading training set file: AMMONIA_N1_TRAINING_SET.csv
 initialising model
 Kernel AST: Var(k1)
 initialising pso
 running pso
 Iter:           1 Best Cost:  -3289.29564623890      Best Param:
  0.605486141734905       0.405350368216065       0.176939034853045     
  0.623642897237858       0.261971871027540       0.323386415135043     
 Iter:           2 Best Cost:  -3536.69114478261      Best Param:
  0.542891416749878       0.383955429117477       -1.82449083988717     
  0.588954269434772       -1.56846416091750      -0.498007480653754     
 Iter:           3 Best Cost:  -3561.61972982283      Best Param:
  0.577032347837249       0.258366111504151       -1.63018103974644     
  0.563221872099569      -1.255936510609956E-002  -1.04828460926324     
 Iter:           4 Best Cost:  -3607.71765444271      Best Param:
   1.00434557992843       0.239128992057328       -1.22056910255832     
  0.866340239428667      -0.698799609115864       -1.71370833036728     
 Iter:           5 Best Cost:  -3615.08417622837      Best Param:
   1.08429286869620       0.552245969302812       -1.15581303582957     
  0.700099529624697       -1.02814016739154       -2.19205321881003     
 Iter:           6 Best Cost:  -3623.39447305124      Best Param:
   1.07984026079315       0.867547721521768      -0.797126005671626     
  0.678013508750504       0.511573396046767       -1.84024298373641     
 Iter:           7 Best Cost:  -3631.46468178991      Best Param:
   1.08986434970829        1.11682529379591      -0.570177858906414     
  0.818520153327982      -0.623703405430055       -1.59253670302830     
 Iter:           8 Best Cost:  -3631.46468178991      Best Param:
   1.08986434970829        1.11682529379591      -0.570177858906414     
  0.818520153327982      -0.623703405430055       -1.59253670302830     
 Iter:           9 Best Cost:  -3641.61545457353      Best Param:
   1.19234750561388        1.19660579260120       -1.24579540753080     
  0.802461936933043      -9.197791675248213E-002  -1.78919393222036     
 Iter:          10 Best Cost:  -3641.61545457353      Best Param:
   1.19234750561388        1.19660579260120       -1.24579540753080     
  0.802461936933043      -9.197791675248213E-002  -1.78919393222036     
 Iter:          11 Best Cost:  -3641.61545457353      Best Param:
   1.19234750561388        1.19660579260120       -1.24579540753080     
  0.802461936933043      -9.197791675248213E-002  -1.78919393222036     
 Iter:          12 Best Cost:  -3642.53965018235      Best Param:
   1.30263030806357        1.16731160751554       -1.12722342718298     
  0.817704967248431      -0.137598381887951       -1.98678949088104     
 Iter:          13 Best Cost:  -3642.53965018235      Best Param:
   1.30263030806357        1.16731160751554       -1.12722342718298     
  0.817704967248431      -0.137598381887951       -1.98678949088104     
 Iter:          14 Best Cost:  -3645.94854502423      Best Param:
   1.43373753352960        1.01146612359573       -1.15345690443065     
  0.715847886391151      -0.161328289114550       -1.84458098368171     
 Iter:          15 Best Cost:  -3646.26376228682      Best Param:
   1.39645945983269        1.07132181664670       -1.22631100602332     
  0.717718140093362      -0.361860335643820       -1.80315609615344     
 Iter:          16 Best Cost:  -3652.14654066690      Best Param:
   1.71653922720267        1.17443736035386       -1.15952614247513     
   1.16220892184197      -0.353692076495398       -1.58977410222387     
 Iter:          17 Best Cost:  -3652.14654066690      Best Param:
   1.71653922720267        1.17443736035386       -1.15952614247513     
   1.16220892184197      -0.353692076495398       -1.58977410222387     
 Iter:          18 Best Cost:  -3652.14654066690      Best Param:
   1.71653922720267        1.17443736035386       -1.15952614247513     
   1.16220892184197      -0.353692076495398       -1.58977410222387     
 Iter:          19 Best Cost:  -3652.77964537151      Best Param:
   1.63001321077345        1.15381662218254       -1.20430901517273     
   1.05845395703217      -0.403874437949076       -1.61049189079261     
 Iter:          20 Best Cost:  -3652.77964537151      Best Param:
   1.63001321077345        1.15381662218254       -1.20430901517273     
   1.05845395703217      -0.403874437949076       -1.61049189079261     
 Iter:          21 Best Cost:  -3652.77964537151      Best Param:
   1.63001321077345        1.15381662218254       -1.20430901517273     
   1.05845395703217      -0.403874437949076       -1.61049189079261     
 Iter:          22 Best Cost:  -3654.56508951321      Best Param:
   1.65970585466113        1.24798907574280       -1.05292897419410     
   1.01416166257950      -0.532888965557330       -1.54024809499006     
 Iter:          23 Best Cost:  -3654.56508951321      Best Param:
   1.65970585466113        1.24798907574280       -1.05292897419410     
   1.01416166257950      -0.532888965557330       -1.54024809499006     
 Iter:          24 Best Cost:  -3654.56508951321      Best Param:
   1.65970585466113        1.24798907574280       -1.05292897419410     
   1.01416166257950      -0.532888965557330       -1.54024809499006     
 Iter:          25 Best Cost:  -3654.56508951321      Best Param:
   1.65970585466113        1.24798907574280       -1.05292897419410     
   1.01416166257950      -0.532888965557330       -1.54024809499006     
 Iter:          26 Best Cost:  -3654.56508951321      Best Param:
   1.65970585466113        1.24798907574280       -1.05292897419410     
   1.01416166257950      -0.532888965557330       -1.54024809499006     
 Iter:          27 Best Cost:  -3655.17593392194      Best Param:
   1.63675901727438        1.23220649491478       -1.04516333958745     
   1.08411274737876      -0.489502681500235       -1.53078147396584     
 Iter:          28 Best Cost:  -3655.17593392194      Best Param:
   1.63675901727438        1.23220649491478       -1.04516333958745     
   1.08411274737876      -0.489502681500235       -1.53078147396584     
 Iter:          29 Best Cost:  -3655.17593392194      Best Param:
   1.63675901727438        1.23220649491478       -1.04516333958745     
   1.08411274737876      -0.489502681500235       -1.53078147396584     
 Iter:          30 Best Cost:  -3655.17593392194      Best Param:
   1.63675901727438        1.23220649491478       -1.04516333958745     
   1.08411274737876      -0.489502681500235       -1.53078147396584     
 Iter:          31 Best Cost:  -3655.27151750192      Best Param:
   1.62794405210453        1.22840764423221       -1.03397055217131     
   1.08291575569610      -0.447619258897880       -1.55736115592285     
 Iter:          32 Best Cost:  -3655.50399336857      Best Param:
   1.67335215007442        1.22564905187242      -0.990444577544995     
   1.09688824668644      -0.524371494718461       -1.57056342352904     
 Iter:          33 Best Cost:  -3655.52955283302      Best Param:
   1.66778749954509        1.22511382644100      -0.973650774430827     
   1.09716066160629      -0.507935580516604       -1.54677420668253     
 Iter:          34 Best Cost:  -3655.52955283302      Best Param:
   1.66778749954509        1.22511382644100      -0.973650774430827     
   1.09716066160629      -0.507935580516604       -1.54677420668253     
 Iter:          35 Best Cost:  -3655.53723532893      Best Param:
   1.69966147830504        1.22449688723543       -1.00689819401176     
   1.09717136508081      -0.523413164714290       -1.54468527695958     
 Iter:          36 Best Cost:  -3655.53723532893      Best Param:
   1.69966147830504        1.22449688723543       -1.00689819401176     
   1.09717136508081      -0.523413164714290       -1.54468527695958     
 Iter:          37 Best Cost:  -3655.53723532893      Best Param:
   1.69966147830504        1.22449688723543       -1.00689819401176     
   1.09717136508081      -0.523413164714290       -1.54468527695958     
 Iter:          38 Best Cost:  -3655.58234086405      Best Param:
   1.69664378764971        1.23037024138057       -1.00535246093326     
   1.10312783360762      -0.483152602920647       -1.54538995218271     
 Iter:          39 Best Cost:  -3655.58234086405      Best Param:
   1.69664378764971        1.23037024138057       -1.00535246093326     
   1.10312783360762      -0.483152602920647       -1.54538995218271     
 Iter:          40 Best Cost:  -3655.59648792756      Best Param:
   1.70279352861129        1.22975113138218      -0.991664081586332     
   1.10754947990723      -0.474973563559853       -1.54707332933903     
 Iter:          41 Best Cost:  -3655.59648792756      Best Param:
   1.70279352861129        1.22975113138218      -0.991664081586332     
   1.10754947990723      -0.474973563559853       -1.54707332933903     
 Iter:          42 Best Cost:  -3655.59750401414      Best Param:
   1.68907939650964        1.22913074878149      -0.987925947584395     
   1.10662037050328      -0.511218362228021       -1.54643898216081     
 Iter:          43 Best Cost:  -3655.59750401414      Best Param:
   1.68907939650964        1.22913074878149      -0.987925947584395     
   1.10662037050328      -0.511218362228021       -1.54643898216081     
 Iter:          44 Best Cost:  -3655.60055255388      Best Param:
   1.69537714628261        1.24132355043659      -0.999627893023119     
   1.10951241788424      -0.502338553079738       -1.55296000852894     
 Iter:          45 Best Cost:  -3655.61122361003      Best Param:
   1.69546487628027        1.23487549500262      -0.974123897826740     
   1.12177228536959      -0.496060138006180       -1.53456347697753     
 Iter:          46 Best Cost:  -3655.61122361003      Best Param:
   1.69546487628027        1.23487549500262      -0.974123897826740     
   1.12177228536959      -0.496060138006180       -1.53456347697753     
 Iter:          47 Best Cost:  -3655.61122361003      Best Param:
   1.69546487628027        1.23487549500262      -0.974123897826740     
   1.12177228536959      -0.496060138006180       -1.53456347697753     
 Iter:          48 Best Cost:  -3655.61122361003      Best Param:
   1.69546487628027        1.23487549500262      -0.974123897826740     
   1.12177228536959      -0.496060138006180       -1.53456347697753     
 Iter:          49 Best Cost:  -3655.61122361003      Best Param:
   1.69546487628027        1.23487549500262      -0.974123897826740     
   1.12177228536959      -0.496060138006180       -1.53456347697753     
 Iter:          50 Best Cost:  -3655.62714789299      Best Param:
   1.69727417128897        1.23419315840125      -0.980793671396181     
   1.10979157061292      -0.488632083290670       -1.55893297239589     
 Iter:          51 Best Cost:  -3655.62714789299      Best Param:
   1.69727417128897        1.23419315840125      -0.980793671396181     
   1.10979157061292      -0.488632083290670       -1.55893297239589     
 Iter:          52 Best Cost:  -3655.62714789299      Best Param:
   1.69727417128897        1.23419315840125      -0.980793671396181     
   1.10979157061292      -0.488632083290670       -1.55893297239589     
 Iter:          53 Best Cost:  -3655.63541847678      Best Param:
   1.69612952535330        1.24024625649264      -0.983877041349234     
   1.12156090350504      -0.486521730722274       -1.54819151801558     
 Iter:          54 Best Cost:  -3655.63541847678      Best Param:
   1.69612952535330        1.24024625649264      -0.983877041349234     
   1.12156090350504      -0.486521730722274       -1.54819151801558     
 Iter:          55 Best Cost:  -3655.63541847678      Best Param:
   1.69612952535330        1.24024625649264      -0.983877041349234     
   1.12156090350504      -0.486521730722274       -1.54819151801558     
 Iter:          56 Best Cost:  -3655.63541847678      Best Param:
   1.69612952535330        1.24024625649264      -0.983877041349234     
   1.12156090350504      -0.486521730722274       -1.54819151801558     
 Iter:          57 Best Cost:  -3655.63541847678      Best Param:
   1.69612952535330        1.24024625649264      -0.983877041349234     
   1.12156090350504      -0.486521730722274       -1.54819151801558     
 Iter:          58 Best Cost:  -3655.63541847678      Best Param:
   1.69612952535330        1.24024625649264      -0.983877041349234     
   1.12156090350504      -0.486521730722274       -1.54819151801558     
 Iter:          59 Best Cost:  -3655.63601136508      Best Param:
   1.70224944590476        1.24229906464813      -0.972672756229788     
   1.11905487102674      -0.485431135676750       -1.55512273420729     
 Iter:          60 Best Cost:  -3655.63601136508      Best Param:
   1.70224944590476        1.24229906464813      -0.972672756229788     
   1.11905487102674      -0.485431135676750       -1.55512273420729     
 Iter:          61 Best Cost:  -3655.63684587739      Best Param:
   1.70360989772127        1.24341324431250      -0.978221983797413     
   1.12168266545772      -0.487799807674799       -1.55513772391816     
 Iter:          62 Best Cost:  -3655.63684587739      Best Param:
   1.70360989772127        1.24341324431250      -0.978221983797413     
   1.12168266545772      -0.487799807674799       -1.55513772391816     
 Iter:          63 Best Cost:  -3655.63704696829      Best Param:
   1.70355086062768        1.24211793805962      -0.977895838055176     
   1.12171768534027      -0.483906337058783       -1.55484497968287     
 Iter:          64 Best Cost:  -3655.63704696829      Best Param:
   1.70355086062768        1.24211793805962      -0.977895838055176     
   1.12171768534027      -0.483906337058783       -1.55484497968287     
 Iter:          65 Best Cost:  -3655.63704696829      Best Param:
   1.70355086062768        1.24211793805962      -0.977895838055176     
   1.12171768534027      -0.483906337058783       -1.55484497968287     
 Iter:          66 Best Cost:  -3655.63715250030      Best Param:
   1.70436460011129        1.24548231380213      -0.972152861142345     
   1.12571260979383      -0.484001196417842       -1.55453503354582     
 Iter:          67 Best Cost:  -3655.63751539941      Best Param:
   1.70284918715177        1.24418034075438      -0.977313518323301     
   1.12446062521624      -0.489577029834909       -1.55361131525793     
 Iter:          68 Best Cost:  -3655.63751539941      Best Param:
   1.70284918715177        1.24418034075438      -0.977313518323301     
   1.12446062521624      -0.489577029834909       -1.55361131525793     
 Iter:          69 Best Cost:  -3655.63814802744      Best Param:
   1.70105441701242        1.24216228523839      -0.980430999846617     
   1.12019685099425      -0.487324488269904       -1.55251546635515     
 Iter:          70 Best Cost:  -3655.63814802744      Best Param:
   1.70105441701242        1.24216228523839      -0.980430999846617     
   1.12019685099425      -0.487324488269904       -1.55251546635515     
 Iter:          71 Best Cost:  -3655.63814802744      Best Param:
   1.70105441701242        1.24216228523839      -0.980430999846617     
   1.12019685099425      -0.487324488269904       -1.55251546635515     
 Iter:          72 Best Cost:  -3655.63862172014      Best Param:
   1.70180329501773        1.24389988076824      -0.977705574532215     
   1.11991830251846      -0.485450645784294       -1.55318265092450     
 Iter:          73 Best Cost:  -3655.63923551236      Best Param:
   1.70102716318545        1.24556482713824      -0.972807118679269     
   1.12514547014312      -0.486353709079242       -1.55076665946362     
 Iter:          74 Best Cost:  -3655.63923551236      Best Param:
   1.70102716318545        1.24556482713824      -0.972807118679269     
   1.12514547014312      -0.486353709079242       -1.55076665946362     
 Iter:          75 Best Cost:  -3655.63923551236      Best Param:
   1.70102716318545        1.24556482713824      -0.972807118679269     
   1.12514547014312      -0.486353709079242       -1.55076665946362     
 Iter:          76 Best Cost:  -3655.63927190094      Best Param:
   1.70030141379161        1.24474315929372      -0.972852709506367     
   1.12548897070504      -0.485038269883253       -1.55002212825553     
 Iter:          77 Best Cost:  -3655.63927493986      Best Param:
   1.70006937667219        1.24735701405048      -0.974899846211856     
   1.12664055023625      -0.483207915297153       -1.54825985736464     
 Iter:          78 Best Cost:  -3655.63966628646      Best Param:
   1.70050142398452        1.24658608715939      -0.974558509421860     
   1.12488974118626      -0.483559719433809       -1.55156808190092     
 Iter:          79 Best Cost:  -3655.63977073781      Best Param:
   1.70044106156933        1.24475736154791      -0.977253443847219     
   1.12406708207822      -0.484332851414970       -1.55159284458634     
 Iter:          80 Best Cost:  -3655.63977073781      Best Param:
   1.70044106156933        1.24475736154791      -0.977253443847219     
   1.12406708207822      -0.484332851414970       -1.55159284458634     
 Iter:          81 Best Cost:  -3655.63987487969      Best Param:
   1.70068967942504        1.24507527504128      -0.977051637099202     
   1.12392701562160      -0.484373045339303       -1.55149980836878     
 Iter:          82 Best Cost:  -3655.63992167731      Best Param:
   1.70066780854979        1.24516290186059      -0.976264509967593     
   1.12270145760732      -0.485032375903098       -1.55013112230560     
 Iter:          83 Best Cost:  -3655.63992167731      Best Param:
   1.70066780854979        1.24516290186059      -0.976264509967593     
   1.12270145760732      -0.485032375903098       -1.55013112230560     
 Iter:          84 Best Cost:  -3655.63998414929      Best Param:
   1.70070315574360        1.24525667419303      -0.975659989714222     
   1.12297120474635      -0.483704853352527       -1.55016562339453     
 Iter:          85 Best Cost:  -3655.64000669552      Best Param:
   1.70070058644892        1.24511361481438      -0.976884806747924     
   1.12295736414697      -0.484183993881127       -1.55044379598562     
 Iter:          86 Best Cost:  -3655.64000669552      Best Param:
   1.70070058644892        1.24511361481438      -0.976884806747924     
   1.12295736414697      -0.484183993881127       -1.55044379598562     
 Iter:          87 Best Cost:  -3655.64002462037      Best Param:
   1.70069998633687        1.24513471242885      -0.976809132354115     
   1.12295795055034      -0.484214371315327       -1.55054984663491     
 Iter:          88 Best Cost:  -3655.64002698714      Best Param:
   1.70070091428372        1.24522612020906      -0.976103047731821     
   1.12296573350039      -0.483981881543200       -1.55047932523827     
 Iter:          89 Best Cost:  -3655.64002698714      Best Param:
   1.70070091428372        1.24522612020906      -0.976103047731821     
   1.12296573350039      -0.483981881543200       -1.55047932523827     
 Iter:          90 Best Cost:  -3655.64003180052      Best Param:
   1.70070044318052        1.24526719219407      -0.976018236332472     
   1.12296686526704      -0.483979498138299       -1.55048766923749     
 Iter:          91 Best Cost:  -3655.64003180052      Best Param:
   1.70070044318052        1.24526719219407      -0.976018236332472     
   1.12296686526704      -0.483979498138299       -1.55048766923749     
 Iter:          92 Best Cost:  -3655.64003180052      Best Param:
   1.70070044318052        1.24526719219407      -0.976018236332472     
   1.12296686526704      -0.483979498138299       -1.55048766923749     
 Iter:          93 Best Cost:  -3655.64003180052      Best Param:
   1.70070044318052        1.24526719219407      -0.976018236332472     
   1.12296686526704      -0.483979498138299       -1.55048766923749     
 Iter:          94 Best Cost:  -3655.64007629326      Best Param:
   1.70055451384820        1.24551662968444      -0.976202245728012     
   1.12391246472157      -0.483808384469954       -1.55038342343792     
 Iter:          95 Best Cost:  -3655.64007629326      Best Param:
   1.70055451384820        1.24551662968444      -0.976202245728012     
   1.12391246472157      -0.483808384469954       -1.55038342343792     
 Iter:          96 Best Cost:  -3655.64007629326      Best Param:
   1.70055451384820        1.24551662968444      -0.976202245728012     
   1.12391246472157      -0.483808384469954       -1.55038342343792     
 Iter:          97 Best Cost:  -3655.64007629326      Best Param:
   1.70055451384820        1.24551662968444      -0.976202245728012     
   1.12391246472157      -0.483808384469954       -1.55038342343792     
 Iter:          98 Best Cost:  -3655.64007629326      Best Param:
   1.70055451384820        1.24551662968444      -0.976202245728012     
   1.12391246472157      -0.483808384469954       -1.55038342343792     
 Iter:          99 Best Cost:  -3655.64010308377      Best Param:
   1.70116430155028        1.24541869902072      -0.976056585325574     
   1.12405994811822      -0.483984980306076       -1.55046919270094     
 Iter:         100 Best Cost:  -3655.64010308377      Best Param:
   1.70116430155028        1.24541869902072      -0.976056585325574     
   1.12405994811822      -0.483984980306076       -1.55046919270094     
 Iter:         101 Best Cost:  -3655.64010308377      Best Param:
   1.70116430155028        1.24541869902072      -0.976056585325574     
   1.12405994811822      -0.483984980306076       -1.55046919270094     
 Iter:         102 Best Cost:  -3655.64010308377      Best Param:
   1.70116430155028        1.24541869902072      -0.976056585325574     
   1.12405994811822      -0.483984980306076       -1.55046919270094     
 Iter:         103 Best Cost:  -3655.64010308377      Best Param:
   1.70116430155028        1.24541869902072      -0.976056585325574     
   1.12405994811822      -0.483984980306076       -1.55046919270094     
 Iter:         104 Best Cost:  -3655.64010308377      Best Param:
   1.70116430155028        1.24541869902072      -0.976056585325574     
   1.12405994811822      -0.483984980306076       -1.55046919270094     
 Iter:         105 Best Cost:  -3655.64010308377      Best Param:
   1.70116430155028        1.24541869902072      -0.976056585325574     
   1.12405994811822      -0.483984980306076       -1.55046919270094     
 Iter:         106 Best Cost:  -3655.64010308377      Best Param:
   1.70116430155028        1.24541869902072      -0.976056585325574     
   1.12405994811822      -0.483984980306076       -1.55046919270094     
 Iter:         107 Best Cost:  -3655.64010308377      Best Param:
   1.70116430155028        1.24541869902072      -0.976056585325574     
   1.12405994811822      -0.483984980306076       -1.55046919270094     
 Iter:         108 Best Cost:  -3655.64010308377      Best Param:
   1.70116430155028        1.24541869902072      -0.976056585325574     
   1.12405994811822      -0.483984980306076       -1.55046919270094     
 Iter:         109 Best Cost:  -3655.64010697222      Best Param:
   1.70124374780816        1.24551420730677      -0.975809534265175     
   1.12382202819702      -0.484010947626542       -1.55017837587160     
 Iter:         110 Best Cost:  -3655.64010697222      Best Param:
   1.70124374780816        1.24551420730677      -0.975809534265175     
   1.12382202819702      -0.484010947626542       -1.55017837587160     
 Iter:         111 Best Cost:  -3655.64010697222      Best Param:
   1.70124374780816        1.24551420730677      -0.975809534265175     
   1.12382202819702      -0.484010947626542       -1.55017837587160     
 Iter:         112 Best Cost:  -3655.64010697222      Best Param:
   1.70124374780816        1.24551420730677      -0.975809534265175     
   1.12382202819702      -0.484010947626542       -1.55017837587160     
 Iter:         113 Best Cost:  -3655.64010697222      Best Param:
   1.70124374780816        1.24551420730677      -0.975809534265175     
   1.12382202819702      -0.484010947626542       -1.55017837587160     
 Iter:         114 Best Cost:  -3655.64010960718      Best Param:
   1.70112630633641        1.24549299222054      -0.976094316087184     
   1.12375621863037      -0.484074191168044       -1.55027333872297     
 Iter:         115 Best Cost:  -3655.64010960718      Best Param:
   1.70112630633641        1.24549299222054      -0.976094316087184     
   1.12375621863037      -0.484074191168044       -1.55027333872297     
 Iter:         116 Best Cost:  -3655.64010960718      Best Param:
   1.70112630633641        1.24549299222054      -0.976094316087184     
   1.12375621863037      -0.484074191168044       -1.55027333872297     
 Iter:         117 Best Cost:  -3655.64010960718      Best Param:
   1.70112630633641        1.24549299222054      -0.976094316087184     
   1.12375621863037      -0.484074191168044       -1.55027333872297     
 Iter:         118 Best Cost:  -3655.64010960718      Best Param:
   1.70112630633641        1.24549299222054      -0.976094316087184     
   1.12375621863037      -0.484074191168044       -1.55027333872297     
 Iter:         119 Best Cost:  -3655.64010960718      Best Param:
   1.70112630633641        1.24549299222054      -0.976094316087184     
   1.12375621863037      -0.484074191168044       -1.55027333872297     
 Iter:         120 Best Cost:  -3655.64010960718      Best Param:
   1.70112630633641        1.24549299222054      -0.976094316087184     
   1.12375621863037      -0.484074191168044       -1.55027333872297     
 Iter:         121 Best Cost:  -3655.64012202980      Best Param:
   1.70106246467309        1.24553836318973      -0.976082384217742     
   1.12382061707084      -0.484020333801873       -1.55030914598255     
 Iter:         122 Best Cost:  -3655.64012202980      Best Param:
   1.70106246467309        1.24553836318973      -0.976082384217742     
   1.12382061707084      -0.484020333801873       -1.55030914598255     
 Iter:         123 Best Cost:  -3655.64012202980      Best Param:
   1.70106246467309        1.24553836318973      -0.976082384217742     
   1.12382061707084      -0.484020333801873       -1.55030914598255     
 Iter:         124 Best Cost:  -3655.64012202980      Best Param:
   1.70106246467309        1.24553836318973      -0.976082384217742     
   1.12382061707084      -0.484020333801873       -1.55030914598255     
 Iter:         125 Best Cost:  -3655.64012202980      Best Param:
   1.70106246467309        1.24553836318973      -0.976082384217742     
   1.12382061707084      -0.484020333801873       -1.55030914598255     
 Iter:         126 Best Cost:  -3655.64012202980      Best Param:
   1.70106246467309        1.24553836318973      -0.976082384217742     
   1.12382061707084      -0.484020333801873       -1.55030914598255     
 Iter:         127 Best Cost:  -3655.64012202980      Best Param:
   1.70106246467309        1.24553836318973      -0.976082384217742     
   1.12382061707084      -0.484020333801873       -1.55030914598255     
 Iter:         128 Best Cost:  -3655.64012202980      Best Param:
   1.70106246467309        1.24553836318973      -0.976082384217742     
   1.12382061707084      -0.484020333801873       -1.55030914598255     
 Iter:         129 Best Cost:  -3655.64012202980      Best Param:
   1.70106246467309        1.24553836318973      -0.976082384217742     
   1.12382061707084      -0.484020333801873       -1.55030914598255     
 Iter:         130 Best Cost:  -3655.64012202980      Best Param:
   1.70106246467309        1.24553836318973      -0.976082384217742     
   1.12382061707084      -0.484020333801873       -1.55030914598255     
 Iter:         131 Best Cost:  -3655.64012202980      Best Param:
   1.70106246467309        1.24553836318973      -0.976082384217742     
   1.12382061707084      -0.484020333801873       -1.55030914598255     
 Iter:         132 Best Cost:  -3655.64012202980      Best Param:
   1.70106246467309        1.24553836318973      -0.976082384217742     
   1.12382061707084      -0.484020333801873       -1.55030914598255     
 Iter:         133 Best Cost:  -3655.64012202980      Best Param:
   1.70106246467309        1.24553836318973      -0.976082384217742     
   1.12382061707084      -0.484020333801873       -1.55030914598255     
 Iter:         134 Best Cost:  -3655.64012202980      Best Param:
   1.70106246467309        1.24553836318973      -0.976082384217742     
   1.12382061707084      -0.484020333801873       -1.55030914598255     
 Iter:         135 Best Cost:  -3655.64012202980      Best Param:
   1.70106246467309        1.24553836318973      -0.976082384217742     
   1.12382061707084      -0.484020333801873       -1.55030914598255     
 Iter:         136 Best Cost:  -3655.64012202980      Best Param:
   1.70106246467309        1.24553836318973      -0.976082384217742     
   1.12382061707084      -0.484020333801873       -1.55030914598255     
 Iter:         137 Best Cost:  -3655.64012202980      Best Param:
   1.70106246467309        1.24553836318973      -0.976082384217742     
   1.12382061707084      -0.484020333801873       -1.55030914598255     
 Iter:         138 Best Cost:  -3655.64012202980      Best Param:
   1.70106246467309        1.24553836318973      -0.976082384217742     
   1.12382061707084      -0.484020333801873       -1.55030914598255     
 Iter:         139 Best Cost:  -3655.64012202980      Best Param:
   1.70106246467309        1.24553836318973      -0.976082384217742     
   1.12382061707084      -0.484020333801873       -1.55030914598255     
 Iter:         140 Best Cost:  -3655.64012202980      Best Param:
   1.70106246467309        1.24553836318973      -0.976082384217742     
   1.12382061707084      -0.484020333801873       -1.55030914598255     
 Iter:         141 Best Cost:  -3655.64012202980      Best Param:
   1.70106246467309        1.24553836318973      -0.976082384217742     
   1.12382061707084      -0.484020333801873       -1.55030914598255     
 Iter:         142 Best Cost:  -3655.64012202980      Best Param:
   1.70106246467309        1.24553836318973      -0.976082384217742     
   1.12382061707084      -0.484020333801873       -1.55030914598255     
 Iter:         143 Best Cost:  -3655.64012202980      Best Param:
   1.70106246467309        1.24553836318973      -0.976082384217742     
   1.12382061707084      -0.484020333801873       -1.55030914598255     
 Iter:         144 Best Cost:  -3655.64012202980      Best Param:
   1.70106246467309        1.24553836318973      -0.976082384217742     
   1.12382061707084      -0.484020333801873       -1.55030914598255     
 Iter:         145 Best Cost:  -3655.64012202980      Best Param:
   1.70106246467309        1.24553836318973      -0.976082384217742     
   1.12382061707084      -0.484020333801873       -1.55030914598255     
 Iter:         146 Best Cost:  -3655.64012202980      Best Param:
   1.70106246467309        1.24553836318973      -0.976082384217742     
   1.12382061707084      -0.484020333801873       -1.55030914598255     
 Iter:         147 Best Cost:  -3655.64012202980      Best Param:
   1.70106246467309        1.24553836318973      -0.976082384217742     
   1.12382061707084      -0.484020333801873       -1.55030914598255     
 Iter:         148 Best Cost:  -3655.64012202980      Best Param:
   1.70106246467309        1.24553836318973      -0.976082384217742     
   1.12382061707084      -0.484020333801873       -1.55030914598255     
 Iter:         149 Best Cost:  -3655.64012202980      Best Param:
   1.70106246467309        1.24553836318973      -0.976082384217742     
   1.12382061707084      -0.484020333801873       -1.55030914598255     
 Iter:         150 Best Cost:  -3655.64012202980      Best Param:
   1.70106246467309        1.24553836318973      -0.976082384217742     
   1.12382061707084      -0.484020333801873       -1.55030914598255     
 Iter:         151 Best Cost:  -3655.64012202980      Best Param:
   1.70106246467309        1.24553836318973      -0.976082384217742     
   1.12382061707084      -0.484020333801873       -1.55030914598255     
 Iter:         152 Best Cost:  -3655.64012202980      Best Param:
   1.70106246467309        1.24553836318973      -0.976082384217742     
   1.12382061707084      -0.484020333801873       -1.55030914598255     
 Iter:         153 Best Cost:  -3655.64012202980      Best Param:
   1.70106246467309        1.24553836318973      -0.976082384217742     
   1.12382061707084      -0.484020333801873       -1.55030914598255     
 Iter:         154 Best Cost:  -3655.64012202980      Best Param:
   1.70106246467309        1.24553836318973      -0.976082384217742     
   1.12382061707084      -0.484020333801873       -1.55030914598255     
 Iter:         155 Best Cost:  -3655.64012202980      Best Param:
   1.70106246467309        1.24553836318973      -0.976082384217742     
   1.12382061707084      -0.484020333801873       -1.55030914598255     
 Iter:         156 Best Cost:  -3655.64012202980      Best Param:
   1.70106246467309        1.24553836318973      -0.976082384217742     
   1.12382061707084      -0.484020333801873       -1.55030914598255     
 Iter:         157 Best Cost:  -3655.64012202980      Best Param:
   1.70106246467309        1.24553836318973      -0.976082384217742     
   1.12382061707084      -0.484020333801873       -1.55030914598255     
 Iter:         158 Best Cost:  -3655.64012202980      Best Param:
   1.70106246467309        1.24553836318973      -0.976082384217742     
   1.12382061707084      -0.484020333801873       -1.55030914598255     
 Iter:         159 Best Cost:  -3655.64012202980      Best Param:
   1.70106246467309        1.24553836318973      -0.976082384217742     
   1.12382061707084      -0.484020333801873       -1.55030914598255     
 Iter:         160 Best Cost:  -3655.64012202980      Best Param:
   1.70106246467309        1.24553836318973      -0.976082384217742     
   1.12382061707084      -0.484020333801873       -1.55030914598255     
 Iter:         161 Best Cost:  -3655.64012202980      Best Param:
   1.70106246467309        1.24553836318973      -0.976082384217742     
   1.12382061707084      -0.484020333801873       -1.55030914598255     
 Iter:         162 Best Cost:  -3655.64012202980      Best Param:
   1.70106246467309        1.24553836318973      -0.976082384217742     
   1.12382061707084      -0.484020333801873       -1.55030914598255     
 Iter:         163 Best Cost:  -3655.64012202980      Best Param:
   1.70106246467309        1.24553836318973      -0.976082384217742     
   1.12382061707084      -0.484020333801873       -1.55030914598255     
 Iter:         164 Best Cost:  -3655.64012202980      Best Param:
   1.70106246467309        1.24553836318973      -0.976082384217742     
   1.12382061707084      -0.484020333801873       -1.55030914598255     
 Iter:         165 Best Cost:  -3655.64012202980      Best Param:
   1.70106246467309        1.24553836318973      -0.976082384217742     
   1.12382061707084      -0.484020333801873       -1.55030914598255     
 Iter:         166 Best Cost:  -3655.64012202980      Best Param:
   1.70106246467309        1.24553836318973      -0.976082384217742     
   1.12382061707084      -0.484020333801873       -1.55030914598255     
 Iter:         167 Best Cost:  -3655.64012202980      Best Param:
   1.70106246467309        1.24553836318973      -0.976082384217742     
   1.12382061707084      -0.484020333801873       -1.55030914598255     
 Iter:         168 Best Cost:  -3655.64012202980      Best Param:
   1.70106246467309        1.24553836318973      -0.976082384217742     
   1.12382061707084      -0.484020333801873       -1.55030914598255     
 Iter:         169 Best Cost:  -3655.64012202980      Best Param:
   1.70106246467309        1.24553836318973      -0.976082384217742     
   1.12382061707084      -0.484020333801873       -1.55030914598255     
 Iter:         170 Best Cost:  -3655.64012202980      Best Param:
   1.70106246467309        1.24553836318973      -0.976082384217742     
   1.12382061707084      -0.484020333801873       -1.55030914598255     
 Best Cost:  -3655.64012202980     
 Best Params:   1.70106246467309        1.24553836318973     
 -0.976082384217742        1.12382061707084      -0.484020333801873     
  -1.55030914598255     
 Opt Time Taken =    8.90679999999702       seconds.
 Time Taken =    9.00750000000698       seconds.
