 Starting ferebus
 Reading command line arguments
 Reading config
Systems (n= 1)
System name                  AMMONIA
nAtoms                           4
nFeats                           6
Atoms
 - Name                      N1
  - ALF                      1 2 3
Mean Config
 - Type                      Constant
PSO Config
 - Search Min                .000000000000000
 - Search Max                3.000000000000000
 - Swarm Size                50
 - Iterations                1000
 - Inertia Weight            .7290000000000000
 - Coginitive Learning Rate  1.494000000000000
 - Social Learning Rate      1.494000000000000
 - Variant                   Global
 - Parameter Updater         Constant
 - Stopping Criteria         Relative Change
    - Stall Iterations       50
    - Tolerance              .1000000000000000E-07
RBF Config
 - Name                      k1
Notes
 - method                    B3LYP
 - basis-set                 6-31+g(d,p)
 Reading training set file: AMMONIA_N1_TRAINING_SET.csv
 initialising model
 Kernel AST: Var(k1)
 initialising pso
 running pso
 Iter:           1 Best Cost:  -1875.13270908141      Best Param:
  0.000000000000000E+000  0.000000000000000E+000  0.000000000000000E+000
  0.000000000000000E+000  0.000000000000000E+000  0.000000000000000E+000
 Iter:           2 Best Cost:  -2554.90978572720      Best Param:
 -0.690209324542694      -0.895375738710607       -1.59566013130157     
  -1.89908896717277       -1.93194579492366      -0.649392104385346     
 Iter:           3 Best Cost:  -2733.79789880140      Best Param:
 -0.474990030683192       -1.27415698146438       -2.38219776205927     
 -0.846353477444797       -2.33566950850055      -0.785963749832516     
 Iter:           4 Best Cost:  -2842.11902642180      Best Param:
 -0.971776927603802       -1.47069101942943       -3.87804241281135     
  -1.36534951303412       -2.54956154306113       -1.66701546935509     
 Iter:           5 Best Cost:  -2912.47780309267      Best Param:
  -1.20297814150996      -0.837041573035175       -3.91967680641555     
 -0.745155824595640       -1.88592031833028       -2.13346443120963     
 Iter:           6 Best Cost:  -2912.47780309267      Best Param:
  -1.20297814150996      -0.837041573035175       -3.91967680641555     
 -0.745155824595640       -1.88592031833028       -2.13346443120963     
 Iter:           7 Best Cost:  -2947.71851714056      Best Param:
  -1.08110667986437      -0.875851956999757       -3.12104199693112     
 -0.289919169924239       -2.82984514214398       -2.27919564835014     
 Iter:           8 Best Cost:  -2947.71851714056      Best Param:
  -1.08110667986437      -0.875851956999757       -3.12104199693112     
 -0.289919169924239       -2.82984514214398       -2.27919564835014     
 Iter:           9 Best Cost:  -2981.64437755458      Best Param:
  -1.02385984987123       -1.15449720444484       -2.36119067305961     
 -0.516829751410330       -3.05939622531656       -2.65296940569931     
 Iter:          10 Best Cost:  -2986.03850035451      Best Param:
  -1.00829823494538       -1.09280724594778       -2.49503284477692     
 -0.366894670217618       -2.98798271543403       -2.77152161288996     
 Iter:          11 Best Cost:  -2990.67285714798      Best Param:
 -0.906087596250980       -1.00587784057383       -2.60009054722853     
 -0.769728537478957       -2.12045121515080       -2.85535459604981     
 Iter:          12 Best Cost:  -2990.67285714798      Best Param:
 -0.906087596250980       -1.00587784057383       -2.60009054722853     
 -0.769728537478957       -2.12045121515080       -2.85535459604981     
 Iter:          13 Best Cost:  -2992.55550592469      Best Param:
 -0.855122582554286       -1.21766296057650       -2.69960460508177     
 -0.414671076389994       -2.73897595893660       -2.96967845610730     
 Iter:          14 Best Cost:  -2995.47157559953      Best Param:
 -0.849256095554590       -1.14423680363175       -2.25888548620295     
 -0.372005034265172       -2.74299673201663       -2.98295448232670     
 Iter:          15 Best Cost:  -2996.87656343243      Best Param:
 -0.747698544339376       -1.12853419943794       -2.17632389024005     
 -0.600100333267640       -2.42876115347202       -2.96814626388602     
 Iter:          16 Best Cost:  -2997.36102403557      Best Param:
 -0.713929416913695       -1.05237970605508       -2.36516947263777     
 -0.862331825892658       -2.45506262369833       -3.12196693232314     
 Iter:          17 Best Cost:  -2997.36102403557      Best Param:
 -0.713929416913695       -1.05237970605508       -2.36516947263777     
 -0.862331825892658       -2.45506262369833       -3.12196693232314     
 Iter:          18 Best Cost:  -2997.36102403557      Best Param:
 -0.713929416913695       -1.05237970605508       -2.36516947263777     
 -0.862331825892658       -2.45506262369833       -3.12196693232314     
 Iter:          19 Best Cost:  -2997.56638523521      Best Param:
 -0.878750457515784       -1.13607227665933       -2.26596764839414     
 -0.651569083000506       -2.58447470075374       -3.08728346836280     
 Iter:          20 Best Cost:  -2998.93688463521      Best Param:
 -0.709375014888961      -0.972650817032912       -2.42138501841385     
 -0.663533403573492       -2.44132218599944       -2.92654632258570     
 Iter:          21 Best Cost:  -2998.93688463521      Best Param:
 -0.709375014888961      -0.972650817032912       -2.42138501841385     
 -0.663533403573492       -2.44132218599944       -2.92654632258570     
 Iter:          22 Best Cost:  -2998.93688463521      Best Param:
 -0.709375014888961      -0.972650817032912       -2.42138501841385     
 -0.663533403573492       -2.44132218599944       -2.92654632258570     
 Iter:          23 Best Cost:  -2999.51957412425      Best Param:
 -0.696808998816659      -0.997458314723629       -2.54106484200514     
 -0.719239295972838       -2.32511765228491       -2.96244472094995     
 Iter:          24 Best Cost:  -2999.51957412425      Best Param:
 -0.696808998816659      -0.997458314723629       -2.54106484200514     
 -0.719239295972838       -2.32511765228491       -2.96244472094995     
 Iter:          25 Best Cost:  -3001.53735508162      Best Param:
 -0.703248968315126      -0.961584135865444       -2.51255729480858     
 -0.610595774898574       -2.63213071568564       -3.04672704017187     
 Iter:          26 Best Cost:  -3001.53735508162      Best Param:
 -0.703248968315126      -0.961584135865444       -2.51255729480858     
 -0.610595774898574       -2.63213071568564       -3.04672704017187     
 Iter:          27 Best Cost:  -3001.53735508162      Best Param:
 -0.703248968315126      -0.961584135865444       -2.51255729480858     
 -0.610595774898574       -2.63213071568564       -3.04672704017187     
 Iter:          28 Best Cost:  -3001.53735508162      Best Param:
 -0.703248968315126      -0.961584135865444       -2.51255729480858     
 -0.610595774898574       -2.63213071568564       -3.04672704017187     
 Iter:          29 Best Cost:  -3001.62884564790      Best Param:
 -0.702875005223525       -1.02526997427989       -2.53456119398191     
 -0.676850154653800       -2.55816861223082       -2.93800655743553     
 Iter:          30 Best Cost:  -3001.83054994962      Best Param:
 -0.715818907423348       -1.05570664155639       -2.42537297614937     
 -0.682876778245394       -2.67342629872489       -2.94701210602416     
 Iter:          31 Best Cost:  -3001.83054994962      Best Param:
 -0.715818907423348       -1.05570664155639       -2.42537297614937     
 -0.682876778245394       -2.67342629872489       -2.94701210602416     
 Iter:          32 Best Cost:  -3001.83054994962      Best Param:
 -0.715818907423348       -1.05570664155639       -2.42537297614937     
 -0.682876778245394       -2.67342629872489       -2.94701210602416     
 Iter:          33 Best Cost:  -3001.86815345277      Best Param:
 -0.716541289933276       -1.03855546530364       -2.49949063128141     
 -0.683108322307718       -2.60380100280807       -2.94388413728993     
 Iter:          34 Best Cost:  -3001.86815345277      Best Param:
 -0.716541289933276       -1.03855546530364       -2.49949063128141     
 -0.683108322307718       -2.60380100280807       -2.94388413728993     
 Iter:          35 Best Cost:  -3002.03113667828      Best Param:
 -0.710763186469356       -1.04451394895479       -2.51131087649530     
 -0.663241358120605       -2.67804523505324       -2.97382677757057     
 Iter:          36 Best Cost:  -3002.03113667828      Best Param:
 -0.710763186469356       -1.04451394895479       -2.51131087649530     
 -0.663241358120605       -2.67804523505324       -2.97382677757057     
 Iter:          37 Best Cost:  -3002.12812233096      Best Param:
 -0.739360866061250       -1.02516708492771       -2.49757390638130     
 -0.653793737333397       -2.65675092705446       -2.98381462543118     
 Iter:          38 Best Cost:  -3002.17368055375      Best Param:
 -0.732311081651917      -0.998150361076107       -2.50692758712951     
 -0.643995477682627       -2.57105443824123       -3.00016441006083     
 Iter:          39 Best Cost:  -3002.17368055375      Best Param:
 -0.732311081651917      -0.998150361076107       -2.50692758712951     
 -0.643995477682627       -2.57105443824123       -3.00016441006083     
 Iter:          40 Best Cost:  -3002.17368055375      Best Param:
 -0.732311081651917      -0.998150361076107       -2.50692758712951     
 -0.643995477682627       -2.57105443824123       -3.00016441006083     
 Iter:          41 Best Cost:  -3002.17368055375      Best Param:
 -0.732311081651917      -0.998150361076107       -2.50692758712951     
 -0.643995477682627       -2.57105443824123       -3.00016441006083     
 Iter:          42 Best Cost:  -3002.17368055375      Best Param:
 -0.732311081651917      -0.998150361076107       -2.50692758712951     
 -0.643995477682627       -2.57105443824123       -3.00016441006083     
 Iter:          43 Best Cost:  -3002.17368055375      Best Param:
 -0.732311081651917      -0.998150361076107       -2.50692758712951     
 -0.643995477682627       -2.57105443824123       -3.00016441006083     
 Iter:          44 Best Cost:  -3002.23592751198      Best Param:
 -0.725426980521569       -1.00796988929949       -2.47217341366733     
 -0.648936669110063       -2.64693513808187       -2.98651296063766     
 Iter:          45 Best Cost:  -3002.23592751198      Best Param:
 -0.725426980521569       -1.00796988929949       -2.47217341366733     
 -0.648936669110063       -2.64693513808187       -2.98651296063766     
 Iter:          46 Best Cost:  -3002.23814926847      Best Param:
 -0.724789214995106       -1.00263389602599       -2.47111066051258     
 -0.648860369722543       -2.65051001619946       -2.98452184138355     
 Iter:          47 Best Cost:  -3002.23814926847      Best Param:
 -0.724789214995106       -1.00263389602599       -2.47111066051258     
 -0.648860369722543       -2.65051001619946       -2.98452184138355     
 Iter:          48 Best Cost:  -3002.24731034467      Best Param:
 -0.729271332089746       -1.00163033061794       -2.49487661975708     
 -0.648973932012480       -2.64409444687917       -2.98474550448099     
 Iter:          49 Best Cost:  -3002.24731034467      Best Param:
 -0.729271332089746       -1.00163033061794       -2.49487661975708     
 -0.648973932012480       -2.64409444687917       -2.98474550448099     
 Iter:          50 Best Cost:  -3002.24731034467      Best Param:
 -0.729271332089746       -1.00163033061794       -2.49487661975708     
 -0.648973932012480       -2.64409444687917       -2.98474550448099     
 Iter:          51 Best Cost:  -3002.24731034467      Best Param:
 -0.729271332089746       -1.00163033061794       -2.49487661975708     
 -0.648973932012480       -2.64409444687917       -2.98474550448099     
 Iter:          52 Best Cost:  -3002.26285799228      Best Param:
 -0.714757566198890       -1.00029677130449       -2.50237670559204     
 -0.647803812140384       -2.64787469348841       -2.98354642152605     
 Iter:          53 Best Cost:  -3002.26285799228      Best Param:
 -0.714757566198890       -1.00029677130449       -2.50237670559204     
 -0.647803812140384       -2.64787469348841       -2.98354642152605     
 Iter:          54 Best Cost:  -3002.26285799228      Best Param:
 -0.714757566198890       -1.00029677130449       -2.50237670559204     
 -0.647803812140384       -2.64787469348841       -2.98354642152605     
 Iter:          55 Best Cost:  -3002.26285799228      Best Param:
 -0.714757566198890       -1.00029677130449       -2.50237670559204     
 -0.647803812140384       -2.64787469348841       -2.98354642152605     
 Iter:          56 Best Cost:  -3002.26285799228      Best Param:
 -0.714757566198890       -1.00029677130449       -2.50237670559204     
 -0.647803812140384       -2.64787469348841       -2.98354642152605     
 Iter:          57 Best Cost:  -3002.26285799228      Best Param:
 -0.714757566198890       -1.00029677130449       -2.50237670559204     
 -0.647803812140384       -2.64787469348841       -2.98354642152605     
 Iter:          58 Best Cost:  -3002.26285799228      Best Param:
 -0.714757566198890       -1.00029677130449       -2.50237670559204     
 -0.647803812140384       -2.64787469348841       -2.98354642152605     
 Iter:          59 Best Cost:  -3002.26285799228      Best Param:
 -0.714757566198890       -1.00029677130449       -2.50237670559204     
 -0.647803812140384       -2.64787469348841       -2.98354642152605     
 Iter:          60 Best Cost:  -3002.26760206542      Best Param:
 -0.716303725975497       -1.00104216090282       -2.50706804593471     
 -0.650188154635222       -2.62471691792112       -2.98354616803025     
 Iter:          61 Best Cost:  -3002.26760206542      Best Param:
 -0.716303725975497       -1.00104216090282       -2.50706804593471     
 -0.650188154635222       -2.62471691792112       -2.98354616803025     
 Iter:          62 Best Cost:  -3002.26823489520      Best Param:
 -0.716315427928933      -0.996159062306773       -2.50731428443625     
 -0.651179712321123       -2.62488723386422       -2.98392193393409     
 Iter:          63 Best Cost:  -3002.26823489520      Best Param:
 -0.716315427928933      -0.996159062306773       -2.50731428443625     
 -0.651179712321123       -2.62488723386422       -2.98392193393409     
 Iter:          64 Best Cost:  -3002.27048555146      Best Param:
 -0.716347754602197      -0.998543693685194       -2.50839018921353     
 -0.649559004346203       -2.63151032002945       -2.98452717770041     
 Iter:          65 Best Cost:  -3002.27048555146      Best Param:
 -0.716347754602197      -0.998543693685194       -2.50839018921353     
 -0.649559004346203       -2.63151032002945       -2.98452717770041     
 Iter:          66 Best Cost:  -3002.27048555146      Best Param:
 -0.716347754602197      -0.998543693685194       -2.50839018921353     
 -0.649559004346203       -2.63151032002945       -2.98452717770041     
 Iter:          67 Best Cost:  -3002.27048555146      Best Param:
 -0.716347754602197      -0.998543693685194       -2.50839018921353     
 -0.649559004346203       -2.63151032002945       -2.98452717770041     
 Iter:          68 Best Cost:  -3002.27048555146      Best Param:
 -0.716347754602197      -0.998543693685194       -2.50839018921353     
 -0.649559004346203       -2.63151032002945       -2.98452717770041     
 Iter:          69 Best Cost:  -3002.27084866274      Best Param:
 -0.717287580428652      -0.997673920208772       -2.51304429134750     
 -0.649592532121665       -2.63097379254728       -2.98442893575946     
 Iter:          70 Best Cost:  -3002.27084866274      Best Param:
 -0.717287580428652      -0.997673920208772       -2.51304429134750     
 -0.649592532121665       -2.63097379254728       -2.98442893575946     
 Iter:          71 Best Cost:  -3002.27084866274      Best Param:
 -0.717287580428652      -0.997673920208772       -2.51304429134750     
 -0.649592532121665       -2.63097379254728       -2.98442893575946     
 Iter:          72 Best Cost:  -3002.27084866274      Best Param:
 -0.717287580428652      -0.997673920208772       -2.51304429134750     
 -0.649592532121665       -2.63097379254728       -2.98442893575946     
 Iter:          73 Best Cost:  -3002.27084866274      Best Param:
 -0.717287580428652      -0.997673920208772       -2.51304429134750     
 -0.649592532121665       -2.63097379254728       -2.98442893575946     
 Iter:          74 Best Cost:  -3002.27084866274      Best Param:
 -0.717287580428652      -0.997673920208772       -2.51304429134750     
 -0.649592532121665       -2.63097379254728       -2.98442893575946     
 Iter:          75 Best Cost:  -3002.27084866274      Best Param:
 -0.717287580428652      -0.997673920208772       -2.51304429134750     
 -0.649592532121665       -2.63097379254728       -2.98442893575946     
 Iter:          76 Best Cost:  -3002.27084866274      Best Param:
 -0.717287580428652      -0.997673920208772       -2.51304429134750     
 -0.649592532121665       -2.63097379254728       -2.98442893575946     
 Iter:          77 Best Cost:  -3002.27084866274      Best Param:
 -0.717287580428652      -0.997673920208772       -2.51304429134750     
 -0.649592532121665       -2.63097379254728       -2.98442893575946     
 Iter:          78 Best Cost:  -3002.27085503736      Best Param:
 -0.715522167615373      -0.998536888888316       -2.51222464531290     
 -0.650606461920251       -2.63292046550608       -2.98374923205508     
 Iter:          79 Best Cost:  -3002.27121176843      Best Param:
 -0.716188566067717      -0.996546403906652       -2.50900002172429     
 -0.650096091973916       -2.63077829174852       -2.98382739589975     
 Iter:          80 Best Cost:  -3002.27121176843      Best Param:
 -0.716188566067717      -0.996546403906652       -2.50900002172429     
 -0.650096091973916       -2.63077829174852       -2.98382739589975     
 Iter:          81 Best Cost:  -3002.27121176843      Best Param:
 -0.716188566067717      -0.996546403906652       -2.50900002172429     
 -0.650096091973916       -2.63077829174852       -2.98382739589975     
 Iter:          82 Best Cost:  -3002.27121176843      Best Param:
 -0.716188566067717      -0.996546403906652       -2.50900002172429     
 -0.650096091973916       -2.63077829174852       -2.98382739589975     
 Iter:          83 Best Cost:  -3002.27121176843      Best Param:
 -0.716188566067717      -0.996546403906652       -2.50900002172429     
 -0.650096091973916       -2.63077829174852       -2.98382739589975     
 Iter:          84 Best Cost:  -3002.27121176843      Best Param:
 -0.716188566067717      -0.996546403906652       -2.50900002172429     
 -0.650096091973916       -2.63077829174852       -2.98382739589975     
 Iter:          85 Best Cost:  -3002.27121176843      Best Param:
 -0.716188566067717      -0.996546403906652       -2.50900002172429     
 -0.650096091973916       -2.63077829174852       -2.98382739589975     
 Iter:          86 Best Cost:  -3002.27123990648      Best Param:
 -0.714924111195579      -0.996149377094850       -2.50902762099722     
 -0.653061810662337       -2.63002097886760       -2.98392826956225     
 Iter:          87 Best Cost:  -3002.27138328882      Best Param:
 -0.715020656031714      -0.996155980613075       -2.51489527597707     
 -0.650675747287170       -2.63021178256491       -2.98364904632663     
 Iter:          88 Best Cost:  -3002.27138328882      Best Param:
 -0.715020656031714      -0.996155980613075       -2.51489527597707     
 -0.650675747287170       -2.63021178256491       -2.98364904632663     
 Iter:          89 Best Cost:  -3002.27138328882      Best Param:
 -0.715020656031714      -0.996155980613075       -2.51489527597707     
 -0.650675747287170       -2.63021178256491       -2.98364904632663     
 Iter:          90 Best Cost:  -3002.27138328882      Best Param:
 -0.715020656031714      -0.996155980613075       -2.51489527597707     
 -0.650675747287170       -2.63021178256491       -2.98364904632663     
 Iter:          91 Best Cost:  -3002.27138806787      Best Param:
 -0.715875580955526      -0.996403077489543       -2.51272030300322     
 -0.652598294346607       -2.63090976619507       -2.98407709510572     
 Iter:          92 Best Cost:  -3002.27157693648      Best Param:
 -0.715369464713796      -0.995789430182247       -2.51458155211413     
 -0.652472312120751       -2.63054410438676       -2.98389600595177     
 Iter:          93 Best Cost:  -3002.27157693648      Best Param:
 -0.715369464713796      -0.995789430182247       -2.51458155211413     
 -0.652472312120751       -2.63054410438676       -2.98389600595177     
 Iter:          94 Best Cost:  -3002.27166800819      Best Param:
 -0.715106412632088      -0.997307953970899       -2.51527722830344     
 -0.652637275166979       -2.63008814554686       -2.98281353995711     
 Iter:          95 Best Cost:  -3002.27169414371      Best Param:
 -0.716176944299662      -0.996920751983688       -2.51552142148408     
 -0.651513055680141       -2.63049449226798       -2.98260436645836     
 Iter:          96 Best Cost:  -3002.27169414371      Best Param:
 -0.716176944299662      -0.996920751983688       -2.51552142148408     
 -0.651513055680141       -2.63049449226798       -2.98260436645836     
 Iter:          97 Best Cost:  -3002.27170436678      Best Param:
 -0.715729373745723      -0.997899858516372       -2.51472849287254     
 -0.651568724002497       -2.63073376537195       -2.98285667405073     
 Iter:          98 Best Cost:  -3002.27170436678      Best Param:
 -0.715729373745723      -0.997899858516372       -2.51472849287254     
 -0.651568724002497       -2.63073376537195       -2.98285667405073     
 Iter:          99 Best Cost:  -3002.27170436678      Best Param:
 -0.715729373745723      -0.997899858516372       -2.51472849287254     
 -0.651568724002497       -2.63073376537195       -2.98285667405073     
 Iter:         100 Best Cost:  -3002.27181368399      Best Param:
 -0.715628331374075      -0.997421181535828       -2.51391586948406     
 -0.652268287674662       -2.62896971379961       -2.98276238471971     
 Iter:         101 Best Cost:  -3002.27181368399      Best Param:
 -0.715628331374075      -0.997421181535828       -2.51391586948406     
 -0.652268287674662       -2.62896971379961       -2.98276238471971     
 Iter:         102 Best Cost:  -3002.27181368399      Best Param:
 -0.715628331374075      -0.997421181535828       -2.51391586948406     
 -0.652268287674662       -2.62896971379961       -2.98276238471971     
 Iter:         103 Best Cost:  -3002.27181368399      Best Param:
 -0.715628331374075      -0.997421181535828       -2.51391586948406     
 -0.652268287674662       -2.62896971379961       -2.98276238471971     
 Iter:         104 Best Cost:  -3002.27181368399      Best Param:
 -0.715628331374075      -0.997421181535828       -2.51391586948406     
 -0.652268287674662       -2.62896971379961       -2.98276238471971     
 Iter:         105 Best Cost:  -3002.27181368399      Best Param:
 -0.715628331374075      -0.997421181535828       -2.51391586948406     
 -0.652268287674662       -2.62896971379961       -2.98276238471971     
 Iter:         106 Best Cost:  -3002.27181368399      Best Param:
 -0.715628331374075      -0.997421181535828       -2.51391586948406     
 -0.652268287674662       -2.62896971379961       -2.98276238471971     
 Iter:         107 Best Cost:  -3002.27181368399      Best Param:
 -0.715628331374075      -0.997421181535828       -2.51391586948406     
 -0.652268287674662       -2.62896971379961       -2.98276238471971     
 Iter:         108 Best Cost:  -3002.27209023302      Best Param:
 -0.715187934762674      -0.997277925978990       -2.51362478599006     
 -0.652783631837130       -2.62833127679322       -2.98419464171989     
 Iter:         109 Best Cost:  -3002.27209023302      Best Param:
 -0.715187934762674      -0.997277925978990       -2.51362478599006     
 -0.652783631837130       -2.62833127679322       -2.98419464171989     
 Iter:         110 Best Cost:  -3002.27209023302      Best Param:
 -0.715187934762674      -0.997277925978990       -2.51362478599006     
 -0.652783631837130       -2.62833127679322       -2.98419464171989     
 Iter:         111 Best Cost:  -3002.27209023302      Best Param:
 -0.715187934762674      -0.997277925978990       -2.51362478599006     
 -0.652783631837130       -2.62833127679322       -2.98419464171989     
 Iter:         112 Best Cost:  -3002.27209023302      Best Param:
 -0.715187934762674      -0.997277925978990       -2.51362478599006     
 -0.652783631837130       -2.62833127679322       -2.98419464171989     
 Iter:         113 Best Cost:  -3002.27209023302      Best Param:
 -0.715187934762674      -0.997277925978990       -2.51362478599006     
 -0.652783631837130       -2.62833127679322       -2.98419464171989     
 Iter:         114 Best Cost:  -3002.27209023302      Best Param:
 -0.715187934762674      -0.997277925978990       -2.51362478599006     
 -0.652783631837130       -2.62833127679322       -2.98419464171989     
 Iter:         115 Best Cost:  -3002.27209023302      Best Param:
 -0.715187934762674      -0.997277925978990       -2.51362478599006     
 -0.652783631837130       -2.62833127679322       -2.98419464171989     
 Iter:         116 Best Cost:  -3002.27209023302      Best Param:
 -0.715187934762674      -0.997277925978990       -2.51362478599006     
 -0.652783631837130       -2.62833127679322       -2.98419464171989     
 Iter:         117 Best Cost:  -3002.27209023302      Best Param:
 -0.715187934762674      -0.997277925978990       -2.51362478599006     
 -0.652783631837130       -2.62833127679322       -2.98419464171989     
 Iter:         118 Best Cost:  -3002.27209023302      Best Param:
 -0.715187934762674      -0.997277925978990       -2.51362478599006     
 -0.652783631837130       -2.62833127679322       -2.98419464171989     
 Iter:         119 Best Cost:  -3002.27209023302      Best Param:
 -0.715187934762674      -0.997277925978990       -2.51362478599006     
 -0.652783631837130       -2.62833127679322       -2.98419464171989     
 Iter:         120 Best Cost:  -3002.27209023302      Best Param:
 -0.715187934762674      -0.997277925978990       -2.51362478599006     
 -0.652783631837130       -2.62833127679322       -2.98419464171989     
 Iter:         121 Best Cost:  -3002.27209023302      Best Param:
 -0.715187934762674      -0.997277925978990       -2.51362478599006     
 -0.652783631837130       -2.62833127679322       -2.98419464171989     
 Iter:         122 Best Cost:  -3002.27209023302      Best Param:
 -0.715187934762674      -0.997277925978990       -2.51362478599006     
 -0.652783631837130       -2.62833127679322       -2.98419464171989     
 Iter:         123 Best Cost:  -3002.27209023302      Best Param:
 -0.715187934762674      -0.997277925978990       -2.51362478599006     
 -0.652783631837130       -2.62833127679322       -2.98419464171989     
 Iter:         124 Best Cost:  -3002.27209023302      Best Param:
 -0.715187934762674      -0.997277925978990       -2.51362478599006     
 -0.652783631837130       -2.62833127679322       -2.98419464171989     
 Iter:         125 Best Cost:  -3002.27209023302      Best Param:
 -0.715187934762674      -0.997277925978990       -2.51362478599006     
 -0.652783631837130       -2.62833127679322       -2.98419464171989     
 Iter:         126 Best Cost:  -3002.27209023302      Best Param:
 -0.715187934762674      -0.997277925978990       -2.51362478599006     
 -0.652783631837130       -2.62833127679322       -2.98419464171989     
 Iter:         127 Best Cost:  -3002.27211906623      Best Param:
 -0.714282973733809      -0.997197786180676       -2.51392145483528     
 -0.652675604709593       -2.62821839744140       -2.98426700835328     
 Iter:         128 Best Cost:  -3002.27211906623      Best Param:
 -0.714282973733809      -0.997197786180676       -2.51392145483528     
 -0.652675604709593       -2.62821839744140       -2.98426700835328     
 Iter:         129 Best Cost:  -3002.27211906623      Best Param:
 -0.714282973733809      -0.997197786180676       -2.51392145483528     
 -0.652675604709593       -2.62821839744140       -2.98426700835328     
 Iter:         130 Best Cost:  -3002.27211906623      Best Param:
 -0.714282973733809      -0.997197786180676       -2.51392145483528     
 -0.652675604709593       -2.62821839744140       -2.98426700835328     
 Iter:         131 Best Cost:  -3002.27211906623      Best Param:
 -0.714282973733809      -0.997197786180676       -2.51392145483528     
 -0.652675604709593       -2.62821839744140       -2.98426700835328     
 Iter:         132 Best Cost:  -3002.27211906623      Best Param:
 -0.714282973733809      -0.997197786180676       -2.51392145483528     
 -0.652675604709593       -2.62821839744140       -2.98426700835328     
 Iter:         133 Best Cost:  -3002.27211906623      Best Param:
 -0.714282973733809      -0.997197786180676       -2.51392145483528     
 -0.652675604709593       -2.62821839744140       -2.98426700835328     
 Iter:         134 Best Cost:  -3002.27211906623      Best Param:
 -0.714282973733809      -0.997197786180676       -2.51392145483528     
 -0.652675604709593       -2.62821839744140       -2.98426700835328     
 Iter:         135 Best Cost:  -3002.27211906623      Best Param:
 -0.714282973733809      -0.997197786180676       -2.51392145483528     
 -0.652675604709593       -2.62821839744140       -2.98426700835328     
 Iter:         136 Best Cost:  -3002.27211906623      Best Param:
 -0.714282973733809      -0.997197786180676       -2.51392145483528     
 -0.652675604709593       -2.62821839744140       -2.98426700835328     
 Iter:         137 Best Cost:  -3002.27211906623      Best Param:
 -0.714282973733809      -0.997197786180676       -2.51392145483528     
 -0.652675604709593       -2.62821839744140       -2.98426700835328     
 Iter:         138 Best Cost:  -3002.27211906623      Best Param:
 -0.714282973733809      -0.997197786180676       -2.51392145483528     
 -0.652675604709593       -2.62821839744140       -2.98426700835328     
 Iter:         139 Best Cost:  -3002.27211906623      Best Param:
 -0.714282973733809      -0.997197786180676       -2.51392145483528     
 -0.652675604709593       -2.62821839744140       -2.98426700835328     
 Iter:         140 Best Cost:  -3002.27211906623      Best Param:
 -0.714282973733809      -0.997197786180676       -2.51392145483528     
 -0.652675604709593       -2.62821839744140       -2.98426700835328     
 Iter:         141 Best Cost:  -3002.27211906623      Best Param:
 -0.714282973733809      -0.997197786180676       -2.51392145483528     
 -0.652675604709593       -2.62821839744140       -2.98426700835328     
 Iter:         142 Best Cost:  -3002.27211906623      Best Param:
 -0.714282973733809      -0.997197786180676       -2.51392145483528     
 -0.652675604709593       -2.62821839744140       -2.98426700835328     
 Iter:         143 Best Cost:  -3002.27211906623      Best Param:
 -0.714282973733809      -0.997197786180676       -2.51392145483528     
 -0.652675604709593       -2.62821839744140       -2.98426700835328     
 Iter:         144 Best Cost:  -3002.27211906623      Best Param:
 -0.714282973733809      -0.997197786180676       -2.51392145483528     
 -0.652675604709593       -2.62821839744140       -2.98426700835328     
 Iter:         145 Best Cost:  -3002.27211906623      Best Param:
 -0.714282973733809      -0.997197786180676       -2.51392145483528     
 -0.652675604709593       -2.62821839744140       -2.98426700835328     
 Iter:         146 Best Cost:  -3002.27211906623      Best Param:
 -0.714282973733809      -0.997197786180676       -2.51392145483528     
 -0.652675604709593       -2.62821839744140       -2.98426700835328     
 Iter:         147 Best Cost:  -3002.27211906623      Best Param:
 -0.714282973733809      -0.997197786180676       -2.51392145483528     
 -0.652675604709593       -2.62821839744140       -2.98426700835328     
 Iter:         148 Best Cost:  -3002.27211906623      Best Param:
 -0.714282973733809      -0.997197786180676       -2.51392145483528     
 -0.652675604709593       -2.62821839744140       -2.98426700835328     
 Iter:         149 Best Cost:  -3002.27211906623      Best Param:
 -0.714282973733809      -0.997197786180676       -2.51392145483528     
 -0.652675604709593       -2.62821839744140       -2.98426700835328     
 Iter:         150 Best Cost:  -3002.27211906623      Best Param:
 -0.714282973733809      -0.997197786180676       -2.51392145483528     
 -0.652675604709593       -2.62821839744140       -2.98426700835328     
 Iter:         151 Best Cost:  -3002.27211906623      Best Param:
 -0.714282973733809      -0.997197786180676       -2.51392145483528     
 -0.652675604709593       -2.62821839744140       -2.98426700835328     
 Iter:         152 Best Cost:  -3002.27211906623      Best Param:
 -0.714282973733809      -0.997197786180676       -2.51392145483528     
 -0.652675604709593       -2.62821839744140       -2.98426700835328     
 Iter:         153 Best Cost:  -3002.27211906623      Best Param:
 -0.714282973733809      -0.997197786180676       -2.51392145483528     
 -0.652675604709593       -2.62821839744140       -2.98426700835328     
 Iter:         154 Best Cost:  -3002.27211906623      Best Param:
 -0.714282973733809      -0.997197786180676       -2.51392145483528     
 -0.652675604709593       -2.62821839744140       -2.98426700835328     
 Iter:         155 Best Cost:  -3002.27211906623      Best Param:
 -0.714282973733809      -0.997197786180676       -2.51392145483528     
 -0.652675604709593       -2.62821839744140       -2.98426700835328     
 Iter:         156 Best Cost:  -3002.27211906623      Best Param:
 -0.714282973733809      -0.997197786180676       -2.51392145483528     
 -0.652675604709593       -2.62821839744140       -2.98426700835328     
 Iter:         157 Best Cost:  -3002.27211906623      Best Param:
 -0.714282973733809      -0.997197786180676       -2.51392145483528     
 -0.652675604709593       -2.62821839744140       -2.98426700835328     
 Best Cost:  -3002.27211906623     
 Best Params: -0.714282973733809      -0.997197786180676     
  -2.51392145483528      -0.652675604709593       -2.62821839744140     
  -2.98426700835328     
 Opt Time Taken =    8.25810000000638       seconds.
 Time Taken =    8.37080000000424       seconds.
