 Starting ferebus
 Reading command line arguments
 Reading config
Systems (n= 1)
System name                  GLYCINE
nAtoms                          19
nFeats                          51
Atoms
 - Name                      C1
  - ALF                      1 2 4
Mean Config
 - Type                      Constant
PSO Config
 - Search Min                0.
 - Search Max                3.000000000000000
 - Swarm Size                64
 - Iterations                1000
 - Inertia Weight            0.7290000000000000
 - Coginitive Learning Rate  1.494000000000000
 - Social Learning Rate      1.494000000000000
 - Variant                   Global
 - Parameter Updater         Individual Adaptive
    - Min Inertia Weight               0.
    - Max Inertia Weight               1.000000000000000
    - N Inertia Weight                 10
    - Min Cognitive Learning Rate      0.
    - Max Cognitive Learning Rate      4.000000000000000
    - N Cognitive Learning Rate        10
    - Min Social Learning Rate         0.
    - Max Social Learning Rate         4.000000000000000
    - N Social Learning Rate           10
    - Reward Step Length               0.1000000000000000E-01
    - Penalty Step Length              0.1000000000000000E-01
    - Success Threshold                0.5000000000000000
 - Stopping Criteria         Relative Change
    - Stall Iterations       50
    - Tolerance              0.1000000000000000E-07
RBF Config
 - Name                      k1
Notes
 - method                    B3LYP
 - basis-set                 6-31+g(d,p)
 Reading training set file: GLYCINE_C1_TRAINING_SET.csv
 initialising model
 initialising pso
 running pso
 Iter:            1 Best Cost:    182.6759061717457      Best Param: 
   1.2516975402832031E-005   3.6835673370205768E-005   6.1154371337579505E-005 
   8.5473069304953242E-005   1.0979176727232698E-004   6.7949280548873503E-006 
   4.2915347137295612E-005   7.9393394088356217E-005   1.1587144103941682E-004 
   1.5234948799047743E-004   6.1511997756724668E-005   1.0979176582281980E-004 
   1.5842916175756727E-004   2.0706655769231475E-004   2.5570395362706222E-004 
   1.7702581237699633E-004   2.3746492942677833E-004   1.7094613716039930E-004 
   2.4390223106252051E-004   3.1685832496464172E-004   2.6249888168194957E-004 
   3.4725669669910531E-004   1.7774106521528665E-004   2.8681757819981613E-004 
   3.9625171905299794E-004   3.7837032272136639E-004   4.9960618468958273E-004 
   2.3925306297201132E-004   3.9660934402263592E-004   5.5468088081056521E-004 
   5.8543688041368114E-004   7.5531013831664495E-004   4.1627887534900765E-004 
   6.3407427344941425E-004   7.2562701797096452E-004   8.2933911147620165E-004 
   1.0721684632812867E-003   6.7877775703095722E-004   9.8133097014851955E-004 
   9.0336808318625117E-004   1.1161566896760178E-003   1.4684201823342846E-003 
   1.0571480797523236E-003   1.4809371548381023E-003   1.1426211461582625E-003 
   1.5127660336986537E-003   2.0231010631448498E-003   1.6425849601660047E-003 
   2.2362472931547472E-003   1.5589000215072701E-003   2.1468403071480680E-003
 Iter:            2 Best Cost:   -3100.988155575321      Best Param: 
    1.177045962846718        -4.842172958485581        -1.340122723514032      
   -7.059128342792809        0.1941189587522132       -0.3886570944402266      
   -2.305657230160242        0.8944597774600785        0.3575259634496879      
   -1.259260022641142        -2.344154376984545        -2.139172567789810      
   0.2538422253693187        -1.076693518758774       -0.9976286701983235      
   -7.028968259141807        -2.510930332348254        -1.571632227813998      
    1.929753425920619        0.3823147306688852        -3.762780481959926      
   -5.538874800693789        -1.756122993545932         1.746957686388689      
   -6.240027025935028       -0.9665575597358000        0.2047700640602605      
   -6.625922071439460        -4.313236007613757        0.4711985281820794      
  -2.6708911146243963E-002   -1.727407300329639        -2.683335885237202      
   -2.778810964819288        -2.066040579485601       -0.5913674119624535      
   -5.549291614899722        -2.304626716403070        -2.348523173442574      
   -6.051864554154445        -3.553155827984567       -0.6673089710636022      
   -2.218650726726247        -2.222293443899204        -6.154042498593279      
   -1.828998214599097        -2.426459545620973       -0.3476688786483730      
   -5.185226189999634        -3.176753650891839        -3.586133981685038     
 Iter:            3 Best Cost:   -5622.860583785270      Best Param: 
    2.196800389165415        -6.292861397107476         2.134609254268303      
   -5.123901131283843        -1.994132783848615        -2.239021932963451      
   0.5269088377129422        0.6154724802077889        -1.269792650192708      
   -4.970196694629533        -5.511505194565533        -5.507309592818481      
  -0.6290328808402889        -6.745719395475094        -1.865781111797567      
   -6.375985251069593       -0.9765205784999447        -2.693210616673687      
  -0.1024094934930435        0.3021607986402319        -2.763592466019622      
   -2.385940741915680        -7.363644968773224         1.640550198728755      
   -9.299187483785035        5.5668936672286229E-003   -4.285167580427350      
   -19.41353403222980        -5.748498115548116        0.6553229829353988      
   -4.192803632520186        -15.10329381397977        -12.35652812913117      
   -6.046670581110358        -4.070718942241693        -2.171223949135463      
   -27.00963372178198        -1.257676407546735        -6.590893668700358      
   -14.13167897325458        -9.261716324939124        -5.192296042784150      
   -4.782506625271405        -10.88444692609153        -6.911673643703937      
   -5.707112330618729        -8.888924616647023        -1.021253784280792      
   -22.32795706863770        -3.836268940737782        -8.386526794202499     
 Iter:            4 Best Cost:   -5622.860583785270      Best Param: 
    2.196800389165415        -6.292861397107476         2.134609254268303      
   -5.123901131283843        -1.994132783848615        -2.239021932963451      
   0.5269088377129422        0.6154724802077889        -1.269792650192708      
   -4.970196694629533        -5.511505194565533        -5.507309592818481      
  -0.6290328808402889        -6.745719395475094        -1.865781111797567      
   -6.375985251069593       -0.9765205784999447        -2.693210616673687      
  -0.1024094934930435        0.3021607986402319        -2.763592466019622      
   -2.385940741915680        -7.363644968773224         1.640550198728755      
   -9.299187483785035        5.5668936672286229E-003   -4.285167580427350      
   -19.41353403222980        -5.748498115548116        0.6553229829353988      
   -4.192803632520186        -15.10329381397977        -12.35652812913117      
   -6.046670581110358        -4.070718942241693        -2.171223949135463      
   -27.00963372178198        -1.257676407546735        -6.590893668700358      
   -14.13167897325458        -9.261716324939124        -5.192296042784150      
   -4.782506625271405        -10.88444692609153        -6.911673643703937      
   -5.707112330618729        -8.888924616647023        -1.021253784280792      
   -22.32795706863770        -3.836268940737782        -8.386526794202499     
 Iter:            5 Best Cost:   -5622.860583785270      Best Param: 
    2.196800389165415        -6.292861397107476         2.134609254268303      
   -5.123901131283843        -1.994132783848615        -2.239021932963451      
   0.5269088377129422        0.6154724802077889        -1.269792650192708      
   -4.970196694629533        -5.511505194565533        -5.507309592818481      
  -0.6290328808402889        -6.745719395475094        -1.865781111797567      
   -6.375985251069593       -0.9765205784999447        -2.693210616673687      
  -0.1024094934930435        0.3021607986402319        -2.763592466019622      
   -2.385940741915680        -7.363644968773224         1.640550198728755      
   -9.299187483785035        5.5668936672286229E-003   -4.285167580427350      
   -19.41353403222980        -5.748498115548116        0.6553229829353988      
   -4.192803632520186        -15.10329381397977        -12.35652812913117      
   -6.046670581110358        -4.070718942241693        -2.171223949135463      
   -27.00963372178198        -1.257676407546735        -6.590893668700358      
   -14.13167897325458        -9.261716324939124        -5.192296042784150      
   -4.782506625271405        -10.88444692609153        -6.911673643703937      
   -5.707112330618729        -8.888924616647023        -1.021253784280792      
   -22.32795706863770        -3.836268940737782        -8.386526794202499     
 Iter:            6 Best Cost:   -5622.860583785270      Best Param: 
    2.196800389165415        -6.292861397107476         2.134609254268303      
   -5.123901131283843        -1.994132783848615        -2.239021932963451      
   0.5269088377129422        0.6154724802077889        -1.269792650192708      
   -4.970196694629533        -5.511505194565533        -5.507309592818481      
  -0.6290328808402889        -6.745719395475094        -1.865781111797567      
   -6.375985251069593       -0.9765205784999447        -2.693210616673687      
  -0.1024094934930435        0.3021607986402319        -2.763592466019622      
   -2.385940741915680        -7.363644968773224         1.640550198728755      
   -9.299187483785035        5.5668936672286229E-003   -4.285167580427350      
   -19.41353403222980        -5.748498115548116        0.6553229829353988      
   -4.192803632520186        -15.10329381397977        -12.35652812913117      
   -6.046670581110358        -4.070718942241693        -2.171223949135463      
   -27.00963372178198        -1.257676407546735        -6.590893668700358      
   -14.13167897325458        -9.261716324939124        -5.192296042784150      
   -4.782506625271405        -10.88444692609153        -6.911673643703937      
   -5.707112330618729        -8.888924616647023        -1.021253784280792      
   -22.32795706863770        -3.836268940737782        -8.386526794202499     
 Iter:            7 Best Cost:   -5622.860583785270      Best Param: 
    2.196800389165415        -6.292861397107476         2.134609254268303      
   -5.123901131283843        -1.994132783848615        -2.239021932963451      
   0.5269088377129422        0.6154724802077889        -1.269792650192708      
   -4.970196694629533        -5.511505194565533        -5.507309592818481      
  -0.6290328808402889        -6.745719395475094        -1.865781111797567      
   -6.375985251069593       -0.9765205784999447        -2.693210616673687      
  -0.1024094934930435        0.3021607986402319        -2.763592466019622      
   -2.385940741915680        -7.363644968773224         1.640550198728755      
   -9.299187483785035        5.5668936672286229E-003   -4.285167580427350      
   -19.41353403222980        -5.748498115548116        0.6553229829353988      
   -4.192803632520186        -15.10329381397977        -12.35652812913117      
   -6.046670581110358        -4.070718942241693        -2.171223949135463      
   -27.00963372178198        -1.257676407546735        -6.590893668700358      
   -14.13167897325458        -9.261716324939124        -5.192296042784150      
   -4.782506625271405        -10.88444692609153        -6.911673643703937      
   -5.707112330618729        -8.888924616647023        -1.021253784280792      
   -22.32795706863770        -3.836268940737782        -8.386526794202499     
 Iter:            8 Best Cost:   -5622.860583785270      Best Param: 
    2.196800389165415        -6.292861397107476         2.134609254268303      
   -5.123901131283843        -1.994132783848615        -2.239021932963451      
   0.5269088377129422        0.6154724802077889        -1.269792650192708      
   -4.970196694629533        -5.511505194565533        -5.507309592818481      
  -0.6290328808402889        -6.745719395475094        -1.865781111797567      
   -6.375985251069593       -0.9765205784999447        -2.693210616673687      
  -0.1024094934930435        0.3021607986402319        -2.763592466019622      
   -2.385940741915680        -7.363644968773224         1.640550198728755      
   -9.299187483785035        5.5668936672286229E-003   -4.285167580427350      
   -19.41353403222980        -5.748498115548116        0.6553229829353988      
   -4.192803632520186        -15.10329381397977        -12.35652812913117      
   -6.046670581110358        -4.070718942241693        -2.171223949135463      
   -27.00963372178198        -1.257676407546735        -6.590893668700358      
   -14.13167897325458        -9.261716324939124        -5.192296042784150      
   -4.782506625271405        -10.88444692609153        -6.911673643703937      
   -5.707112330618729        -8.888924616647023        -1.021253784280792      
   -22.32795706863770        -3.836268940737782        -8.386526794202499     
 Iter:            9 Best Cost:   -5622.860583785270      Best Param: 
    2.196800389165415        -6.292861397107476         2.134609254268303      
   -5.123901131283843        -1.994132783848615        -2.239021932963451      
   0.5269088377129422        0.6154724802077889        -1.269792650192708      
   -4.970196694629533        -5.511505194565533        -5.507309592818481      
  -0.6290328808402889        -6.745719395475094        -1.865781111797567      
   -6.375985251069593       -0.9765205784999447        -2.693210616673687      
  -0.1024094934930435        0.3021607986402319        -2.763592466019622      
   -2.385940741915680        -7.363644968773224         1.640550198728755      
   -9.299187483785035        5.5668936672286229E-003   -4.285167580427350      
   -19.41353403222980        -5.748498115548116        0.6553229829353988      
   -4.192803632520186        -15.10329381397977        -12.35652812913117      
   -6.046670581110358        -4.070718942241693        -2.171223949135463      
   -27.00963372178198        -1.257676407546735        -6.590893668700358      
   -14.13167897325458        -9.261716324939124        -5.192296042784150      
   -4.782506625271405        -10.88444692609153        -6.911673643703937      
   -5.707112330618729        -8.888924616647023        -1.021253784280792      
   -22.32795706863770        -3.836268940737782        -8.386526794202499     
 Iter:           10 Best Cost:   -5622.860583785270      Best Param: 
    2.196800389165415        -6.292861397107476         2.134609254268303      
   -5.123901131283843        -1.994132783848615        -2.239021932963451      
   0.5269088377129422        0.6154724802077889        -1.269792650192708      
   -4.970196694629533        -5.511505194565533        -5.507309592818481      
  -0.6290328808402889        -6.745719395475094        -1.865781111797567      
   -6.375985251069593       -0.9765205784999447        -2.693210616673687      
  -0.1024094934930435        0.3021607986402319        -2.763592466019622      
   -2.385940741915680        -7.363644968773224         1.640550198728755      
   -9.299187483785035        5.5668936672286229E-003   -4.285167580427350      
   -19.41353403222980        -5.748498115548116        0.6553229829353988      
   -4.192803632520186        -15.10329381397977        -12.35652812913117      
   -6.046670581110358        -4.070718942241693        -2.171223949135463      
   -27.00963372178198        -1.257676407546735        -6.590893668700358      
   -14.13167897325458        -9.261716324939124        -5.192296042784150      
   -4.782506625271405        -10.88444692609153        -6.911673643703937      
   -5.707112330618729        -8.888924616647023        -1.021253784280792      
   -22.32795706863770        -3.836268940737782        -8.386526794202499     
 Iter:           11 Best Cost:   -5622.860583785270      Best Param: 
    2.196800389165415        -6.292861397107476         2.134609254268303      
   -5.123901131283843        -1.994132783848615        -2.239021932963451      
   0.5269088377129422        0.6154724802077889        -1.269792650192708      
   -4.970196694629533        -5.511505194565533        -5.507309592818481      
  -0.6290328808402889        -6.745719395475094        -1.865781111797567      
   -6.375985251069593       -0.9765205784999447        -2.693210616673687      
  -0.1024094934930435        0.3021607986402319        -2.763592466019622      
   -2.385940741915680        -7.363644968773224         1.640550198728755      
   -9.299187483785035        5.5668936672286229E-003   -4.285167580427350      
   -19.41353403222980        -5.748498115548116        0.6553229829353988      
   -4.192803632520186        -15.10329381397977        -12.35652812913117      
   -6.046670581110358        -4.070718942241693        -2.171223949135463      
   -27.00963372178198        -1.257676407546735        -6.590893668700358      
   -14.13167897325458        -9.261716324939124        -5.192296042784150      
   -4.782506625271405        -10.88444692609153        -6.911673643703937      
   -5.707112330618729        -8.888924616647023        -1.021253784280792      
   -22.32795706863770        -3.836268940737782        -8.386526794202499     
 Iter:           12 Best Cost:   -5622.860583785270      Best Param: 
    2.196800389165415        -6.292861397107476         2.134609254268303      
   -5.123901131283843        -1.994132783848615        -2.239021932963451      
   0.5269088377129422        0.6154724802077889        -1.269792650192708      
   -4.970196694629533        -5.511505194565533        -5.507309592818481      
  -0.6290328808402889        -6.745719395475094        -1.865781111797567      
   -6.375985251069593       -0.9765205784999447        -2.693210616673687      
  -0.1024094934930435        0.3021607986402319        -2.763592466019622      
   -2.385940741915680        -7.363644968773224         1.640550198728755      
   -9.299187483785035        5.5668936672286229E-003   -4.285167580427350      
   -19.41353403222980        -5.748498115548116        0.6553229829353988      
   -4.192803632520186        -15.10329381397977        -12.35652812913117      
   -6.046670581110358        -4.070718942241693        -2.171223949135463      
   -27.00963372178198        -1.257676407546735        -6.590893668700358      
   -14.13167897325458        -9.261716324939124        -5.192296042784150      
   -4.782506625271405        -10.88444692609153        -6.911673643703937      
   -5.707112330618729        -8.888924616647023        -1.021253784280792      
   -22.32795706863770        -3.836268940737782        -8.386526794202499     
 Iter:           13 Best Cost:   -5622.860583785270      Best Param: 
    2.196800389165415        -6.292861397107476         2.134609254268303      
   -5.123901131283843        -1.994132783848615        -2.239021932963451      
   0.5269088377129422        0.6154724802077889        -1.269792650192708      
   -4.970196694629533        -5.511505194565533        -5.507309592818481      
  -0.6290328808402889        -6.745719395475094        -1.865781111797567      
   -6.375985251069593       -0.9765205784999447        -2.693210616673687      
  -0.1024094934930435        0.3021607986402319        -2.763592466019622      
   -2.385940741915680        -7.363644968773224         1.640550198728755      
   -9.299187483785035        5.5668936672286229E-003   -4.285167580427350      
   -19.41353403222980        -5.748498115548116        0.6553229829353988      
   -4.192803632520186        -15.10329381397977        -12.35652812913117      
   -6.046670581110358        -4.070718942241693        -2.171223949135463      
   -27.00963372178198        -1.257676407546735        -6.590893668700358      
   -14.13167897325458        -9.261716324939124        -5.192296042784150      
   -4.782506625271405        -10.88444692609153        -6.911673643703937      
   -5.707112330618729        -8.888924616647023        -1.021253784280792      
   -22.32795706863770        -3.836268940737782        -8.386526794202499     
 Iter:           14 Best Cost:   -5622.860583785270      Best Param: 
    2.196800389165415        -6.292861397107476         2.134609254268303      
   -5.123901131283843        -1.994132783848615        -2.239021932963451      
   0.5269088377129422        0.6154724802077889        -1.269792650192708      
   -4.970196694629533        -5.511505194565533        -5.507309592818481      
  -0.6290328808402889        -6.745719395475094        -1.865781111797567      
   -6.375985251069593       -0.9765205784999447        -2.693210616673687      
  -0.1024094934930435        0.3021607986402319        -2.763592466019622      
   -2.385940741915680        -7.363644968773224         1.640550198728755      
   -9.299187483785035        5.5668936672286229E-003   -4.285167580427350      
   -19.41353403222980        -5.748498115548116        0.6553229829353988      
   -4.192803632520186        -15.10329381397977        -12.35652812913117      
   -6.046670581110358        -4.070718942241693        -2.171223949135463      
   -27.00963372178198        -1.257676407546735        -6.590893668700358      
   -14.13167897325458        -9.261716324939124        -5.192296042784150      
   -4.782506625271405        -10.88444692609153        -6.911673643703937      
   -5.707112330618729        -8.888924616647023        -1.021253784280792      
   -22.32795706863770        -3.836268940737782        -8.386526794202499     
 Iter:           15 Best Cost:   -5622.860583785270      Best Param: 
    2.196800389165415        -6.292861397107476         2.134609254268303      
   -5.123901131283843        -1.994132783848615        -2.239021932963451      
   0.5269088377129422        0.6154724802077889        -1.269792650192708      
   -4.970196694629533        -5.511505194565533        -5.507309592818481      
  -0.6290328808402889        -6.745719395475094        -1.865781111797567      
   -6.375985251069593       -0.9765205784999447        -2.693210616673687      
  -0.1024094934930435        0.3021607986402319        -2.763592466019622      
   -2.385940741915680        -7.363644968773224         1.640550198728755      
   -9.299187483785035        5.5668936672286229E-003   -4.285167580427350      
   -19.41353403222980        -5.748498115548116        0.6553229829353988      
   -4.192803632520186        -15.10329381397977        -12.35652812913117      
   -6.046670581110358        -4.070718942241693        -2.171223949135463      
   -27.00963372178198        -1.257676407546735        -6.590893668700358      
   -14.13167897325458        -9.261716324939124        -5.192296042784150      
   -4.782506625271405        -10.88444692609153        -6.911673643703937      
   -5.707112330618729        -8.888924616647023        -1.021253784280792      
   -22.32795706863770        -3.836268940737782        -8.386526794202499     
 Iter:           16 Best Cost:   -5622.860583785270      Best Param: 
    2.196800389165415        -6.292861397107476         2.134609254268303      
   -5.123901131283843        -1.994132783848615        -2.239021932963451      
   0.5269088377129422        0.6154724802077889        -1.269792650192708      
   -4.970196694629533        -5.511505194565533        -5.507309592818481      
  -0.6290328808402889        -6.745719395475094        -1.865781111797567      
   -6.375985251069593       -0.9765205784999447        -2.693210616673687      
  -0.1024094934930435        0.3021607986402319        -2.763592466019622      
   -2.385940741915680        -7.363644968773224         1.640550198728755      
   -9.299187483785035        5.5668936672286229E-003   -4.285167580427350      
   -19.41353403222980        -5.748498115548116        0.6553229829353988      
   -4.192803632520186        -15.10329381397977        -12.35652812913117      
   -6.046670581110358        -4.070718942241693        -2.171223949135463      
   -27.00963372178198        -1.257676407546735        -6.590893668700358      
   -14.13167897325458        -9.261716324939124        -5.192296042784150      
   -4.782506625271405        -10.88444692609153        -6.911673643703937      
   -5.707112330618729        -8.888924616647023        -1.021253784280792      
   -22.32795706863770        -3.836268940737782        -8.386526794202499     
 Iter:           17 Best Cost:   -5622.860583785270      Best Param: 
    2.196800389165415        -6.292861397107476         2.134609254268303      
   -5.123901131283843        -1.994132783848615        -2.239021932963451      
   0.5269088377129422        0.6154724802077889        -1.269792650192708      
   -4.970196694629533        -5.511505194565533        -5.507309592818481      
  -0.6290328808402889        -6.745719395475094        -1.865781111797567      
   -6.375985251069593       -0.9765205784999447        -2.693210616673687      
  -0.1024094934930435        0.3021607986402319        -2.763592466019622      
   -2.385940741915680        -7.363644968773224         1.640550198728755      
   -9.299187483785035        5.5668936672286229E-003   -4.285167580427350      
   -19.41353403222980        -5.748498115548116        0.6553229829353988      
   -4.192803632520186        -15.10329381397977        -12.35652812913117      
   -6.046670581110358        -4.070718942241693        -2.171223949135463      
   -27.00963372178198        -1.257676407546735        -6.590893668700358      
   -14.13167897325458        -9.261716324939124        -5.192296042784150      
   -4.782506625271405        -10.88444692609153        -6.911673643703937      
   -5.707112330618729        -8.888924616647023        -1.021253784280792      
   -22.32795706863770        -3.836268940737782        -8.386526794202499     
 Iter:           18 Best Cost:   -5622.860583785270      Best Param: 
    2.196800389165415        -6.292861397107476         2.134609254268303      
   -5.123901131283843        -1.994132783848615        -2.239021932963451      
   0.5269088377129422        0.6154724802077889        -1.269792650192708      
   -4.970196694629533        -5.511505194565533        -5.507309592818481      
  -0.6290328808402889        -6.745719395475094        -1.865781111797567      
   -6.375985251069593       -0.9765205784999447        -2.693210616673687      
  -0.1024094934930435        0.3021607986402319        -2.763592466019622      
   -2.385940741915680        -7.363644968773224         1.640550198728755      
   -9.299187483785035        5.5668936672286229E-003   -4.285167580427350      
   -19.41353403222980        -5.748498115548116        0.6553229829353988      
   -4.192803632520186        -15.10329381397977        -12.35652812913117      
   -6.046670581110358        -4.070718942241693        -2.171223949135463      
   -27.00963372178198        -1.257676407546735        -6.590893668700358      
   -14.13167897325458        -9.261716324939124        -5.192296042784150      
   -4.782506625271405        -10.88444692609153        -6.911673643703937      
   -5.707112330618729        -8.888924616647023        -1.021253784280792      
   -22.32795706863770        -3.836268940737782        -8.386526794202499     
 Iter:           19 Best Cost:   -5622.860583785270      Best Param: 
    2.196800389165415        -6.292861397107476         2.134609254268303      
   -5.123901131283843        -1.994132783848615        -2.239021932963451      
   0.5269088377129422        0.6154724802077889        -1.269792650192708      
   -4.970196694629533        -5.511505194565533        -5.507309592818481      
  -0.6290328808402889        -6.745719395475094        -1.865781111797567      
   -6.375985251069593       -0.9765205784999447        -2.693210616673687      
  -0.1024094934930435        0.3021607986402319        -2.763592466019622      
   -2.385940741915680        -7.363644968773224         1.640550198728755      
   -9.299187483785035        5.5668936672286229E-003   -4.285167580427350      
   -19.41353403222980        -5.748498115548116        0.6553229829353988      
   -4.192803632520186        -15.10329381397977        -12.35652812913117      
   -6.046670581110358        -4.070718942241693        -2.171223949135463      
   -27.00963372178198        -1.257676407546735        -6.590893668700358      
   -14.13167897325458        -9.261716324939124        -5.192296042784150      
   -4.782506625271405        -10.88444692609153        -6.911673643703937      
   -5.707112330618729        -8.888924616647023        -1.021253784280792      
   -22.32795706863770        -3.836268940737782        -8.386526794202499     
 Iter:           20 Best Cost:   -5622.860583785270      Best Param: 
    2.196800389165415        -6.292861397107476         2.134609254268303      
   -5.123901131283843        -1.994132783848615        -2.239021932963451      
   0.5269088377129422        0.6154724802077889        -1.269792650192708      
   -4.970196694629533        -5.511505194565533        -5.507309592818481      
  -0.6290328808402889        -6.745719395475094        -1.865781111797567      
   -6.375985251069593       -0.9765205784999447        -2.693210616673687      
  -0.1024094934930435        0.3021607986402319        -2.763592466019622      
   -2.385940741915680        -7.363644968773224         1.640550198728755      
   -9.299187483785035        5.5668936672286229E-003   -4.285167580427350      
   -19.41353403222980        -5.748498115548116        0.6553229829353988      
   -4.192803632520186        -15.10329381397977        -12.35652812913117      
   -6.046670581110358        -4.070718942241693        -2.171223949135463      
   -27.00963372178198        -1.257676407546735        -6.590893668700358      
   -14.13167897325458        -9.261716324939124        -5.192296042784150      
   -4.782506625271405        -10.88444692609153        -6.911673643703937      
   -5.707112330618729        -8.888924616647023        -1.021253784280792      
   -22.32795706863770        -3.836268940737782        -8.386526794202499     
 Iter:           21 Best Cost:   -5622.860583785270      Best Param: 
    2.196800389165415        -6.292861397107476         2.134609254268303      
   -5.123901131283843        -1.994132783848615        -2.239021932963451      
   0.5269088377129422        0.6154724802077889        -1.269792650192708      
   -4.970196694629533        -5.511505194565533        -5.507309592818481      
  -0.6290328808402889        -6.745719395475094        -1.865781111797567      
   -6.375985251069593       -0.9765205784999447        -2.693210616673687      
  -0.1024094934930435        0.3021607986402319        -2.763592466019622      
   -2.385940741915680        -7.363644968773224         1.640550198728755      
   -9.299187483785035        5.5668936672286229E-003   -4.285167580427350      
   -19.41353403222980        -5.748498115548116        0.6553229829353988      
   -4.192803632520186        -15.10329381397977        -12.35652812913117      
   -6.046670581110358        -4.070718942241693        -2.171223949135463      
   -27.00963372178198        -1.257676407546735        -6.590893668700358      
   -14.13167897325458        -9.261716324939124        -5.192296042784150      
   -4.782506625271405        -10.88444692609153        -6.911673643703937      
   -5.707112330618729        -8.888924616647023        -1.021253784280792      
   -22.32795706863770        -3.836268940737782        -8.386526794202499     
 Iter:           22 Best Cost:   -5622.860583785270      Best Param: 
    2.196800389165415        -6.292861397107476         2.134609254268303      
   -5.123901131283843        -1.994132783848615        -2.239021932963451      
   0.5269088377129422        0.6154724802077889        -1.269792650192708      
   -4.970196694629533        -5.511505194565533        -5.507309592818481      
  -0.6290328808402889        -6.745719395475094        -1.865781111797567      
   -6.375985251069593       -0.9765205784999447        -2.693210616673687      
  -0.1024094934930435        0.3021607986402319        -2.763592466019622      
   -2.385940741915680        -7.363644968773224         1.640550198728755      
   -9.299187483785035        5.5668936672286229E-003   -4.285167580427350      
   -19.41353403222980        -5.748498115548116        0.6553229829353988      
   -4.192803632520186        -15.10329381397977        -12.35652812913117      
   -6.046670581110358        -4.070718942241693        -2.171223949135463      
   -27.00963372178198        -1.257676407546735        -6.590893668700358      
   -14.13167897325458        -9.261716324939124        -5.192296042784150      
   -4.782506625271405        -10.88444692609153        -6.911673643703937      
   -5.707112330618729        -8.888924616647023        -1.021253784280792      
   -22.32795706863770        -3.836268940737782        -8.386526794202499     
 Iter:           23 Best Cost:   -5622.860583785270      Best Param: 
    2.196800389165415        -6.292861397107476         2.134609254268303      
   -5.123901131283843        -1.994132783848615        -2.239021932963451      
   0.5269088377129422        0.6154724802077889        -1.269792650192708      
   -4.970196694629533        -5.511505194565533        -5.507309592818481      
  -0.6290328808402889        -6.745719395475094        -1.865781111797567      
   -6.375985251069593       -0.9765205784999447        -2.693210616673687      
  -0.1024094934930435        0.3021607986402319        -2.763592466019622      
   -2.385940741915680        -7.363644968773224         1.640550198728755      
   -9.299187483785035        5.5668936672286229E-003   -4.285167580427350      
   -19.41353403222980        -5.748498115548116        0.6553229829353988      
   -4.192803632520186        -15.10329381397977        -12.35652812913117      
   -6.046670581110358        -4.070718942241693        -2.171223949135463      
   -27.00963372178198        -1.257676407546735        -6.590893668700358      
   -14.13167897325458        -9.261716324939124        -5.192296042784150      
   -4.782506625271405        -10.88444692609153        -6.911673643703937      
   -5.707112330618729        -8.888924616647023        -1.021253784280792      
   -22.32795706863770        -3.836268940737782        -8.386526794202499     
 Iter:           24 Best Cost:   -5622.860583785270      Best Param: 
    2.196800389165415        -6.292861397107476         2.134609254268303      
   -5.123901131283843        -1.994132783848615        -2.239021932963451      
   0.5269088377129422        0.6154724802077889        -1.269792650192708      
   -4.970196694629533        -5.511505194565533        -5.507309592818481      
  -0.6290328808402889        -6.745719395475094        -1.865781111797567      
   -6.375985251069593       -0.9765205784999447        -2.693210616673687      
  -0.1024094934930435        0.3021607986402319        -2.763592466019622      
   -2.385940741915680        -7.363644968773224         1.640550198728755      
   -9.299187483785035        5.5668936672286229E-003   -4.285167580427350      
   -19.41353403222980        -5.748498115548116        0.6553229829353988      
   -4.192803632520186        -15.10329381397977        -12.35652812913117      
   -6.046670581110358        -4.070718942241693        -2.171223949135463      
   -27.00963372178198        -1.257676407546735        -6.590893668700358      
   -14.13167897325458        -9.261716324939124        -5.192296042784150      
   -4.782506625271405        -10.88444692609153        -6.911673643703937      
   -5.707112330618729        -8.888924616647023        -1.021253784280792      
   -22.32795706863770        -3.836268940737782        -8.386526794202499     
 Iter:           25 Best Cost:   -5622.860583785270      Best Param: 
    2.196800389165415        -6.292861397107476         2.134609254268303      
   -5.123901131283843        -1.994132783848615        -2.239021932963451      
   0.5269088377129422        0.6154724802077889        -1.269792650192708      
   -4.970196694629533        -5.511505194565533        -5.507309592818481      
  -0.6290328808402889        -6.745719395475094        -1.865781111797567      
   -6.375985251069593       -0.9765205784999447        -2.693210616673687      
  -0.1024094934930435        0.3021607986402319        -2.763592466019622      
   -2.385940741915680        -7.363644968773224         1.640550198728755      
   -9.299187483785035        5.5668936672286229E-003   -4.285167580427350      
   -19.41353403222980        -5.748498115548116        0.6553229829353988      
   -4.192803632520186        -15.10329381397977        -12.35652812913117      
   -6.046670581110358        -4.070718942241693        -2.171223949135463      
   -27.00963372178198        -1.257676407546735        -6.590893668700358      
   -14.13167897325458        -9.261716324939124        -5.192296042784150      
   -4.782506625271405        -10.88444692609153        -6.911673643703937      
   -5.707112330618729        -8.888924616647023        -1.021253784280792      
   -22.32795706863770        -3.836268940737782        -8.386526794202499     
 Iter:           26 Best Cost:   -5622.860583785270      Best Param: 
    2.196800389165415        -6.292861397107476         2.134609254268303      
   -5.123901131283843        -1.994132783848615        -2.239021932963451      
   0.5269088377129422        0.6154724802077889        -1.269792650192708      
   -4.970196694629533        -5.511505194565533        -5.507309592818481      
  -0.6290328808402889        -6.745719395475094        -1.865781111797567      
   -6.375985251069593       -0.9765205784999447        -2.693210616673687      
  -0.1024094934930435        0.3021607986402319        -2.763592466019622      
   -2.385940741915680        -7.363644968773224         1.640550198728755      
   -9.299187483785035        5.5668936672286229E-003   -4.285167580427350      
   -19.41353403222980        -5.748498115548116        0.6553229829353988      
   -4.192803632520186        -15.10329381397977        -12.35652812913117      
   -6.046670581110358        -4.070718942241693        -2.171223949135463      
   -27.00963372178198        -1.257676407546735        -6.590893668700358      
   -14.13167897325458        -9.261716324939124        -5.192296042784150      
   -4.782506625271405        -10.88444692609153        -6.911673643703937      
   -5.707112330618729        -8.888924616647023        -1.021253784280792      
   -22.32795706863770        -3.836268940737782        -8.386526794202499     
 Iter:           27 Best Cost:   -5622.860583785270      Best Param: 
    2.196800389165415        -6.292861397107476         2.134609254268303      
   -5.123901131283843        -1.994132783848615        -2.239021932963451      
   0.5269088377129422        0.6154724802077889        -1.269792650192708      
   -4.970196694629533        -5.511505194565533        -5.507309592818481      
  -0.6290328808402889        -6.745719395475094        -1.865781111797567      
   -6.375985251069593       -0.9765205784999447        -2.693210616673687      
  -0.1024094934930435        0.3021607986402319        -2.763592466019622      
   -2.385940741915680        -7.363644968773224         1.640550198728755      
   -9.299187483785035        5.5668936672286229E-003   -4.285167580427350      
   -19.41353403222980        -5.748498115548116        0.6553229829353988      
   -4.192803632520186        -15.10329381397977        -12.35652812913117      
   -6.046670581110358        -4.070718942241693        -2.171223949135463      
   -27.00963372178198        -1.257676407546735        -6.590893668700358      
   -14.13167897325458        -9.261716324939124        -5.192296042784150      
   -4.782506625271405        -10.88444692609153        -6.911673643703937      
   -5.707112330618729        -8.888924616647023        -1.021253784280792      
   -22.32795706863770        -3.836268940737782        -8.386526794202499     
 Iter:           28 Best Cost:   -5622.860583785270      Best Param: 
    2.196800389165415        -6.292861397107476         2.134609254268303      
   -5.123901131283843        -1.994132783848615        -2.239021932963451      
   0.5269088377129422        0.6154724802077889        -1.269792650192708      
   -4.970196694629533        -5.511505194565533        -5.507309592818481      
  -0.6290328808402889        -6.745719395475094        -1.865781111797567      
   -6.375985251069593       -0.9765205784999447        -2.693210616673687      
  -0.1024094934930435        0.3021607986402319        -2.763592466019622      
   -2.385940741915680        -7.363644968773224         1.640550198728755      
   -9.299187483785035        5.5668936672286229E-003   -4.285167580427350      
   -19.41353403222980        -5.748498115548116        0.6553229829353988      
   -4.192803632520186        -15.10329381397977        -12.35652812913117      
   -6.046670581110358        -4.070718942241693        -2.171223949135463      
   -27.00963372178198        -1.257676407546735        -6.590893668700358      
   -14.13167897325458        -9.261716324939124        -5.192296042784150      
   -4.782506625271405        -10.88444692609153        -6.911673643703937      
   -5.707112330618729        -8.888924616647023        -1.021253784280792      
   -22.32795706863770        -3.836268940737782        -8.386526794202499     
 Iter:           29 Best Cost:   -5622.860583785270      Best Param: 
    2.196800389165415        -6.292861397107476         2.134609254268303      
   -5.123901131283843        -1.994132783848615        -2.239021932963451      
   0.5269088377129422        0.6154724802077889        -1.269792650192708      
   -4.970196694629533        -5.511505194565533        -5.507309592818481      
  -0.6290328808402889        -6.745719395475094        -1.865781111797567      
   -6.375985251069593       -0.9765205784999447        -2.693210616673687      
  -0.1024094934930435        0.3021607986402319        -2.763592466019622      
   -2.385940741915680        -7.363644968773224         1.640550198728755      
   -9.299187483785035        5.5668936672286229E-003   -4.285167580427350      
   -19.41353403222980        -5.748498115548116        0.6553229829353988      
   -4.192803632520186        -15.10329381397977        -12.35652812913117      
   -6.046670581110358        -4.070718942241693        -2.171223949135463      
   -27.00963372178198        -1.257676407546735        -6.590893668700358      
   -14.13167897325458        -9.261716324939124        -5.192296042784150      
   -4.782506625271405        -10.88444692609153        -6.911673643703937      
   -5.707112330618729        -8.888924616647023        -1.021253784280792      
   -22.32795706863770        -3.836268940737782        -8.386526794202499     
 Iter:           30 Best Cost:   -5622.860583785270      Best Param: 
    2.196800389165415        -6.292861397107476         2.134609254268303      
   -5.123901131283843        -1.994132783848615        -2.239021932963451      
   0.5269088377129422        0.6154724802077889        -1.269792650192708      
   -4.970196694629533        -5.511505194565533        -5.507309592818481      
  -0.6290328808402889        -6.745719395475094        -1.865781111797567      
   -6.375985251069593       -0.9765205784999447        -2.693210616673687      
  -0.1024094934930435        0.3021607986402319        -2.763592466019622      
   -2.385940741915680        -7.363644968773224         1.640550198728755      
   -9.299187483785035        5.5668936672286229E-003   -4.285167580427350      
   -19.41353403222980        -5.748498115548116        0.6553229829353988      
   -4.192803632520186        -15.10329381397977        -12.35652812913117      
   -6.046670581110358        -4.070718942241693        -2.171223949135463      
   -27.00963372178198        -1.257676407546735        -6.590893668700358      
   -14.13167897325458        -9.261716324939124        -5.192296042784150      
   -4.782506625271405        -10.88444692609153        -6.911673643703937      
   -5.707112330618729        -8.888924616647023        -1.021253784280792      
   -22.32795706863770        -3.836268940737782        -8.386526794202499     
 Iter:           31 Best Cost:   -5622.860583785270      Best Param: 
    2.196800389165415        -6.292861397107476         2.134609254268303      
   -5.123901131283843        -1.994132783848615        -2.239021932963451      
   0.5269088377129422        0.6154724802077889        -1.269792650192708      
   -4.970196694629533        -5.511505194565533        -5.507309592818481      
  -0.6290328808402889        -6.745719395475094        -1.865781111797567      
   -6.375985251069593       -0.9765205784999447        -2.693210616673687      
  -0.1024094934930435        0.3021607986402319        -2.763592466019622      
   -2.385940741915680        -7.363644968773224         1.640550198728755      
   -9.299187483785035        5.5668936672286229E-003   -4.285167580427350      
   -19.41353403222980        -5.748498115548116        0.6553229829353988      
   -4.192803632520186        -15.10329381397977        -12.35652812913117      
   -6.046670581110358        -4.070718942241693        -2.171223949135463      
   -27.00963372178198        -1.257676407546735        -6.590893668700358      
   -14.13167897325458        -9.261716324939124        -5.192296042784150      
   -4.782506625271405        -10.88444692609153        -6.911673643703937      
   -5.707112330618729        -8.888924616647023        -1.021253784280792      
   -22.32795706863770        -3.836268940737782        -8.386526794202499     
 Iter:           32 Best Cost:   -5622.860583785270      Best Param: 
    2.196800389165415        -6.292861397107476         2.134609254268303      
   -5.123901131283843        -1.994132783848615        -2.239021932963451      
   0.5269088377129422        0.6154724802077889        -1.269792650192708      
   -4.970196694629533        -5.511505194565533        -5.507309592818481      
  -0.6290328808402889        -6.745719395475094        -1.865781111797567      
   -6.375985251069593       -0.9765205784999447        -2.693210616673687      
  -0.1024094934930435        0.3021607986402319        -2.763592466019622      
   -2.385940741915680        -7.363644968773224         1.640550198728755      
   -9.299187483785035        5.5668936672286229E-003   -4.285167580427350      
   -19.41353403222980        -5.748498115548116        0.6553229829353988      
   -4.192803632520186        -15.10329381397977        -12.35652812913117      
   -6.046670581110358        -4.070718942241693        -2.171223949135463      
   -27.00963372178198        -1.257676407546735        -6.590893668700358      
   -14.13167897325458        -9.261716324939124        -5.192296042784150      
   -4.782506625271405        -10.88444692609153        -6.911673643703937      
   -5.707112330618729        -8.888924616647023        -1.021253784280792      
   -22.32795706863770        -3.836268940737782        -8.386526794202499     
 Iter:           33 Best Cost:   -5622.860583785270      Best Param: 
    2.196800389165415        -6.292861397107476         2.134609254268303      
   -5.123901131283843        -1.994132783848615        -2.239021932963451      
   0.5269088377129422        0.6154724802077889        -1.269792650192708      
   -4.970196694629533        -5.511505194565533        -5.507309592818481      
  -0.6290328808402889        -6.745719395475094        -1.865781111797567      
   -6.375985251069593       -0.9765205784999447        -2.693210616673687      
  -0.1024094934930435        0.3021607986402319        -2.763592466019622      
   -2.385940741915680        -7.363644968773224         1.640550198728755      
   -9.299187483785035        5.5668936672286229E-003   -4.285167580427350      
   -19.41353403222980        -5.748498115548116        0.6553229829353988      
   -4.192803632520186        -15.10329381397977        -12.35652812913117      
   -6.046670581110358        -4.070718942241693        -2.171223949135463      
   -27.00963372178198        -1.257676407546735        -6.590893668700358      
   -14.13167897325458        -9.261716324939124        -5.192296042784150      
   -4.782506625271405        -10.88444692609153        -6.911673643703937      
   -5.707112330618729        -8.888924616647023        -1.021253784280792      
   -22.32795706863770        -3.836268940737782        -8.386526794202499     
 Iter:           34 Best Cost:   -5622.860583785270      Best Param: 
    2.196800389165415        -6.292861397107476         2.134609254268303      
   -5.123901131283843        -1.994132783848615        -2.239021932963451      
   0.5269088377129422        0.6154724802077889        -1.269792650192708      
   -4.970196694629533        -5.511505194565533        -5.507309592818481      
  -0.6290328808402889        -6.745719395475094        -1.865781111797567      
   -6.375985251069593       -0.9765205784999447        -2.693210616673687      
  -0.1024094934930435        0.3021607986402319        -2.763592466019622      
   -2.385940741915680        -7.363644968773224         1.640550198728755      
   -9.299187483785035        5.5668936672286229E-003   -4.285167580427350      
   -19.41353403222980        -5.748498115548116        0.6553229829353988      
   -4.192803632520186        -15.10329381397977        -12.35652812913117      
   -6.046670581110358        -4.070718942241693        -2.171223949135463      
   -27.00963372178198        -1.257676407546735        -6.590893668700358      
   -14.13167897325458        -9.261716324939124        -5.192296042784150      
   -4.782506625271405        -10.88444692609153        -6.911673643703937      
   -5.707112330618729        -8.888924616647023        -1.021253784280792      
   -22.32795706863770        -3.836268940737782        -8.386526794202499     
 Iter:           35 Best Cost:   -5622.860583785270      Best Param: 
    2.196800389165415        -6.292861397107476         2.134609254268303      
   -5.123901131283843        -1.994132783848615        -2.239021932963451      
   0.5269088377129422        0.6154724802077889        -1.269792650192708      
   -4.970196694629533        -5.511505194565533        -5.507309592818481      
  -0.6290328808402889        -6.745719395475094        -1.865781111797567      
   -6.375985251069593       -0.9765205784999447        -2.693210616673687      
  -0.1024094934930435        0.3021607986402319        -2.763592466019622      
   -2.385940741915680        -7.363644968773224         1.640550198728755      
   -9.299187483785035        5.5668936672286229E-003   -4.285167580427350      
   -19.41353403222980        -5.748498115548116        0.6553229829353988      
   -4.192803632520186        -15.10329381397977        -12.35652812913117      
   -6.046670581110358        -4.070718942241693        -2.171223949135463      
   -27.00963372178198        -1.257676407546735        -6.590893668700358      
   -14.13167897325458        -9.261716324939124        -5.192296042784150      
   -4.782506625271405        -10.88444692609153        -6.911673643703937      
   -5.707112330618729        -8.888924616647023        -1.021253784280792      
   -22.32795706863770        -3.836268940737782        -8.386526794202499     
 Iter:           36 Best Cost:   -5622.860583785270      Best Param: 
    2.196800389165415        -6.292861397107476         2.134609254268303      
   -5.123901131283843        -1.994132783848615        -2.239021932963451      
   0.5269088377129422        0.6154724802077889        -1.269792650192708      
   -4.970196694629533        -5.511505194565533        -5.507309592818481      
  -0.6290328808402889        -6.745719395475094        -1.865781111797567      
   -6.375985251069593       -0.9765205784999447        -2.693210616673687      
  -0.1024094934930435        0.3021607986402319        -2.763592466019622      
   -2.385940741915680        -7.363644968773224         1.640550198728755      
   -9.299187483785035        5.5668936672286229E-003   -4.285167580427350      
   -19.41353403222980        -5.748498115548116        0.6553229829353988      
   -4.192803632520186        -15.10329381397977        -12.35652812913117      
   -6.046670581110358        -4.070718942241693        -2.171223949135463      
   -27.00963372178198        -1.257676407546735        -6.590893668700358      
   -14.13167897325458        -9.261716324939124        -5.192296042784150      
   -4.782506625271405        -10.88444692609153        -6.911673643703937      
   -5.707112330618729        -8.888924616647023        -1.021253784280792      
   -22.32795706863770        -3.836268940737782        -8.386526794202499     
 Iter:           37 Best Cost:   -5622.860583785270      Best Param: 
    2.196800389165415        -6.292861397107476         2.134609254268303      
   -5.123901131283843        -1.994132783848615        -2.239021932963451      
   0.5269088377129422        0.6154724802077889        -1.269792650192708      
   -4.970196694629533        -5.511505194565533        -5.507309592818481      
  -0.6290328808402889        -6.745719395475094        -1.865781111797567      
   -6.375985251069593       -0.9765205784999447        -2.693210616673687      
  -0.1024094934930435        0.3021607986402319        -2.763592466019622      
   -2.385940741915680        -7.363644968773224         1.640550198728755      
   -9.299187483785035        5.5668936672286229E-003   -4.285167580427350      
   -19.41353403222980        -5.748498115548116        0.6553229829353988      
   -4.192803632520186        -15.10329381397977        -12.35652812913117      
   -6.046670581110358        -4.070718942241693        -2.171223949135463      
   -27.00963372178198        -1.257676407546735        -6.590893668700358      
   -14.13167897325458        -9.261716324939124        -5.192296042784150      
   -4.782506625271405        -10.88444692609153        -6.911673643703937      
   -5.707112330618729        -8.888924616647023        -1.021253784280792      
   -22.32795706863770        -3.836268940737782        -8.386526794202499     
 Iter:           38 Best Cost:   -5622.860583785270      Best Param: 
    2.196800389165415        -6.292861397107476         2.134609254268303      
   -5.123901131283843        -1.994132783848615        -2.239021932963451      
   0.5269088377129422        0.6154724802077889        -1.269792650192708      
   -4.970196694629533        -5.511505194565533        -5.507309592818481      
  -0.6290328808402889        -6.745719395475094        -1.865781111797567      
   -6.375985251069593       -0.9765205784999447        -2.693210616673687      
  -0.1024094934930435        0.3021607986402319        -2.763592466019622      
   -2.385940741915680        -7.363644968773224         1.640550198728755      
   -9.299187483785035        5.5668936672286229E-003   -4.285167580427350      
   -19.41353403222980        -5.748498115548116        0.6553229829353988      
   -4.192803632520186        -15.10329381397977        -12.35652812913117      
   -6.046670581110358        -4.070718942241693        -2.171223949135463      
   -27.00963372178198        -1.257676407546735        -6.590893668700358      
   -14.13167897325458        -9.261716324939124        -5.192296042784150      
   -4.782506625271405        -10.88444692609153        -6.911673643703937      
   -5.707112330618729        -8.888924616647023        -1.021253784280792      
   -22.32795706863770        -3.836268940737782        -8.386526794202499     
 Iter:           39 Best Cost:   -5622.860583785270      Best Param: 
    2.196800389165415        -6.292861397107476         2.134609254268303      
   -5.123901131283843        -1.994132783848615        -2.239021932963451      
   0.5269088377129422        0.6154724802077889        -1.269792650192708      
   -4.970196694629533        -5.511505194565533        -5.507309592818481      
  -0.6290328808402889        -6.745719395475094        -1.865781111797567      
   -6.375985251069593       -0.9765205784999447        -2.693210616673687      
  -0.1024094934930435        0.3021607986402319        -2.763592466019622      
   -2.385940741915680        -7.363644968773224         1.640550198728755      
   -9.299187483785035        5.5668936672286229E-003   -4.285167580427350      
   -19.41353403222980        -5.748498115548116        0.6553229829353988      
   -4.192803632520186        -15.10329381397977        -12.35652812913117      
   -6.046670581110358        -4.070718942241693        -2.171223949135463      
   -27.00963372178198        -1.257676407546735        -6.590893668700358      
   -14.13167897325458        -9.261716324939124        -5.192296042784150      
   -4.782506625271405        -10.88444692609153        -6.911673643703937      
   -5.707112330618729        -8.888924616647023        -1.021253784280792      
   -22.32795706863770        -3.836268940737782        -8.386526794202499     
 Iter:           40 Best Cost:   -5622.860583785270      Best Param: 
    2.196800389165415        -6.292861397107476         2.134609254268303      
   -5.123901131283843        -1.994132783848615        -2.239021932963451      
   0.5269088377129422        0.6154724802077889        -1.269792650192708      
   -4.970196694629533        -5.511505194565533        -5.507309592818481      
  -0.6290328808402889        -6.745719395475094        -1.865781111797567      
   -6.375985251069593       -0.9765205784999447        -2.693210616673687      
  -0.1024094934930435        0.3021607986402319        -2.763592466019622      
   -2.385940741915680        -7.363644968773224         1.640550198728755      
   -9.299187483785035        5.5668936672286229E-003   -4.285167580427350      
   -19.41353403222980        -5.748498115548116        0.6553229829353988      
   -4.192803632520186        -15.10329381397977        -12.35652812913117      
   -6.046670581110358        -4.070718942241693        -2.171223949135463      
   -27.00963372178198        -1.257676407546735        -6.590893668700358      
   -14.13167897325458        -9.261716324939124        -5.192296042784150      
   -4.782506625271405        -10.88444692609153        -6.911673643703937      
   -5.707112330618729        -8.888924616647023        -1.021253784280792      
   -22.32795706863770        -3.836268940737782        -8.386526794202499     
 Iter:           41 Best Cost:   -5622.860583785270      Best Param: 
    2.196800389165415        -6.292861397107476         2.134609254268303      
   -5.123901131283843        -1.994132783848615        -2.239021932963451      
   0.5269088377129422        0.6154724802077889        -1.269792650192708      
   -4.970196694629533        -5.511505194565533        -5.507309592818481      
  -0.6290328808402889        -6.745719395475094        -1.865781111797567      
   -6.375985251069593       -0.9765205784999447        -2.693210616673687      
  -0.1024094934930435        0.3021607986402319        -2.763592466019622      
   -2.385940741915680        -7.363644968773224         1.640550198728755      
   -9.299187483785035        5.5668936672286229E-003   -4.285167580427350      
   -19.41353403222980        -5.748498115548116        0.6553229829353988      
   -4.192803632520186        -15.10329381397977        -12.35652812913117      
   -6.046670581110358        -4.070718942241693        -2.171223949135463      
   -27.00963372178198        -1.257676407546735        -6.590893668700358      
   -14.13167897325458        -9.261716324939124        -5.192296042784150      
   -4.782506625271405        -10.88444692609153        -6.911673643703937      
   -5.707112330618729        -8.888924616647023        -1.021253784280792      
   -22.32795706863770        -3.836268940737782        -8.386526794202499     
 Iter:           42 Best Cost:   -5622.860583785270      Best Param: 
    2.196800389165415        -6.292861397107476         2.134609254268303      
   -5.123901131283843        -1.994132783848615        -2.239021932963451      
   0.5269088377129422        0.6154724802077889        -1.269792650192708      
   -4.970196694629533        -5.511505194565533        -5.507309592818481      
  -0.6290328808402889        -6.745719395475094        -1.865781111797567      
   -6.375985251069593       -0.9765205784999447        -2.693210616673687      
  -0.1024094934930435        0.3021607986402319        -2.763592466019622      
   -2.385940741915680        -7.363644968773224         1.640550198728755      
   -9.299187483785035        5.5668936672286229E-003   -4.285167580427350      
   -19.41353403222980        -5.748498115548116        0.6553229829353988      
   -4.192803632520186        -15.10329381397977        -12.35652812913117      
   -6.046670581110358        -4.070718942241693        -2.171223949135463      
   -27.00963372178198        -1.257676407546735        -6.590893668700358      
   -14.13167897325458        -9.261716324939124        -5.192296042784150      
   -4.782506625271405        -10.88444692609153        -6.911673643703937      
   -5.707112330618729        -8.888924616647023        -1.021253784280792      
   -22.32795706863770        -3.836268940737782        -8.386526794202499     
 Iter:           43 Best Cost:   -5622.860583785270      Best Param: 
    2.196800389165415        -6.292861397107476         2.134609254268303      
   -5.123901131283843        -1.994132783848615        -2.239021932963451      
   0.5269088377129422        0.6154724802077889        -1.269792650192708      
   -4.970196694629533        -5.511505194565533        -5.507309592818481      
  -0.6290328808402889        -6.745719395475094        -1.865781111797567      
   -6.375985251069593       -0.9765205784999447        -2.693210616673687      
  -0.1024094934930435        0.3021607986402319        -2.763592466019622      
   -2.385940741915680        -7.363644968773224         1.640550198728755      
   -9.299187483785035        5.5668936672286229E-003   -4.285167580427350      
   -19.41353403222980        -5.748498115548116        0.6553229829353988      
   -4.192803632520186        -15.10329381397977        -12.35652812913117      
   -6.046670581110358        -4.070718942241693        -2.171223949135463      
   -27.00963372178198        -1.257676407546735        -6.590893668700358      
   -14.13167897325458        -9.261716324939124        -5.192296042784150      
   -4.782506625271405        -10.88444692609153        -6.911673643703937      
   -5.707112330618729        -8.888924616647023        -1.021253784280792      
   -22.32795706863770        -3.836268940737782        -8.386526794202499     
 Iter:           44 Best Cost:   -5622.860583785270      Best Param: 
    2.196800389165415        -6.292861397107476         2.134609254268303      
   -5.123901131283843        -1.994132783848615        -2.239021932963451      
   0.5269088377129422        0.6154724802077889        -1.269792650192708      
   -4.970196694629533        -5.511505194565533        -5.507309592818481      
  -0.6290328808402889        -6.745719395475094        -1.865781111797567      
   -6.375985251069593       -0.9765205784999447        -2.693210616673687      
  -0.1024094934930435        0.3021607986402319        -2.763592466019622      
   -2.385940741915680        -7.363644968773224         1.640550198728755      
   -9.299187483785035        5.5668936672286229E-003   -4.285167580427350      
   -19.41353403222980        -5.748498115548116        0.6553229829353988      
   -4.192803632520186        -15.10329381397977        -12.35652812913117      
   -6.046670581110358        -4.070718942241693        -2.171223949135463      
   -27.00963372178198        -1.257676407546735        -6.590893668700358      
   -14.13167897325458        -9.261716324939124        -5.192296042784150      
   -4.782506625271405        -10.88444692609153        -6.911673643703937      
   -5.707112330618729        -8.888924616647023        -1.021253784280792      
   -22.32795706863770        -3.836268940737782        -8.386526794202499     
 Iter:           45 Best Cost:   -5622.860583785270      Best Param: 
    2.196800389165415        -6.292861397107476         2.134609254268303      
   -5.123901131283843        -1.994132783848615        -2.239021932963451      
   0.5269088377129422        0.6154724802077889        -1.269792650192708      
   -4.970196694629533        -5.511505194565533        -5.507309592818481      
  -0.6290328808402889        -6.745719395475094        -1.865781111797567      
   -6.375985251069593       -0.9765205784999447        -2.693210616673687      
  -0.1024094934930435        0.3021607986402319        -2.763592466019622      
   -2.385940741915680        -7.363644968773224         1.640550198728755      
   -9.299187483785035        5.5668936672286229E-003   -4.285167580427350      
   -19.41353403222980        -5.748498115548116        0.6553229829353988      
   -4.192803632520186        -15.10329381397977        -12.35652812913117      
   -6.046670581110358        -4.070718942241693        -2.171223949135463      
   -27.00963372178198        -1.257676407546735        -6.590893668700358      
   -14.13167897325458        -9.261716324939124        -5.192296042784150      
   -4.782506625271405        -10.88444692609153        -6.911673643703937      
   -5.707112330618729        -8.888924616647023        -1.021253784280792      
   -22.32795706863770        -3.836268940737782        -8.386526794202499     
 Iter:           46 Best Cost:   -5622.860583785270      Best Param: 
    2.196800389165415        -6.292861397107476         2.134609254268303      
   -5.123901131283843        -1.994132783848615        -2.239021932963451      
   0.5269088377129422        0.6154724802077889        -1.269792650192708      
   -4.970196694629533        -5.511505194565533        -5.507309592818481      
  -0.6290328808402889        -6.745719395475094        -1.865781111797567      
   -6.375985251069593       -0.9765205784999447        -2.693210616673687      
  -0.1024094934930435        0.3021607986402319        -2.763592466019622      
   -2.385940741915680        -7.363644968773224         1.640550198728755      
   -9.299187483785035        5.5668936672286229E-003   -4.285167580427350      
   -19.41353403222980        -5.748498115548116        0.6553229829353988      
   -4.192803632520186        -15.10329381397977        -12.35652812913117      
   -6.046670581110358        -4.070718942241693        -2.171223949135463      
   -27.00963372178198        -1.257676407546735        -6.590893668700358      
   -14.13167897325458        -9.261716324939124        -5.192296042784150      
   -4.782506625271405        -10.88444692609153        -6.911673643703937      
   -5.707112330618729        -8.888924616647023        -1.021253784280792      
   -22.32795706863770        -3.836268940737782        -8.386526794202499     
 Iter:           47 Best Cost:   -5622.860583785270      Best Param: 
    2.196800389165415        -6.292861397107476         2.134609254268303      
   -5.123901131283843        -1.994132783848615        -2.239021932963451      
   0.5269088377129422        0.6154724802077889        -1.269792650192708      
   -4.970196694629533        -5.511505194565533        -5.507309592818481      
  -0.6290328808402889        -6.745719395475094        -1.865781111797567      
   -6.375985251069593       -0.9765205784999447        -2.693210616673687      
  -0.1024094934930435        0.3021607986402319        -2.763592466019622      
   -2.385940741915680        -7.363644968773224         1.640550198728755      
   -9.299187483785035        5.5668936672286229E-003   -4.285167580427350      
   -19.41353403222980        -5.748498115548116        0.6553229829353988      
   -4.192803632520186        -15.10329381397977        -12.35652812913117      
   -6.046670581110358        -4.070718942241693        -2.171223949135463      
   -27.00963372178198        -1.257676407546735        -6.590893668700358      
   -14.13167897325458        -9.261716324939124        -5.192296042784150      
   -4.782506625271405        -10.88444692609153        -6.911673643703937      
   -5.707112330618729        -8.888924616647023        -1.021253784280792      
   -22.32795706863770        -3.836268940737782        -8.386526794202499     
 Iter:           48 Best Cost:   -5622.860583785270      Best Param: 
    2.196800389165415        -6.292861397107476         2.134609254268303      
   -5.123901131283843        -1.994132783848615        -2.239021932963451      
   0.5269088377129422        0.6154724802077889        -1.269792650192708      
   -4.970196694629533        -5.511505194565533        -5.507309592818481      
  -0.6290328808402889        -6.745719395475094        -1.865781111797567      
   -6.375985251069593       -0.9765205784999447        -2.693210616673687      
  -0.1024094934930435        0.3021607986402319        -2.763592466019622      
   -2.385940741915680        -7.363644968773224         1.640550198728755      
   -9.299187483785035        5.5668936672286229E-003   -4.285167580427350      
   -19.41353403222980        -5.748498115548116        0.6553229829353988      
   -4.192803632520186        -15.10329381397977        -12.35652812913117      
   -6.046670581110358        -4.070718942241693        -2.171223949135463      
   -27.00963372178198        -1.257676407546735        -6.590893668700358      
   -14.13167897325458        -9.261716324939124        -5.192296042784150      
   -4.782506625271405        -10.88444692609153        -6.911673643703937      
   -5.707112330618729        -8.888924616647023        -1.021253784280792      
   -22.32795706863770        -3.836268940737782        -8.386526794202499     
 Iter:           49 Best Cost:   -5622.860583785270      Best Param: 
    2.196800389165415        -6.292861397107476         2.134609254268303      
   -5.123901131283843        -1.994132783848615        -2.239021932963451      
   0.5269088377129422        0.6154724802077889        -1.269792650192708      
   -4.970196694629533        -5.511505194565533        -5.507309592818481      
  -0.6290328808402889        -6.745719395475094        -1.865781111797567      
   -6.375985251069593       -0.9765205784999447        -2.693210616673687      
  -0.1024094934930435        0.3021607986402319        -2.763592466019622      
   -2.385940741915680        -7.363644968773224         1.640550198728755      
   -9.299187483785035        5.5668936672286229E-003   -4.285167580427350      
   -19.41353403222980        -5.748498115548116        0.6553229829353988      
   -4.192803632520186        -15.10329381397977        -12.35652812913117      
   -6.046670581110358        -4.070718942241693        -2.171223949135463      
   -27.00963372178198        -1.257676407546735        -6.590893668700358      
   -14.13167897325458        -9.261716324939124        -5.192296042784150      
   -4.782506625271405        -10.88444692609153        -6.911673643703937      
   -5.707112330618729        -8.888924616647023        -1.021253784280792      
   -22.32795706863770        -3.836268940737782        -8.386526794202499     
 Iter:           50 Best Cost:   -5622.860583785270      Best Param: 
    2.196800389165415        -6.292861397107476         2.134609254268303      
   -5.123901131283843        -1.994132783848615        -2.239021932963451      
   0.5269088377129422        0.6154724802077889        -1.269792650192708      
   -4.970196694629533        -5.511505194565533        -5.507309592818481      
  -0.6290328808402889        -6.745719395475094        -1.865781111797567      
   -6.375985251069593       -0.9765205784999447        -2.693210616673687      
  -0.1024094934930435        0.3021607986402319        -2.763592466019622      
   -2.385940741915680        -7.363644968773224         1.640550198728755      
   -9.299187483785035        5.5668936672286229E-003   -4.285167580427350      
   -19.41353403222980        -5.748498115548116        0.6553229829353988      
   -4.192803632520186        -15.10329381397977        -12.35652812913117      
   -6.046670581110358        -4.070718942241693        -2.171223949135463      
   -27.00963372178198        -1.257676407546735        -6.590893668700358      
   -14.13167897325458        -9.261716324939124        -5.192296042784150      
   -4.782506625271405        -10.88444692609153        -6.911673643703937      
   -5.707112330618729        -8.888924616647023        -1.021253784280792      
   -22.32795706863770        -3.836268940737782        -8.386526794202499     
 Iter:           51 Best Cost:   -5622.860583785270      Best Param: 
    2.196800389165415        -6.292861397107476         2.134609254268303      
   -5.123901131283843        -1.994132783848615        -2.239021932963451      
   0.5269088377129422        0.6154724802077889        -1.269792650192708      
   -4.970196694629533        -5.511505194565533        -5.507309592818481      
  -0.6290328808402889        -6.745719395475094        -1.865781111797567      
   -6.375985251069593       -0.9765205784999447        -2.693210616673687      
  -0.1024094934930435        0.3021607986402319        -2.763592466019622      
   -2.385940741915680        -7.363644968773224         1.640550198728755      
   -9.299187483785035        5.5668936672286229E-003   -4.285167580427350      
   -19.41353403222980        -5.748498115548116        0.6553229829353988      
   -4.192803632520186        -15.10329381397977        -12.35652812913117      
   -6.046670581110358        -4.070718942241693        -2.171223949135463      
   -27.00963372178198        -1.257676407546735        -6.590893668700358      
   -14.13167897325458        -9.261716324939124        -5.192296042784150      
   -4.782506625271405        -10.88444692609153        -6.911673643703937      
   -5.707112330618729        -8.888924616647023        -1.021253784280792      
   -22.32795706863770        -3.836268940737782        -8.386526794202499     
 Iter:           52 Best Cost:   -5622.860583785270      Best Param: 
    2.196800389165415        -6.292861397107476         2.134609254268303      
   -5.123901131283843        -1.994132783848615        -2.239021932963451      
   0.5269088377129422        0.6154724802077889        -1.269792650192708      
   -4.970196694629533        -5.511505194565533        -5.507309592818481      
  -0.6290328808402889        -6.745719395475094        -1.865781111797567      
   -6.375985251069593       -0.9765205784999447        -2.693210616673687      
  -0.1024094934930435        0.3021607986402319        -2.763592466019622      
   -2.385940741915680        -7.363644968773224         1.640550198728755      
   -9.299187483785035        5.5668936672286229E-003   -4.285167580427350      
   -19.41353403222980        -5.748498115548116        0.6553229829353988      
   -4.192803632520186        -15.10329381397977        -12.35652812913117      
   -6.046670581110358        -4.070718942241693        -2.171223949135463      
   -27.00963372178198        -1.257676407546735        -6.590893668700358      
   -14.13167897325458        -9.261716324939124        -5.192296042784150      
   -4.782506625271405        -10.88444692609153        -6.911673643703937      
   -5.707112330618729        -8.888924616647023        -1.021253784280792      
   -22.32795706863770        -3.836268940737782        -8.386526794202499     
 Best Cost:   -5622.860583785270     
 Best Params:    2.196800389165415        -6.292861397107476      
    2.134609254268303        -5.123901131283843        -1.994132783848615      
   -2.239021932963451        0.5269088377129422        0.6154724802077889      
   -1.269792650192708        -4.970196694629533        -5.511505194565533      
   -5.507309592818481       -0.6290328808402889        -6.745719395475094      
   -1.865781111797567        -6.375985251069593       -0.9765205784999447      
   -2.693210616673687       -0.1024094934930435        0.3021607986402319      
   -2.763592466019622        -2.385940741915680        -7.363644968773224      
    1.640550198728755        -9.299187483785035        5.5668936672286229E-003 
   -4.285167580427350        -19.41353403222980        -5.748498115548116      
   0.6553229829353988        -4.192803632520186        -15.10329381397977      
   -12.35652812913117        -6.046670581110358        -4.070718942241693      
   -2.171223949135463        -27.00963372178198        -1.257676407546735      
   -6.590893668700358        -14.13167897325458        -9.261716324939124      
   -5.192296042784150        -4.782506625271405        -10.88444692609153      
   -6.911673643703937        -5.707112330618729        -8.888924616647023      
   -1.021253784280792        -22.32795706863770        -3.836268940737782      
   -8.386526794202499     
Opt Time Taken = 304. seconds.
 Time Taken =     309.3885      seconds.
