 Starting ferebus
 Reading command line arguments
 Reading config
Systems (n= 1)
System name                  WATER
nAtoms                           3
nFeats                           3
Atoms
 - Name                      O1
  - ALF                      1 2 3
Mean Config
 - Type                      Constant
PSO Config
 - Search Min                .000000000000000
 - Search Max                3.000000000000000
 - Swarm Size                50
 - Iterations                1000
 - Inertia Weight            .7290000000000000
 - Coginitive Learning Rate  1.494000000000000
 - Social Learning Rate      1.494000000000000
 - Variant                   Global
 - Parameter Updater         Constant
 - Stopping Criteria         Relative Change
    - Stall Iterations       50
    - Tolerance              .1000000000000000E-07
RBF Config
 - Name                      k1
Notes
 - method                    B3LYP
 - basis-set                 6-31+g(d,p)
 Reading training set file: WATER_O1_TRAINING_SET.csv
 initialising model
 Kernel AST: Var(k1)
 initialising pso
 running pso
 Iter:           1 Best Cost:  -284.968372686422      Best Param:
  0.306880091356489       0.326932415733698       0.248037267515048     
 Iter:           2 Best Cost:  -333.563152423813      Best Param:
 -0.595476743277687      -1.232374267186503E-002 -0.417565542384673     
 Iter:           3 Best Cost:  -346.578049724953      Best Param:
  -1.41633649099264       0.178682493035817       -1.01791831765921     
 Iter:           4 Best Cost:  -347.696120493801      Best Param:
  -1.30348639703165       7.992789355718781E-002  -1.01585894056123     
 Iter:           5 Best Cost:  -347.843057998391      Best Param:
  -1.02860996974163      -0.119983211956923       -1.16431201215514     
 Iter:           6 Best Cost:  -348.878047942082      Best Param:
  -1.10804506042866      -0.150965742294195      -0.980646295932450     
 Iter:           7 Best Cost:  -348.878047942082      Best Param:
  -1.10804506042866      -0.150965742294195      -0.980646295932450     
 Iter:           8 Best Cost:  -348.878047942082      Best Param:
  -1.10804506042866      -0.150965742294195      -0.980646295932450     
 Iter:           9 Best Cost:  -348.878047942082      Best Param:
  -1.10804506042866      -0.150965742294195      -0.980646295932450     
 Iter:          10 Best Cost:  -348.878047942082      Best Param:
  -1.10804506042866      -0.150965742294195      -0.980646295932450     
 Iter:          11 Best Cost:  -348.878047942082      Best Param:
  -1.10804506042866      -0.150965742294195      -0.980646295932450     
 Iter:          12 Best Cost:  -348.878047942082      Best Param:
  -1.10804506042866      -0.150965742294195      -0.980646295932450     
 Iter:          13 Best Cost:  -348.878047942082      Best Param:
  -1.10804506042866      -0.150965742294195      -0.980646295932450     
 Iter:          14 Best Cost:  -348.878047942082      Best Param:
  -1.10804506042866      -0.150965742294195      -0.980646295932450     
 Iter:          15 Best Cost:  -348.878047942082      Best Param:
  -1.10804506042866      -0.150965742294195      -0.980646295932450     
 Iter:          16 Best Cost:  -348.878047942082      Best Param:
  -1.10804506042866      -0.150965742294195      -0.980646295932450     
 Iter:          17 Best Cost:  -348.878047942082      Best Param:
  -1.10804506042866      -0.150965742294195      -0.980646295932450     
 Iter:          18 Best Cost:  -348.910738864705      Best Param:
  -1.13985989615209      -0.119743041197783      -0.964147815134975     
 Iter:          19 Best Cost:  -348.910738864705      Best Param:
  -1.13985989615209      -0.119743041197783      -0.964147815134975     
 Iter:          20 Best Cost:  -348.910738864705      Best Param:
  -1.13985989615209      -0.119743041197783      -0.964147815134975     
 Iter:          21 Best Cost:  -348.910738864705      Best Param:
  -1.13985989615209      -0.119743041197783      -0.964147815134975     
 Iter:          22 Best Cost:  -348.910738864705      Best Param:
  -1.13985989615209      -0.119743041197783      -0.964147815134975     
 Iter:          23 Best Cost:  -348.910738864705      Best Param:
  -1.13985989615209      -0.119743041197783      -0.964147815134975     
 Iter:          24 Best Cost:  -348.910738864705      Best Param:
  -1.13985989615209      -0.119743041197783      -0.964147815134975     
 Iter:          25 Best Cost:  -348.910738864705      Best Param:
  -1.13985989615209      -0.119743041197783      -0.964147815134975     
 Iter:          26 Best Cost:  -348.912275429967      Best Param:
  -1.13918784502071      -0.132613568314457      -0.962338306196382     
 Iter:          27 Best Cost:  -348.912275429967      Best Param:
  -1.13918784502071      -0.132613568314457      -0.962338306196382     
 Iter:          28 Best Cost:  -348.913064595136      Best Param:
  -1.14104890290701      -0.125435916510298      -0.962345167828031     
 Iter:          29 Best Cost:  -348.913064595136      Best Param:
  -1.14104890290701      -0.125435916510298      -0.962345167828031     
 Iter:          30 Best Cost:  -348.913813259721      Best Param:
  -1.14350416744053      -0.127318772468093      -0.957085082958347     
 Iter:          31 Best Cost:  -348.913813259721      Best Param:
  -1.14350416744053      -0.127318772468093      -0.957085082958347     
 Iter:          32 Best Cost:  -348.913813259721      Best Param:
  -1.14350416744053      -0.127318772468093      -0.957085082958347     
 Iter:          33 Best Cost:  -348.913813259721      Best Param:
  -1.14350416744053      -0.127318772468093      -0.957085082958347     
 Iter:          34 Best Cost:  -348.913813259721      Best Param:
  -1.14350416744053      -0.127318772468093      -0.957085082958347     
 Iter:          35 Best Cost:  -348.913947672174      Best Param:
  -1.13870485274667      -0.124583396790975      -0.959004600486549     
 Iter:          36 Best Cost:  -348.914353882955      Best Param:
  -1.13793836044275      -0.130031233082146      -0.956183366326451     
 Iter:          37 Best Cost:  -348.914353882955      Best Param:
  -1.13793836044275      -0.130031233082146      -0.956183366326451     
 Iter:          38 Best Cost:  -348.914353882955      Best Param:
  -1.13793836044275      -0.130031233082146      -0.956183366326451     
 Iter:          39 Best Cost:  -348.914353882955      Best Param:
  -1.13793836044275      -0.130031233082146      -0.956183366326451     
 Iter:          40 Best Cost:  -348.914520659649      Best Param:
  -1.13620209118365      -0.127974165532156      -0.956922685249443     
 Iter:          41 Best Cost:  -348.914520659649      Best Param:
  -1.13620209118365      -0.127974165532156      -0.956922685249443     
 Iter:          42 Best Cost:  -348.914520659649      Best Param:
  -1.13620209118365      -0.127974165532156      -0.956922685249443     
 Iter:          43 Best Cost:  -348.914520659649      Best Param:
  -1.13620209118365      -0.127974165532156      -0.956922685249443     
 Iter:          44 Best Cost:  -348.914520659649      Best Param:
  -1.13620209118365      -0.127974165532156      -0.956922685249443     
 Iter:          45 Best Cost:  -348.914520659649      Best Param:
  -1.13620209118365      -0.127974165532156      -0.956922685249443     
 Iter:          46 Best Cost:  -348.914520659649      Best Param:
  -1.13620209118365      -0.127974165532156      -0.956922685249443     
 Iter:          47 Best Cost:  -348.914520659649      Best Param:
  -1.13620209118365      -0.127974165532156      -0.956922685249443     
 Iter:          48 Best Cost:  -348.914543627839      Best Param:
  -1.13636437674693      -0.128740143650427      -0.957196283859813     
 Iter:          49 Best Cost:  -348.914543627839      Best Param:
  -1.13636437674693      -0.128740143650427      -0.957196283859813     
 Iter:          50 Best Cost:  -348.914543627839      Best Param:
  -1.13636437674693      -0.128740143650427      -0.957196283859813     
 Iter:          51 Best Cost:  -348.914543627839      Best Param:
  -1.13636437674693      -0.128740143650427      -0.957196283859813     
 Iter:          52 Best Cost:  -348.914543627839      Best Param:
  -1.13636437674693      -0.128740143650427      -0.957196283859813     
 Iter:          53 Best Cost:  -348.914543627839      Best Param:
  -1.13636437674693      -0.128740143650427      -0.957196283859813     
 Iter:          54 Best Cost:  -348.914543627839      Best Param:
  -1.13636437674693      -0.128740143650427      -0.957196283859813     
 Iter:          55 Best Cost:  -348.914543627839      Best Param:
  -1.13636437674693      -0.128740143650427      -0.957196283859813     
 Iter:          56 Best Cost:  -348.914543627839      Best Param:
  -1.13636437674693      -0.128740143650427      -0.957196283859813     
 Iter:          57 Best Cost:  -348.914546906731      Best Param:
  -1.13617182827908      -0.128707045406209      -0.957124099846398     
 Iter:          58 Best Cost:  -348.914546906731      Best Param:
  -1.13617182827908      -0.128707045406209      -0.957124099846398     
 Iter:          59 Best Cost:  -348.914546906731      Best Param:
  -1.13617182827908      -0.128707045406209      -0.957124099846398     
 Iter:          60 Best Cost:  -348.914549793871      Best Param:
  -1.13613076414581      -0.128422862216010      -0.958076884555199     
 Iter:          61 Best Cost:  -348.914549793871      Best Param:
  -1.13613076414581      -0.128422862216010      -0.958076884555199     
 Iter:          62 Best Cost:  -348.914553108499      Best Param:
  -1.13601037730557      -0.128429119087649      -0.957703441856646     
 Iter:          63 Best Cost:  -348.914553108499      Best Param:
  -1.13601037730557      -0.128429119087649      -0.957703441856646     
 Iter:          64 Best Cost:  -348.914556022657      Best Param:
  -1.13577868894521      -0.128595154261668      -0.957609965296453     
 Iter:          65 Best Cost:  -348.914556022657      Best Param:
  -1.13577868894521      -0.128595154261668      -0.957609965296453     
 Iter:          66 Best Cost:  -348.914556022657      Best Param:
  -1.13577868894521      -0.128595154261668      -0.957609965296453     
 Iter:          67 Best Cost:  -348.914556022657      Best Param:
  -1.13577868894521      -0.128595154261668      -0.957609965296453     
 Iter:          68 Best Cost:  -348.914556022657      Best Param:
  -1.13577868894521      -0.128595154261668      -0.957609965296453     
 Iter:          69 Best Cost:  -348.914556022657      Best Param:
  -1.13577868894521      -0.128595154261668      -0.957609965296453     
 Iter:          70 Best Cost:  -348.914556022657      Best Param:
  -1.13577868894521      -0.128595154261668      -0.957609965296453     
 Iter:          71 Best Cost:  -348.914556946807      Best Param:
  -1.13586277330548      -0.128596676305233      -0.957638561004930     
 Iter:          72 Best Cost:  -348.914560109861      Best Param:
  -1.13601988285393      -0.128549692533975      -0.957491101921125     
 Iter:          73 Best Cost:  -348.914560109861      Best Param:
  -1.13601988285393      -0.128549692533975      -0.957491101921125     
 Iter:          74 Best Cost:  -348.914560109861      Best Param:
  -1.13601988285393      -0.128549692533975      -0.957491101921125     
 Iter:          75 Best Cost:  -348.914560109861      Best Param:
  -1.13601988285393      -0.128549692533975      -0.957491101921125     
 Iter:          76 Best Cost:  -348.914560109861      Best Param:
  -1.13601988285393      -0.128549692533975      -0.957491101921125     
 Iter:          77 Best Cost:  -348.914560109861      Best Param:
  -1.13601988285393      -0.128549692533975      -0.957491101921125     
 Iter:          78 Best Cost:  -348.914560109861      Best Param:
  -1.13601988285393      -0.128549692533975      -0.957491101921125     
 Iter:          79 Best Cost:  -348.914560109861      Best Param:
  -1.13601988285393      -0.128549692533975      -0.957491101921125     
 Iter:          80 Best Cost:  -348.914560109861      Best Param:
  -1.13601988285393      -0.128549692533975      -0.957491101921125     
 Iter:          81 Best Cost:  -348.914560109861      Best Param:
  -1.13601988285393      -0.128549692533975      -0.957491101921125     
 Iter:          82 Best Cost:  -348.914560109861      Best Param:
  -1.13601988285393      -0.128549692533975      -0.957491101921125     
 Iter:          83 Best Cost:  -348.914560109861      Best Param:
  -1.13601988285393      -0.128549692533975      -0.957491101921125     
 Iter:          84 Best Cost:  -348.914562465653      Best Param:
  -1.13569972478373      -0.128536425407306      -0.957526344728698     
 Iter:          85 Best Cost:  -348.914562465653      Best Param:
  -1.13569972478373      -0.128536425407306      -0.957526344728698     
 Iter:          86 Best Cost:  -348.914563894060      Best Param:
  -1.13587192808767      -0.128548355560387      -0.957814891978218     
 Iter:          87 Best Cost:  -348.914563894060      Best Param:
  -1.13587192808767      -0.128548355560387      -0.957814891978218     
 Iter:          88 Best Cost:  -348.914563894060      Best Param:
  -1.13587192808767      -0.128548355560387      -0.957814891978218     
 Iter:          89 Best Cost:  -348.914563894060      Best Param:
  -1.13587192808767      -0.128548355560387      -0.957814891978218     
 Iter:          90 Best Cost:  -348.914564589636      Best Param:
  -1.13611378054407      -0.128475114323471      -0.957661396537278     
 Iter:          91 Best Cost:  -348.914564589636      Best Param:
  -1.13611378054407      -0.128475114323471      -0.957661396537278     
 Iter:          92 Best Cost:  -348.914564589636      Best Param:
  -1.13611378054407      -0.128475114323471      -0.957661396537278     
 Iter:          93 Best Cost:  -348.914564589636      Best Param:
  -1.13611378054407      -0.128475114323471      -0.957661396537278     
 Iter:          94 Best Cost:  -348.914564589636      Best Param:
  -1.13611378054407      -0.128475114323471      -0.957661396537278     
 Iter:          95 Best Cost:  -348.914564589636      Best Param:
  -1.13611378054407      -0.128475114323471      -0.957661396537278     
 Iter:          96 Best Cost:  -348.914564589636      Best Param:
  -1.13611378054407      -0.128475114323471      -0.957661396537278     
 Iter:          97 Best Cost:  -348.914564589636      Best Param:
  -1.13611378054407      -0.128475114323471      -0.957661396537278     
 Iter:          98 Best Cost:  -348.914566374672      Best Param:
  -1.13595716546374      -0.128428360262762      -0.957581387483696     
 Iter:          99 Best Cost:  -348.914566374672      Best Param:
  -1.13595716546374      -0.128428360262762      -0.957581387483696     
 Iter:         100 Best Cost:  -348.914566374672      Best Param:
  -1.13595716546374      -0.128428360262762      -0.957581387483696     
 Iter:         101 Best Cost:  -348.914566374672      Best Param:
  -1.13595716546374      -0.128428360262762      -0.957581387483696     
 Iter:         102 Best Cost:  -348.914566374672      Best Param:
  -1.13595716546374      -0.128428360262762      -0.957581387483696     
 Iter:         103 Best Cost:  -348.914566374672      Best Param:
  -1.13595716546374      -0.128428360262762      -0.957581387483696     
 Iter:         104 Best Cost:  -348.914566374672      Best Param:
  -1.13595716546374      -0.128428360262762      -0.957581387483696     
 Iter:         105 Best Cost:  -348.914566374672      Best Param:
  -1.13595716546374      -0.128428360262762      -0.957581387483696     
 Iter:         106 Best Cost:  -348.914566374672      Best Param:
  -1.13595716546374      -0.128428360262762      -0.957581387483696     
 Iter:         107 Best Cost:  -348.914566374672      Best Param:
  -1.13595716546374      -0.128428360262762      -0.957581387483696     
 Iter:         108 Best Cost:  -348.914566374672      Best Param:
  -1.13595716546374      -0.128428360262762      -0.957581387483696     
 Iter:         109 Best Cost:  -348.914566374672      Best Param:
  -1.13595716546374      -0.128428360262762      -0.957581387483696     
 Iter:         110 Best Cost:  -348.914566374672      Best Param:
  -1.13595716546374      -0.128428360262762      -0.957581387483696     
 Iter:         111 Best Cost:  -348.914566374672      Best Param:
  -1.13595716546374      -0.128428360262762      -0.957581387483696     
 Iter:         112 Best Cost:  -348.914566374672      Best Param:
  -1.13595716546374      -0.128428360262762      -0.957581387483696     
 Iter:         113 Best Cost:  -348.914566374672      Best Param:
  -1.13595716546374      -0.128428360262762      -0.957581387483696     
 Iter:         114 Best Cost:  -348.914566374672      Best Param:
  -1.13595716546374      -0.128428360262762      -0.957581387483696     
 Iter:         115 Best Cost:  -348.914566374672      Best Param:
  -1.13595716546374      -0.128428360262762      -0.957581387483696     
 Iter:         116 Best Cost:  -348.914566374672      Best Param:
  -1.13595716546374      -0.128428360262762      -0.957581387483696     
 Iter:         117 Best Cost:  -348.914566374672      Best Param:
  -1.13595716546374      -0.128428360262762      -0.957581387483696     
 Iter:         118 Best Cost:  -348.914566374672      Best Param:
  -1.13595716546374      -0.128428360262762      -0.957581387483696     
 Iter:         119 Best Cost:  -348.914566374672      Best Param:
  -1.13595716546374      -0.128428360262762      -0.957581387483696     
 Iter:         120 Best Cost:  -348.914566374672      Best Param:
  -1.13595716546374      -0.128428360262762      -0.957581387483696     
 Iter:         121 Best Cost:  -348.914566374672      Best Param:
  -1.13595716546374      -0.128428360262762      -0.957581387483696     
 Iter:         122 Best Cost:  -348.914566374672      Best Param:
  -1.13595716546374      -0.128428360262762      -0.957581387483696     
 Iter:         123 Best Cost:  -348.914566374672      Best Param:
  -1.13595716546374      -0.128428360262762      -0.957581387483696     
 Iter:         124 Best Cost:  -348.914566374672      Best Param:
  -1.13595716546374      -0.128428360262762      -0.957581387483696     
 Iter:         125 Best Cost:  -348.914566374672      Best Param:
  -1.13595716546374      -0.128428360262762      -0.957581387483696     
 Iter:         126 Best Cost:  -348.914566374672      Best Param:
  -1.13595716546374      -0.128428360262762      -0.957581387483696     
 Iter:         127 Best Cost:  -348.914566374672      Best Param:
  -1.13595716546374      -0.128428360262762      -0.957581387483696     
 Iter:         128 Best Cost:  -348.914566374672      Best Param:
  -1.13595716546374      -0.128428360262762      -0.957581387483696     
 Iter:         129 Best Cost:  -348.914566374672      Best Param:
  -1.13595716546374      -0.128428360262762      -0.957581387483696     
 Iter:         130 Best Cost:  -348.914566374672      Best Param:
  -1.13595716546374      -0.128428360262762      -0.957581387483696     
 Iter:         131 Best Cost:  -348.914566374672      Best Param:
  -1.13595716546374      -0.128428360262762      -0.957581387483696     
 Iter:         132 Best Cost:  -348.914566374672      Best Param:
  -1.13595716546374      -0.128428360262762      -0.957581387483696     
 Iter:         133 Best Cost:  -348.914566374672      Best Param:
  -1.13595716546374      -0.128428360262762      -0.957581387483696     
 Iter:         134 Best Cost:  -348.914566374672      Best Param:
  -1.13595716546374      -0.128428360262762      -0.957581387483696     
 Iter:         135 Best Cost:  -348.914566374672      Best Param:
  -1.13595716546374      -0.128428360262762      -0.957581387483696     
 Best Cost:  -348.914566374672     
 Best Params:  -1.13595716546374      -0.128428360262762     
 -0.957581387483696     
 Opt Time Taken =   0.156300000002375       seconds.
 Time Taken =   0.491800000003423       seconds.
