 Starting ferebus
 Reading command line arguments
 Reading config
Systems (n= 1)
System name                  GLYCINE
nAtoms                          19
nFeats                          51
Atoms
 - Name                      C1
  - ALF                      1 2 4
Mean Config
 - Type                      Constant
PSO Config
 - Search Min                .000000000000000
 - Search Max                3.000000000000000
 - Swarm Size                64
 - Iterations                10000
 - Inertia Weight            .7290000000000000
 - Coginitive Learning Rate  1.494000000000000
 - Social Learning Rate      1.494000000000000
 - Variant                   Global
 - Parameter Updater         Constant
 - Stopping Criteria         Relative Change
    - Stall Iterations       5
    - Tolerance              .1000000000000000E-02
RBF Config
 - Name                      k1
Notes
 - method                    B3LYP
 - basis-set                 6-31+g(d,p)
 Reading training set file: GLYCINE_C1_TRAINING_SET.csv
 initialising model
 Kernel AST: Var(k1)
 initialising pso
 running pso
 Iter:           1 Best Cost:   929.479857810919      Best Param:
  0.352084316279353       0.452363871247941       0.312010889649824     
  0.267722053805542       0.819672029778419       0.308203656318278     
  0.905987612441623       0.341415791781780       0.585029051512233     
  0.776904916407968       0.815380723358766       0.991121502241738     
  0.653921425148529       7.250099822999390E-002  0.210701714227744     
  0.231762257730493       0.751407033703103       0.793994195987241     
  0.130028643669765       0.536472454015240       0.571769745834372     
  0.838757782380289       0.342401159510064       4.112754226468751E-002
  0.874847457912767       0.697866978737849       0.101032918127161     
  2.931290515307394E-002  9.354661682223264E-002  0.973096616432635     
  0.289741785092305       0.406577662359506       0.757157503794128     
  0.885309090954844       7.569038562182651E-002  0.344486560803540     
  0.268126049447207       0.494544712843514       0.737293613920900     
  0.112142704209375       0.647656562296119       0.428119086842111     
  0.276719690543216       0.238239700091247       0.995047848475663     
  0.174464638265547       0.204636648480836       0.468480882617122     
  0.672637013799580       0.312488738243257       0.365973678933347     
 Iter:           2 Best Cost:  -1077.33920856264      Best Param:
 -0.342372720167448       -1.51021855129996       -1.52895281203123     
 -0.307608575506101       0.440025744847888      -0.442637744747863     
 -0.401707464307430       -1.10363596565547       0.812559482144669     
  0.483863230018624      -0.643276194687777      -0.743606605650417     
 -0.660959661537843       0.466358145267760       -1.37723320473598     
 -0.164542721398302      -0.623224996565443      -0.390966509962422     
  -2.13416861236617      -0.148541971114843       -1.25769515222714     
  -1.12939724607472       -1.30506302826902      -0.694313404499394     
 -6.385159129487983E-002 -5.652419005743006E-002  -1.82250992735952     
  0.476465851424310      -0.375396892322772       -1.89966079819417     
  -2.06675780175856       -1.25375999630263      -0.207212973418461     
 -0.924678066040223      -1.251930719607386E-003  -1.20066636619473     
 -0.398057637827018       0.378721367430376      -0.753831269109048     
  -2.07015685437666       3.742824607840811E-004  -1.04180706222424     
  -1.39559942699419      -0.631003513919508      -0.939569617491254     
 -0.665290565601335       -1.79764385430162      -0.571212653421518     
 -0.380271992289046       -1.02593964323090       -1.14102540167689     
 Iter:           3 Best Cost:  -2955.71364905357      Best Param:
  -1.74546126980917       -3.16153736633325       -3.11993329736381     
 -0.502752697583002       0.224165788504364       -2.78172493298631     
  -1.63329733754625       -1.26654896558444       0.569973306160997     
  0.409918012774143      -0.969430000495297       0.519629835871307     
  -1.45601209425809       -2.35971017814695      -0.799096355571186     
  -1.48500036792593       -1.86520727383568       -1.23490283973994     
  -3.34226463128604      -0.640624694884330       1.113923175255205E-002
  -1.35299952882413       -1.30244598534574       -1.61180832320121     
  -1.47820494200879      -0.580111676007300       -2.97325923327249     
  -1.30597467616047       -1.48798949295401       -1.45068580125342     
  -2.27098974968018       -3.63505244239397       0.146590774854083     
  -2.36246264436238      -0.558237362489133       -2.06415578496801     
  -1.80438374125975      -0.670017459686478      -0.378083548292254     
  -2.82408937519337      -0.990752086923676       -2.32773704053013     
  -1.75998480272927       -2.14440871342488      -0.574986717717548     
  -1.44235921948840       -2.57285379920292      -0.507305626452178     
  -1.30713053759250       -2.57035229985528      -0.492735880576183     
 Iter:           4 Best Cost:  -5827.60301560984      Best Param:
  -3.72300884168686       -3.48057513463321       -6.49363182761982     
  -3.16603751328662       -1.49142331097881       -3.58361601361272     
  -3.70538670146763       -3.15891520693592       -1.64850407685703     
  0.671930583083786       -1.58151361585878       0.981284387492677     
  -3.71381836406678       -3.29529834374643       -1.61350796607943     
  -2.83155687736456       -3.33380578704706       -1.58451586508051     
  -6.73083585409495       -1.86644103712901       -2.11861069972298     
  -4.92855886681553       -3.20877469915729       -1.87386044288848     
  -3.25514357246201      -0.771306633848914       -4.55605314647633     
  -1.87450896916626      -0.926076351459119       -3.83434107488148     
  -4.48565855387572       -5.55366565514530      -0.794933273060802     
  -5.81065970832203       -1.91890811505816       -2.90285143925966     
  -3.17621365036867      -0.226312760226671       0.622845241168462     
  -4.51262042519465       -3.16844663802613       -5.35684725791382     
  -3.68258455542936       -2.49759311677800       -2.16395900098977     
  -4.79572089992203       -5.82058130044350       -1.02803909186643     
  -2.19806099374027       -4.72990289865075       -3.47907168611089     
 Iter:           5 Best Cost:  -8297.57839677131      Best Param:
  -5.75258650572739       -6.22084972363147       -9.39007532183573     
 -0.829302714437988       -1.89102125620556       -7.57617380643930     
  -4.75260370144948       -3.78051407642966       -1.98037446697811     
 -0.596454725222564       -1.84203142188772       -1.77735674486750     
  -2.30182755102244       -5.49576106902267       -7.52707214117208     
  -5.57720168259417       -5.74668813387573       -2.74500913512416     
  -7.23239718312173       -4.76564402894238       -3.90245507268638     
  -7.20809976890009       -4.29376882319946       0.249204229564064     
  -3.96357720917438       -2.54171388600773       -4.38221987471581     
  -2.47137254563200       -1.47422658163570       -1.11855160348783     
  -7.55173360733221       -8.52735387600891       0.349350911619648     
  -9.00174789150953       -1.82849243564264       -5.66734222467589     
  -5.24692739329176       -3.88220958617758       -1.37781901907446     
  -7.26300016264229       -2.87595534730155       -6.54608442309228     
  -5.44423274172083       -5.40573860933097       -3.57524346817409     
  -5.63379894635476       -7.00084363725480       -1.47769041880530     
  -3.57060310203606       -6.98180959703426       -5.42836340093106     
 Iter:           6 Best Cost:  -9706.24213028940      Best Param:
  -7.35839829741325       -6.64660732716933       -8.89213198649773     
  -2.19858978006001       -3.79736881991478       -3.73325315868662     
  -3.86708508130522       -4.98099833866118       -3.23461606187083     
 -0.232184634467611       -2.51682732822198      -0.865940293621867     
  -3.56690587108933       -7.16212043814531       -8.23770729277511     
  -6.02441084479616       -8.88076514278012       -3.57721793611070     
  -10.5914403854970       -5.77037017025281       -5.44696120514700     
  -9.39910880446765       -4.99269944985836       0.608772299394241     
  -6.50147833224860      -0.584777954183242       -5.48181260981597     
  -4.05487508270297       -1.74627575669303       -2.73356004500120     
  -8.38461937682813       -9.79271616198749       -1.95831837644874     
  -8.32622009169657       -2.10869980613763       -6.95748743247175     
  -7.69414130029175       -5.76827889242694       -1.59662993932993     
  -8.80900642555145       -4.82631486518595       -11.8987254298492     
  -7.40551847251008       -6.56238877605339       -4.20105891020080     
  -7.87235116290001       -8.68146683143769       -1.77547370579069     
  -4.74242990533418       -9.76252275101583       -5.91276115901563     
 Iter:           7 Best Cost:  -9706.24213028940      Best Param:
  -7.35839829741325       -6.64660732716933       -8.89213198649773     
  -2.19858978006001       -3.79736881991478       -3.73325315868662     
  -3.86708508130522       -4.98099833866118       -3.23461606187083     
 -0.232184634467611       -2.51682732822198      -0.865940293621867     
  -3.56690587108933       -7.16212043814531       -8.23770729277511     
  -6.02441084479616       -8.88076514278012       -3.57721793611070     
  -10.5914403854970       -5.77037017025281       -5.44696120514700     
  -9.39910880446765       -4.99269944985836       0.608772299394241     
  -6.50147833224860      -0.584777954183242       -5.48181260981597     
  -4.05487508270297       -1.74627575669303       -2.73356004500120     
  -8.38461937682813       -9.79271616198749       -1.95831837644874     
  -8.32622009169657       -2.10869980613763       -6.95748743247175     
  -7.69414130029175       -5.76827889242694       -1.59662993932993     
  -8.80900642555145       -4.82631486518595       -11.8987254298492     
  -7.40551847251008       -6.56238877605339       -4.20105891020080     
  -7.87235116290001       -8.68146683143769       -1.77547370579069     
  -4.74242990533418       -9.76252275101583       -5.91276115901563     
 Iter:           8 Best Cost:  -9875.51833314798      Best Param:
  -8.40679674746879       -5.41002540099346       -8.73107353754528     
  -1.73750463640396       -3.67298172063870       -4.49985994751092     
  -3.26931122717473       -5.35259733997112       -3.54129660986323     
 -0.418335093946806       -2.16493099361443       -1.01543606796647     
  -3.55628011364201       -5.01050511081221       -5.70141755650986     
  -5.58357769629741       -9.01824547186914       -3.34044874016955     
  -11.4235563036228       -5.65242330463860       -4.56786265044671     
  -11.9023221927991       -5.14166571547002       -1.02492398738153     
  -7.55360241193492       -2.47915054349729       -5.22527558487519     
  -2.78151403625305       -1.97524034814583       -1.61462459678047     
  -8.17872334467742       -8.41400377463814       -1.99151120281232     
  -8.62966915814452       -2.00346214973372       -8.69143158327756     
  -10.5030164056741       -5.74598561203223       -1.22758926085438     
  -7.99188123081942       -5.53442692725412       -11.7756848292539     
  -9.74006122680646       -5.71127301922501       -4.15474423191853     
  -9.17581091539154       -9.93503004094396       -1.51216471934179     
  -4.10028460671572       -12.0165981877994       -7.89117534619751     
 Iter:           9 Best Cost:  -9875.82094134312      Best Param:
  -7.84775025929773       -4.40520286918473       -6.56262779464870     
 -0.661800249201073       -4.73850584489725       -2.30844111184232     
  -2.10448706263951       -6.99681979559976       -3.38885059019485     
 -0.889693880353960       -2.76838639960803      -7.791295873372817E-002
  -2.57556329704601       -3.83466299866025      -0.571110169141239     
  -6.21852933159058       -7.94511742755959       -3.17530489930871     
  -13.4326474025796       -6.54516208829721       -9.44864584974583     
  -12.0196328326546       -5.74717838868716       -2.24149941151519     
  -7.61171570461614       -2.52077449126486       -6.67516711226636     
  -3.72174580784505       -1.70533669487364       -2.43426727069606     
  -6.30469323940707       -9.42923367066015       -3.01004602542334     
  -8.34604628956166       -3.02147681923067       -9.58425779043092     
  -11.5368890786806       -8.45432100338741       -1.68056929404612     
  -7.87348610219836       -5.70454705437922       -12.3878736032164     
  -10.8188945127362       -7.28902093062390       -5.08089372853747     
  -10.7162684062886       -10.4924814626059       -2.65597797699683     
  -5.67462773094108       -13.5655758580661       -6.41091843274173     
 Iter:          10 Best Cost:  -10093.0760704723      Best Param:
  -6.44096428533181       -3.13601535950159       -6.85623604610650     
 -0.582504275154149       -4.71429326238943       -6.27813740726362     
  -2.84075707306145       -7.67006036341065       -3.56504287803178     
  -1.73324527346967       -2.83504145466009       7.100353303589113E-002
  -1.81925906275751       -3.45973726959491       -4.60747152219864     
  -4.88354503897446       -8.11898989438389       -3.29142211562576     
  -12.5679183956362       -6.73065964698023       -7.57541921294323     
  -11.8030057465056       -6.00088749795721       -1.63158708294768     
  -6.50822379871139       -2.71891606410437       -5.52243829308822     
  -2.26887111199770       -1.64814698723341       -2.22254902115599     
  -6.67612754162091       -7.78682354592785       -3.04905812369976     
  -4.94902436504366       -2.78289697738902       -8.10677720735919     
  -11.1535396605384       -5.14622433327664       -1.83590910602081     
  -7.28198319273856       -4.26042482125405       -7.63312113012072     
  -14.6544399770216       -7.51068232900307       -4.73916336244199     
  -8.25234983778936       -10.3144080629358      -0.917478218329154     
  -5.70250877493817       -13.0066802973684       -6.75711744894407     
 Iter:          11 Best Cost:  -10162.8855770720      Best Param:
  -6.50988553603631       -3.91139019084627       -6.39289751574820     
 -0.874274631258196       -4.37873627254991       -5.11281935253123     
 -0.936853639524486       -7.28774964302471       -3.33009964568130     
  -1.93848440969478       -2.65806802796676      -7.917478022979596E-004
  -2.11740221436374       -2.81485269870118       -5.23014383212659     
  -4.86722929781492       -7.78666420272858       -2.94488551356321     
  -12.7110483577914       -6.55368882672780       -7.14055371897865     
  -11.8731386039911       -6.86926862260981       -4.64709920033999     
  -6.66089112526350       -3.68297709053944       -5.93248037243253     
  -2.08542471166319       -1.60022962567536       -2.71288887399970     
  -6.63708428970668       -6.84775054738739       -3.02518634385200     
  -4.55025874569209       -3.86758609515567       -8.74514085294032     
  -10.6283184173027       -7.48664302462715       -1.74602454761963     
  -8.41039763748966       -5.53393626807583       -11.8474390180737     
  -11.6640693905704       -6.81967319707433       -4.78145778796433     
  -7.49715997032094       -10.2715552617069       -1.19814007020074     
  -5.63771723108897       -13.1378323217178       -6.92996754590675     
 Iter:          12 Best Cost:  -10432.6819370517      Best Param:
  -5.22889316750242       -2.60947845345956       -6.95763657065775     
 -3.764959489685848E-002  -5.37598305859277       -5.63639945947913     
  -3.60402563156358       -8.11734144887096       -3.62700207951962     
  -3.11196517711435       -2.81007043393358       0.399807954101631     
  -2.44559921681509       -1.92778460122138      -0.479623613834099     
  -5.80361454779522       -7.94111868353388       -2.89875908013786     
  -12.3381657154361       -6.61770156189466       -8.68659855974652     
  -11.8472060437654       -6.76463275406001       -4.50004212629587     
  -7.02383351087911       -4.82968997514029       -5.97874205955724     
  -2.53592966495802       -1.77406303496160       -3.84870284397558     
  -6.14580162827586       -6.37905457559020       -3.51787891046379     
  -8.51471550702347       -3.46753924348772       -8.10642078891583     
  -10.1361505493204       -7.52749411990797       -2.01285822520949     
  -7.75666578209265       -4.73276924260102       -15.2421550000694     
  -12.2818914415578       -6.37860466214477       -4.79952731744005     
  -12.7416630600709       -11.8715448127930      -0.898438397434226     
  -6.19351628870733       -14.0986671004299       -7.31913932802000     
 Iter:          13 Best Cost:  -10650.9156831909      Best Param:
  -4.83056935506371       -2.67227545693028       -5.05205003911304     
 -0.341817223919117       -5.64860007144210       -4.80749214592252     
  -1.36693876699559       -7.49457109144780       -3.63542429165038     
  -2.72736357897563       -2.74381157742427       0.288504381244401     
  -2.10201507281959       -2.89398778041409       -3.94618376595704     
  -5.00463591839031       -8.40115504604058       -3.13415544188011     
  -12.4969401495951       -7.27512245597041       -7.59285996235977     
  -7.75185930946182       -6.32253355444412       -5.42213154875006     
  -7.51449542531381       -5.53856006626210       -5.97158959782775     
  -2.32163993803283       -2.06824311369190       -4.30249279035970     
  -7.14211429129610       -5.20456084250609       -4.80402062714669     
  -11.8134193941376       -4.17859066688805       -8.66417338597944     
  -9.96699650398996       -8.18928726763784       -1.07590232488918     
  -7.75611665926214       -5.10879648640739       -20.5752339816881     
  -13.6884582094237       -6.18533400207181       -4.79630655905124     
  -12.7614352834376       -10.9817006199348      -0.960349788179840     
  -6.06662599789258       -14.2609934225138       -7.87844329033322     
 Iter:          14 Best Cost:  -10827.1929485375      Best Param:
  -4.26788184639547       -2.10432044865312       -4.95282751056643     
 -0.366199810832993       -6.53591074572138       -3.23510888217316     
  -3.10220602880442       -5.47368280171408       -4.49149075855216     
  -3.89580564947093       -1.86642436389432       0.388538448113803     
  -3.99065161737936       -1.69851633759023       -3.05165180286985     
  -5.68500909217008       -7.33823290424357       -2.97001601716500     
  -12.5402770150959       -6.99774274935635       -9.50272604619583     
  -8.07546481372560       -5.18657955661801       -4.68422170508877     
  -10.3928116032154       -4.65869317739811       -6.07343850756245     
  -3.18137574645437       -2.00735820385529       -4.34707812584338     
  -6.62314531759449       -3.38425130460328       -7.93054894059772     
  -11.6300810626076       -3.66398956855055       -7.43621538795260     
  -10.1242890172915       -9.45268713104134       -1.65197423310509     
  -8.09622930337356       -4.97644405061541       -21.9143011050959     
  -9.36971657139573       -6.14311091334507       -4.71790926891537     
  -14.9895137093583       -12.2553647151073       -1.27368721970144     
  -6.31658977995518       -13.8117559432098       -8.08899654286625     
 Iter:          15 Best Cost:  -10827.1929485375      Best Param:
  -4.26788184639547       -2.10432044865312       -4.95282751056643     
 -0.366199810832993       -6.53591074572138       -3.23510888217316     
  -3.10220602880442       -5.47368280171408       -4.49149075855216     
  -3.89580564947093       -1.86642436389432       0.388538448113803     
  -3.99065161737936       -1.69851633759023       -3.05165180286985     
  -5.68500909217008       -7.33823290424357       -2.97001601716500     
  -12.5402770150959       -6.99774274935635       -9.50272604619583     
  -8.07546481372560       -5.18657955661801       -4.68422170508877     
  -10.3928116032154       -4.65869317739811       -6.07343850756245     
  -3.18137574645437       -2.00735820385529       -4.34707812584338     
  -6.62314531759449       -3.38425130460328       -7.93054894059772     
  -11.6300810626076       -3.66398956855055       -7.43621538795260     
  -10.1242890172915       -9.45268713104134       -1.65197423310509     
  -8.09622930337356       -4.97644405061541       -21.9143011050959     
  -9.36971657139573       -6.14311091334507       -4.71790926891537     
  -14.9895137093583       -12.2553647151073       -1.27368721970144     
  -6.31658977995518       -13.8117559432098       -8.08899654286625     
 Iter:          16 Best Cost:  -10827.1929485375      Best Param:
  -4.26788184639547       -2.10432044865312       -4.95282751056643     
 -0.366199810832993       -6.53591074572138       -3.23510888217316     
  -3.10220602880442       -5.47368280171408       -4.49149075855216     
  -3.89580564947093       -1.86642436389432       0.388538448113803     
  -3.99065161737936       -1.69851633759023       -3.05165180286985     
  -5.68500909217008       -7.33823290424357       -2.97001601716500     
  -12.5402770150959       -6.99774274935635       -9.50272604619583     
  -8.07546481372560       -5.18657955661801       -4.68422170508877     
  -10.3928116032154       -4.65869317739811       -6.07343850756245     
  -3.18137574645437       -2.00735820385529       -4.34707812584338     
  -6.62314531759449       -3.38425130460328       -7.93054894059772     
  -11.6300810626076       -3.66398956855055       -7.43621538795260     
  -10.1242890172915       -9.45268713104134       -1.65197423310509     
  -8.09622930337356       -4.97644405061541       -21.9143011050959     
  -9.36971657139573       -6.14311091334507       -4.71790926891537     
  -14.9895137093583       -12.2553647151073       -1.27368721970144     
  -6.31658977995518       -13.8117559432098       -8.08899654286625     
 Iter:          17 Best Cost:  -10979.2009537861      Best Param:
  -3.84926323299253       -2.34849708594100       -5.17502198683480     
 -0.205828172279528       -6.32503386333317       -3.45767986210965     
  -2.46522620673464       -4.62910964622131       -5.80412827239338     
  -4.76884376706388       -1.71003697672173       0.389949576830906     
  -3.63262910313357       -3.90446328230098       -2.36665002455870     
  -4.55207289718974       -6.51076343489860       -3.23573999760446     
  -12.5146948145383       -6.95850627120056       -8.22811195357003     
  -7.85653511171892       -4.96937053477976       0.314645654936981     
  -9.72537973009999       -4.15949996237628       -6.11753179330891     
  -4.17828785087132       -2.09394985257469       -3.93344425640582     
  -8.53930024764734       -4.10371337553162       -8.27764534955300     
  -11.6435170983239       -3.68018034037658       -6.55689414966212     
  -10.9220456872556       -9.49406260238812       -3.06928795663467     
  -8.25996141091062       -4.94959846743965       -22.5258952666425     
  -9.68916964952145       -5.95608789389563       -4.71478694141692     
  -14.6985610355209       -12.7414789816571       -1.26209308742060     
  -6.62539536041121       -13.8411581701334       -8.04572546526181     
 Iter:          18 Best Cost:  -11055.9048637176      Best Param:
  -3.61639007322509       -2.05809855446394       -4.25003938895992     
  0.700162937280271       -4.17998739393363       -2.91723881801253     
  -2.16650946403921       -5.26866400033075       -6.11186493439896     
  -4.74481456608869       -1.69417036511515       0.204031791380719     
  -3.03280516118404       -2.71058121517349       -2.17781363386280     
  -4.56557531039932       -6.51214609550758       -3.21305526383408     
  -12.4238741581403       -8.77557951374362       -7.68141925418962     
  -8.42188938823546       -4.39481505087124       -2.12914164529466     
  -10.0315275594424       -4.82410655928575       -5.73949948442535     
  -5.53918999549025       -2.12999425172316       -4.15703946264549     
  -9.73763638052747       -4.47140060467489       -6.92145400869401     
  -10.4009293888399       -3.61753792018936       -7.57410316073455     
  -10.5258104706270       -10.5904040718683       -3.64990927578755     
  -8.02730015446044       -5.80745888478806       -22.4615786800795     
  -10.0077004763199       -4.28636735797982       -4.45073220344668     
  -13.7972826584891       -12.7430812977307      -0.532030527250051     
  -5.79952459489013       -11.5294605839939       -6.85268769178142     
 Iter:          19 Best Cost:  -11123.2458792787      Best Param:
  -2.93889668009572       -2.30050958111321       -3.85053991769238     
  0.532724259944242       -7.43715256862120       -3.56560235395344     
  -2.68696236977575       -5.00348811221479       -5.63411343008075     
  -3.97471842790607       -1.51781718429615      -2.206319802055018E-002
  -3.00826287594491       -3.07283089329345       -2.20584179759454     
  -4.34908089542438       -7.11936013333819       -3.73900502479256     
  -13.0761549921836       -8.37728616112308       -6.25788336680330     
  -5.47972345557074       -5.78712768920570      -0.948471977613833     
  -8.72929922126894       -4.75503504691075       -5.65755029872163     
  -5.41658726769098       -2.11299820967240       -3.35585706702500     
  -11.3461691633858       -4.36662655028719       -7.17624119800332     
  -14.4369502877387       -4.67766458466890       -7.12364200643235     
  -10.9136616538429       -8.34991702213524       -4.27552272644936     
  -7.53647438094350       -5.73779401952972       -24.8610357376652     
  -9.16201688299058       -4.28646985333527       -4.69811043463774     
  -14.9722524264743       -11.7598944377946       -1.93312468316574     
  -6.64894482067320       -10.1373590017259       -9.68017707288939     
 Iter:          20 Best Cost:  -11166.3860661851      Best Param:
  -3.01926644324003       -1.19381453224070       -3.21180811316115     
  0.305045616830143       -3.91480885691150       -2.99865198911871     
  -1.69990802835735       -6.42144410429092       -6.15847991290623     
  -4.24923223082868       -1.81270590904717      -5.170201052432770E-002
  -3.42910281069847       -3.92662547111778       -1.94204287205568     
  -4.40892424496393       -6.76033893837334       -3.91013263920982     
  -14.1716456389731       -9.58367524174996       -6.24731797112099     
  -8.29364244061239       -5.45207909461366       -1.19076245902205     
  -8.65031458542601       -7.37229013340753       -4.99484852859789     
  -6.73901526613476       -2.42209679782539       -4.99855162441391     
  -12.9381618234032       -3.97592156086442       -7.72023689862047     
  -10.9909204490600       -5.58326479225369       -6.58999202667685     
  -10.6440221330438       -13.6027018229582       -1.97390608547045     
  -6.96292996338548       -6.16923899071108       -22.3591174608895     
  -9.91771946262184       -3.56527839156162       -4.76712059301545     
  -10.1192916894700       -11.1075122792333      -0.454197243228877     
  -6.06657628393932       -8.08901076664612       -8.54342461722871     
 Iter:          21 Best Cost:  -11264.7148536242      Best Param:
  -2.56960630903428       -1.12416263009631       -4.13588335753259     
  -1.08467835615422       -6.28702422399103       -3.53812937694834     
 -0.982372505814331       -5.21656843396146       -5.04381476970569     
  -4.84808015116077       -1.56837360456208      -0.219512188598318     
  -3.26117507936692       -3.91680380644151       -4.21263894310532     
  -2.12057320693421       -6.92015610795408       -4.07306602269037     
  -8.54297269631012       -13.3712200243679       -6.52083873819579     
  -5.67100905705337       -4.23061640298614       0.329852114252538     
  -8.12013130906371       -5.64612746229839       -4.58321142813292     
  -5.87579652185815       -2.66457856768992       -4.97380194742658     
  -10.7190996877188       -5.69761294920361       -6.23859557715733     
  -11.8616029597105       -4.74272220518126       -6.64360642250967     
  -10.7286673685377       -12.9460265332344       -3.01545019829474     
  -7.25051140549317       -5.90446310022044       -18.4376452156533     
  -9.82281448976057       -4.46083180755615       -4.29122423862303     
  -9.46310363906978       -10.7960807196931      -0.562546459569923     
  -6.65449034017893       -7.28494394251085       -4.93779697682238     
 Iter:          22 Best Cost:  -11332.2557023312      Best Param:
  -2.23786814788016       -1.49669012153542       -2.26677289453842     
  -1.22191221452431       -5.97455076835058       -3.52873142399819     
  -1.01060425589290       -4.87027095474885       -6.39840735817196     
  -5.21050237896905       -1.47221475866107      -0.275432296386412     
  -3.44715758223174       -4.05843111672873       -3.28140897987670     
  -1.90004682352734       -6.63681437437184       -4.45414621723455     
  -12.1368252354767       -11.3726904621845       -5.83071774413665     
  -4.92284685133753       -5.70118643208015       -1.00110206530588     
  -8.77893506689291       -6.54548684662380       -4.32853248415996     
  -6.24419959372438       -2.73392318564111       -4.96157021291589     
  -12.8491006012113       -4.81576875669712       -5.90108611678875     
  -15.8884680674763       -5.83459117118936       -6.71515974513440     
  -10.9036672929227       -14.4436222850017       -3.00703860080967     
  -7.30876874204228       -6.90523402224492       -18.2066852871215     
  -9.73359973867501       -3.03896751081219       -4.13521727259624     
  -9.48270258881565       -10.4270610506710       -1.08374147586936     
  -6.71633281338328       -4.70796907144017       -5.74781196913731     
 Iter:          23 Best Cost:  -11347.4161799137      Best Param:
  -4.06317270029674       -2.81172644339806       -5.27317363000250     
  -1.83825790945078       -5.74998993756766       -4.55415228353411     
  -2.06401884515511       -3.33191142562467       -7.05083352071334     
  -6.17205329911910       -1.93418094460538      -0.275736555505771     
  -4.08749637866614      -0.728483230353475       -4.94768113130892     
  -2.24149938552835       -8.03717529644134       -4.03434516557234     
  -12.6744898293669       -9.18963414242173       -8.81570490314843     
  -14.8587392628425       -4.42181796073807        1.12015159935311     
  -8.93510181803502       -5.39114598540905       -3.75537854844672     
  -5.52104358536879       -2.77390648925637       -6.66065932127261     
  -13.1191308755975       -4.54860886990640       -6.82423162557485     
  -15.8716522686950       -5.69892485068963       -6.78037905720297     
  -10.9403497825323       -16.5995449227093       -3.47581141027601     
  -8.37120283684041       -5.51797971863409       -16.4501064527717     
  -10.1200727768154       -4.37812600069161       -4.81748478467662     
  -7.51552160936851       -10.7500862284816       -1.87302788530260     
  -6.81963383274601       -5.39883129064410       -5.69933317706607     
 Iter:          24 Best Cost:  -11347.4161799137      Best Param:
  -4.06317270029674       -2.81172644339806       -5.27317363000250     
  -1.83825790945078       -5.74998993756766       -4.55415228353411     
  -2.06401884515511       -3.33191142562467       -7.05083352071334     
  -6.17205329911910       -1.93418094460538      -0.275736555505771     
  -4.08749637866614      -0.728483230353475       -4.94768113130892     
  -2.24149938552835       -8.03717529644134       -4.03434516557234     
  -12.6744898293669       -9.18963414242173       -8.81570490314843     
  -14.8587392628425       -4.42181796073807        1.12015159935311     
  -8.93510181803502       -5.39114598540905       -3.75537854844672     
  -5.52104358536879       -2.77390648925637       -6.66065932127261     
  -13.1191308755975       -4.54860886990640       -6.82423162557485     
  -15.8716522686950       -5.69892485068963       -6.78037905720297     
  -10.9403497825323       -16.5995449227093       -3.47581141027601     
  -8.37120283684041       -5.51797971863409       -16.4501064527717     
  -10.1200727768154       -4.37812600069161       -4.81748478467662     
  -7.51552160936851       -10.7500862284816       -1.87302788530260     
  -6.81963383274601       -5.39883129064410       -5.69933317706607     
 Iter:          25 Best Cost:  -11352.1989477273      Best Param:
  -3.49185730994277       -1.71773702184719       -3.87670587220499     
  -1.70976550955176       -5.24095188752804       -4.20285580682953     
  -2.08796167940325       -1.81809689014164       -6.76606716160984     
  -5.81961982047714       -1.69511985506588      -0.284027103621742     
  -4.12277940930253       -1.31935303700622       -5.75053494348775     
  -1.98414926258670       -7.50760486182788       -4.07375018654895     
  -12.2051805396702       -8.72746881919236       -9.19547621080325     
  -16.1673014575425       -6.07706393950484       0.748512234079583     
  -8.90548461182364       -5.48410066838542       -3.85203402810211     
  -5.80099218436994       -2.73836391728403       -6.44188801676507     
  -12.7817311105329       -4.55968672596014       -7.29223919406659     
  -19.0774187902938       -5.94894634676112       -6.42445374669007     
  -11.3572126776637       -20.7222413640712       -5.16002118772774     
  -9.40182631889834       -5.06174012280368       -19.3882279918845     
  -10.8600336083723       -3.87743445391802       -4.23853915079391     
  -6.86519512192910       -11.3003438801252       -2.72639771972703     
  -6.59678151328639       -6.09374689515373       -3.56440664094431     
 Iter:          26 Best Cost:  -11352.1989477273      Best Param:
  -3.49185730994277       -1.71773702184719       -3.87670587220499     
  -1.70976550955176       -5.24095188752804       -4.20285580682953     
  -2.08796167940325       -1.81809689014164       -6.76606716160984     
  -5.81961982047714       -1.69511985506588      -0.284027103621742     
  -4.12277940930253       -1.31935303700622       -5.75053494348775     
  -1.98414926258670       -7.50760486182788       -4.07375018654895     
  -12.2051805396702       -8.72746881919236       -9.19547621080325     
  -16.1673014575425       -6.07706393950484       0.748512234079583     
  -8.90548461182364       -5.48410066838542       -3.85203402810211     
  -5.80099218436994       -2.73836391728403       -6.44188801676507     
  -12.7817311105329       -4.55968672596014       -7.29223919406659     
  -19.0774187902938       -5.94894634676112       -6.42445374669007     
  -11.3572126776637       -20.7222413640712       -5.16002118772774     
  -9.40182631889834       -5.06174012280368       -19.3882279918845     
  -10.8600336083723       -3.87743445391802       -4.23853915079391     
  -6.86519512192910       -11.3003438801252       -2.72639771972703     
  -6.59678151328639       -6.09374689515373       -3.56440664094431     
 Iter:          27 Best Cost:  -11352.1989477273      Best Param:
  -3.49185730994277       -1.71773702184719       -3.87670587220499     
  -1.70976550955176       -5.24095188752804       -4.20285580682953     
  -2.08796167940325       -1.81809689014164       -6.76606716160984     
  -5.81961982047714       -1.69511985506588      -0.284027103621742     
  -4.12277940930253       -1.31935303700622       -5.75053494348775     
  -1.98414926258670       -7.50760486182788       -4.07375018654895     
  -12.2051805396702       -8.72746881919236       -9.19547621080325     
  -16.1673014575425       -6.07706393950484       0.748512234079583     
  -8.90548461182364       -5.48410066838542       -3.85203402810211     
  -5.80099218436994       -2.73836391728403       -6.44188801676507     
  -12.7817311105329       -4.55968672596014       -7.29223919406659     
  -19.0774187902938       -5.94894634676112       -6.42445374669007     
  -11.3572126776637       -20.7222413640712       -5.16002118772774     
  -9.40182631889834       -5.06174012280368       -19.3882279918845     
  -10.8600336083723       -3.87743445391802       -4.23853915079391     
  -6.86519512192910       -11.3003438801252       -2.72639771972703     
  -6.59678151328639       -6.09374689515373       -3.56440664094431     
 Iter:          28 Best Cost:  -11374.7745246460      Best Param:
  -3.39825715395193       -1.72876890465351       -2.20471039531737     
  -1.42540064968570       -6.17471748407639       -4.45966864639605     
  -1.83808416523092       -1.76956002581349       -7.34685405985419     
  -6.30531083522718       -1.63977041792926      -0.274600998044934     
  -4.25655913613002      -0.801547653734064       -5.27174609411766     
  -1.94307882170229       -7.45368194475982       -4.04314468245479     
  -13.5507468438410       -8.89484743545662       -7.27711413013021     
  -14.6418028833973       -6.26140102777770      -0.414909409514214     
  -8.91680678101889       -5.97837513778112       -3.89439417993221     
  -6.10769818091157       -2.75356763670117       -6.30667824350568     
  -13.5294900791533       -4.56598081604625       -6.35649927552506     
  -19.4421423920328       -6.43149129497255       -6.49794963893247     
  -11.6189675916352       -19.5125839873628       -4.62368539048540     
  -8.85825286098811       -6.45772584238150       -19.3658374078406     
  -10.8204345673544       -4.10752325720509       -4.27167258837256     
  -10.3378063639468       -11.2489963850863       -2.76835735811693     
  -6.76349991255194       -5.03489602757367       -3.38960688732338     
 Iter:          29 Best Cost:  -11391.1089974189      Best Param:
  -4.23667817817460       -2.35273359470189       -2.46704022253974     
  -1.30454118810727       -7.09560243144102       -4.83238726112818     
  -1.69027680200374       -3.59529233290034       -6.74398708866306     
  -7.57831839081093       -2.17870553161447      -7.514108020853258E-002
  -3.87817421878555       -4.40649970613365       -4.83737470795124     
  -5.28609180598060       -7.82368099730317       -3.27477267626821     
  -13.0186848578246       -8.77262028010722       -5.89332012898225     
  -11.6613809851787       -5.99665261704601       8.074308159978305E-002
  -8.36360125912145       -3.78274214815842       -3.79465166466874     
  -4.09499303012259       -2.76173812805816       -4.57126692422135     
  -10.1142008541449       -5.54032353551793       -4.14554744131456     
  -12.4149501676312       -5.57834733561981       -7.03540884827322     
  -11.4715666239571       -13.5225262138760       -2.71055051378569     
  -6.78830739580167       -6.86626240057564       -17.6918816743152     
  -10.6541477887281       -3.84407912611176       -4.69892618110499     
  -8.00922563660984       -10.1637565844833      -0.928827960595476     
  -7.55523439613448       -4.08923429166975       -9.89163649998271     
 Iter:          30 Best Cost:  -11437.1418226130      Best Param:
  -4.06450157324000       -2.48091123738322       -1.72019991402677     
  -1.19561767683876       -6.53828936256508       -4.88818417620176     
  -1.74828941518436       -4.00157852688980       -6.32554263886567     
  -7.28891396462149       -2.20341607396020      -4.927539962566660E-002
  -3.91620005080148       -2.64029289824920       -5.13718743406612     
  -2.65358976192376       -7.87753654284264       -3.47363316543982     
  -12.7035946175842       -7.82477079990246       -5.69316682865672     
  -6.31449667358752       -6.71915287472513      -0.993847671179006     
  -8.21238267802517       -2.69411732884289       -3.82523188448094     
  -5.30969362021779       -2.75554956127403       -4.70522403168285     
  -11.6939053761162       -4.80545893847627       -3.96291308689568     
  -14.6191573310555       -5.51646050795298       -7.04867000741034     
  -11.6356242560396       -12.4555103105890       -2.29985298382431     
  -8.46906165167672       -6.54218096870411       -17.7524378356057     
  -10.7191447379602       -4.19051625944744       -5.00837401874839     
  -6.48983594638972       -10.4809315077219      -0.807682906072950     
  -7.16809307236902       -4.28315987490886       -9.79500891524194     
 Iter:          31 Best Cost:  -11437.1418226130      Best Param:
  -4.06450157324000       -2.48091123738322       -1.72019991402677     
  -1.19561767683876       -6.53828936256508       -4.88818417620176     
  -1.74828941518436       -4.00157852688980       -6.32554263886567     
  -7.28891396462149       -2.20341607396020      -4.927539962566660E-002
  -3.91620005080148       -2.64029289824920       -5.13718743406612     
  -2.65358976192376       -7.87753654284264       -3.47363316543982     
  -12.7035946175842       -7.82477079990246       -5.69316682865672     
  -6.31449667358752       -6.71915287472513      -0.993847671179006     
  -8.21238267802517       -2.69411732884289       -3.82523188448094     
  -5.30969362021779       -2.75554956127403       -4.70522403168285     
  -11.6939053761162       -4.80545893847627       -3.96291308689568     
  -14.6191573310555       -5.51646050795298       -7.04867000741034     
  -11.6356242560396       -12.4555103105890       -2.29985298382431     
  -8.46906165167672       -6.54218096870411       -17.7524378356057     
  -10.7191447379602       -4.19051625944744       -5.00837401874839     
  -6.48983594638972       -10.4809315077219      -0.807682906072950     
  -7.16809307236902       -4.28315987490886       -9.79500891524194     
 Iter:          32 Best Cost:  -11437.1418226130      Best Param:
  -4.06450157324000       -2.48091123738322       -1.72019991402677     
  -1.19561767683876       -6.53828936256508       -4.88818417620176     
  -1.74828941518436       -4.00157852688980       -6.32554263886567     
  -7.28891396462149       -2.20341607396020      -4.927539962566660E-002
  -3.91620005080148       -2.64029289824920       -5.13718743406612     
  -2.65358976192376       -7.87753654284264       -3.47363316543982     
  -12.7035946175842       -7.82477079990246       -5.69316682865672     
  -6.31449667358752       -6.71915287472513      -0.993847671179006     
  -8.21238267802517       -2.69411732884289       -3.82523188448094     
  -5.30969362021779       -2.75554956127403       -4.70522403168285     
  -11.6939053761162       -4.80545893847627       -3.96291308689568     
  -14.6191573310555       -5.51646050795298       -7.04867000741034     
  -11.6356242560396       -12.4555103105890       -2.29985298382431     
  -8.46906165167672       -6.54218096870411       -17.7524378356057     
  -10.7191447379602       -4.19051625944744       -5.00837401874839     
  -6.48983594638972       -10.4809315077219      -0.807682906072950     
  -7.16809307236902       -4.28315987490886       -9.79500891524194     
 Iter:          33 Best Cost:  -11437.1418226130      Best Param:
  -4.06450157324000       -2.48091123738322       -1.72019991402677     
  -1.19561767683876       -6.53828936256508       -4.88818417620176     
  -1.74828941518436       -4.00157852688980       -6.32554263886567     
  -7.28891396462149       -2.20341607396020      -4.927539962566660E-002
  -3.91620005080148       -2.64029289824920       -5.13718743406612     
  -2.65358976192376       -7.87753654284264       -3.47363316543982     
  -12.7035946175842       -7.82477079990246       -5.69316682865672     
  -6.31449667358752       -6.71915287472513      -0.993847671179006     
  -8.21238267802517       -2.69411732884289       -3.82523188448094     
  -5.30969362021779       -2.75554956127403       -4.70522403168285     
  -11.6939053761162       -4.80545893847627       -3.96291308689568     
  -14.6191573310555       -5.51646050795298       -7.04867000741034     
  -11.6356242560396       -12.4555103105890       -2.29985298382431     
  -8.46906165167672       -6.54218096870411       -17.7524378356057     
  -10.7191447379602       -4.19051625944744       -5.00837401874839     
  -6.48983594638972       -10.4809315077219      -0.807682906072950     
  -7.16809307236902       -4.28315987490886       -9.79500891524194     
 Iter:          34 Best Cost:  -11499.9300707282      Best Param:
  -3.90359877827488       -2.92688512146982       -1.25402759696765     
  -1.19786802148083       -6.67711337340197       -4.87860932319908     
  -1.68763530100191       -4.71422171383004       -5.90248256669485     
  -7.28279834298062       -2.13230453913343      -6.037626670784252E-002
  -3.67361844856652       -2.05309692852868       -5.13204868361096     
  -2.68003574583970       -7.77850690101617       -3.60806973199944     
  -12.8570284935762       -6.94485920944459       -5.63467466324417     
  -5.71669052550976       -6.74222568749007       -1.08936760975706     
  -8.51347926281455       -4.72529621380448       -3.83375355572496     
  -5.24410450704093       -2.75547899069067       -5.44848290212277     
  -12.1975894191823       -4.80047928718453       -3.76798993182654     
  -16.3923170180622       -6.14088990507086       -6.81157447956830     
  -11.6030528449789       -10.4679108526492       -3.39079903439754     
  -8.47031535688731       -6.90106583285128       -18.6886216087391     
  -10.7263369849812       -4.20004102323744       -3.94475499145297     
  -9.09999011122374       -10.1905984703725       -1.67555993253247     
  -7.44775636891694       -4.06309854058380       -8.60293348443953     
 Iter:          35 Best Cost:  -11499.9300707282      Best Param:
  -3.90359877827488       -2.92688512146982       -1.25402759696765     
  -1.19786802148083       -6.67711337340197       -4.87860932319908     
  -1.68763530100191       -4.71422171383004       -5.90248256669485     
  -7.28279834298062       -2.13230453913343      -6.037626670784252E-002
  -3.67361844856652       -2.05309692852868       -5.13204868361096     
  -2.68003574583970       -7.77850690101617       -3.60806973199944     
  -12.8570284935762       -6.94485920944459       -5.63467466324417     
  -5.71669052550976       -6.74222568749007       -1.08936760975706     
  -8.51347926281455       -4.72529621380448       -3.83375355572496     
  -5.24410450704093       -2.75547899069067       -5.44848290212277     
  -12.1975894191823       -4.80047928718453       -3.76798993182654     
  -16.3923170180622       -6.14088990507086       -6.81157447956830     
  -11.6030528449789       -10.4679108526492       -3.39079903439754     
  -8.47031535688731       -6.90106583285128       -18.6886216087391     
  -10.7263369849812       -4.20004102323744       -3.94475499145297     
  -9.09999011122374       -10.1905984703725       -1.67555993253247     
  -7.44775636891694       -4.06309854058380       -8.60293348443953     
 Iter:          36 Best Cost:  -11499.9300707282      Best Param:
  -3.90359877827488       -2.92688512146982       -1.25402759696765     
  -1.19786802148083       -6.67711337340197       -4.87860932319908     
  -1.68763530100191       -4.71422171383004       -5.90248256669485     
  -7.28279834298062       -2.13230453913343      -6.037626670784252E-002
  -3.67361844856652       -2.05309692852868       -5.13204868361096     
  -2.68003574583970       -7.77850690101617       -3.60806973199944     
  -12.8570284935762       -6.94485920944459       -5.63467466324417     
  -5.71669052550976       -6.74222568749007       -1.08936760975706     
  -8.51347926281455       -4.72529621380448       -3.83375355572496     
  -5.24410450704093       -2.75547899069067       -5.44848290212277     
  -12.1975894191823       -4.80047928718453       -3.76798993182654     
  -16.3923170180622       -6.14088990507086       -6.81157447956830     
  -11.6030528449789       -10.4679108526492       -3.39079903439754     
  -8.47031535688731       -6.90106583285128       -18.6886216087391     
  -10.7263369849812       -4.20004102323744       -3.94475499145297     
  -9.09999011122374       -10.1905984703725       -1.67555993253247     
  -7.44775636891694       -4.06309854058380       -8.60293348443953     
 Iter:          37 Best Cost:  -11499.9300707282      Best Param:
  -3.90359877827488       -2.92688512146982       -1.25402759696765     
  -1.19786802148083       -6.67711337340197       -4.87860932319908     
  -1.68763530100191       -4.71422171383004       -5.90248256669485     
  -7.28279834298062       -2.13230453913343      -6.037626670784252E-002
  -3.67361844856652       -2.05309692852868       -5.13204868361096     
  -2.68003574583970       -7.77850690101617       -3.60806973199944     
  -12.8570284935762       -6.94485920944459       -5.63467466324417     
  -5.71669052550976       -6.74222568749007       -1.08936760975706     
  -8.51347926281455       -4.72529621380448       -3.83375355572496     
  -5.24410450704093       -2.75547899069067       -5.44848290212277     
  -12.1975894191823       -4.80047928718453       -3.76798993182654     
  -16.3923170180622       -6.14088990507086       -6.81157447956830     
  -11.6030528449789       -10.4679108526492       -3.39079903439754     
  -8.47031535688731       -6.90106583285128       -18.6886216087391     
  -10.7263369849812       -4.20004102323744       -3.94475499145297     
  -9.09999011122374       -10.1905984703725       -1.67555993253247     
  -7.44775636891694       -4.06309854058380       -8.60293348443953     
 Iter:          38 Best Cost:  -11500.4653707329      Best Param:
  -3.87809749749794       -3.38029254668840       -1.47836101516801     
  -1.67602444538360       -7.54847933005900       -4.32906674166106     
  -1.65640339914434       -4.07947881840962       -6.10400214788916     
  -4.93161600434806       -1.87281955698357      -0.105458887410568     
  -3.74653812862827       -2.49193599392186       -4.96874128120765     
  -3.56379850159591       -6.79431333937292       -3.53808933650951     
  -12.8482093113548       -8.70618106919085       -5.63936601780948     
  -5.53305645516742       -6.98427375416093      -0.974627483663718     
  -7.71808213735452       -5.33041531253031       -3.89373702476557     
  -5.54306428232228       -2.72721730856015       -5.41786483840378     
  -11.3040048095405       -3.54012442208004       -6.52903708733455     
  -17.0974444683279       -6.05276840021279       -8.01477365769386     
  -11.0006092080834       -10.0935758683107       -2.85445405172997     
  -8.31677678116314       -7.21072364081540       -18.8020517308427     
  -10.8217820066216       -4.12879483099751       -3.50646605199029     
  -10.6927454149810       -10.2298966834754       -1.34602984078188     
  -7.43588935524806       -4.09807611266050       -8.80870993458970     
 Best Cost:  -11500.4653707329     
 Best Params:  -3.87809749749794       -3.38029254668840     
  -1.47836101516801       -1.67602444538360       -7.54847933005900     
  -4.32906674166106       -1.65640339914434       -4.07947881840962     
  -6.10400214788916       -4.93161600434806       -1.87281955698357     
 -0.105458887410568       -3.74653812862827       -2.49193599392186     
  -4.96874128120765       -3.56379850159591       -6.79431333937292     
  -3.53808933650951       -12.8482093113548       -8.70618106919085     
  -5.63936601780948       -5.53305645516742       -6.98427375416093     
 -0.974627483663718       -7.71808213735452       -5.33041531253031     
  -3.89373702476557       -5.54306428232228       -2.72721730856015     
  -5.41786483840378       -11.3040048095405       -3.54012442208004     
  -6.52903708733455       -17.0974444683279       -6.05276840021279     
  -8.01477365769386       -11.0006092080834       -10.0935758683107     
  -2.85445405172997       -8.31677678116314       -7.21072364081540     
  -18.8020517308427       -10.8217820066216       -4.12879483099751     
  -3.50646605199029       -10.6927454149810       -10.2298966834754     
  -1.34602984078188       -7.43588935524806       -4.09807611266050     
  -8.80870993458970     
Opt Time Taken = 84.3 seconds.
Time Taken = 88.7 seconds.
