 Starting ferebus
 Reading command line arguments
 Reading config
Systems (n= 1)
System name                  GLYCINE
nAtoms                          19
nFeats                          51
Atoms
 - Name                      C1
  - ALF                      1 2 4
Mean Config
 - Type                      Constant
PSO Config
 - Search Min                0.
 - Search Max                3.000000000000000
 - Swarm Size                64
 - Iterations                1000
 - Inertia Weight            0.7290000000000000
 - Coginitive Learning Rate  1.494000000000000
 - Social Learning Rate      1.494000000000000
 - Variant                   Global
 - Parameter Updater         Unified Adaptive
    - Min Inertia Weight               0.
    - Max Inertia Weight               1.000000000000000
    - N Inertia Weight                 10
    - Min Cognitive Learning Rate      0.
    - Max Cognitive Learning Rate      4.000000000000000
    - N Cognitive Learning Rate        10
    - Min Social Learning Rate         0.
    - Max Social Learning Rate         4.000000000000000
    - N Social Learning Rate           10
    - Reward Step Length               0.1000000000000000E-01
    - Penalty Step Length              0.1000000000000000E-01
    - Success Threshold                0.5000000000000000
 - Stopping Criteria         Relative Change
    - Stall Iterations       50
    - Tolerance              0.1000000000000000E-07
RBF Config
 - Name                      k1
Notes
 - method                    B3LYP
 - basis-set                 6-31+g(d,p)
 Reading training set file: GLYCINE_C1_TRAINING_SET.csv
 initialising model
 initialising pso
 running pso
 Iter:            1 Best Cost:    182.6759061717457      Best Param: 
   1.2516975402832031E-005   3.6835673370205768E-005   6.1154371337579505E-005 
   8.5473069304953242E-005   1.0979176727232698E-004   6.7949280548873503E-006 
   4.2915347137295612E-005   7.9393394088356217E-005   1.1587144103941682E-004 
   1.5234948799047743E-004   6.1511997756724668E-005   1.0979176582281980E-004 
   1.5842916175756727E-004   2.0706655769231475E-004   2.5570395362706222E-004 
   1.7702581237699633E-004   2.3746492942677833E-004   1.7094613716039930E-004 
   2.4390223106252051E-004   3.1685832496464172E-004   2.6249888168194957E-004 
   3.4725669669910531E-004   1.7774106521528665E-004   2.8681757819981613E-004 
   3.9625171905299794E-004   3.7837032272136639E-004   4.9960618468958273E-004 
   2.3925306297201132E-004   3.9660934402263592E-004   5.5468088081056521E-004 
   5.8543688041368114E-004   7.5531013831664495E-004   4.1627887534900765E-004 
   6.3407427344941425E-004   7.2562701797096452E-004   8.2933911147620165E-004 
   1.0721684632812867E-003   6.7877775703095722E-004   9.8133097014851955E-004 
   9.0336808318625117E-004   1.1161566896760178E-003   1.4684201823342846E-003 
   1.0571480797523236E-003   1.4809371548381023E-003   1.1426211461582625E-003 
   1.5127660336986537E-003   2.0231010631448498E-003   1.6425849601660047E-003 
   2.2362472931547472E-003   1.5589000215072701E-003   2.1468403071480680E-003
 Iter:            2 Best Cost:   -3100.988155575321      Best Param: 
    1.177045962846718        -4.842172958485581        -1.340122723514032      
   -7.059128342792809        0.1941189587522132       -0.3886570944402266      
   -2.305657230160242        0.8944597774600785        0.3575259634496879      
   -1.259260022641142        -2.344154376984545        -2.139172567789810      
   0.2538422253693187        -1.076693518758774       -0.9976286701983235      
   -7.028968259141807        -2.510930332348254        -1.571632227813998      
    1.929753425920619        0.3823147306688852        -3.762780481959926      
   -5.538874800693789        -1.756122993545932         1.746957686388689      
   -6.240027025935028       -0.9665575597358000        0.2047700640602605      
   -6.625922071439460        -4.313236007613757        0.4711985281820794      
  -2.6708911146243963E-002   -1.727407300329639        -2.683335885237202      
   -2.778810964819288        -2.066040579485601       -0.5913674119624535      
   -5.549291614899722        -2.304626716403070        -2.348523173442574      
   -6.051864554154445        -3.553155827984567       -0.6673089710636022      
   -2.218650726726247        -2.222293443899204        -6.154042498593279      
   -1.828998214599097        -2.426459545620973       -0.3476688786483730      
   -5.185226189999634        -3.176753650891839        -3.586133981685038     
 Iter:            3 Best Cost:   -5712.062068962746      Best Param: 
  -7.5411304890762310E-003   -11.83263969430244        -3.131285938664867      
   -17.10256581230363        -1.886118990341345        -1.902571279795794      
   -4.815563030936984        0.2771503452004691       -0.9079832483383559      
   -3.601864181413558        -5.851726330334621        -4.836136469354521      
  -0.6616239275054023        -3.188267427129944        -2.346536095166754      
   -16.17018498249127        -7.657165177587391        -3.674205890054548      
    3.676332684897567       -3.7689785069139337E-002   -9.622118554845523      
   -12.98741102212423        -5.168444512433757         3.106492635217206      
   -14.79414250799665        -2.652707885635002        -2.583465428747407      
   -16.07146024458634        -9.571686086562588        0.4590002219935214      
   -1.807890978068286        -3.799098912297313        -7.298536336389482      
   -6.138140513864533        -5.146419427768392        -3.120382146644378      
   -12.24518678784439        -5.637675589646888        -7.187226351847759      
   -14.77426590244797        -9.431381716248778        -1.795309956298746      
   -6.185316376456642        -6.927772449628947        -14.79823789303306      
   -3.928280560812909        -5.797007939784126        -1.197825836076694      
   -13.19792225346784        -7.775524763545262        -8.023070679210749     
 Iter:            4 Best Cost:   -6059.249843095693      Best Param: 
   -7.409478244788258        -32.66555817572677        -2.284782741243960      
   -14.20333458112047        -5.070206145364130        -8.016413419983245      
   -7.779425381031258         2.206405964692459        -4.278397287905829      
   -8.712729968908793        -14.21597848691000         1.366701982825794      
    1.405425356882627        -6.255529141993779        -6.755110084827273      
   -43.52600444884500        -9.021120316196134        -17.50164029638741      
    3.403924022612218        -3.485385374842268       -5.1579710878685070E-002 
   -38.74264548043156        -7.272505109398690        -3.863156757170343      
   -36.21316112689177        -2.880609816648182        -7.442825913359766      
   -46.61265225174616        -24.55125003826709        -5.568313914297891      
   -8.656917729685542        -17.04204643649265        -21.62506310506287      
  -0.1782369044425010        -10.87676309988482        -1.486314954705954      
   -23.90497472684620        -17.04801468819921        -21.21547794945129      
   -45.48196781790382        -24.07757841600350        -1.662547682607906      
  -0.5745380455156952        -11.83266737383275        -42.17702395874104      
   -8.040600278663995        -4.399185021493758        -7.413722729968486      
   -11.34032434538061        -18.57519353638485        -15.13358432794763     
 Iter:            5 Best Cost:   -6343.771359373171      Best Param: 
   -6.380375175901504        -61.96057854201127        -2.310367029481858      
   -13.85135742956978        -11.62599257460038        -3.913081439894537      
   -8.500712552473546         4.466024275582477        -3.787643490951089      
   -3.640452032067698        -23.55317168229821        -2.389737453648519      
    1.120926487705175        -10.65494161921548        -9.997387270685650      
   -92.88499127229679        -7.934810712138458        -27.50348199072677      
    3.205231709736085        -9.364480572884700        -1.825720869229812      
   -16.88597622518703        -9.486352984767548        -17.61254048901077      
   -52.60624715649476        -3.033080391372049        -3.355714896001781      
   -48.36538053270394        -13.40705282626835        -15.37907325886208      
   -8.603632010626642        -28.88611544062735        -18.05217225277681      
   -3.398974266572876        -12.25169403256474         1.326912346122421      
   -29.60056529453882        -23.49753602490761        -15.75805187301543      
   -20.33255349629932        -47.26617756391641        -1.776361825761575      
   -5.494393377221235        -10.70399653128713        -48.70399778777134      
   -15.60435089774903        -1.924425003675446        -8.130801355003181      
   -8.248804166328698        -29.25612440621995        -9.358272133060041     
 Iter:            6 Best Cost:   -6343.771359373171      Best Param: 
   -6.380375175901504        -61.96057854201127        -2.310367029481858      
   -13.85135742956978        -11.62599257460038        -3.913081439894537      
   -8.500712552473546         4.466024275582477        -3.787643490951089      
   -3.640452032067698        -23.55317168229821        -2.389737453648519      
    1.120926487705175        -10.65494161921548        -9.997387270685650      
   -92.88499127229679        -7.934810712138458        -27.50348199072677      
    3.205231709736085        -9.364480572884700        -1.825720869229812      
   -16.88597622518703        -9.486352984767548        -17.61254048901077      
   -52.60624715649476        -3.033080391372049        -3.355714896001781      
   -48.36538053270394        -13.40705282626835        -15.37907325886208      
   -8.603632010626642        -28.88611544062735        -18.05217225277681      
   -3.398974266572876        -12.25169403256474         1.326912346122421      
   -29.60056529453882        -23.49753602490761        -15.75805187301543      
   -20.33255349629932        -47.26617756391641        -1.776361825761575      
   -5.494393377221235        -10.70399653128713        -48.70399778777134      
   -15.60435089774903        -1.924425003675446        -8.130801355003181      
   -8.248804166328698        -29.25612440621995        -9.358272133060041     
 Iter:            7 Best Cost:   -6343.771359373171      Best Param: 
   -6.380375175901504        -61.96057854201127        -2.310367029481858      
   -13.85135742956978        -11.62599257460038        -3.913081439894537      
   -8.500712552473546         4.466024275582477        -3.787643490951089      
   -3.640452032067698        -23.55317168229821        -2.389737453648519      
    1.120926487705175        -10.65494161921548        -9.997387270685650      
   -92.88499127229679        -7.934810712138458        -27.50348199072677      
    3.205231709736085        -9.364480572884700        -1.825720869229812      
   -16.88597622518703        -9.486352984767548        -17.61254048901077      
   -52.60624715649476        -3.033080391372049        -3.355714896001781      
   -48.36538053270394        -13.40705282626835        -15.37907325886208      
   -8.603632010626642        -28.88611544062735        -18.05217225277681      
   -3.398974266572876        -12.25169403256474         1.326912346122421      
   -29.60056529453882        -23.49753602490761        -15.75805187301543      
   -20.33255349629932        -47.26617756391641        -1.776361825761575      
   -5.494393377221235        -10.70399653128713        -48.70399778777134      
   -15.60435089774903        -1.924425003675446        -8.130801355003181      
   -8.248804166328698        -29.25612440621995        -9.358272133060041     
 Iter:            8 Best Cost:   -6343.771359373171      Best Param: 
   -6.380375175901504        -61.96057854201127        -2.310367029481858      
   -13.85135742956978        -11.62599257460038        -3.913081439894537      
   -8.500712552473546         4.466024275582477        -3.787643490951089      
   -3.640452032067698        -23.55317168229821        -2.389737453648519      
    1.120926487705175        -10.65494161921548        -9.997387270685650      
   -92.88499127229679        -7.934810712138458        -27.50348199072677      
    3.205231709736085        -9.364480572884700        -1.825720869229812      
   -16.88597622518703        -9.486352984767548        -17.61254048901077      
   -52.60624715649476        -3.033080391372049        -3.355714896001781      
   -48.36538053270394        -13.40705282626835        -15.37907325886208      
   -8.603632010626642        -28.88611544062735        -18.05217225277681      
   -3.398974266572876        -12.25169403256474         1.326912346122421      
   -29.60056529453882        -23.49753602490761        -15.75805187301543      
   -20.33255349629932        -47.26617756391641        -1.776361825761575      
   -5.494393377221235        -10.70399653128713        -48.70399778777134      
   -15.60435089774903        -1.924425003675446        -8.130801355003181      
   -8.248804166328698        -29.25612440621995        -9.358272133060041     
 Iter:            9 Best Cost:   -6343.771359373171      Best Param: 
   -6.380375175901504        -61.96057854201127        -2.310367029481858      
   -13.85135742956978        -11.62599257460038        -3.913081439894537      
   -8.500712552473546         4.466024275582477        -3.787643490951089      
   -3.640452032067698        -23.55317168229821        -2.389737453648519      
    1.120926487705175        -10.65494161921548        -9.997387270685650      
   -92.88499127229679        -7.934810712138458        -27.50348199072677      
    3.205231709736085        -9.364480572884700        -1.825720869229812      
   -16.88597622518703        -9.486352984767548        -17.61254048901077      
   -52.60624715649476        -3.033080391372049        -3.355714896001781      
   -48.36538053270394        -13.40705282626835        -15.37907325886208      
   -8.603632010626642        -28.88611544062735        -18.05217225277681      
   -3.398974266572876        -12.25169403256474         1.326912346122421      
   -29.60056529453882        -23.49753602490761        -15.75805187301543      
   -20.33255349629932        -47.26617756391641        -1.776361825761575      
   -5.494393377221235        -10.70399653128713        -48.70399778777134      
   -15.60435089774903        -1.924425003675446        -8.130801355003181      
   -8.248804166328698        -29.25612440621995        -9.358272133060041     
 Iter:           10 Best Cost:   -6343.771359373171      Best Param: 
   -6.380375175901504        -61.96057854201127        -2.310367029481858      
   -13.85135742956978        -11.62599257460038        -3.913081439894537      
   -8.500712552473546         4.466024275582477        -3.787643490951089      
   -3.640452032067698        -23.55317168229821        -2.389737453648519      
    1.120926487705175        -10.65494161921548        -9.997387270685650      
   -92.88499127229679        -7.934810712138458        -27.50348199072677      
    3.205231709736085        -9.364480572884700        -1.825720869229812      
   -16.88597622518703        -9.486352984767548        -17.61254048901077      
   -52.60624715649476        -3.033080391372049        -3.355714896001781      
   -48.36538053270394        -13.40705282626835        -15.37907325886208      
   -8.603632010626642        -28.88611544062735        -18.05217225277681      
   -3.398974266572876        -12.25169403256474         1.326912346122421      
   -29.60056529453882        -23.49753602490761        -15.75805187301543      
   -20.33255349629932        -47.26617756391641        -1.776361825761575      
   -5.494393377221235        -10.70399653128713        -48.70399778777134      
   -15.60435089774903        -1.924425003675446        -8.130801355003181      
   -8.248804166328698        -29.25612440621995        -9.358272133060041     
 Iter:           11 Best Cost:   -6343.771359373171      Best Param: 
   -6.380375175901504        -61.96057854201127        -2.310367029481858      
   -13.85135742956978        -11.62599257460038        -3.913081439894537      
   -8.500712552473546         4.466024275582477        -3.787643490951089      
   -3.640452032067698        -23.55317168229821        -2.389737453648519      
    1.120926487705175        -10.65494161921548        -9.997387270685650      
   -92.88499127229679        -7.934810712138458        -27.50348199072677      
    3.205231709736085        -9.364480572884700        -1.825720869229812      
   -16.88597622518703        -9.486352984767548        -17.61254048901077      
   -52.60624715649476        -3.033080391372049        -3.355714896001781      
   -48.36538053270394        -13.40705282626835        -15.37907325886208      
   -8.603632010626642        -28.88611544062735        -18.05217225277681      
   -3.398974266572876        -12.25169403256474         1.326912346122421      
   -29.60056529453882        -23.49753602490761        -15.75805187301543      
   -20.33255349629932        -47.26617756391641        -1.776361825761575      
   -5.494393377221235        -10.70399653128713        -48.70399778777134      
   -15.60435089774903        -1.924425003675446        -8.130801355003181      
   -8.248804166328698        -29.25612440621995        -9.358272133060041     
 Iter:           12 Best Cost:   -6343.771359373171      Best Param: 
   -6.380375175901504        -61.96057854201127        -2.310367029481858      
   -13.85135742956978        -11.62599257460038        -3.913081439894537      
   -8.500712552473546         4.466024275582477        -3.787643490951089      
   -3.640452032067698        -23.55317168229821        -2.389737453648519      
    1.120926487705175        -10.65494161921548        -9.997387270685650      
   -92.88499127229679        -7.934810712138458        -27.50348199072677      
    3.205231709736085        -9.364480572884700        -1.825720869229812      
   -16.88597622518703        -9.486352984767548        -17.61254048901077      
   -52.60624715649476        -3.033080391372049        -3.355714896001781      
   -48.36538053270394        -13.40705282626835        -15.37907325886208      
   -8.603632010626642        -28.88611544062735        -18.05217225277681      
   -3.398974266572876        -12.25169403256474         1.326912346122421      
   -29.60056529453882        -23.49753602490761        -15.75805187301543      
   -20.33255349629932        -47.26617756391641        -1.776361825761575      
   -5.494393377221235        -10.70399653128713        -48.70399778777134      
   -15.60435089774903        -1.924425003675446        -8.130801355003181      
   -8.248804166328698        -29.25612440621995        -9.358272133060041     
 Iter:           13 Best Cost:   -6343.771359373171      Best Param: 
   -6.380375175901504        -61.96057854201127        -2.310367029481858      
   -13.85135742956978        -11.62599257460038        -3.913081439894537      
   -8.500712552473546         4.466024275582477        -3.787643490951089      
   -3.640452032067698        -23.55317168229821        -2.389737453648519      
    1.120926487705175        -10.65494161921548        -9.997387270685650      
   -92.88499127229679        -7.934810712138458        -27.50348199072677      
    3.205231709736085        -9.364480572884700        -1.825720869229812      
   -16.88597622518703        -9.486352984767548        -17.61254048901077      
   -52.60624715649476        -3.033080391372049        -3.355714896001781      
   -48.36538053270394        -13.40705282626835        -15.37907325886208      
   -8.603632010626642        -28.88611544062735        -18.05217225277681      
   -3.398974266572876        -12.25169403256474         1.326912346122421      
   -29.60056529453882        -23.49753602490761        -15.75805187301543      
   -20.33255349629932        -47.26617756391641        -1.776361825761575      
   -5.494393377221235        -10.70399653128713        -48.70399778777134      
   -15.60435089774903        -1.924425003675446        -8.130801355003181      
   -8.248804166328698        -29.25612440621995        -9.358272133060041     
 Iter:           14 Best Cost:   -6343.771359373171      Best Param: 
   -6.380375175901504        -61.96057854201127        -2.310367029481858      
   -13.85135742956978        -11.62599257460038        -3.913081439894537      
   -8.500712552473546         4.466024275582477        -3.787643490951089      
   -3.640452032067698        -23.55317168229821        -2.389737453648519      
    1.120926487705175        -10.65494161921548        -9.997387270685650      
   -92.88499127229679        -7.934810712138458        -27.50348199072677      
    3.205231709736085        -9.364480572884700        -1.825720869229812      
   -16.88597622518703        -9.486352984767548        -17.61254048901077      
   -52.60624715649476        -3.033080391372049        -3.355714896001781      
   -48.36538053270394        -13.40705282626835        -15.37907325886208      
   -8.603632010626642        -28.88611544062735        -18.05217225277681      
   -3.398974266572876        -12.25169403256474         1.326912346122421      
   -29.60056529453882        -23.49753602490761        -15.75805187301543      
   -20.33255349629932        -47.26617756391641        -1.776361825761575      
   -5.494393377221235        -10.70399653128713        -48.70399778777134      
   -15.60435089774903        -1.924425003675446        -8.130801355003181      
   -8.248804166328698        -29.25612440621995        -9.358272133060041     
 Iter:           15 Best Cost:   -6343.771359373171      Best Param: 
   -6.380375175901504        -61.96057854201127        -2.310367029481858      
   -13.85135742956978        -11.62599257460038        -3.913081439894537      
   -8.500712552473546         4.466024275582477        -3.787643490951089      
   -3.640452032067698        -23.55317168229821        -2.389737453648519      
    1.120926487705175        -10.65494161921548        -9.997387270685650      
   -92.88499127229679        -7.934810712138458        -27.50348199072677      
    3.205231709736085        -9.364480572884700        -1.825720869229812      
   -16.88597622518703        -9.486352984767548        -17.61254048901077      
   -52.60624715649476        -3.033080391372049        -3.355714896001781      
   -48.36538053270394        -13.40705282626835        -15.37907325886208      
   -8.603632010626642        -28.88611544062735        -18.05217225277681      
   -3.398974266572876        -12.25169403256474         1.326912346122421      
   -29.60056529453882        -23.49753602490761        -15.75805187301543      
   -20.33255349629932        -47.26617756391641        -1.776361825761575      
   -5.494393377221235        -10.70399653128713        -48.70399778777134      
   -15.60435089774903        -1.924425003675446        -8.130801355003181      
   -8.248804166328698        -29.25612440621995        -9.358272133060041     
 Iter:           16 Best Cost:   -6343.771359373171      Best Param: 
   -6.380375175901504        -61.96057854201127        -2.310367029481858      
   -13.85135742956978        -11.62599257460038        -3.913081439894537      
   -8.500712552473546         4.466024275582477        -3.787643490951089      
   -3.640452032067698        -23.55317168229821        -2.389737453648519      
    1.120926487705175        -10.65494161921548        -9.997387270685650      
   -92.88499127229679        -7.934810712138458        -27.50348199072677      
    3.205231709736085        -9.364480572884700        -1.825720869229812      
   -16.88597622518703        -9.486352984767548        -17.61254048901077      
   -52.60624715649476        -3.033080391372049        -3.355714896001781      
   -48.36538053270394        -13.40705282626835        -15.37907325886208      
   -8.603632010626642        -28.88611544062735        -18.05217225277681      
   -3.398974266572876        -12.25169403256474         1.326912346122421      
   -29.60056529453882        -23.49753602490761        -15.75805187301543      
   -20.33255349629932        -47.26617756391641        -1.776361825761575      
   -5.494393377221235        -10.70399653128713        -48.70399778777134      
   -15.60435089774903        -1.924425003675446        -8.130801355003181      
   -8.248804166328698        -29.25612440621995        -9.358272133060041     
 Iter:           17 Best Cost:   -6343.771359373171      Best Param: 
   -6.380375175901504        -61.96057854201127        -2.310367029481858      
   -13.85135742956978        -11.62599257460038        -3.913081439894537      
   -8.500712552473546         4.466024275582477        -3.787643490951089      
   -3.640452032067698        -23.55317168229821        -2.389737453648519      
    1.120926487705175        -10.65494161921548        -9.997387270685650      
   -92.88499127229679        -7.934810712138458        -27.50348199072677      
    3.205231709736085        -9.364480572884700        -1.825720869229812      
   -16.88597622518703        -9.486352984767548        -17.61254048901077      
   -52.60624715649476        -3.033080391372049        -3.355714896001781      
   -48.36538053270394        -13.40705282626835        -15.37907325886208      
   -8.603632010626642        -28.88611544062735        -18.05217225277681      
   -3.398974266572876        -12.25169403256474         1.326912346122421      
   -29.60056529453882        -23.49753602490761        -15.75805187301543      
   -20.33255349629932        -47.26617756391641        -1.776361825761575      
   -5.494393377221235        -10.70399653128713        -48.70399778777134      
   -15.60435089774903        -1.924425003675446        -8.130801355003181      
   -8.248804166328698        -29.25612440621995        -9.358272133060041     
 Iter:           18 Best Cost:   -6343.771359373171      Best Param: 
   -6.380375175901504        -61.96057854201127        -2.310367029481858      
   -13.85135742956978        -11.62599257460038        -3.913081439894537      
   -8.500712552473546         4.466024275582477        -3.787643490951089      
   -3.640452032067698        -23.55317168229821        -2.389737453648519      
    1.120926487705175        -10.65494161921548        -9.997387270685650      
   -92.88499127229679        -7.934810712138458        -27.50348199072677      
    3.205231709736085        -9.364480572884700        -1.825720869229812      
   -16.88597622518703        -9.486352984767548        -17.61254048901077      
   -52.60624715649476        -3.033080391372049        -3.355714896001781      
   -48.36538053270394        -13.40705282626835        -15.37907325886208      
   -8.603632010626642        -28.88611544062735        -18.05217225277681      
   -3.398974266572876        -12.25169403256474         1.326912346122421      
   -29.60056529453882        -23.49753602490761        -15.75805187301543      
   -20.33255349629932        -47.26617756391641        -1.776361825761575      
   -5.494393377221235        -10.70399653128713        -48.70399778777134      
   -15.60435089774903        -1.924425003675446        -8.130801355003181      
   -8.248804166328698        -29.25612440621995        -9.358272133060041     
 Iter:           19 Best Cost:   -6343.771359373171      Best Param: 
   -6.380375175901504        -61.96057854201127        -2.310367029481858      
   -13.85135742956978        -11.62599257460038        -3.913081439894537      
   -8.500712552473546         4.466024275582477        -3.787643490951089      
   -3.640452032067698        -23.55317168229821        -2.389737453648519      
    1.120926487705175        -10.65494161921548        -9.997387270685650      
   -92.88499127229679        -7.934810712138458        -27.50348199072677      
    3.205231709736085        -9.364480572884700        -1.825720869229812      
   -16.88597622518703        -9.486352984767548        -17.61254048901077      
   -52.60624715649476        -3.033080391372049        -3.355714896001781      
   -48.36538053270394        -13.40705282626835        -15.37907325886208      
   -8.603632010626642        -28.88611544062735        -18.05217225277681      
   -3.398974266572876        -12.25169403256474         1.326912346122421      
   -29.60056529453882        -23.49753602490761        -15.75805187301543      
   -20.33255349629932        -47.26617756391641        -1.776361825761575      
   -5.494393377221235        -10.70399653128713        -48.70399778777134      
   -15.60435089774903        -1.924425003675446        -8.130801355003181      
   -8.248804166328698        -29.25612440621995        -9.358272133060041     
 Iter:           20 Best Cost:   -6343.771359373171      Best Param: 
   -6.380375175901504        -61.96057854201127        -2.310367029481858      
   -13.85135742956978        -11.62599257460038        -3.913081439894537      
   -8.500712552473546         4.466024275582477        -3.787643490951089      
   -3.640452032067698        -23.55317168229821        -2.389737453648519      
    1.120926487705175        -10.65494161921548        -9.997387270685650      
   -92.88499127229679        -7.934810712138458        -27.50348199072677      
    3.205231709736085        -9.364480572884700        -1.825720869229812      
   -16.88597622518703        -9.486352984767548        -17.61254048901077      
   -52.60624715649476        -3.033080391372049        -3.355714896001781      
   -48.36538053270394        -13.40705282626835        -15.37907325886208      
   -8.603632010626642        -28.88611544062735        -18.05217225277681      
   -3.398974266572876        -12.25169403256474         1.326912346122421      
   -29.60056529453882        -23.49753602490761        -15.75805187301543      
   -20.33255349629932        -47.26617756391641        -1.776361825761575      
   -5.494393377221235        -10.70399653128713        -48.70399778777134      
   -15.60435089774903        -1.924425003675446        -8.130801355003181      
   -8.248804166328698        -29.25612440621995        -9.358272133060041     
 Iter:           21 Best Cost:   -6343.771359373171      Best Param: 
   -6.380375175901504        -61.96057854201127        -2.310367029481858      
   -13.85135742956978        -11.62599257460038        -3.913081439894537      
   -8.500712552473546         4.466024275582477        -3.787643490951089      
   -3.640452032067698        -23.55317168229821        -2.389737453648519      
    1.120926487705175        -10.65494161921548        -9.997387270685650      
   -92.88499127229679        -7.934810712138458        -27.50348199072677      
    3.205231709736085        -9.364480572884700        -1.825720869229812      
   -16.88597622518703        -9.486352984767548        -17.61254048901077      
   -52.60624715649476        -3.033080391372049        -3.355714896001781      
   -48.36538053270394        -13.40705282626835        -15.37907325886208      
   -8.603632010626642        -28.88611544062735        -18.05217225277681      
   -3.398974266572876        -12.25169403256474         1.326912346122421      
   -29.60056529453882        -23.49753602490761        -15.75805187301543      
   -20.33255349629932        -47.26617756391641        -1.776361825761575      
   -5.494393377221235        -10.70399653128713        -48.70399778777134      
   -15.60435089774903        -1.924425003675446        -8.130801355003181      
   -8.248804166328698        -29.25612440621995        -9.358272133060041     
 Iter:           22 Best Cost:   -6343.771359373171      Best Param: 
   -6.380375175901504        -61.96057854201127        -2.310367029481858      
   -13.85135742956978        -11.62599257460038        -3.913081439894537      
   -8.500712552473546         4.466024275582477        -3.787643490951089      
   -3.640452032067698        -23.55317168229821        -2.389737453648519      
    1.120926487705175        -10.65494161921548        -9.997387270685650      
   -92.88499127229679        -7.934810712138458        -27.50348199072677      
    3.205231709736085        -9.364480572884700        -1.825720869229812      
   -16.88597622518703        -9.486352984767548        -17.61254048901077      
   -52.60624715649476        -3.033080391372049        -3.355714896001781      
   -48.36538053270394        -13.40705282626835        -15.37907325886208      
   -8.603632010626642        -28.88611544062735        -18.05217225277681      
   -3.398974266572876        -12.25169403256474         1.326912346122421      
   -29.60056529453882        -23.49753602490761        -15.75805187301543      
   -20.33255349629932        -47.26617756391641        -1.776361825761575      
   -5.494393377221235        -10.70399653128713        -48.70399778777134      
   -15.60435089774903        -1.924425003675446        -8.130801355003181      
   -8.248804166328698        -29.25612440621995        -9.358272133060041     
 Iter:           23 Best Cost:   -6343.771359373171      Best Param: 
   -6.380375175901504        -61.96057854201127        -2.310367029481858      
   -13.85135742956978        -11.62599257460038        -3.913081439894537      
   -8.500712552473546         4.466024275582477        -3.787643490951089      
   -3.640452032067698        -23.55317168229821        -2.389737453648519      
    1.120926487705175        -10.65494161921548        -9.997387270685650      
   -92.88499127229679        -7.934810712138458        -27.50348199072677      
    3.205231709736085        -9.364480572884700        -1.825720869229812      
   -16.88597622518703        -9.486352984767548        -17.61254048901077      
   -52.60624715649476        -3.033080391372049        -3.355714896001781      
   -48.36538053270394        -13.40705282626835        -15.37907325886208      
   -8.603632010626642        -28.88611544062735        -18.05217225277681      
   -3.398974266572876        -12.25169403256474         1.326912346122421      
   -29.60056529453882        -23.49753602490761        -15.75805187301543      
   -20.33255349629932        -47.26617756391641        -1.776361825761575      
   -5.494393377221235        -10.70399653128713        -48.70399778777134      
   -15.60435089774903        -1.924425003675446        -8.130801355003181      
   -8.248804166328698        -29.25612440621995        -9.358272133060041     
 Iter:           24 Best Cost:   -6343.771359373171      Best Param: 
   -6.380375175901504        -61.96057854201127        -2.310367029481858      
   -13.85135742956978        -11.62599257460038        -3.913081439894537      
   -8.500712552473546         4.466024275582477        -3.787643490951089      
   -3.640452032067698        -23.55317168229821        -2.389737453648519      
    1.120926487705175        -10.65494161921548        -9.997387270685650      
   -92.88499127229679        -7.934810712138458        -27.50348199072677      
    3.205231709736085        -9.364480572884700        -1.825720869229812      
   -16.88597622518703        -9.486352984767548        -17.61254048901077      
   -52.60624715649476        -3.033080391372049        -3.355714896001781      
   -48.36538053270394        -13.40705282626835        -15.37907325886208      
   -8.603632010626642        -28.88611544062735        -18.05217225277681      
   -3.398974266572876        -12.25169403256474         1.326912346122421      
   -29.60056529453882        -23.49753602490761        -15.75805187301543      
   -20.33255349629932        -47.26617756391641        -1.776361825761575      
   -5.494393377221235        -10.70399653128713        -48.70399778777134      
   -15.60435089774903        -1.924425003675446        -8.130801355003181      
   -8.248804166328698        -29.25612440621995        -9.358272133060041     
 Iter:           25 Best Cost:   -6343.771359373171      Best Param: 
   -6.380375175901504        -61.96057854201127        -2.310367029481858      
   -13.85135742956978        -11.62599257460038        -3.913081439894537      
   -8.500712552473546         4.466024275582477        -3.787643490951089      
   -3.640452032067698        -23.55317168229821        -2.389737453648519      
    1.120926487705175        -10.65494161921548        -9.997387270685650      
   -92.88499127229679        -7.934810712138458        -27.50348199072677      
    3.205231709736085        -9.364480572884700        -1.825720869229812      
   -16.88597622518703        -9.486352984767548        -17.61254048901077      
   -52.60624715649476        -3.033080391372049        -3.355714896001781      
   -48.36538053270394        -13.40705282626835        -15.37907325886208      
   -8.603632010626642        -28.88611544062735        -18.05217225277681      
   -3.398974266572876        -12.25169403256474         1.326912346122421      
   -29.60056529453882        -23.49753602490761        -15.75805187301543      
   -20.33255349629932        -47.26617756391641        -1.776361825761575      
   -5.494393377221235        -10.70399653128713        -48.70399778777134      
   -15.60435089774903        -1.924425003675446        -8.130801355003181      
   -8.248804166328698        -29.25612440621995        -9.358272133060041     
 Iter:           26 Best Cost:   -6343.771359373171      Best Param: 
   -6.380375175901504        -61.96057854201127        -2.310367029481858      
   -13.85135742956978        -11.62599257460038        -3.913081439894537      
   -8.500712552473546         4.466024275582477        -3.787643490951089      
   -3.640452032067698        -23.55317168229821        -2.389737453648519      
    1.120926487705175        -10.65494161921548        -9.997387270685650      
   -92.88499127229679        -7.934810712138458        -27.50348199072677      
    3.205231709736085        -9.364480572884700        -1.825720869229812      
   -16.88597622518703        -9.486352984767548        -17.61254048901077      
   -52.60624715649476        -3.033080391372049        -3.355714896001781      
   -48.36538053270394        -13.40705282626835        -15.37907325886208      
   -8.603632010626642        -28.88611544062735        -18.05217225277681      
   -3.398974266572876        -12.25169403256474         1.326912346122421      
   -29.60056529453882        -23.49753602490761        -15.75805187301543      
   -20.33255349629932        -47.26617756391641        -1.776361825761575      
   -5.494393377221235        -10.70399653128713        -48.70399778777134      
   -15.60435089774903        -1.924425003675446        -8.130801355003181      
   -8.248804166328698        -29.25612440621995        -9.358272133060041     
 Iter:           27 Best Cost:   -6343.771359373171      Best Param: 
   -6.380375175901504        -61.96057854201127        -2.310367029481858      
   -13.85135742956978        -11.62599257460038        -3.913081439894537      
   -8.500712552473546         4.466024275582477        -3.787643490951089      
   -3.640452032067698        -23.55317168229821        -2.389737453648519      
    1.120926487705175        -10.65494161921548        -9.997387270685650      
   -92.88499127229679        -7.934810712138458        -27.50348199072677      
    3.205231709736085        -9.364480572884700        -1.825720869229812      
   -16.88597622518703        -9.486352984767548        -17.61254048901077      
   -52.60624715649476        -3.033080391372049        -3.355714896001781      
   -48.36538053270394        -13.40705282626835        -15.37907325886208      
   -8.603632010626642        -28.88611544062735        -18.05217225277681      
   -3.398974266572876        -12.25169403256474         1.326912346122421      
   -29.60056529453882        -23.49753602490761        -15.75805187301543      
   -20.33255349629932        -47.26617756391641        -1.776361825761575      
   -5.494393377221235        -10.70399653128713        -48.70399778777134      
   -15.60435089774903        -1.924425003675446        -8.130801355003181      
   -8.248804166328698        -29.25612440621995        -9.358272133060041     
 Iter:           28 Best Cost:   -6343.771359373171      Best Param: 
   -6.380375175901504        -61.96057854201127        -2.310367029481858      
   -13.85135742956978        -11.62599257460038        -3.913081439894537      
   -8.500712552473546         4.466024275582477        -3.787643490951089      
   -3.640452032067698        -23.55317168229821        -2.389737453648519      
    1.120926487705175        -10.65494161921548        -9.997387270685650      
   -92.88499127229679        -7.934810712138458        -27.50348199072677      
    3.205231709736085        -9.364480572884700        -1.825720869229812      
   -16.88597622518703        -9.486352984767548        -17.61254048901077      
   -52.60624715649476        -3.033080391372049        -3.355714896001781      
   -48.36538053270394        -13.40705282626835        -15.37907325886208      
   -8.603632010626642        -28.88611544062735        -18.05217225277681      
   -3.398974266572876        -12.25169403256474         1.326912346122421      
   -29.60056529453882        -23.49753602490761        -15.75805187301543      
   -20.33255349629932        -47.26617756391641        -1.776361825761575      
   -5.494393377221235        -10.70399653128713        -48.70399778777134      
   -15.60435089774903        -1.924425003675446        -8.130801355003181      
   -8.248804166328698        -29.25612440621995        -9.358272133060041     
 Iter:           29 Best Cost:   -6343.771359373171      Best Param: 
   -6.380375175901504        -61.96057854201127        -2.310367029481858      
   -13.85135742956978        -11.62599257460038        -3.913081439894537      
   -8.500712552473546         4.466024275582477        -3.787643490951089      
   -3.640452032067698        -23.55317168229821        -2.389737453648519      
    1.120926487705175        -10.65494161921548        -9.997387270685650      
   -92.88499127229679        -7.934810712138458        -27.50348199072677      
    3.205231709736085        -9.364480572884700        -1.825720869229812      
   -16.88597622518703        -9.486352984767548        -17.61254048901077      
   -52.60624715649476        -3.033080391372049        -3.355714896001781      
   -48.36538053270394        -13.40705282626835        -15.37907325886208      
   -8.603632010626642        -28.88611544062735        -18.05217225277681      
   -3.398974266572876        -12.25169403256474         1.326912346122421      
   -29.60056529453882        -23.49753602490761        -15.75805187301543      
   -20.33255349629932        -47.26617756391641        -1.776361825761575      
   -5.494393377221235        -10.70399653128713        -48.70399778777134      
   -15.60435089774903        -1.924425003675446        -8.130801355003181      
   -8.248804166328698        -29.25612440621995        -9.358272133060041     
 Iter:           30 Best Cost:   -6343.771359373171      Best Param: 
   -6.380375175901504        -61.96057854201127        -2.310367029481858      
   -13.85135742956978        -11.62599257460038        -3.913081439894537      
   -8.500712552473546         4.466024275582477        -3.787643490951089      
   -3.640452032067698        -23.55317168229821        -2.389737453648519      
    1.120926487705175        -10.65494161921548        -9.997387270685650      
   -92.88499127229679        -7.934810712138458        -27.50348199072677      
    3.205231709736085        -9.364480572884700        -1.825720869229812      
   -16.88597622518703        -9.486352984767548        -17.61254048901077      
   -52.60624715649476        -3.033080391372049        -3.355714896001781      
   -48.36538053270394        -13.40705282626835        -15.37907325886208      
   -8.603632010626642        -28.88611544062735        -18.05217225277681      
   -3.398974266572876        -12.25169403256474         1.326912346122421      
   -29.60056529453882        -23.49753602490761        -15.75805187301543      
   -20.33255349629932        -47.26617756391641        -1.776361825761575      
   -5.494393377221235        -10.70399653128713        -48.70399778777134      
   -15.60435089774903        -1.924425003675446        -8.130801355003181      
   -8.248804166328698        -29.25612440621995        -9.358272133060041     
 Iter:           31 Best Cost:   -6343.771359373171      Best Param: 
   -6.380375175901504        -61.96057854201127        -2.310367029481858      
   -13.85135742956978        -11.62599257460038        -3.913081439894537      
   -8.500712552473546         4.466024275582477        -3.787643490951089      
   -3.640452032067698        -23.55317168229821        -2.389737453648519      
    1.120926487705175        -10.65494161921548        -9.997387270685650      
   -92.88499127229679        -7.934810712138458        -27.50348199072677      
    3.205231709736085        -9.364480572884700        -1.825720869229812      
   -16.88597622518703        -9.486352984767548        -17.61254048901077      
   -52.60624715649476        -3.033080391372049        -3.355714896001781      
   -48.36538053270394        -13.40705282626835        -15.37907325886208      
   -8.603632010626642        -28.88611544062735        -18.05217225277681      
   -3.398974266572876        -12.25169403256474         1.326912346122421      
   -29.60056529453882        -23.49753602490761        -15.75805187301543      
   -20.33255349629932        -47.26617756391641        -1.776361825761575      
   -5.494393377221235        -10.70399653128713        -48.70399778777134      
   -15.60435089774903        -1.924425003675446        -8.130801355003181      
   -8.248804166328698        -29.25612440621995        -9.358272133060041     
 Iter:           32 Best Cost:   -6343.771359373171      Best Param: 
   -6.380375175901504        -61.96057854201127        -2.310367029481858      
   -13.85135742956978        -11.62599257460038        -3.913081439894537      
   -8.500712552473546         4.466024275582477        -3.787643490951089      
   -3.640452032067698        -23.55317168229821        -2.389737453648519      
    1.120926487705175        -10.65494161921548        -9.997387270685650      
   -92.88499127229679        -7.934810712138458        -27.50348199072677      
    3.205231709736085        -9.364480572884700        -1.825720869229812      
   -16.88597622518703        -9.486352984767548        -17.61254048901077      
   -52.60624715649476        -3.033080391372049        -3.355714896001781      
   -48.36538053270394        -13.40705282626835        -15.37907325886208      
   -8.603632010626642        -28.88611544062735        -18.05217225277681      
   -3.398974266572876        -12.25169403256474         1.326912346122421      
   -29.60056529453882        -23.49753602490761        -15.75805187301543      
   -20.33255349629932        -47.26617756391641        -1.776361825761575      
   -5.494393377221235        -10.70399653128713        -48.70399778777134      
   -15.60435089774903        -1.924425003675446        -8.130801355003181      
   -8.248804166328698        -29.25612440621995        -9.358272133060041     
 Iter:           33 Best Cost:   -6343.771359373171      Best Param: 
   -6.380375175901504        -61.96057854201127        -2.310367029481858      
   -13.85135742956978        -11.62599257460038        -3.913081439894537      
   -8.500712552473546         4.466024275582477        -3.787643490951089      
   -3.640452032067698        -23.55317168229821        -2.389737453648519      
    1.120926487705175        -10.65494161921548        -9.997387270685650      
   -92.88499127229679        -7.934810712138458        -27.50348199072677      
    3.205231709736085        -9.364480572884700        -1.825720869229812      
   -16.88597622518703        -9.486352984767548        -17.61254048901077      
   -52.60624715649476        -3.033080391372049        -3.355714896001781      
   -48.36538053270394        -13.40705282626835        -15.37907325886208      
   -8.603632010626642        -28.88611544062735        -18.05217225277681      
   -3.398974266572876        -12.25169403256474         1.326912346122421      
   -29.60056529453882        -23.49753602490761        -15.75805187301543      
   -20.33255349629932        -47.26617756391641        -1.776361825761575      
   -5.494393377221235        -10.70399653128713        -48.70399778777134      
   -15.60435089774903        -1.924425003675446        -8.130801355003181      
   -8.248804166328698        -29.25612440621995        -9.358272133060041     
 Iter:           34 Best Cost:   -6343.771359373171      Best Param: 
   -6.380375175901504        -61.96057854201127        -2.310367029481858      
   -13.85135742956978        -11.62599257460038        -3.913081439894537      
   -8.500712552473546         4.466024275582477        -3.787643490951089      
   -3.640452032067698        -23.55317168229821        -2.389737453648519      
    1.120926487705175        -10.65494161921548        -9.997387270685650      
   -92.88499127229679        -7.934810712138458        -27.50348199072677      
    3.205231709736085        -9.364480572884700        -1.825720869229812      
   -16.88597622518703        -9.486352984767548        -17.61254048901077      
   -52.60624715649476        -3.033080391372049        -3.355714896001781      
   -48.36538053270394        -13.40705282626835        -15.37907325886208      
   -8.603632010626642        -28.88611544062735        -18.05217225277681      
   -3.398974266572876        -12.25169403256474         1.326912346122421      
   -29.60056529453882        -23.49753602490761        -15.75805187301543      
   -20.33255349629932        -47.26617756391641        -1.776361825761575      
   -5.494393377221235        -10.70399653128713        -48.70399778777134      
   -15.60435089774903        -1.924425003675446        -8.130801355003181      
   -8.248804166328698        -29.25612440621995        -9.358272133060041     
 Iter:           35 Best Cost:   -6343.771359373171      Best Param: 
   -6.380375175901504        -61.96057854201127        -2.310367029481858      
   -13.85135742956978        -11.62599257460038        -3.913081439894537      
   -8.500712552473546         4.466024275582477        -3.787643490951089      
   -3.640452032067698        -23.55317168229821        -2.389737453648519      
    1.120926487705175        -10.65494161921548        -9.997387270685650      
   -92.88499127229679        -7.934810712138458        -27.50348199072677      
    3.205231709736085        -9.364480572884700        -1.825720869229812      
   -16.88597622518703        -9.486352984767548        -17.61254048901077      
   -52.60624715649476        -3.033080391372049        -3.355714896001781      
   -48.36538053270394        -13.40705282626835        -15.37907325886208      
   -8.603632010626642        -28.88611544062735        -18.05217225277681      
   -3.398974266572876        -12.25169403256474         1.326912346122421      
   -29.60056529453882        -23.49753602490761        -15.75805187301543      
   -20.33255349629932        -47.26617756391641        -1.776361825761575      
   -5.494393377221235        -10.70399653128713        -48.70399778777134      
   -15.60435089774903        -1.924425003675446        -8.130801355003181      
   -8.248804166328698        -29.25612440621995        -9.358272133060041     
 Iter:           36 Best Cost:   -6343.771359373171      Best Param: 
   -6.380375175901504        -61.96057854201127        -2.310367029481858      
   -13.85135742956978        -11.62599257460038        -3.913081439894537      
   -8.500712552473546         4.466024275582477        -3.787643490951089      
   -3.640452032067698        -23.55317168229821        -2.389737453648519      
    1.120926487705175        -10.65494161921548        -9.997387270685650      
   -92.88499127229679        -7.934810712138458        -27.50348199072677      
    3.205231709736085        -9.364480572884700        -1.825720869229812      
   -16.88597622518703        -9.486352984767548        -17.61254048901077      
   -52.60624715649476        -3.033080391372049        -3.355714896001781      
   -48.36538053270394        -13.40705282626835        -15.37907325886208      
   -8.603632010626642        -28.88611544062735        -18.05217225277681      
   -3.398974266572876        -12.25169403256474         1.326912346122421      
   -29.60056529453882        -23.49753602490761        -15.75805187301543      
   -20.33255349629932        -47.26617756391641        -1.776361825761575      
   -5.494393377221235        -10.70399653128713        -48.70399778777134      
   -15.60435089774903        -1.924425003675446        -8.130801355003181      
   -8.248804166328698        -29.25612440621995        -9.358272133060041     
 Iter:           37 Best Cost:   -6343.771359373171      Best Param: 
   -6.380375175901504        -61.96057854201127        -2.310367029481858      
   -13.85135742956978        -11.62599257460038        -3.913081439894537      
   -8.500712552473546         4.466024275582477        -3.787643490951089      
   -3.640452032067698        -23.55317168229821        -2.389737453648519      
    1.120926487705175        -10.65494161921548        -9.997387270685650      
   -92.88499127229679        -7.934810712138458        -27.50348199072677      
    3.205231709736085        -9.364480572884700        -1.825720869229812      
   -16.88597622518703        -9.486352984767548        -17.61254048901077      
   -52.60624715649476        -3.033080391372049        -3.355714896001781      
   -48.36538053270394        -13.40705282626835        -15.37907325886208      
   -8.603632010626642        -28.88611544062735        -18.05217225277681      
   -3.398974266572876        -12.25169403256474         1.326912346122421      
   -29.60056529453882        -23.49753602490761        -15.75805187301543      
   -20.33255349629932        -47.26617756391641        -1.776361825761575      
   -5.494393377221235        -10.70399653128713        -48.70399778777134      
   -15.60435089774903        -1.924425003675446        -8.130801355003181      
   -8.248804166328698        -29.25612440621995        -9.358272133060041     
 Iter:           38 Best Cost:   -6343.771359373171      Best Param: 
   -6.380375175901504        -61.96057854201127        -2.310367029481858      
   -13.85135742956978        -11.62599257460038        -3.913081439894537      
   -8.500712552473546         4.466024275582477        -3.787643490951089      
   -3.640452032067698        -23.55317168229821        -2.389737453648519      
    1.120926487705175        -10.65494161921548        -9.997387270685650      
   -92.88499127229679        -7.934810712138458        -27.50348199072677      
    3.205231709736085        -9.364480572884700        -1.825720869229812      
   -16.88597622518703        -9.486352984767548        -17.61254048901077      
   -52.60624715649476        -3.033080391372049        -3.355714896001781      
   -48.36538053270394        -13.40705282626835        -15.37907325886208      
   -8.603632010626642        -28.88611544062735        -18.05217225277681      
   -3.398974266572876        -12.25169403256474         1.326912346122421      
   -29.60056529453882        -23.49753602490761        -15.75805187301543      
   -20.33255349629932        -47.26617756391641        -1.776361825761575      
   -5.494393377221235        -10.70399653128713        -48.70399778777134      
   -15.60435089774903        -1.924425003675446        -8.130801355003181      
   -8.248804166328698        -29.25612440621995        -9.358272133060041     
 Iter:           39 Best Cost:   -6343.771359373171      Best Param: 
   -6.380375175901504        -61.96057854201127        -2.310367029481858      
   -13.85135742956978        -11.62599257460038        -3.913081439894537      
   -8.500712552473546         4.466024275582477        -3.787643490951089      
   -3.640452032067698        -23.55317168229821        -2.389737453648519      
    1.120926487705175        -10.65494161921548        -9.997387270685650      
   -92.88499127229679        -7.934810712138458        -27.50348199072677      
    3.205231709736085        -9.364480572884700        -1.825720869229812      
   -16.88597622518703        -9.486352984767548        -17.61254048901077      
   -52.60624715649476        -3.033080391372049        -3.355714896001781      
   -48.36538053270394        -13.40705282626835        -15.37907325886208      
   -8.603632010626642        -28.88611544062735        -18.05217225277681      
   -3.398974266572876        -12.25169403256474         1.326912346122421      
   -29.60056529453882        -23.49753602490761        -15.75805187301543      
   -20.33255349629932        -47.26617756391641        -1.776361825761575      
   -5.494393377221235        -10.70399653128713        -48.70399778777134      
   -15.60435089774903        -1.924425003675446        -8.130801355003181      
   -8.248804166328698        -29.25612440621995        -9.358272133060041     
 Iter:           40 Best Cost:   -6343.771359373171      Best Param: 
   -6.380375175901504        -61.96057854201127        -2.310367029481858      
   -13.85135742956978        -11.62599257460038        -3.913081439894537      
   -8.500712552473546         4.466024275582477        -3.787643490951089      
   -3.640452032067698        -23.55317168229821        -2.389737453648519      
    1.120926487705175        -10.65494161921548        -9.997387270685650      
   -92.88499127229679        -7.934810712138458        -27.50348199072677      
    3.205231709736085        -9.364480572884700        -1.825720869229812      
   -16.88597622518703        -9.486352984767548        -17.61254048901077      
   -52.60624715649476        -3.033080391372049        -3.355714896001781      
   -48.36538053270394        -13.40705282626835        -15.37907325886208      
   -8.603632010626642        -28.88611544062735        -18.05217225277681      
   -3.398974266572876        -12.25169403256474         1.326912346122421      
   -29.60056529453882        -23.49753602490761        -15.75805187301543      
   -20.33255349629932        -47.26617756391641        -1.776361825761575      
   -5.494393377221235        -10.70399653128713        -48.70399778777134      
   -15.60435089774903        -1.924425003675446        -8.130801355003181      
   -8.248804166328698        -29.25612440621995        -9.358272133060041     
 Iter:           41 Best Cost:   -6343.771359373171      Best Param: 
   -6.380375175901504        -61.96057854201127        -2.310367029481858      
   -13.85135742956978        -11.62599257460038        -3.913081439894537      
   -8.500712552473546         4.466024275582477        -3.787643490951089      
   -3.640452032067698        -23.55317168229821        -2.389737453648519      
    1.120926487705175        -10.65494161921548        -9.997387270685650      
   -92.88499127229679        -7.934810712138458        -27.50348199072677      
    3.205231709736085        -9.364480572884700        -1.825720869229812      
   -16.88597622518703        -9.486352984767548        -17.61254048901077      
   -52.60624715649476        -3.033080391372049        -3.355714896001781      
   -48.36538053270394        -13.40705282626835        -15.37907325886208      
   -8.603632010626642        -28.88611544062735        -18.05217225277681      
   -3.398974266572876        -12.25169403256474         1.326912346122421      
   -29.60056529453882        -23.49753602490761        -15.75805187301543      
   -20.33255349629932        -47.26617756391641        -1.776361825761575      
   -5.494393377221235        -10.70399653128713        -48.70399778777134      
   -15.60435089774903        -1.924425003675446        -8.130801355003181      
   -8.248804166328698        -29.25612440621995        -9.358272133060041     
 Iter:           42 Best Cost:   -6343.771359373171      Best Param: 
   -6.380375175901504        -61.96057854201127        -2.310367029481858      
   -13.85135742956978        -11.62599257460038        -3.913081439894537      
   -8.500712552473546         4.466024275582477        -3.787643490951089      
   -3.640452032067698        -23.55317168229821        -2.389737453648519      
    1.120926487705175        -10.65494161921548        -9.997387270685650      
   -92.88499127229679        -7.934810712138458        -27.50348199072677      
    3.205231709736085        -9.364480572884700        -1.825720869229812      
   -16.88597622518703        -9.486352984767548        -17.61254048901077      
   -52.60624715649476        -3.033080391372049        -3.355714896001781      
   -48.36538053270394        -13.40705282626835        -15.37907325886208      
   -8.603632010626642        -28.88611544062735        -18.05217225277681      
   -3.398974266572876        -12.25169403256474         1.326912346122421      
   -29.60056529453882        -23.49753602490761        -15.75805187301543      
   -20.33255349629932        -47.26617756391641        -1.776361825761575      
   -5.494393377221235        -10.70399653128713        -48.70399778777134      
   -15.60435089774903        -1.924425003675446        -8.130801355003181      
   -8.248804166328698        -29.25612440621995        -9.358272133060041     
 Iter:           43 Best Cost:   -6343.771359373171      Best Param: 
   -6.380375175901504        -61.96057854201127        -2.310367029481858      
   -13.85135742956978        -11.62599257460038        -3.913081439894537      
   -8.500712552473546         4.466024275582477        -3.787643490951089      
   -3.640452032067698        -23.55317168229821        -2.389737453648519      
    1.120926487705175        -10.65494161921548        -9.997387270685650      
   -92.88499127229679        -7.934810712138458        -27.50348199072677      
    3.205231709736085        -9.364480572884700        -1.825720869229812      
   -16.88597622518703        -9.486352984767548        -17.61254048901077      
   -52.60624715649476        -3.033080391372049        -3.355714896001781      
   -48.36538053270394        -13.40705282626835        -15.37907325886208      
   -8.603632010626642        -28.88611544062735        -18.05217225277681      
   -3.398974266572876        -12.25169403256474         1.326912346122421      
   -29.60056529453882        -23.49753602490761        -15.75805187301543      
   -20.33255349629932        -47.26617756391641        -1.776361825761575      
   -5.494393377221235        -10.70399653128713        -48.70399778777134      
   -15.60435089774903        -1.924425003675446        -8.130801355003181      
   -8.248804166328698        -29.25612440621995        -9.358272133060041     
 Iter:           44 Best Cost:   -6343.771359373171      Best Param: 
   -6.380375175901504        -61.96057854201127        -2.310367029481858      
   -13.85135742956978        -11.62599257460038        -3.913081439894537      
   -8.500712552473546         4.466024275582477        -3.787643490951089      
   -3.640452032067698        -23.55317168229821        -2.389737453648519      
    1.120926487705175        -10.65494161921548        -9.997387270685650      
   -92.88499127229679        -7.934810712138458        -27.50348199072677      
    3.205231709736085        -9.364480572884700        -1.825720869229812      
   -16.88597622518703        -9.486352984767548        -17.61254048901077      
   -52.60624715649476        -3.033080391372049        -3.355714896001781      
   -48.36538053270394        -13.40705282626835        -15.37907325886208      
   -8.603632010626642        -28.88611544062735        -18.05217225277681      
   -3.398974266572876        -12.25169403256474         1.326912346122421      
   -29.60056529453882        -23.49753602490761        -15.75805187301543      
   -20.33255349629932        -47.26617756391641        -1.776361825761575      
   -5.494393377221235        -10.70399653128713        -48.70399778777134      
   -15.60435089774903        -1.924425003675446        -8.130801355003181      
   -8.248804166328698        -29.25612440621995        -9.358272133060041     
 Iter:           45 Best Cost:   -6343.771359373171      Best Param: 
   -6.380375175901504        -61.96057854201127        -2.310367029481858      
   -13.85135742956978        -11.62599257460038        -3.913081439894537      
   -8.500712552473546         4.466024275582477        -3.787643490951089      
   -3.640452032067698        -23.55317168229821        -2.389737453648519      
    1.120926487705175        -10.65494161921548        -9.997387270685650      
   -92.88499127229679        -7.934810712138458        -27.50348199072677      
    3.205231709736085        -9.364480572884700        -1.825720869229812      
   -16.88597622518703        -9.486352984767548        -17.61254048901077      
   -52.60624715649476        -3.033080391372049        -3.355714896001781      
   -48.36538053270394        -13.40705282626835        -15.37907325886208      
   -8.603632010626642        -28.88611544062735        -18.05217225277681      
   -3.398974266572876        -12.25169403256474         1.326912346122421      
   -29.60056529453882        -23.49753602490761        -15.75805187301543      
   -20.33255349629932        -47.26617756391641        -1.776361825761575      
   -5.494393377221235        -10.70399653128713        -48.70399778777134      
   -15.60435089774903        -1.924425003675446        -8.130801355003181      
   -8.248804166328698        -29.25612440621995        -9.358272133060041     
 Iter:           46 Best Cost:   -6343.771359373171      Best Param: 
   -6.380375175901504        -61.96057854201127        -2.310367029481858      
   -13.85135742956978        -11.62599257460038        -3.913081439894537      
   -8.500712552473546         4.466024275582477        -3.787643490951089      
   -3.640452032067698        -23.55317168229821        -2.389737453648519      
    1.120926487705175        -10.65494161921548        -9.997387270685650      
   -92.88499127229679        -7.934810712138458        -27.50348199072677      
    3.205231709736085        -9.364480572884700        -1.825720869229812      
   -16.88597622518703        -9.486352984767548        -17.61254048901077      
   -52.60624715649476        -3.033080391372049        -3.355714896001781      
   -48.36538053270394        -13.40705282626835        -15.37907325886208      
   -8.603632010626642        -28.88611544062735        -18.05217225277681      
   -3.398974266572876        -12.25169403256474         1.326912346122421      
   -29.60056529453882        -23.49753602490761        -15.75805187301543      
   -20.33255349629932        -47.26617756391641        -1.776361825761575      
   -5.494393377221235        -10.70399653128713        -48.70399778777134      
   -15.60435089774903        -1.924425003675446        -8.130801355003181      
   -8.248804166328698        -29.25612440621995        -9.358272133060041     
 Iter:           47 Best Cost:   -6343.771359373171      Best Param: 
   -6.380375175901504        -61.96057854201127        -2.310367029481858      
   -13.85135742956978        -11.62599257460038        -3.913081439894537      
   -8.500712552473546         4.466024275582477        -3.787643490951089      
   -3.640452032067698        -23.55317168229821        -2.389737453648519      
    1.120926487705175        -10.65494161921548        -9.997387270685650      
   -92.88499127229679        -7.934810712138458        -27.50348199072677      
    3.205231709736085        -9.364480572884700        -1.825720869229812      
   -16.88597622518703        -9.486352984767548        -17.61254048901077      
   -52.60624715649476        -3.033080391372049        -3.355714896001781      
   -48.36538053270394        -13.40705282626835        -15.37907325886208      
   -8.603632010626642        -28.88611544062735        -18.05217225277681      
   -3.398974266572876        -12.25169403256474         1.326912346122421      
   -29.60056529453882        -23.49753602490761        -15.75805187301543      
   -20.33255349629932        -47.26617756391641        -1.776361825761575      
   -5.494393377221235        -10.70399653128713        -48.70399778777134      
   -15.60435089774903        -1.924425003675446        -8.130801355003181      
   -8.248804166328698        -29.25612440621995        -9.358272133060041     
 Iter:           48 Best Cost:   -6343.771359373171      Best Param: 
   -6.380375175901504        -61.96057854201127        -2.310367029481858      
   -13.85135742956978        -11.62599257460038        -3.913081439894537      
   -8.500712552473546         4.466024275582477        -3.787643490951089      
   -3.640452032067698        -23.55317168229821        -2.389737453648519      
    1.120926487705175        -10.65494161921548        -9.997387270685650      
   -92.88499127229679        -7.934810712138458        -27.50348199072677      
    3.205231709736085        -9.364480572884700        -1.825720869229812      
   -16.88597622518703        -9.486352984767548        -17.61254048901077      
   -52.60624715649476        -3.033080391372049        -3.355714896001781      
   -48.36538053270394        -13.40705282626835        -15.37907325886208      
   -8.603632010626642        -28.88611544062735        -18.05217225277681      
   -3.398974266572876        -12.25169403256474         1.326912346122421      
   -29.60056529453882        -23.49753602490761        -15.75805187301543      
   -20.33255349629932        -47.26617756391641        -1.776361825761575      
   -5.494393377221235        -10.70399653128713        -48.70399778777134      
   -15.60435089774903        -1.924425003675446        -8.130801355003181      
   -8.248804166328698        -29.25612440621995        -9.358272133060041     
 Iter:           49 Best Cost:   -6343.771359373171      Best Param: 
   -6.380375175901504        -61.96057854201127        -2.310367029481858      
   -13.85135742956978        -11.62599257460038        -3.913081439894537      
   -8.500712552473546         4.466024275582477        -3.787643490951089      
   -3.640452032067698        -23.55317168229821        -2.389737453648519      
    1.120926487705175        -10.65494161921548        -9.997387270685650      
   -92.88499127229679        -7.934810712138458        -27.50348199072677      
    3.205231709736085        -9.364480572884700        -1.825720869229812      
   -16.88597622518703        -9.486352984767548        -17.61254048901077      
   -52.60624715649476        -3.033080391372049        -3.355714896001781      
   -48.36538053270394        -13.40705282626835        -15.37907325886208      
   -8.603632010626642        -28.88611544062735        -18.05217225277681      
   -3.398974266572876        -12.25169403256474         1.326912346122421      
   -29.60056529453882        -23.49753602490761        -15.75805187301543      
   -20.33255349629932        -47.26617756391641        -1.776361825761575      
   -5.494393377221235        -10.70399653128713        -48.70399778777134      
   -15.60435089774903        -1.924425003675446        -8.130801355003181      
   -8.248804166328698        -29.25612440621995        -9.358272133060041     
 Iter:           50 Best Cost:   -6343.771359373171      Best Param: 
   -6.380375175901504        -61.96057854201127        -2.310367029481858      
   -13.85135742956978        -11.62599257460038        -3.913081439894537      
   -8.500712552473546         4.466024275582477        -3.787643490951089      
   -3.640452032067698        -23.55317168229821        -2.389737453648519      
    1.120926487705175        -10.65494161921548        -9.997387270685650      
   -92.88499127229679        -7.934810712138458        -27.50348199072677      
    3.205231709736085        -9.364480572884700        -1.825720869229812      
   -16.88597622518703        -9.486352984767548        -17.61254048901077      
   -52.60624715649476        -3.033080391372049        -3.355714896001781      
   -48.36538053270394        -13.40705282626835        -15.37907325886208      
   -8.603632010626642        -28.88611544062735        -18.05217225277681      
   -3.398974266572876        -12.25169403256474         1.326912346122421      
   -29.60056529453882        -23.49753602490761        -15.75805187301543      
   -20.33255349629932        -47.26617756391641        -1.776361825761575      
   -5.494393377221235        -10.70399653128713        -48.70399778777134      
   -15.60435089774903        -1.924425003675446        -8.130801355003181      
   -8.248804166328698        -29.25612440621995        -9.358272133060041     
 Iter:           51 Best Cost:   -6343.771359373171      Best Param: 
   -6.380375175901504        -61.96057854201127        -2.310367029481858      
   -13.85135742956978        -11.62599257460038        -3.913081439894537      
   -8.500712552473546         4.466024275582477        -3.787643490951089      
   -3.640452032067698        -23.55317168229821        -2.389737453648519      
    1.120926487705175        -10.65494161921548        -9.997387270685650      
   -92.88499127229679        -7.934810712138458        -27.50348199072677      
    3.205231709736085        -9.364480572884700        -1.825720869229812      
   -16.88597622518703        -9.486352984767548        -17.61254048901077      
   -52.60624715649476        -3.033080391372049        -3.355714896001781      
   -48.36538053270394        -13.40705282626835        -15.37907325886208      
   -8.603632010626642        -28.88611544062735        -18.05217225277681      
   -3.398974266572876        -12.25169403256474         1.326912346122421      
   -29.60056529453882        -23.49753602490761        -15.75805187301543      
   -20.33255349629932        -47.26617756391641        -1.776361825761575      
   -5.494393377221235        -10.70399653128713        -48.70399778777134      
   -15.60435089774903        -1.924425003675446        -8.130801355003181      
   -8.248804166328698        -29.25612440621995        -9.358272133060041     
 Iter:           52 Best Cost:   -6343.771359373171      Best Param: 
   -6.380375175901504        -61.96057854201127        -2.310367029481858      
   -13.85135742956978        -11.62599257460038        -3.913081439894537      
   -8.500712552473546         4.466024275582477        -3.787643490951089      
   -3.640452032067698        -23.55317168229821        -2.389737453648519      
    1.120926487705175        -10.65494161921548        -9.997387270685650      
   -92.88499127229679        -7.934810712138458        -27.50348199072677      
    3.205231709736085        -9.364480572884700        -1.825720869229812      
   -16.88597622518703        -9.486352984767548        -17.61254048901077      
   -52.60624715649476        -3.033080391372049        -3.355714896001781      
   -48.36538053270394        -13.40705282626835        -15.37907325886208      
   -8.603632010626642        -28.88611544062735        -18.05217225277681      
   -3.398974266572876        -12.25169403256474         1.326912346122421      
   -29.60056529453882        -23.49753602490761        -15.75805187301543      
   -20.33255349629932        -47.26617756391641        -1.776361825761575      
   -5.494393377221235        -10.70399653128713        -48.70399778777134      
   -15.60435089774903        -1.924425003675446        -8.130801355003181      
   -8.248804166328698        -29.25612440621995        -9.358272133060041     
 Iter:           53 Best Cost:   -6343.771359373171      Best Param: 
   -6.380375175901504        -61.96057854201127        -2.310367029481858      
   -13.85135742956978        -11.62599257460038        -3.913081439894537      
   -8.500712552473546         4.466024275582477        -3.787643490951089      
   -3.640452032067698        -23.55317168229821        -2.389737453648519      
    1.120926487705175        -10.65494161921548        -9.997387270685650      
   -92.88499127229679        -7.934810712138458        -27.50348199072677      
    3.205231709736085        -9.364480572884700        -1.825720869229812      
   -16.88597622518703        -9.486352984767548        -17.61254048901077      
   -52.60624715649476        -3.033080391372049        -3.355714896001781      
   -48.36538053270394        -13.40705282626835        -15.37907325886208      
   -8.603632010626642        -28.88611544062735        -18.05217225277681      
   -3.398974266572876        -12.25169403256474         1.326912346122421      
   -29.60056529453882        -23.49753602490761        -15.75805187301543      
   -20.33255349629932        -47.26617756391641        -1.776361825761575      
   -5.494393377221235        -10.70399653128713        -48.70399778777134      
   -15.60435089774903        -1.924425003675446        -8.130801355003181      
   -8.248804166328698        -29.25612440621995        -9.358272133060041     
 Iter:           54 Best Cost:   -6343.771359373171      Best Param: 
   -6.380375175901504        -61.96057854201127        -2.310367029481858      
   -13.85135742956978        -11.62599257460038        -3.913081439894537      
   -8.500712552473546         4.466024275582477        -3.787643490951089      
   -3.640452032067698        -23.55317168229821        -2.389737453648519      
    1.120926487705175        -10.65494161921548        -9.997387270685650      
   -92.88499127229679        -7.934810712138458        -27.50348199072677      
    3.205231709736085        -9.364480572884700        -1.825720869229812      
   -16.88597622518703        -9.486352984767548        -17.61254048901077      
   -52.60624715649476        -3.033080391372049        -3.355714896001781      
   -48.36538053270394        -13.40705282626835        -15.37907325886208      
   -8.603632010626642        -28.88611544062735        -18.05217225277681      
   -3.398974266572876        -12.25169403256474         1.326912346122421      
   -29.60056529453882        -23.49753602490761        -15.75805187301543      
   -20.33255349629932        -47.26617756391641        -1.776361825761575      
   -5.494393377221235        -10.70399653128713        -48.70399778777134      
   -15.60435089774903        -1.924425003675446        -8.130801355003181      
   -8.248804166328698        -29.25612440621995        -9.358272133060041     
 Best Cost:   -6343.771359373171     
 Best Params:   -6.380375175901504        -61.96057854201127      
   -2.310367029481858        -13.85135742956978        -11.62599257460038      
   -3.913081439894537        -8.500712552473546         4.466024275582477      
   -3.787643490951089        -3.640452032067698        -23.55317168229821      
   -2.389737453648519         1.120926487705175        -10.65494161921548      
   -9.997387270685650        -92.88499127229679        -7.934810712138458      
   -27.50348199072677         3.205231709736085        -9.364480572884700      
   -1.825720869229812        -16.88597622518703        -9.486352984767548      
   -17.61254048901077        -52.60624715649476        -3.033080391372049      
   -3.355714896001781        -48.36538053270394        -13.40705282626835      
   -15.37907325886208        -8.603632010626642        -28.88611544062735      
   -18.05217225277681        -3.398974266572876        -12.25169403256474      
    1.326912346122421        -29.60056529453882        -23.49753602490761      
   -15.75805187301543        -20.33255349629932        -47.26617756391641      
   -1.776361825761575        -5.494393377221235        -10.70399653128713      
   -48.70399778777134        -15.60435089774903        -1.924425003675446      
   -8.130801355003181        -8.248804166328698        -29.25612440621995      
   -9.358272133060041     
Opt Time Taken = 309. seconds.
 Time Taken =     313.7661      seconds.
