 Starting ferebus
 Reading command line arguments
 Reading config
Systems (n= 1)
System name                  WATER
nAtoms                           3
nFeats                           3
Atoms
 - Name                      O1
  - ALF                      1 2 3
Mean Config
 - Type                      Constant
PSO Config
 - Search Min                .000000000000000
 - Search Max                3.000000000000000
 - Swarm Size                50
 - Iterations                1000
 - Inertia Weight            .7290000000000000
 - Coginitive Learning Rate  1.494000000000000
 - Social Learning Rate      1.494000000000000
 - Variant                   Global
 - Parameter Updater         Constant
 - Stopping Criteria         Relative Change
    - Stall Iterations       50
    - Tolerance              .1000000000000000E-07
RBF Config
 - Name                      k1
Notes
 - method                    B3LYP
 - basis-set                 6-31+g(d,p)
 Reading training set file: WATER_O1_TRAINING_SET.csv
 initialising model
 Kernel AST: Var(k1)
 initialising pso
 running pso
 Iter:           1 Best Cost:  -439.023979415465      Best Param:
  0.458645945407871       0.505413684975431       8.978157333630764E-002
 Iter:           2 Best Cost:  -444.944197009742      Best Param:
  0.769744128395209       0.666752959638244      -7.700419048842699E-002
 Iter:           3 Best Cost:  -453.143532017591      Best Param:
  0.768591428165546        1.08620840945898      -0.177822243131711     
 Iter:           4 Best Cost:  -453.143532017591      Best Param:
  0.768591428165546        1.08620840945898      -0.177822243131711     
 Iter:           5 Best Cost:  -453.143532017591      Best Param:
  0.768591428165546        1.08620840945898      -0.177822243131711     
 Iter:           6 Best Cost:  -453.143532017591      Best Param:
  0.768591428165546        1.08620840945898      -0.177822243131711     
 Iter:           7 Best Cost:  -453.143532017591      Best Param:
  0.768591428165546        1.08620840945898      -0.177822243131711     
 Iter:           8 Best Cost:  -453.143532017591      Best Param:
  0.768591428165546        1.08620840945898      -0.177822243131711     
 Iter:           9 Best Cost:  -453.285316667674      Best Param:
  0.868674666407779        1.16604420857481      -0.136551049199507     
 Iter:          10 Best Cost:  -453.324000105025      Best Param:
  0.904843412955931        1.17990164644425      -8.018182722020484E-002
 Iter:          11 Best Cost:  -453.324000105025      Best Param:
  0.904843412955931        1.17990164644425      -8.018182722020484E-002
 Iter:          12 Best Cost:  -453.341108171096      Best Param:
  0.908190347766416        1.21649849038424      -5.255645432627620E-002
 Iter:          13 Best Cost:  -453.344130116512      Best Param:
  0.900523380958783        1.20163290129955      -5.852845550850676E-002
 Iter:          14 Best Cost:  -453.357356621410      Best Param:
  0.893871930439656        1.20400054876402      -6.992526666134818E-002
 Iter:          15 Best Cost:  -453.357356621410      Best Param:
  0.893871930439656        1.20400054876402      -6.992526666134818E-002
 Iter:          16 Best Cost:  -453.357356621410      Best Param:
  0.893871930439656        1.20400054876402      -6.992526666134818E-002
 Iter:          17 Best Cost:  -453.357356621410      Best Param:
  0.893871930439656        1.20400054876402      -6.992526666134818E-002
 Iter:          18 Best Cost:  -453.357356621410      Best Param:
  0.893871930439656        1.20400054876402      -6.992526666134818E-002
 Iter:          19 Best Cost:  -453.357356621410      Best Param:
  0.893871930439656        1.20400054876402      -6.992526666134818E-002
 Iter:          20 Best Cost:  -453.360971484679      Best Param:
  0.887419872089050        1.19669466756781      -7.957936833811607E-002
 Iter:          21 Best Cost:  -453.361708329818      Best Param:
  0.882404398057923        1.19269089980641      -8.393777432465972E-002
 Iter:          22 Best Cost:  -453.361708329818      Best Param:
  0.882404398057923        1.19269089980641      -8.393777432465972E-002
 Iter:          23 Best Cost:  -453.361708329818      Best Param:
  0.882404398057923        1.19269089980641      -8.393777432465972E-002
 Iter:          24 Best Cost:  -453.361708329818      Best Param:
  0.882404398057923        1.19269089980641      -8.393777432465972E-002
 Iter:          25 Best Cost:  -453.361708329818      Best Param:
  0.882404398057923        1.19269089980641      -8.393777432465972E-002
 Iter:          26 Best Cost:  -453.361708329818      Best Param:
  0.882404398057923        1.19269089980641      -8.393777432465972E-002
 Iter:          27 Best Cost:  -453.361708329818      Best Param:
  0.882404398057923        1.19269089980641      -8.393777432465972E-002
 Iter:          28 Best Cost:  -453.361708329818      Best Param:
  0.882404398057923        1.19269089980641      -8.393777432465972E-002
 Iter:          29 Best Cost:  -453.361708329818      Best Param:
  0.882404398057923        1.19269089980641      -8.393777432465972E-002
 Iter:          30 Best Cost:  -453.361708329818      Best Param:
  0.882404398057923        1.19269089980641      -8.393777432465972E-002
 Iter:          31 Best Cost:  -453.361708329818      Best Param:
  0.882404398057923        1.19269089980641      -8.393777432465972E-002
 Iter:          32 Best Cost:  -453.361708329818      Best Param:
  0.882404398057923        1.19269089980641      -8.393777432465972E-002
 Iter:          33 Best Cost:  -453.361838295255      Best Param:
  0.879498623898457        1.19145137326262      -8.307425508960893E-002
 Iter:          34 Best Cost:  -453.361838295255      Best Param:
  0.879498623898457        1.19145137326262      -8.307425508960893E-002
 Iter:          35 Best Cost:  -453.361838295255      Best Param:
  0.879498623898457        1.19145137326262      -8.307425508960893E-002
 Iter:          36 Best Cost:  -453.361838295255      Best Param:
  0.879498623898457        1.19145137326262      -8.307425508960893E-002
 Iter:          37 Best Cost:  -453.361838295255      Best Param:
  0.879498623898457        1.19145137326262      -8.307425508960893E-002
 Iter:          38 Best Cost:  -453.361838295255      Best Param:
  0.879498623898457        1.19145137326262      -8.307425508960893E-002
 Iter:          39 Best Cost:  -453.361903629490      Best Param:
  0.879211402792235        1.19250703646521      -8.399836846619253E-002
 Iter:          40 Best Cost:  -453.361903629490      Best Param:
  0.879211402792235        1.19250703646521      -8.399836846619253E-002
 Iter:          41 Best Cost:  -453.361903629490      Best Param:
  0.879211402792235        1.19250703646521      -8.399836846619253E-002
 Iter:          42 Best Cost:  -453.361903629490      Best Param:
  0.879211402792235        1.19250703646521      -8.399836846619253E-002
 Iter:          43 Best Cost:  -453.361903629490      Best Param:
  0.879211402792235        1.19250703646521      -8.399836846619253E-002
 Iter:          44 Best Cost:  -453.361903629490      Best Param:
  0.879211402792235        1.19250703646521      -8.399836846619253E-002
 Iter:          45 Best Cost:  -453.361910278612      Best Param:
  0.878988210626318        1.19207911995334      -8.404905266658236E-002
 Iter:          46 Best Cost:  -453.361910278612      Best Param:
  0.878988210626318        1.19207911995334      -8.404905266658236E-002
 Iter:          47 Best Cost:  -453.361915105717      Best Param:
  0.879208009335379        1.19173090248201      -8.407172700220673E-002
 Iter:          48 Best Cost:  -453.361919628562      Best Param:
  0.879002734036760        1.19120839437842      -8.494441253765039E-002
 Iter:          49 Best Cost:  -453.361919628562      Best Param:
  0.879002734036760        1.19120839437842      -8.494441253765039E-002
 Iter:          50 Best Cost:  -453.361919628562      Best Param:
  0.879002734036760        1.19120839437842      -8.494441253765039E-002
 Iter:          51 Best Cost:  -453.361919628562      Best Param:
  0.879002734036760        1.19120839437842      -8.494441253765039E-002
 Iter:          52 Best Cost:  -453.361919628562      Best Param:
  0.879002734036760        1.19120839437842      -8.494441253765039E-002
 Iter:          53 Best Cost:  -453.361919628562      Best Param:
  0.879002734036760        1.19120839437842      -8.494441253765039E-002
 Iter:          54 Best Cost:  -453.361919628562      Best Param:
  0.879002734036760        1.19120839437842      -8.494441253765039E-002
 Iter:          55 Best Cost:  -453.361919628562      Best Param:
  0.879002734036760        1.19120839437842      -8.494441253765039E-002
 Iter:          56 Best Cost:  -453.361919628562      Best Param:
  0.879002734036760        1.19120839437842      -8.494441253765039E-002
 Iter:          57 Best Cost:  -453.361921300078      Best Param:
  0.878952856505285        1.19151409599351      -8.464991792649829E-002
 Iter:          58 Best Cost:  -453.361921300078      Best Param:
  0.878952856505285        1.19151409599351      -8.464991792649829E-002
 Iter:          59 Best Cost:  -453.361925594518      Best Param:
  0.878947801327656        1.19148625251229      -8.440006265432573E-002
 Iter:          60 Best Cost:  -453.361925594518      Best Param:
  0.878947801327656        1.19148625251229      -8.440006265432573E-002
 Iter:          61 Best Cost:  -453.361925594518      Best Param:
  0.878947801327656        1.19148625251229      -8.440006265432573E-002
 Iter:          62 Best Cost:  -453.361925594518      Best Param:
  0.878947801327656        1.19148625251229      -8.440006265432573E-002
 Iter:          63 Best Cost:  -453.361925594518      Best Param:
  0.878947801327656        1.19148625251229      -8.440006265432573E-002
 Iter:          64 Best Cost:  -453.361928310505      Best Param:
  0.879031860707474        1.19145618013523      -8.469240934914117E-002
 Iter:          65 Best Cost:  -453.361928310505      Best Param:
  0.879031860707474        1.19145618013523      -8.469240934914117E-002
 Iter:          66 Best Cost:  -453.361928310505      Best Param:
  0.879031860707474        1.19145618013523      -8.469240934914117E-002
 Iter:          67 Best Cost:  -453.361928310505      Best Param:
  0.879031860707474        1.19145618013523      -8.469240934914117E-002
 Iter:          68 Best Cost:  -453.361928310505      Best Param:
  0.879031860707474        1.19145618013523      -8.469240934914117E-002
 Iter:          69 Best Cost:  -453.361928310505      Best Param:
  0.879031860707474        1.19145618013523      -8.469240934914117E-002
 Iter:          70 Best Cost:  -453.361928310505      Best Param:
  0.879031860707474        1.19145618013523      -8.469240934914117E-002
 Iter:          71 Best Cost:  -453.361928310505      Best Param:
  0.879031860707474        1.19145618013523      -8.469240934914117E-002
 Iter:          72 Best Cost:  -453.361928310505      Best Param:
  0.879031860707474        1.19145618013523      -8.469240934914117E-002
 Iter:          73 Best Cost:  -453.361928310505      Best Param:
  0.879031860707474        1.19145618013523      -8.469240934914117E-002
 Iter:          74 Best Cost:  -453.361928310505      Best Param:
  0.879031860707474        1.19145618013523      -8.469240934914117E-002
 Iter:          75 Best Cost:  -453.361928310505      Best Param:
  0.879031860707474        1.19145618013523      -8.469240934914117E-002
 Iter:          76 Best Cost:  -453.361928310505      Best Param:
  0.879031860707474        1.19145618013523      -8.469240934914117E-002
 Iter:          77 Best Cost:  -453.361928310505      Best Param:
  0.879031860707474        1.19145618013523      -8.469240934914117E-002
 Iter:          78 Best Cost:  -453.361928310505      Best Param:
  0.879031860707474        1.19145618013523      -8.469240934914117E-002
 Iter:          79 Best Cost:  -453.361928310505      Best Param:
  0.879031860707474        1.19145618013523      -8.469240934914117E-002
 Iter:          80 Best Cost:  -453.361928310505      Best Param:
  0.879031860707474        1.19145618013523      -8.469240934914117E-002
 Iter:          81 Best Cost:  -453.361928310505      Best Param:
  0.879031860707474        1.19145618013523      -8.469240934914117E-002
 Iter:          82 Best Cost:  -453.361928310505      Best Param:
  0.879031860707474        1.19145618013523      -8.469240934914117E-002
 Iter:          83 Best Cost:  -453.361928310505      Best Param:
  0.879031860707474        1.19145618013523      -8.469240934914117E-002
 Iter:          84 Best Cost:  -453.361928310505      Best Param:
  0.879031860707474        1.19145618013523      -8.469240934914117E-002
 Iter:          85 Best Cost:  -453.361928310505      Best Param:
  0.879031860707474        1.19145618013523      -8.469240934914117E-002
 Iter:          86 Best Cost:  -453.361928310505      Best Param:
  0.879031860707474        1.19145618013523      -8.469240934914117E-002
 Iter:          87 Best Cost:  -453.361928310505      Best Param:
  0.879031860707474        1.19145618013523      -8.469240934914117E-002
 Iter:          88 Best Cost:  -453.361928310505      Best Param:
  0.879031860707474        1.19145618013523      -8.469240934914117E-002
 Iter:          89 Best Cost:  -453.361928310505      Best Param:
  0.879031860707474        1.19145618013523      -8.469240934914117E-002
 Iter:          90 Best Cost:  -453.361928310505      Best Param:
  0.879031860707474        1.19145618013523      -8.469240934914117E-002
 Iter:          91 Best Cost:  -453.361928310505      Best Param:
  0.879031860707474        1.19145618013523      -8.469240934914117E-002
 Iter:          92 Best Cost:  -453.361928310505      Best Param:
  0.879031860707474        1.19145618013523      -8.469240934914117E-002
 Iter:          93 Best Cost:  -453.361928310505      Best Param:
  0.879031860707474        1.19145618013523      -8.469240934914117E-002
 Iter:          94 Best Cost:  -453.361928310505      Best Param:
  0.879031860707474        1.19145618013523      -8.469240934914117E-002
 Iter:          95 Best Cost:  -453.361928310505      Best Param:
  0.879031860707474        1.19145618013523      -8.469240934914117E-002
 Iter:          96 Best Cost:  -453.361928877136      Best Param:
  0.878979680505680        1.19144850147163      -8.460997328491240E-002
 Iter:          97 Best Cost:  -453.361929617049      Best Param:
  0.879043399344301        1.19147620155380      -8.465854902002122E-002
 Iter:          98 Best Cost:  -453.361930029171      Best Param:
  0.879046683691933        1.19145377167648      -8.465812918213955E-002
 Iter:          99 Best Cost:  -453.361930029171      Best Param:
  0.879046683691933        1.19145377167648      -8.465812918213955E-002
 Iter:         100 Best Cost:  -453.361930029171      Best Param:
  0.879046683691933        1.19145377167648      -8.465812918213955E-002
 Iter:         101 Best Cost:  -453.361930029171      Best Param:
  0.879046683691933        1.19145377167648      -8.465812918213955E-002
 Iter:         102 Best Cost:  -453.361930029171      Best Param:
  0.879046683691933        1.19145377167648      -8.465812918213955E-002
 Iter:         103 Best Cost:  -453.361930029171      Best Param:
  0.879046683691933        1.19145377167648      -8.465812918213955E-002
 Iter:         104 Best Cost:  -453.361930029171      Best Param:
  0.879046683691933        1.19145377167648      -8.465812918213955E-002
 Iter:         105 Best Cost:  -453.361930029171      Best Param:
  0.879046683691933        1.19145377167648      -8.465812918213955E-002
 Iter:         106 Best Cost:  -453.361930029171      Best Param:
  0.879046683691933        1.19145377167648      -8.465812918213955E-002
 Iter:         107 Best Cost:  -453.361930029171      Best Param:
  0.879046683691933        1.19145377167648      -8.465812918213955E-002
 Iter:         108 Best Cost:  -453.361930029171      Best Param:
  0.879046683691933        1.19145377167648      -8.465812918213955E-002
 Iter:         109 Best Cost:  -453.361930029171      Best Param:
  0.879046683691933        1.19145377167648      -8.465812918213955E-002
 Iter:         110 Best Cost:  -453.361930029171      Best Param:
  0.879046683691933        1.19145377167648      -8.465812918213955E-002
 Iter:         111 Best Cost:  -453.361930029171      Best Param:
  0.879046683691933        1.19145377167648      -8.465812918213955E-002
 Iter:         112 Best Cost:  -453.361930029171      Best Param:
  0.879046683691933        1.19145377167648      -8.465812918213955E-002
 Iter:         113 Best Cost:  -453.361930029171      Best Param:
  0.879046683691933        1.19145377167648      -8.465812918213955E-002
 Best Cost:  -453.361930109710     
 Best Params:  0.879045968241391        1.19145339917317     
 -8.458292540535677E-002
 Opt Time Taken =   0.120299999995041       seconds.
 Time Taken =   0.144299999999930       seconds.
