 Starting ferebus
 Reading command line arguments
 Reading config
Systems (n= 1)
System name                  GLYCINE
nAtoms                          19
nFeats                          51
Atoms
 - Name                      C1
  - ALF                      1 2 4
Mean Config
 - Type                      Constant
PSO Config
 - Search Min                .000000000000000
 - Search Max                3.000000000000000
 - Swarm Size                64
 - Iterations                10000
 - Inertia Weight            .7290000000000000
 - Coginitive Learning Rate  1.494000000000000
 - Social Learning Rate      1.494000000000000
 - Variant                   Global
 - Parameter Updater         Constant
 - Stopping Criteria         Relative Change
    - Stall Iterations       5
    - Tolerance              .1000000000000000
RBF Config
 - Name                      k1
Notes
 - method                    B3LYP
 - basis-set                 6-31+g(d,p)
 Reading training set file: GLYCINE_C1_TRAINING_SET.csv
 initialising model
 Kernel AST: Var(k1)
 initialising pso
 running pso
 Iter:           1 Best Cost:   929.479857810919      Best Param:
  0.352084316279353       0.452363871247941       0.312010889649824     
  0.267722053805542       0.819672029778419       0.308203656318278     
  0.905987612441623       0.341415791781780       0.585029051512233     
  0.776904916407968       0.815380723358766       0.991121502241738     
  0.653921425148529       7.250099822999390E-002  0.210701714227744     
  0.231762257730493       0.751407033703103       0.793994195987241     
  0.130028643669765       0.536472454015240       0.571769745834372     
  0.838757782380289       0.342401159510064       4.112754226468751E-002
  0.874847457912767       0.697866978737849       0.101032918127161     
  2.931290515307394E-002  9.354661682223264E-002  0.973096616432635     
  0.289741785092305       0.406577662359506       0.757157503794128     
  0.885309090954844       7.569038562182651E-002  0.344486560803540     
  0.268126049447207       0.494544712843514       0.737293613920900     
  0.112142704209375       0.647656562296119       0.428119086842111     
  0.276719690543216       0.238239700091247       0.995047848475663     
  0.174464638265547       0.204636648480836       0.468480882617122     
  0.672637013799580       0.312488738243257       0.365973678933347     
 Iter:           2 Best Cost:  -1077.33920856264      Best Param:
 -0.342372720167448       -1.51021855129996       -1.52895281203123     
 -0.307608575506101       0.440025744847888      -0.442637744747863     
 -0.401707464307430       -1.10363596565547       0.812559482144669     
  0.483863230018624      -0.643276194687777      -0.743606605650417     
 -0.660959661537843       0.466358145267760       -1.37723320473598     
 -0.164542721398302      -0.623224996565443      -0.390966509962422     
  -2.13416861236617      -0.148541971114843       -1.25769515222714     
  -1.12939724607472       -1.30506302826902      -0.694313404499394     
 -6.385159129487983E-002 -5.652419005743006E-002  -1.82250992735952     
  0.476465851424310      -0.375396892322772       -1.89966079819417     
  -2.06675780175856       -1.25375999630263      -0.207212973418461     
 -0.924678066040223      -1.251930719607386E-003  -1.20066636619473     
 -0.398057637827018       0.378721367430376      -0.753831269109048     
  -2.07015685437666       3.742824607840811E-004  -1.04180706222424     
  -1.39559942699419      -0.631003513919508      -0.939569617491254     
 -0.665290565601335       -1.79764385430162      -0.571212653421518     
 -0.380271992289046       -1.02593964323090       -1.14102540167689     
 Iter:           3 Best Cost:  -2955.71364905357      Best Param:
  -1.74546126980917       -3.16153736633325       -3.11993329736381     
 -0.502752697583002       0.224165788504364       -2.78172493298631     
  -1.63329733754625       -1.26654896558444       0.569973306160997     
  0.409918012774143      -0.969430000495297       0.519629835871307     
  -1.45601209425809       -2.35971017814695      -0.799096355571186     
  -1.48500036792593       -1.86520727383568       -1.23490283973994     
  -3.34226463128604      -0.640624694884330       1.113923175255205E-002
  -1.35299952882413       -1.30244598534574       -1.61180832320121     
  -1.47820494200879      -0.580111676007300       -2.97325923327249     
  -1.30597467616047       -1.48798949295401       -1.45068580125342     
  -2.27098974968018       -3.63505244239397       0.146590774854083     
  -2.36246264436238      -0.558237362489133       -2.06415578496801     
  -1.80438374125975      -0.670017459686478      -0.378083548292254     
  -2.82408937519337      -0.990752086923676       -2.32773704053013     
  -1.75998480272927       -2.14440871342488      -0.574986717717548     
  -1.44235921948840       -2.57285379920292      -0.507305626452178     
  -1.30713053759250       -2.57035229985528      -0.492735880576183     
 Iter:           4 Best Cost:  -5827.60301560984      Best Param:
  -3.72300884168686       -3.48057513463321       -6.49363182761982     
  -3.16603751328662       -1.49142331097881       -3.58361601361272     
  -3.70538670146763       -3.15891520693592       -1.64850407685703     
  0.671930583083786       -1.58151361585878       0.981284387492677     
  -3.71381836406678       -3.29529834374643       -1.61350796607943     
  -2.83155687736456       -3.33380578704706       -1.58451586508051     
  -6.73083585409495       -1.86644103712901       -2.11861069972298     
  -4.92855886681553       -3.20877469915729       -1.87386044288848     
  -3.25514357246201      -0.771306633848914       -4.55605314647633     
  -1.87450896916626      -0.926076351459119       -3.83434107488148     
  -4.48565855387572       -5.55366565514530      -0.794933273060802     
  -5.81065970832203       -1.91890811505816       -2.90285143925966     
  -3.17621365036867      -0.226312760226671       0.622845241168462     
  -4.51262042519465       -3.16844663802613       -5.35684725791382     
  -3.68258455542936       -2.49759311677800       -2.16395900098977     
  -4.79572089992203       -5.82058130044350       -1.02803909186643     
  -2.19806099374027       -4.72990289865075       -3.47907168611089     
 Iter:           5 Best Cost:  -8297.57839677131      Best Param:
  -5.75258650572739       -6.22084972363147       -9.39007532183573     
 -0.829302714437988       -1.89102125620556       -7.57617380643930     
  -4.75260370144948       -3.78051407642966       -1.98037446697811     
 -0.596454725222564       -1.84203142188772       -1.77735674486750     
  -2.30182755102244       -5.49576106902267       -7.52707214117208     
  -5.57720168259417       -5.74668813387573       -2.74500913512416     
  -7.23239718312173       -4.76564402894238       -3.90245507268638     
  -7.20809976890009       -4.29376882319946       0.249204229564064     
  -3.96357720917438       -2.54171388600773       -4.38221987471581     
  -2.47137254563200       -1.47422658163570       -1.11855160348783     
  -7.55173360733221       -8.52735387600891       0.349350911619648     
  -9.00174789150953       -1.82849243564264       -5.66734222467589     
  -5.24692739329176       -3.88220958617758       -1.37781901907446     
  -7.26300016264229       -2.87595534730155       -6.54608442309228     
  -5.44423274172083       -5.40573860933097       -3.57524346817409     
  -5.63379894635476       -7.00084363725480       -1.47769041880530     
  -3.57060310203606       -6.98180959703426       -5.42836340093106     
 Iter:           6 Best Cost:  -9706.24213028940      Best Param:
  -7.35839829741325       -6.64660732716933       -8.89213198649773     
  -2.19858978006001       -3.79736881991478       -3.73325315868662     
  -3.86708508130522       -4.98099833866118       -3.23461606187083     
 -0.232184634467611       -2.51682732822198      -0.865940293621867     
  -3.56690587108933       -7.16212043814531       -8.23770729277511     
  -6.02441084479616       -8.88076514278012       -3.57721793611070     
  -10.5914403854970       -5.77037017025281       -5.44696120514700     
  -9.39910880446765       -4.99269944985836       0.608772299394241     
  -6.50147833224860      -0.584777954183242       -5.48181260981597     
  -4.05487508270297       -1.74627575669303       -2.73356004500120     
  -8.38461937682813       -9.79271616198749       -1.95831837644874     
  -8.32622009169657       -2.10869980613763       -6.95748743247175     
  -7.69414130029175       -5.76827889242694       -1.59662993932993     
  -8.80900642555145       -4.82631486518595       -11.8987254298492     
  -7.40551847251008       -6.56238877605339       -4.20105891020080     
  -7.87235116290001       -8.68146683143769       -1.77547370579069     
  -4.74242990533418       -9.76252275101583       -5.91276115901563     
 Iter:           7 Best Cost:  -9706.24213028940      Best Param:
  -7.35839829741325       -6.64660732716933       -8.89213198649773     
  -2.19858978006001       -3.79736881991478       -3.73325315868662     
  -3.86708508130522       -4.98099833866118       -3.23461606187083     
 -0.232184634467611       -2.51682732822198      -0.865940293621867     
  -3.56690587108933       -7.16212043814531       -8.23770729277511     
  -6.02441084479616       -8.88076514278012       -3.57721793611070     
  -10.5914403854970       -5.77037017025281       -5.44696120514700     
  -9.39910880446765       -4.99269944985836       0.608772299394241     
  -6.50147833224860      -0.584777954183242       -5.48181260981597     
  -4.05487508270297       -1.74627575669303       -2.73356004500120     
  -8.38461937682813       -9.79271616198749       -1.95831837644874     
  -8.32622009169657       -2.10869980613763       -6.95748743247175     
  -7.69414130029175       -5.76827889242694       -1.59662993932993     
  -8.80900642555145       -4.82631486518595       -11.8987254298492     
  -7.40551847251008       -6.56238877605339       -4.20105891020080     
  -7.87235116290001       -8.68146683143769       -1.77547370579069     
  -4.74242990533418       -9.76252275101583       -5.91276115901563     
 Iter:           8 Best Cost:  -9875.51833314798      Best Param:
  -8.40679674746879       -5.41002540099346       -8.73107353754528     
  -1.73750463640396       -3.67298172063870       -4.49985994751092     
  -3.26931122717473       -5.35259733997112       -3.54129660986323     
 -0.418335093946806       -2.16493099361443       -1.01543606796647     
  -3.55628011364201       -5.01050511081221       -5.70141755650986     
  -5.58357769629741       -9.01824547186914       -3.34044874016955     
  -11.4235563036228       -5.65242330463860       -4.56786265044671     
  -11.9023221927991       -5.14166571547002       -1.02492398738153     
  -7.55360241193492       -2.47915054349729       -5.22527558487519     
  -2.78151403625305       -1.97524034814583       -1.61462459678047     
  -8.17872334467742       -8.41400377463814       -1.99151120281232     
  -8.62966915814452       -2.00346214973372       -8.69143158327756     
  -10.5030164056741       -5.74598561203223       -1.22758926085438     
  -7.99188123081942       -5.53442692725412       -11.7756848292539     
  -9.74006122680646       -5.71127301922501       -4.15474423191853     
  -9.17581091539154       -9.93503004094396       -1.51216471934179     
  -4.10028460671572       -12.0165981877994       -7.89117534619751     
 Iter:           9 Best Cost:  -9875.82094134312      Best Param:
  -7.84775025929773       -4.40520286918473       -6.56262779464870     
 -0.661800249201073       -4.73850584489725       -2.30844111184232     
  -2.10448706263951       -6.99681979559976       -3.38885059019485     
 -0.889693880353960       -2.76838639960803      -7.791295873372817E-002
  -2.57556329704601       -3.83466299866025      -0.571110169141239     
  -6.21852933159058       -7.94511742755959       -3.17530489930871     
  -13.4326474025796       -6.54516208829721       -9.44864584974583     
  -12.0196328326546       -5.74717838868716       -2.24149941151519     
  -7.61171570461614       -2.52077449126486       -6.67516711226636     
  -3.72174580784505       -1.70533669487364       -2.43426727069606     
  -6.30469323940707       -9.42923367066015       -3.01004602542334     
  -8.34604628956166       -3.02147681923067       -9.58425779043092     
  -11.5368890786806       -8.45432100338741       -1.68056929404612     
  -7.87348610219836       -5.70454705437922       -12.3878736032164     
  -10.8188945127362       -7.28902093062390       -5.08089372853747     
  -10.7162684062886       -10.4924814626059       -2.65597797699683     
  -5.67462773094108       -13.5655758580661       -6.41091843274173     
 Iter:          10 Best Cost:  -10093.0760704723      Best Param:
  -6.44096428533181       -3.13601535950159       -6.85623604610650     
 -0.582504275154149       -4.71429326238943       -6.27813740726362     
  -2.84075707306145       -7.67006036341065       -3.56504287803178     
  -1.73324527346967       -2.83504145466009       7.100353303589113E-002
  -1.81925906275751       -3.45973726959491       -4.60747152219864     
  -4.88354503897446       -8.11898989438389       -3.29142211562576     
  -12.5679183956362       -6.73065964698023       -7.57541921294323     
  -11.8030057465056       -6.00088749795721       -1.63158708294768     
  -6.50822379871139       -2.71891606410437       -5.52243829308822     
  -2.26887111199770       -1.64814698723341       -2.22254902115599     
  -6.67612754162091       -7.78682354592785       -3.04905812369976     
  -4.94902436504366       -2.78289697738902       -8.10677720735919     
  -11.1535396605384       -5.14622433327664       -1.83590910602081     
  -7.28198319273856       -4.26042482125405       -7.63312113012072     
  -14.6544399770216       -7.51068232900307       -4.73916336244199     
  -8.25234983778936       -10.3144080629358      -0.917478218329154     
  -5.70250877493817       -13.0066802973684       -6.75711744894407     
 Best Cost:  -10162.8855770720     
 Best Params:  -6.50988553603631       -3.91139019084627     
  -6.39289751574820      -0.874274631258196       -4.37873627254991     
  -5.11281935253123      -0.936853639524486       -7.28774964302471     
  -3.33009964568130       -1.93848440969478       -2.65806802796676     
 -7.917478022979596E-004  -2.11740221436374       -2.81485269870118     
  -5.23014383212659       -4.86722929781492       -7.78666420272858     
  -2.94488551356321       -12.7110483577914       -6.55368882672780     
  -7.14055371897865       -11.8731386039911       -6.86926862260981     
  -4.64709920033999       -6.66089112526350       -3.68297709053944     
  -5.93248037243253       -2.08542471166319       -1.60022962567536     
  -2.71288887399970       -6.63708428970668       -6.84775054738739     
  -3.02518634385200       -4.55025874569209       -3.86758609515567     
  -8.74514085294032       -10.6283184173027       -7.48664302462715     
  -1.74602454761963       -8.41039763748966       -5.53393626807583     
  -11.8474390180737       -11.6640693905704       -6.81967319707433     
  -4.78145778796433       -7.49715997032094       -10.2715552617069     
  -1.19814007020074       -5.63771723108897       -13.1378323217178     
  -6.92996754590675     
Opt Time Taken = 37.7 seconds.
Time Taken = 42.5 seconds.
